2021-04-08T15:25:03+00:00 INFO (6): ---------------- START API Cron 08/04/21 15:25:03 ----------------
2021-04-08T15:25:10+00:00 INFO (6): {"status":"success","product_id":5985,"sku":"10MCI1054","message":"Product updated successfully"}
2021-04-08T15:25:14+00:00 INFO (6): {"status":"success","product_id":5986,"sku":"10MCI2S00","message":"Product updated successfully"}
2021-04-08T15:25:17+00:00 INFO (6): {"status":"success","product_id":5987,"sku":"10MCI4S00","message":"Product updated successfully"}
2021-04-08T15:25:21+00:00 INFO (6): {"status":"success","product_id":5988,"sku":"10MCI800","message":"Product updated successfully"}
2021-04-08T15:25:25+00:00 INFO (6): {"status":"success","product_id":5989,"sku":"10MCI854","message":"Product updated successfully"}
2021-04-08T15:25:28+00:00 INFO (6): {"status":"success","product_id":5990,"sku":"10MCP1057","message":"Product updated successfully"}
2021-04-08T15:25:32+00:00 INFO (6): {"status":"success","product_id":5991,"sku":"10MCP2S00","message":"Product updated successfully"}
2021-04-08T15:25:36+00:00 INFO (6): {"status":"success","product_id":5992,"sku":"10MCP4S00","message":"Product updated successfully"}
2021-04-08T15:25:39+00:00 INFO (6): {"status":"success","product_id":5993,"sku":"10MCP800","message":"Product updated successfully"}
2021-04-08T15:25:43+00:00 INFO (6): {"status":"success","product_id":5994,"sku":"10MCP854","message":"Product updated successfully"}
2021-04-08T15:25:46+00:00 INFO (6): {"status":"success","product_id":5995,"sku":"10MCV837","message":"Product updated successfully"}
2021-04-08T15:25:50+00:00 INFO (6): {"status":"success","product_id":5996,"sku":"10MCV855","message":"Product updated successfully"}
2021-04-08T15:25:53+00:00 INFO (6): {"status":"success","product_id":5997,"sku":"12MCI10106","message":"Product updated successfully"}
2021-04-08T15:25:57+00:00 INFO (6): {"status":"success","product_id":5998,"sku":"12MCI2S00","message":"Product updated successfully"}
2021-04-08T15:26:01+00:00 INFO (6): {"status":"success","product_id":5999,"sku":"12MCI4S00","message":"Product updated successfully"}
2021-04-08T15:26:05+00:00 INFO (6): {"status":"success","product_id":6000,"sku":"12MCI800","message":"Product updated successfully"}
2021-04-08T15:26:08+00:00 INFO (6): {"status":"success","product_id":6001,"sku":"12MCI854","message":"Product updated successfully"}
2021-04-08T15:26:12+00:00 INFO (6): {"status":"success","product_id":6002,"sku":"12MCP1054","message":"Product updated successfully"}
2021-04-08T15:26:16+00:00 INFO (6): {"status":"success","product_id":6003,"sku":"12MCP2S00","message":"Product updated successfully"}
2021-04-08T15:26:19+00:00 INFO (6): {"status":"success","product_id":6004,"sku":"12MCP4S00","message":"Product updated successfully"}
2021-04-08T15:26:23+00:00 INFO (6): {"status":"success","product_id":6005,"sku":"12MCP800","message":"Product updated successfully"}
2021-04-08T15:26:26+00:00 INFO (6): {"status":"success","product_id":6006,"sku":"12MCP854","message":"Product updated successfully"}
2021-04-08T15:26:30+00:00 INFO (6): {"status":"success","product_id":6007,"sku":"12MCV1000","message":"Product updated successfully"}
2021-04-08T15:26:33+00:00 INFO (6): {"status":"success","product_id":6008,"sku":"12MCV855","message":"Product updated successfully"}
2021-04-08T15:26:36+00:00 INFO (6): {"status":"success","product_id":6009,"sku":"14MCI1054","message":"Product updated successfully"}
2021-04-08T15:26:40+00:00 INFO (6): {"status":"success","product_id":6010,"sku":"14MCI800","message":"Product updated successfully"}
2021-04-08T15:26:44+00:00 INFO (6): {"status":"success","product_id":6011,"sku":"14MCI8106","message":"Product updated successfully"}
2021-04-08T15:26:47+00:00 INFO (6): {"status":"success","product_id":6012,"sku":"14MCI854","message":"Product updated successfully"}
2021-04-08T15:26:51+00:00 INFO (6): {"status":"success","product_id":6013,"sku":"14MCP800","message":"Product updated successfully"}
2021-04-08T15:26:55+00:00 INFO (6): {"status":"success","product_id":6014,"sku":"14MCP854","message":"Product updated successfully"}
2021-04-08T15:26:58+00:00 INFO (6): {"status":"success","product_id":6015,"sku":"14MCV855","message":"Product updated successfully"}
2021-04-08T15:27:02+00:00 INFO (6): {"status":"success","product_id":6016,"sku":"14MFI1054","message":"Product updated successfully"}
2021-04-08T15:27:05+00:00 INFO (6): {"status":"success","product_id":6017,"sku":"14MFI854","message":"Product updated successfully"}
2021-04-08T15:27:09+00:00 INFO (6): {"status":"success","product_id":6018,"sku":"14MFV1014","message":"Product updated successfully"}
2021-04-08T15:27:12+00:00 INFO (6): {"status":"success","product_id":6019,"sku":"16MCI1054","message":"Product updated successfully"}
2021-04-08T15:27:16+00:00 INFO (6): {"status":"success","product_id":6020,"sku":"16MCI12106","message":"Product updated successfully"}
2021-04-08T15:27:19+00:00 INFO (6): {"status":"success","product_id":6021,"sku":"16MCI1237","message":"Product updated successfully"}
2021-04-08T15:27:23+00:00 INFO (6): {"status":"success","product_id":6022,"sku":"16MCI2S00","message":"Product updated successfully"}
2021-04-08T15:27:27+00:00 INFO (6): {"status":"success","product_id":6023,"sku":"16MCI4S00","message":"Product updated successfully"}
2021-04-08T15:27:30+00:00 INFO (6): {"status":"success","product_id":6024,"sku":"16MCI800","message":"Product updated successfully"}
2021-04-08T15:27:34+00:00 INFO (6): {"status":"success","product_id":6025,"sku":"16MCI854","message":"Product updated successfully"}
2021-04-08T15:27:38+00:00 INFO (6): {"status":"success","product_id":6026,"sku":"16MCP1000","message":"Product updated successfully"}
2021-04-08T15:27:42+00:00 INFO (6): {"status":"success","product_id":6027,"sku":"16MCP10106","message":"Product updated successfully"}
2021-04-08T15:27:45+00:00 INFO (6): {"status":"success","product_id":42722,"sku":"16MCP1054","message":"Product updated successfully"}
2021-04-08T15:27:49+00:00 INFO (6): {"status":"success","product_id":6028,"sku":"16MCP2S00","message":"Product updated successfully"}
2021-04-08T15:27:52+00:00 INFO (6): {"status":"success","product_id":6029,"sku":"16MCP4S00","message":"Product updated successfully"}
2021-04-08T15:27:56+00:00 INFO (6): {"status":"success","product_id":6030,"sku":"16MCP800","message":"Product updated successfully"}
2021-04-08T15:27:59+00:00 INFO (6): {"status":"success","product_id":6031,"sku":"16MCP803","message":"Product updated successfully"}
2021-04-08T15:28:01+00:00 INFO (6): {"status":"success","product_id":6032,"sku":"16MCP8106","message":"Product updated successfully"}
2021-04-08T15:28:04+00:00 INFO (6): {"status":"success","product_id":6033,"sku":"16MCP837","message":"Product updated successfully"}
2021-04-08T15:28:08+00:00 INFO (6): {"status":"success","product_id":6034,"sku":"16MCP854","message":"Product updated successfully"}
2021-04-08T15:28:11+00:00 INFO (6): {"status":"success","product_id":6035,"sku":"16MCV855","message":"Product updated successfully"}
2021-04-08T15:28:15+00:00 INFO (6): {"status":"success","product_id":6036,"sku":"16MFI854","message":"Product updated successfully"}
2021-04-08T15:28:17+00:00 INFO (6): {"status":"success","product_id":6037,"sku":"16MFP1206","message":"Product updated successfully"}
2021-04-08T15:28:21+00:00 INFO (6): {"status":"success","product_id":6038,"sku":"16MFP837","message":"Product updated successfully"}
2021-04-08T15:28:24+00:00 INFO (6): {"status":"success","product_id":6039,"sku":"18MCI800","message":"Product updated successfully"}
2021-04-08T15:28:28+00:00 INFO (6): {"status":"success","product_id":6040,"sku":"18MCI854","message":"Product updated successfully"}
2021-04-08T15:28:32+00:00 INFO (6): {"status":"success","product_id":6041,"sku":"18MCP1000","message":"Product updated successfully"}
2021-04-08T15:28:35+00:00 INFO (6): {"status":"success","product_id":6042,"sku":"18MCP800","message":"Product updated successfully"}
2021-04-08T15:28:39+00:00 INFO (6): {"status":"success","product_id":25367,"sku":"18MCP831","message":"Product updated successfully"}
2021-04-08T15:28:42+00:00 INFO (6): {"status":"success","product_id":6043,"sku":"18MCP854","message":"Product updated successfully"}
2021-04-08T15:28:46+00:00 INFO (6): {"status":"success","product_id":6044,"sku":"18MCV855","message":"Product updated successfully"}
2021-04-08T15:28:49+00:00 INFO (6): {"status":"success","product_id":17807,"sku":"20MCI1054","message":"Product updated successfully"}
2021-04-08T15:28:53+00:00 INFO (6): {"status":"success","product_id":6045,"sku":"20MCI2S00","message":"Product updated successfully"}
2021-04-08T15:28:56+00:00 INFO (6): {"status":"success","product_id":6046,"sku":"20MCI4S00","message":"Product updated successfully"}
2021-04-08T15:29:00+00:00 INFO (6): {"status":"success","product_id":6047,"sku":"20MCI800","message":"Product updated successfully"}
2021-04-08T15:29:04+00:00 INFO (6): {"status":"success","product_id":6048,"sku":"20MCI854","message":"Product updated successfully"}
2021-04-08T15:29:08+00:00 INFO (6): {"status":"success","product_id":6049,"sku":"20MCP2S00","message":"Product updated successfully"}
2021-04-08T15:29:11+00:00 INFO (6): {"status":"success","product_id":6050,"sku":"20MCP4S00","message":"Product updated successfully"}
2021-04-08T15:29:15+00:00 INFO (6): {"status":"success","product_id":6051,"sku":"20MCP800","message":"Product updated successfully"}
2021-04-08T15:29:18+00:00 INFO (6): {"status":"success","product_id":6052,"sku":"20MCP854","message":"Product updated successfully"}
2021-04-08T15:29:22+00:00 INFO (6): {"status":"success","product_id":6053,"sku":"20MCV855","message":"Product updated successfully"}
2021-04-08T15:29:25+00:00 INFO (6): {"status":"success","product_id":6054,"sku":"20MFI1054","message":"Product updated successfully"}
2021-04-08T15:29:29+00:00 INFO (6): {"status":"success","product_id":6055,"sku":"20MFI854","message":"Product updated successfully"}
2021-04-08T15:29:33+00:00 INFO (6): {"status":"success","product_id":42797,"sku":"20MFV1055","message":"Product updated successfully"}
2021-04-08T15:29:36+00:00 INFO (6): {"status":"success","product_id":5690,"sku":"22MCI800","message":"Product updated successfully"}
2021-04-08T15:29:40+00:00 INFO (6): {"status":"success","product_id":5691,"sku":"22MCI854","message":"Product updated successfully"}
2021-04-08T15:29:43+00:00 INFO (6): {"status":"success","product_id":5692,"sku":"22MCP800","message":"Product updated successfully"}
2021-04-08T15:29:47+00:00 INFO (6): {"status":"success","product_id":5693,"sku":"22MCP854","message":"Product updated successfully"}
2021-04-08T15:29:50+00:00 INFO (6): {"status":"success","product_id":5694,"sku":"22MCV855","message":"Product updated successfully"}
2021-04-08T15:29:54+00:00 INFO (6): {"status":"success","product_id":42724,"sku":"22MFI1054","message":"Product updated successfully"}
2021-04-08T15:29:57+00:00 INFO (6): {"status":"success","product_id":42725,"sku":"22MFP854","message":"Product updated successfully"}
2021-04-08T15:30:01+00:00 INFO (6): {"status":"success","product_id":5695,"sku":"24MCI2S00","message":"Product updated successfully"}
2021-04-08T15:30:07+00:00 INFO (6): {"status":"success","product_id":5696,"sku":"24MCI4S00","message":"Product updated successfully"}
2021-04-08T15:30:07+00:00 INFO (6): {"status":"success","product_id":5696,"sku":"24MCI4S00","message":"Product updated successfully"}
2021-04-08T15:30:12+00:00 INFO (6): {"status":"success","product_id":5697,"sku":"24MCI800","message":"Product updated successfully"}
2021-04-08T15:30:12+00:00 INFO (6): {"status":"success","product_id":5697,"sku":"24MCI800","message":"Product updated successfully"}
2021-04-08T15:30:16+00:00 INFO (6): {"status":"success","product_id":5698,"sku":"24MCI854","message":"Product updated successfully"}
2021-04-08T15:30:17+00:00 INFO (6): {"status":"success","product_id":5698,"sku":"24MCI854","message":"Product updated successfully"}
2021-04-08T15:30:21+00:00 INFO (6): {"status":"success","product_id":5699,"sku":"24MCP1000","message":"Product updated successfully"}
2021-04-08T15:30:21+00:00 INFO (6): {"status":"success","product_id":5699,"sku":"24MCP1000","message":"Product updated successfully"}
2021-04-08T15:30:26+00:00 INFO (6): {"status":"success","product_id":5700,"sku":"24MCP2S00","message":"Product updated successfully"}
2021-04-08T15:30:26+00:00 INFO (6): {"status":"success","product_id":5700,"sku":"24MCP2S00","message":"Product updated successfully"}
2021-04-08T15:30:30+00:00 INFO (6): {"status":"success","product_id":5701,"sku":"24MCP4S00","message":"Product updated successfully"}
2021-04-08T15:30:31+00:00 INFO (6): {"status":"success","product_id":5701,"sku":"24MCP4S00","message":"Product updated successfully"}
2021-04-08T15:30:35+00:00 INFO (6): {"status":"success","product_id":5702,"sku":"24MCP800","message":"Product updated successfully"}
2021-04-08T15:30:35+00:00 INFO (6): {"status":"success","product_id":5702,"sku":"24MCP800","message":"Product updated successfully"}
2021-04-08T15:30:40+00:00 INFO (6): {"status":"success","product_id":5703,"sku":"24MCP854","message":"Product updated successfully"}
2021-04-08T15:30:40+00:00 INFO (6): {"status":"success","product_id":5703,"sku":"24MCP854","message":"Product updated successfully"}
2021-04-08T15:30:45+00:00 INFO (6): {"status":"success","product_id":5704,"sku":"24MCV855","message":"Product updated successfully"}
2021-04-08T15:30:45+00:00 INFO (6): {"status":"success","product_id":5704,"sku":"24MCV855","message":"Product updated successfully"}
2021-04-08T15:30:50+00:00 INFO (6): {"status":"success","product_id":25353,"sku":"24MFI1054","message":"Product updated successfully"}
2021-04-08T15:30:50+00:00 INFO (6): {"status":"success","product_id":25353,"sku":"24MFI1054","message":"Product updated successfully"}
2021-04-08T15:30:55+00:00 INFO (6): {"status":"success","product_id":5705,"sku":"24MFI854","message":"Product updated successfully"}
2021-04-08T15:30:55+00:00 INFO (6): {"status":"success","product_id":5705,"sku":"24MFI854","message":"Product updated successfully"}
2021-04-08T15:30:59+00:00 INFO (6): {"status":"success","product_id":5706,"sku":"24MFP1000","message":"Product updated successfully"}
2021-04-08T15:30:59+00:00 INFO (6): {"status":"success","product_id":5706,"sku":"24MFP1000","message":"Product updated successfully"}
2021-04-08T15:31:04+00:00 INFO (6): {"status":"success","product_id":5707,"sku":"27MCI1054","message":"Product updated successfully"}
2021-04-08T15:31:04+00:00 INFO (6): {"status":"success","product_id":5707,"sku":"27MCI1054","message":"Product updated successfully"}
2021-04-08T15:31:09+00:00 INFO (6): {"status":"success","product_id":5708,"sku":"27MCI2S00","message":"Product updated successfully"}
2021-04-08T15:31:09+00:00 INFO (6): {"status":"success","product_id":5708,"sku":"27MCI2S00","message":"Product updated successfully"}
2021-04-08T15:31:14+00:00 INFO (6): {"status":"success","product_id":5709,"sku":"27MCI800","message":"Product updated successfully"}
2021-04-08T15:31:14+00:00 INFO (6): {"status":"success","product_id":5709,"sku":"27MCI800","message":"Product updated successfully"}
2021-04-08T15:31:19+00:00 INFO (6): {"status":"success","product_id":5710,"sku":"27MCI854","message":"Product updated successfully"}
2021-04-08T15:31:19+00:00 INFO (6): {"status":"success","product_id":5710,"sku":"27MCI854","message":"Product updated successfully"}
2021-04-08T15:31:23+00:00 INFO (6): {"status":"success","product_id":5711,"sku":"27MCP1054","message":"Product updated successfully"}
2021-04-08T15:31:24+00:00 INFO (6): {"status":"success","product_id":5711,"sku":"27MCP1054","message":"Product updated successfully"}
2021-04-08T15:31:27+00:00 INFO (6): {"status":"success","product_id":5712,"sku":"27MCP1254","message":"Product updated successfully"}
2021-04-08T15:31:31+00:00 INFO (6): {"status":"success","product_id":5713,"sku":"27MCP800","message":"Product updated successfully"}
2021-04-08T15:31:35+00:00 INFO (6): {"status":"success","product_id":5714,"sku":"27MCP854","message":"Product updated successfully"}
2021-04-08T15:31:38+00:00 INFO (6): {"status":"success","product_id":5715,"sku":"30MCI1054","message":"Product updated successfully"}
2021-04-08T15:31:42+00:00 INFO (6): {"status":"success","product_id":5716,"sku":"30MCI2S00","message":"Product updated successfully"}
2021-04-08T15:31:45+00:00 INFO (6): {"status":"success","product_id":5717,"sku":"30MCI4S00","message":"Product updated successfully"}
2021-04-08T15:31:49+00:00 INFO (6): {"status":"success","product_id":5718,"sku":"30MCI800","message":"Product updated successfully"}
2021-04-08T15:31:53+00:00 INFO (6): {"status":"success","product_id":5719,"sku":"30MCI854","message":"Product updated successfully"}
2021-04-08T15:31:56+00:00 INFO (6): {"status":"success","product_id":42723,"sku":"30MCP1054","message":"Product updated successfully"}
2021-04-08T15:32:00+00:00 INFO (6): {"status":"success","product_id":5720,"sku":"30MCP2S00","message":"Product updated successfully"}
2021-04-08T15:32:04+00:00 INFO (6): {"status":"success","product_id":5721,"sku":"30MCP4S00","message":"Product updated successfully"}
2021-04-08T15:32:08+00:00 INFO (6): {"status":"success","product_id":5722,"sku":"30MCP800","message":"Product updated successfully"}
2021-04-08T15:32:12+00:00 INFO (6): {"status":"success","product_id":5723,"sku":"30MCP854","message":"Product updated successfully"}
2021-04-08T15:32:15+00:00 INFO (6): {"status":"success","product_id":5724,"sku":"30MCV855","message":"Product updated successfully"}
2021-04-08T15:32:19+00:00 INFO (6): {"status":"success","product_id":25354,"sku":"30MFJ854","message":"Product updated successfully"}
2021-04-08T15:32:22+00:00 INFO (6): {"status":"success","product_id":42796,"sku":"30MFV1055","message":"Product updated successfully"}
2021-04-08T15:32:26+00:00 INFO (6): {"status":"success","product_id":5725,"sku":"33MCI800","message":"Product updated successfully"}
2021-04-08T15:32:30+00:00 INFO (6): {"status":"success","product_id":5726,"sku":"33MCI854","message":"Product updated successfully"}
2021-04-08T15:32:34+00:00 INFO (6): {"status":"success","product_id":5727,"sku":"33MCP800","message":"Product updated successfully"}
2021-04-08T15:32:37+00:00 INFO (6): {"status":"success","product_id":5728,"sku":"33MCP854","message":"Product updated successfully"}
2021-04-08T15:32:41+00:00 INFO (6): {"status":"success","product_id":5729,"sku":"36MCI800","message":"Product updated successfully"}
2021-04-08T15:32:45+00:00 INFO (6): {"status":"success","product_id":5730,"sku":"36MCI854","message":"Product updated successfully"}
2021-04-08T15:32:49+00:00 INFO (6): {"status":"success","product_id":5731,"sku":"36MCP800","message":"Product updated successfully"}
2021-04-08T15:32:52+00:00 INFO (6): {"status":"success","product_id":5732,"sku":"36MCP854","message":"Product updated successfully"}
2021-04-08T15:32:56+00:00 INFO (6): {"status":"success","product_id":5733,"sku":"36MCV855","message":"Product updated successfully"}
2021-04-08T15:33:00+00:00 INFO (6): {"status":"success","product_id":5734,"sku":"3MCI2S00","message":"Product updated successfully"}
2021-04-08T15:33:04+00:00 INFO (6): {"status":"success","product_id":5735,"sku":"3MCI4S00","message":"Product updated successfully"}
2021-04-08T15:33:08+00:00 INFO (6): {"status":"success","product_id":5736,"sku":"3MCI800","message":"Product updated successfully"}
2021-04-08T15:33:11+00:00 INFO (6): {"status":"success","product_id":5737,"sku":"3MCP2S00","message":"Product updated successfully"}
2021-04-08T15:33:15+00:00 INFO (6): {"status":"success","product_id":5738,"sku":"3MCP4S00","message":"Product updated successfully"}
2021-04-08T15:33:19+00:00 INFO (6): {"status":"success","product_id":5739,"sku":"3MCP854","message":"Product updated successfully"}
2021-04-08T15:33:22+00:00 INFO (6): {"status":"success","product_id":5740,"sku":"42MCI800","message":"Product updated successfully"}
2021-04-08T15:33:26+00:00 INFO (6): {"status":"success","product_id":5741,"sku":"42MCI854","message":"Product updated successfully"}
2021-04-08T15:33:30+00:00 INFO (6): {"status":"success","product_id":5742,"sku":"48MCP854","message":"Product updated successfully"}
2021-04-08T15:33:34+00:00 INFO (6): {"status":"success","product_id":5743,"sku":"4MCI2S00","message":"Product updated successfully"}
2021-04-08T15:33:37+00:00 INFO (6): {"status":"success","product_id":5784,"sku":"4MCI4S00","message":"Product updated successfully"}
2021-04-08T15:33:41+00:00 INFO (6): {"status":"success","product_id":5785,"sku":"4MCI800","message":"Product updated successfully"}
2021-04-08T15:33:45+00:00 INFO (6): {"status":"success","product_id":5786,"sku":"4MCI854","message":"Product updated successfully"}
2021-04-08T15:33:47+00:00 INFO (6): {"status":"success","product_id":5787,"sku":"4MCP2018","message":"Product updated successfully"}
2021-04-08T15:33:50+00:00 INFO (6): {"status":"success","product_id":5788,"sku":"4MCP2S00","message":"Product updated successfully"}
2021-04-08T15:33:54+00:00 INFO (6): {"status":"success","product_id":5789,"sku":"4MCP4S00","message":"Product updated successfully"}
2021-04-08T15:33:57+00:00 INFO (6): {"status":"success","product_id":5790,"sku":"4MCP800","message":"Product updated successfully"}
2021-04-08T15:34:01+00:00 INFO (6): {"status":"success","product_id":5791,"sku":"4MCP854","message":"Product updated successfully"}
2021-04-08T15:34:05+00:00 INFO (6): {"status":"success","product_id":5792,"sku":"4MCV855","message":"Product updated successfully"}
2021-04-08T15:34:08+00:00 INFO (6): {"status":"success","product_id":5793,"sku":"56MCI1257","message":"Product updated successfully"}
2021-04-08T15:34:12+00:00 INFO (6): {"status":"success","product_id":5794,"sku":"56MFI1257","message":"Product updated successfully"}
2021-04-08T15:34:16+00:00 INFO (6): {"status":"success","product_id":5795,"sku":"5MCI2S00","message":"Product updated successfully"}
2021-04-08T15:34:19+00:00 INFO (6): {"status":"success","product_id":5796,"sku":"5MCI4S00","message":"Product updated successfully"}
2021-04-08T15:34:23+00:00 INFO (6): {"status":"success","product_id":5797,"sku":"5MCI800","message":"Product updated successfully"}
2021-04-08T15:34:26+00:00 INFO (6): {"status":"success","product_id":5798,"sku":"5MCI854","message":"Product updated successfully"}
2021-04-08T15:34:30+00:00 INFO (6): {"status":"success","product_id":5799,"sku":"5MCP2S00","message":"Product updated successfully"}
2021-04-08T15:34:33+00:00 INFO (6): {"status":"success","product_id":5800,"sku":"5MCP4S00","message":"Product updated successfully"}
2021-04-08T15:34:37+00:00 INFO (6): {"status":"success","product_id":5801,"sku":"5MCP800","message":"Product updated successfully"}
2021-04-08T15:34:40+00:00 INFO (6): {"status":"success","product_id":5802,"sku":"5MCP837","message":"Product updated successfully"}
2021-04-08T15:34:44+00:00 INFO (6): {"status":"success","product_id":5803,"sku":"5MCP854","message":"Product updated successfully"}
2021-04-08T15:34:47+00:00 INFO (6): {"status":"success","product_id":5804,"sku":"5MCV855","message":"Product updated successfully"}
2021-04-08T15:34:51+00:00 INFO (6): {"status":"success","product_id":5805,"sku":"64MCJ837","message":"Product updated successfully"}
2021-04-08T15:34:54+00:00 INFO (6): {"status":"success","product_id":25358,"sku":"6I0594","message":"Product updated successfully"}
2021-04-08T15:34:58+00:00 INFO (6): {"status":"success","product_id":5806,"sku":"6MCI2S00","message":"Product updated successfully"}
2021-04-08T15:35:02+00:00 INFO (6): {"status":"success","product_id":5807,"sku":"6MCI4S00","message":"Product updated successfully"}
2021-04-08T15:35:06+00:00 INFO (6): {"status":"success","product_id":5807,"sku":"6MCI4S00","message":"Product updated successfully"}
2021-04-08T15:35:07+00:00 INFO (6): {"status":"success","product_id":5808,"sku":"6MCI800","message":"Product updated successfully"}
2021-04-08T15:35:10+00:00 INFO (6): {"status":"success","product_id":5808,"sku":"6MCI800","message":"Product updated successfully"}
2021-04-08T15:35:11+00:00 INFO (6): {"status":"success","product_id":5809,"sku":"6MCI854","message":"Product updated successfully"}
2021-04-08T15:35:13+00:00 INFO (6): {"status":"success","product_id":5809,"sku":"6MCI854","message":"Product updated successfully"}
2021-04-08T15:35:13+00:00 INFO (6): {"status":"success","product_id":5810,"sku":"6MCP1037","message":"Product updated successfully"}
2021-04-08T15:35:16+00:00 INFO (6): {"status":"success","product_id":5810,"sku":"6MCP1037","message":"Product updated successfully"}
2021-04-08T15:35:17+00:00 INFO (6): {"status":"success","product_id":5811,"sku":"6MCP2S00","message":"Product updated successfully"}
2021-04-08T15:35:18+00:00 INFO (6): {"status":"success","product_id":5811,"sku":"6MCP2S00","message":"Product updated successfully"}
2021-04-08T15:35:21+00:00 INFO (6): {"status":"success","product_id":5812,"sku":"6MCP4S00","message":"Product updated successfully"}
2021-04-08T15:35:22+00:00 INFO (6): {"status":"success","product_id":5812,"sku":"6MCP4S00","message":"Product updated successfully"}
2021-04-08T15:35:26+00:00 INFO (6): {"status":"success","product_id":5813,"sku":"6MCP800","message":"Product updated successfully"}
2021-04-08T15:35:26+00:00 INFO (6): {"status":"success","product_id":5813,"sku":"6MCP800","message":"Product updated successfully"}
2021-04-08T15:35:30+00:00 INFO (6): {"status":"success","product_id":5815,"sku":"6MCP854","message":"Product updated successfully"}
2021-04-08T15:35:30+00:00 INFO (6): {"status":"success","product_id":5815,"sku":"6MCP854","message":"Product updated successfully"}
2021-04-08T15:35:34+00:00 INFO (6): {"status":"success","product_id":5816,"sku":"6MCV855","message":"Product updated successfully"}
2021-04-08T15:35:34+00:00 INFO (6): {"status":"success","product_id":5816,"sku":"6MCV855","message":"Product updated successfully"}
2021-04-08T15:35:39+00:00 INFO (6): {"status":"success","product_id":5817,"sku":"8MCI2S00","message":"Product updated successfully"}
2021-04-08T15:35:39+00:00 INFO (6): {"status":"success","product_id":5817,"sku":"8MCI2S00","message":"Product updated successfully"}
2021-04-08T15:35:44+00:00 INFO (6): {"status":"success","product_id":5818,"sku":"8MCI4S00","message":"Product updated successfully"}
2021-04-08T15:35:44+00:00 INFO (6): {"status":"success","product_id":5818,"sku":"8MCI4S00","message":"Product updated successfully"}
2021-04-08T15:35:49+00:00 INFO (6): {"status":"success","product_id":5819,"sku":"8MCI800","message":"Product updated successfully"}
2021-04-08T15:35:49+00:00 INFO (6): {"status":"success","product_id":5819,"sku":"8MCI800","message":"Product updated successfully"}
2021-04-08T15:35:53+00:00 INFO (6): {"status":"success","product_id":5820,"sku":"8MCI837","message":"Product updated successfully"}
2021-04-08T15:35:54+00:00 INFO (6): {"status":"success","product_id":5820,"sku":"8MCI837","message":"Product updated successfully"}
2021-04-08T15:35:58+00:00 INFO (6): {"status":"success","product_id":5821,"sku":"8MCI854","message":"Product updated successfully"}
2021-04-08T15:35:58+00:00 INFO (6): {"status":"success","product_id":5821,"sku":"8MCI854","message":"Product updated successfully"}
2021-04-08T15:36:04+00:00 INFO (6): {"status":"success","product_id":5822,"sku":"8MCP1037","message":"Product updated successfully"}
2021-04-08T15:36:04+00:00 INFO (6): {"status":"success","product_id":5822,"sku":"8MCP1037","message":"Product updated successfully"}
2021-04-08T15:36:08+00:00 INFO (6): {"status":"success","product_id":5823,"sku":"8MCP1054","message":"Product updated successfully"}
2021-04-08T15:36:08+00:00 INFO (6): {"status":"success","product_id":5823,"sku":"8MCP1054","message":"Product updated successfully"}
2021-04-08T15:36:13+00:00 INFO (6): {"status":"success","product_id":5824,"sku":"8MCP137","message":"Product updated successfully"}
2021-04-08T15:36:13+00:00 INFO (6): {"status":"success","product_id":5824,"sku":"8MCP137","message":"Product updated successfully"}
2021-04-08T15:36:18+00:00 INFO (6): {"status":"success","product_id":5825,"sku":"8MCP2S00","message":"Product updated successfully"}
2021-04-08T15:36:18+00:00 INFO (6): {"status":"success","product_id":5825,"sku":"8MCP2S00","message":"Product updated successfully"}
2021-04-08T15:36:23+00:00 INFO (6): {"status":"success","product_id":5826,"sku":"8MCP4S00","message":"Product updated successfully"}
2021-04-08T15:36:23+00:00 INFO (6): {"status":"success","product_id":5826,"sku":"8MCP4S00","message":"Product updated successfully"}
2021-04-08T15:36:28+00:00 INFO (6): {"status":"success","product_id":5827,"sku":"8MCP800","message":"Product updated successfully"}
2021-04-08T15:36:28+00:00 INFO (6): {"status":"success","product_id":5827,"sku":"8MCP800","message":"Product updated successfully"}
2021-04-08T15:36:32+00:00 INFO (6): {"status":"success","product_id":5828,"sku":"8MCP854","message":"Product updated successfully"}
2021-04-08T15:36:33+00:00 INFO (6): {"status":"success","product_id":5828,"sku":"8MCP854","message":"Product updated successfully"}
2021-04-08T15:36:37+00:00 INFO (6): {"status":"success","product_id":5829,"sku":"8MCV855","message":"Product updated successfully"}
2021-04-08T15:36:37+00:00 INFO (6): {"status":"success","product_id":5829,"sku":"8MCV855","message":"Product updated successfully"}
2021-04-08T15:36:42+00:00 INFO (6): {"status":"success","product_id":5830,"sku":"EFI137","message":"Product updated successfully"}
2021-04-08T15:36:42+00:00 INFO (6): {"status":"success","product_id":5830,"sku":"EFI137","message":"Product updated successfully"}
2021-04-08T15:36:47+00:00 INFO (6): {"status":"success","product_id":5831,"sku":"EUFI100","message":"Product updated successfully"}
2021-04-08T15:36:47+00:00 INFO (6): {"status":"success","product_id":5831,"sku":"EUFI100","message":"Product updated successfully"}
2021-04-08T15:36:50+00:00 INFO (6): {"status":"success","product_id":5832,"sku":"EUFI137","message":"Product updated successfully"}
2021-04-08T15:36:54+00:00 INFO (6): {"status":"success","product_id":5833,"sku":"EUFI154","message":"Product updated successfully"}
2021-04-08T15:36:57+00:00 INFO (6): {"status":"success","product_id":5834,"sku":"EUFP137","message":"Product updated successfully"}
2021-04-08T15:37:01+00:00 INFO (6): {"status":"success","product_id":5835,"sku":"EUVS155","message":"Product updated successfully"}
2021-04-08T15:37:04+00:00 INFO (6): {"status":"success","product_id":25359,"sku":"F4723803","message":"Product updated successfully"}
2021-04-08T15:37:08+00:00 INFO (6): {"status":"success","product_id":5836,"sku":"FK42MCI800","message":"Product updated successfully"}
2021-04-08T15:37:11+00:00 INFO (6): {"status":"success","product_id":5837,"sku":"FKHUFI1037","message":"Product updated successfully"}
2021-04-08T15:37:15+00:00 INFO (6): {"status":"success","product_id":13059,"sku":"FN10C38","message":"Product updated successfully"}
2021-04-08T15:37:18+00:00 INFO (6): {"status":"success","product_id":13061,"sku":"FN10F38","message":"Product updated successfully"}
2021-04-08T15:37:22+00:00 INFO (6): {"status":"success","product_id":12948,"sku":"FN10F38Z","message":"Product updated successfully"}
2021-04-08T15:37:24+00:00 INFO (6): {"status":"success","product_id":12931,"sku":"FN10M","message":"Product updated successfully"}
2021-04-08T15:37:28+00:00 INFO (6): {"status":"success","product_id":10095,"sku":"FN112C","message":"Product updated successfully"}
2021-04-08T15:37:31+00:00 INFO (6): {"status":"success","product_id":10122,"sku":"FN112CZ","message":"Product updated successfully"}
2021-04-08T15:37:35+00:00 INFO (6): {"status":"success","product_id":10107,"sku":"FN112F","message":"Product updated successfully"}
2021-04-08T15:37:38+00:00 INFO (6): {"status":"success","product_id":10219,"sku":"FN114C","message":"Product updated successfully"}
2021-04-08T15:37:42+00:00 INFO (6): {"status":"success","product_id":10121,"sku":"FN114CZ","message":"Product updated successfully"}
2021-04-08T15:37:46+00:00 INFO (6): {"status":"success","product_id":10106,"sku":"FN114F","message":"Product updated successfully"}
2021-04-08T15:37:49+00:00 INFO (6): {"status":"success","product_id":10133,"sku":"FN114FZ","message":"Product updated successfully"}
2021-04-08T15:37:53+00:00 INFO (6): {"status":"success","product_id":10093,"sku":"FN118C","message":"Product updated successfully"}
2021-04-08T15:37:56+00:00 INFO (6): {"status":"success","product_id":10120,"sku":"FN118CZ","message":"Product updated successfully"}
2021-04-08T15:38:00+00:00 INFO (6): {"status":"success","product_id":11613,"sku":"FN12C","message":"Product updated successfully"}
2021-04-08T15:38:03+00:00 INFO (6): {"status":"success","product_id":12945,"sku":"FN12C716Z","message":"Product updated successfully"}
2021-04-08T15:38:07+00:00 INFO (6): {"status":"success","product_id":10217,"sku":"FN12CZ","message":"Product updated successfully"}
2021-04-08T15:38:10+00:00 INFO (6): {"status":"success","product_id":10139,"sku":"FN12CZY","message":"Product updated successfully"}
2021-04-08T15:38:14+00:00 INFO (6): {"status":"success","product_id":10102,"sku":"FN12F","message":"Product updated successfully"}
2021-04-08T15:38:17+00:00 INFO (6): {"status":"success","product_id":10128,"sku":"FN12FZ","message":"Product updated successfully"}
2021-04-08T15:38:21+00:00 INFO (6): {"status":"success","product_id":12932,"sku":"FN12M","message":"Product updated successfully"}
2021-04-08T15:38:24+00:00 INFO (6): {"status":"success","product_id":10096,"sku":"FN134C","message":"Product updated successfully"}
2021-04-08T15:38:28+00:00 INFO (6): {"status":"success","product_id":10123,"sku":"FN134CZ","message":"Product updated successfully"}
2021-04-08T15:38:31+00:00 INFO (6): {"status":"success","product_id":10094,"sku":"FN138C","message":"Product updated successfully"}
2021-04-08T15:38:35+00:00 INFO (6): {"status":"success","product_id":10134,"sku":"FN138FZ","message":"Product updated successfully"}
2021-04-08T15:38:38+00:00 INFO (6): {"status":"success","product_id":11609,"sku":"FN14C","message":"Product updated successfully"}
2021-04-08T15:38:42+00:00 INFO (6): {"status":"success","product_id":13060,"sku":"FN14C716","message":"Product updated successfully"}
2021-04-08T15:38:45+00:00 INFO (6): {"status":"success","product_id":10208,"sku":"FN14CGAL","message":"Product updated successfully"}
2021-04-08T15:38:48+00:00 INFO (6): {"status":"success","product_id":10111,"sku":"FN14CZ","message":"Product updated successfully"}
2021-04-08T15:38:51+00:00 INFO (6): {"status":"success","product_id":10135,"sku":"FN14CZY","message":"Product updated successfully"}
2021-04-08T15:38:54+00:00 INFO (6): {"status":"success","product_id":10100,"sku":"FN14F","message":"Product updated successfully"}
2021-04-08T15:38:57+00:00 INFO (6): {"status":"success","product_id":13062,"sku":"FN14F716","message":"Product updated successfully"}
2021-04-08T15:39:00+00:00 INFO (6): {"status":"success","product_id":12949,"sku":"FN14F716Z","message":"Product updated successfully"}
2021-04-08T15:39:03+00:00 INFO (6): {"status":"success","product_id":10124,"sku":"FN14FZ","message":"Product updated successfully"}
2021-04-08T15:39:07+00:00 INFO (6): {"status":"success","product_id":13063,"sku":"FN16MZ","message":"Product updated successfully"}
2021-04-08T15:39:10+00:00 INFO (6): {"status":"success","product_id":11616,"sku":"FN1C","message":"Product updated successfully"}
2021-04-08T15:39:14+00:00 INFO (6): {"status":"success","product_id":10215,"sku":"FN1CGAL","message":"Product updated successfully"}
2021-04-08T15:39:17+00:00 INFO (6): {"status":"success","product_id":10119,"sku":"FN1CZ","message":"Product updated successfully"}
2021-04-08T15:39:21+00:00 INFO (6): {"status":"success","product_id":10218,"sku":"FN1FZ","message":"Product updated successfully"}
2021-04-08T15:39:24+00:00 INFO (6): {"status":"success","product_id":13066,"sku":"FN20M","message":"Product updated successfully"}
2021-04-08T15:39:28+00:00 INFO (6): {"status":"success","product_id":10110,"sku":"FN212F","message":"Product updated successfully"}
2021-04-08T15:39:31+00:00 INFO (6): {"status":"success","product_id":10098,"sku":"FN214C","message":"Product updated successfully"}
2021-04-08T15:39:35+00:00 INFO (6): {"status":"success","product_id":12940,"sku":"FN214CGAL","message":"Product updated successfully"}
2021-04-08T15:39:39+00:00 INFO (6): {"status":"success","product_id":10109,"sku":"FN214F","message":"Product updated successfully"}
2021-04-08T15:39:42+00:00 INFO (6): {"status":"success","product_id":12939,"sku":"FN214IZ","message":"Product updated successfully"}
2021-04-08T15:39:46+00:00 INFO (6): {"status":"success","product_id":12938,"sku":"FN214IZY","message":"Product updated successfully"}
2021-04-08T15:39:49+00:00 INFO (6): {"status":"success","product_id":13067,"sku":"FN22M","message":"Product updated successfully"}
2021-04-08T15:39:53+00:00 INFO (6): {"status":"success","product_id":12941,"sku":"FN234CGAL","message":"Product updated successfully"}
2021-04-08T15:39:56+00:00 INFO (6): {"status":"success","product_id":12933,"sku":"FN24M","message":"Product updated successfully"}
2021-04-08T15:40:00+00:00 INFO (6): {"status":"success","product_id":10097,"sku":"FN2C","message":"Product updated successfully"}
2021-04-08T15:40:06+00:00 INFO (6): {"status":"success","product_id":10216,"sku":"FN2CGAL","message":"Product updated successfully"}
2021-04-08T15:40:06+00:00 INFO (6): {"status":"success","product_id":10216,"sku":"FN2CGAL","message":"Product updated successfully"}
2021-04-08T15:40:10+00:00 INFO (6): {"status":"success","product_id":10108,"sku":"FN2F","message":"Product updated successfully"}
2021-04-08T15:40:11+00:00 INFO (6): {"status":"success","product_id":10108,"sku":"FN2F","message":"Product updated successfully"}
2021-04-08T15:40:15+00:00 INFO (6): {"status":"success","product_id":12942,"sku":"FN334CGAL","message":"Product updated successfully"}
2021-04-08T15:40:15+00:00 INFO (6): {"status":"success","product_id":12942,"sku":"FN334CGAL","message":"Product updated successfully"}
2021-04-08T15:40:20+00:00 INFO (6): {"status":"success","product_id":13068,"sku":"FN33M","message":"Product updated successfully"}
2021-04-08T15:40:20+00:00 INFO (6): {"status":"success","product_id":13068,"sku":"FN33M","message":"Product updated successfully"}
2021-04-08T15:40:24+00:00 INFO (6): {"status":"success","product_id":41219,"sku":"FN34C","message":"Product updated successfully"}
2021-04-08T15:40:25+00:00 INFO (6): {"status":"success","product_id":41219,"sku":"FN34C","message":"Product updated successfully"}
2021-04-08T15:40:29+00:00 INFO (6): {"status":"success","product_id":10213,"sku":"FN34CGAL","message":"Product updated successfully"}
2021-04-08T15:40:30+00:00 INFO (6): {"status":"success","product_id":10213,"sku":"FN34CGAL","message":"Product updated successfully"}
2021-04-08T15:40:34+00:00 INFO (6): {"status":"success","product_id":10117,"sku":"FN34CZ","message":"Product updated successfully"}
2021-04-08T15:40:34+00:00 INFO (6): {"status":"success","product_id":10117,"sku":"FN34CZ","message":"Product updated successfully"}
2021-04-08T15:40:39+00:00 INFO (6): {"status":"success","product_id":10204,"sku":"FN34CZY","message":"Product updated successfully"}
2021-04-08T15:40:39+00:00 INFO (6): {"status":"success","product_id":10204,"sku":"FN34CZY","message":"Product updated successfully"}
2021-04-08T15:40:43+00:00 INFO (6): {"status":"success","product_id":10104,"sku":"FN34F","message":"Product updated successfully"}
2021-04-08T15:40:43+00:00 INFO (6): {"status":"success","product_id":10104,"sku":"FN34F","message":"Product updated successfully"}
2021-04-08T15:40:47+00:00 INFO (6): {"status":"success","product_id":10131,"sku":"FN34FZ","message":"Product updated successfully"}
2021-04-08T15:40:47+00:00 INFO (6): {"status":"success","product_id":10131,"sku":"FN34FZ","message":"Product updated successfully"}
2021-04-08T15:40:51+00:00 INFO (6): {"status":"success","product_id":11611,"sku":"FN38C","message":"Product updated successfully"}
2021-04-08T15:40:51+00:00 INFO (6): {"status":"success","product_id":11611,"sku":"FN38C","message":"Product updated successfully"}
2021-04-08T15:40:56+00:00 INFO (6): {"status":"success","product_id":12947,"sku":"FN38C58Z","message":"Product updated successfully"}
2021-04-08T15:40:56+00:00 INFO (6): {"status":"success","product_id":12947,"sku":"FN38C58Z","message":"Product updated successfully"}
2021-04-08T15:41:01+00:00 INFO (6): {"status":"success","product_id":10210,"sku":"FN38CGAL","message":"Product updated successfully"}
2021-04-08T15:41:01+00:00 INFO (6): {"status":"success","product_id":10210,"sku":"FN38CGAL","message":"Product updated successfully"}
2021-04-08T15:41:06+00:00 INFO (6): {"status":"success","product_id":10113,"sku":"FN38CZ","message":"Product updated successfully"}
2021-04-08T15:41:06+00:00 INFO (6): {"status":"success","product_id":10113,"sku":"FN38CZ","message":"Product updated successfully"}
2021-04-08T15:41:11+00:00 INFO (6): {"status":"success","product_id":10137,"sku":"FN38CZY","message":"Product updated successfully"}
2021-04-08T15:41:11+00:00 INFO (6): {"status":"success","product_id":10137,"sku":"FN38CZY","message":"Product updated successfully"}
2021-04-08T15:41:14+00:00 INFO (6): {"status":"success","product_id":10101,"sku":"FN38F","message":"Product updated successfully"}
2021-04-08T15:41:14+00:00 INFO (6): {"status":"success","product_id":10101,"sku":"FN38F","message":"Product updated successfully"}
2021-04-08T15:41:18+00:00 INFO (6): {"status":"success","product_id":10126,"sku":"FN38FZ","message":"Product updated successfully"}
2021-04-08T15:41:18+00:00 INFO (6): {"status":"success","product_id":10126,"sku":"FN38FZ","message":"Product updated successfully"}
2021-04-08T15:41:22+00:00 INFO (6): {"status":"success","product_id":10206,"sku":"FN38FZY","message":"Product updated successfully"}
2021-04-08T15:41:22+00:00 INFO (6): {"status":"success","product_id":10206,"sku":"FN38FZY","message":"Product updated successfully"}
2021-04-08T15:41:27+00:00 INFO (6): {"status":"success","product_id":13069,"sku":"FN39M","message":"Product updated successfully"}
2021-04-08T15:41:27+00:00 INFO (6): {"status":"success","product_id":13069,"sku":"FN39M","message":"Product updated successfully"}
2021-04-08T15:41:32+00:00 INFO (6): {"status":"success","product_id":10099,"sku":"FN3C","message":"Product updated successfully"}
2021-04-08T15:41:32+00:00 INFO (6): {"status":"success","product_id":10099,"sku":"FN3C","message":"Product updated successfully"}
2021-04-08T15:41:35+00:00 INFO (6): {"status":"success","product_id":13064,"sku":"FN3M","message":"Product updated successfully"}
2021-04-08T15:41:39+00:00 INFO (6): {"status":"success","product_id":41296,"sku":"FN42M","message":"Product updated successfully"}
2021-04-08T15:41:43+00:00 INFO (6): {"status":"success","product_id":12380,"sku":"FN45M","message":"Product updated successfully"}
2021-04-08T15:41:46+00:00 INFO (6): {"status":"success","product_id":13070,"sku":"FN48M","message":"Product updated successfully"}
2021-04-08T15:41:50+00:00 INFO (6): {"status":"success","product_id":12943,"sku":"FN4C14Z","message":"Product updated successfully"}
2021-04-08T15:41:53+00:00 INFO (6): {"status":"success","product_id":12379,"sku":"FN4M","message":"Product updated successfully"}
2021-04-08T15:41:57+00:00 INFO (6): {"status":"success","product_id":11610,"sku":"FN516C","message":"Product updated successfully"}
2021-04-08T15:42:01+00:00 INFO (6): {"status":"success","product_id":12946,"sku":"FN516C916Z","message":"Product updated successfully"}
2021-04-08T15:42:05+00:00 INFO (6): {"status":"success","product_id":10209,"sku":"FN516CGAL","message":"Product updated successfully"}
2021-04-08T15:42:08+00:00 INFO (6): {"status":"success","product_id":10112,"sku":"FN516CZ","message":"Product updated successfully"}
2021-04-08T15:42:12+00:00 INFO (6): {"status":"success","product_id":10136,"sku":"FN516CZY","message":"Product updated successfully"}
2021-04-08T15:42:15+00:00 INFO (6): {"status":"success","product_id":10125,"sku":"FN516FZ","message":"Product updated successfully"}
2021-04-08T15:42:18+00:00 INFO (6): {"status":"success","product_id":10205,"sku":"FN516FZY","message":"Product updated successfully"}
2021-04-08T15:42:21+00:00 INFO (6): {"status":"success","product_id":13071,"sku":"FN52M","message":"Product updated successfully"}
2021-04-08T15:42:25+00:00 INFO (6): {"status":"success","product_id":13072,"sku":"FN56M","message":"Product updated successfully"}
2021-04-08T15:42:29+00:00 INFO (6): {"status":"success","product_id":11614,"sku":"FN58C","message":"Product updated successfully"}
2021-04-08T15:42:32+00:00 INFO (6): {"status":"success","product_id":10212,"sku":"FN58CGAL","message":"Product updated successfully"}
2021-04-08T15:42:35+00:00 INFO (6): {"status":"success","product_id":10116,"sku":"FN58CZ","message":"Product updated successfully"}
2021-04-08T15:42:39+00:00 INFO (6): {"status":"success","product_id":10140,"sku":"FN58CZY","message":"Product updated successfully"}
2021-04-08T15:42:42+00:00 INFO (6): {"status":"success","product_id":10130,"sku":"FN58FZ","message":"Product updated successfully"}
2021-04-08T15:42:46+00:00 INFO (6): {"status":"success","product_id":13056,"sku":"FN5C516","message":"Product updated successfully"}
2021-04-08T15:42:50+00:00 INFO (6): {"status":"success","product_id":13065,"sku":"FN5M","message":"Product updated successfully"}
2021-04-08T15:42:53+00:00 INFO (6): {"status":"success","product_id":13150,"sku":"FN64M","message":"Product updated successfully"}
2021-04-08T15:42:57+00:00 INFO (6): {"status":"success","product_id":13151,"sku":"FN68M","message":"Product updated successfully"}
2021-04-08T15:43:01+00:00 INFO (6): {"status":"success","product_id":41292,"sku":"FN6C14Z","message":"Product updated successfully"}
2021-04-08T15:43:04+00:00 INFO (6): {"status":"success","product_id":13057,"sku":"FN6C516","message":"Product updated successfully"}
2021-04-08T15:43:08+00:00 INFO (6): {"status":"success","product_id":12944,"sku":"FN6C516Z","message":"Product updated successfully"}
2021-04-08T15:43:12+00:00 INFO (6): {"status":"success","product_id":41291,"sku":"FN6M","message":"Product updated successfully"}
2021-04-08T15:43:15+00:00 INFO (6): {"status":"success","product_id":11612,"sku":"FN716C","message":"Product updated successfully"}
2021-04-08T15:43:19+00:00 INFO (6): {"status":"success","product_id":10211,"sku":"FN716CGAL","message":"Product updated successfully"}
2021-04-08T15:43:22+00:00 INFO (6): {"status":"success","product_id":10114,"sku":"FN716CZ","message":"Product updated successfully"}
2021-04-08T15:43:26+00:00 INFO (6): {"status":"success","product_id":10138,"sku":"FN716CZY","message":"Product updated successfully"}
2021-04-08T15:43:30+00:00 INFO (6): {"status":"success","product_id":10127,"sku":"FN716FZ","message":"Product updated successfully"}
2021-04-08T15:43:33+00:00 INFO (6): {"status":"success","product_id":10207,"sku":"FN716FZY","message":"Product updated successfully"}
2021-04-08T15:43:37+00:00 INFO (6): {"status":"success","product_id":11615,"sku":"FN78C","message":"Product updated successfully"}
2021-04-08T15:43:40+00:00 INFO (6): {"status":"success","product_id":10214,"sku":"FN78CGAL","message":"Product updated successfully"}
2021-04-08T15:43:44+00:00 INFO (6): {"status":"success","product_id":10118,"sku":"FN78CZ","message":"Product updated successfully"}
2021-04-08T15:43:48+00:00 INFO (6): {"status":"success","product_id":10105,"sku":"FN78F","message":"Product updated successfully"}
2021-04-08T15:43:51+00:00 INFO (6): {"status":"success","product_id":10132,"sku":"FN78FZ","message":"Product updated successfully"}
2021-04-08T15:43:55+00:00 INFO (6): {"status":"success","product_id":13152,"sku":"FN80M","message":"Product updated successfully"}
2021-04-08T15:43:58+00:00 INFO (6): {"status":"success","product_id":13058,"sku":"FN8C1132","message":"Product updated successfully"}
2021-04-08T15:44:02+00:00 INFO (6): {"status":"success","product_id":10115,"sku":"FN916CZ","message":"Product updated successfully"}
2021-04-08T15:44:06+00:00 INFO (6): {"status":"success","product_id":10103,"sku":"FN916F","message":"Product updated successfully"}
2021-04-08T15:44:10+00:00 INFO (6): {"status":"success","product_id":10129,"sku":"FN916FZ","message":"Product updated successfully"}
2021-04-08T15:44:13+00:00 INFO (6): {"status":"success","product_id":20131,"sku":"FORFPNUT10","message":"Product updated successfully"}
2021-04-08T15:44:17+00:00 INFO (6): {"status":"success","product_id":20132,"sku":"FORFPNUT10SS","message":"Product updated successfully"}
2021-04-08T15:44:21+00:00 INFO (6): {"status":"success","product_id":20133,"sku":"FORFPNUT12","message":"Product updated successfully"}
2021-04-08T15:44:24+00:00 INFO (6): {"status":"success","product_id":20134,"sku":"FORFPNUT12SS","message":"Product updated successfully"}
2021-04-08T15:44:28+00:00 INFO (6): {"status":"success","product_id":20135,"sku":"FORFPNUT16","message":"Product updated successfully"}
2021-04-08T15:44:31+00:00 INFO (6): {"status":"success","product_id":20136,"sku":"FORFPNUT20","message":"Product updated successfully"}
2021-04-08T15:44:35+00:00 INFO (6): {"status":"success","product_id":20137,"sku":"FORFPNUT3","message":"Product updated successfully"}
2021-04-08T15:44:38+00:00 INFO (6): {"status":"success","product_id":20138,"sku":"FORFPNUT4","message":"Product updated successfully"}
2021-04-08T15:44:42+00:00 INFO (6): {"status":"success","product_id":20139,"sku":"FORFPNUT5","message":"Product updated successfully"}
2021-04-08T15:44:46+00:00 INFO (6): {"status":"success","product_id":20140,"sku":"FORFPNUT6","message":"Product updated successfully"}
2021-04-08T15:44:49+00:00 INFO (6): {"status":"success","product_id":20141,"sku":"FORFPNUT6SS","message":"Product updated successfully"}
2021-04-08T15:44:53+00:00 INFO (6): {"status":"success","product_id":20142,"sku":"FORFPNUT8","message":"Product updated successfully"}
2021-04-08T15:44:56+00:00 INFO (6): {"status":"success","product_id":20143,"sku":"FORFPNUT8SS","message":"Product updated successfully"}
2021-04-08T15:44:59+00:00 INFO (6): {"status":"success","product_id":20144,"sku":"FORFPNUTSET","message":"Product updated successfully"}
2021-04-08T15:45:03+00:00 INFO (6): {"status":"success","product_id":20146,"sku":"FORFPNYL10","message":"Product updated successfully"}
2021-04-08T15:45:07+00:00 INFO (6): {"status":"success","product_id":20146,"sku":"FORFPNYL10","message":"Product updated successfully"}
2021-04-08T15:45:08+00:00 INFO (6): {"status":"success","product_id":20147,"sku":"FORFPNYL10SS","message":"Product updated successfully"}
2021-04-08T15:45:10+00:00 INFO (6): {"status":"success","product_id":20147,"sku":"FORFPNYL10SS","message":"Product updated successfully"}
2021-04-08T15:45:11+00:00 INFO (6): {"status":"success","product_id":20148,"sku":"FORFPNYL12","message":"Product updated successfully"}
2021-04-08T15:45:14+00:00 INFO (6): {"status":"success","product_id":20148,"sku":"FORFPNYL12","message":"Product updated successfully"}
2021-04-08T15:45:15+00:00 INFO (6): {"status":"success","product_id":20246,"sku":"FORFPNYL12SS","message":"Product updated successfully"}
2021-04-08T15:45:18+00:00 INFO (6): {"status":"success","product_id":20246,"sku":"FORFPNYL12SS","message":"Product updated successfully"}
2021-04-08T15:45:19+00:00 INFO (6): {"status":"success","product_id":20247,"sku":"FORFPNYL16","message":"Product updated successfully"}
2021-04-08T15:45:21+00:00 INFO (6): {"status":"success","product_id":20247,"sku":"FORFPNYL16","message":"Product updated successfully"}
2021-04-08T15:45:22+00:00 INFO (6): {"status":"success","product_id":20248,"sku":"FORFPNYL20","message":"Product updated successfully"}
2021-04-08T15:45:25+00:00 INFO (6): {"status":"success","product_id":20248,"sku":"FORFPNYL20","message":"Product updated successfully"}
2021-04-08T15:45:26+00:00 INFO (6): {"status":"success","product_id":20249,"sku":"FORFPNYL3","message":"Product updated successfully"}
2021-04-08T15:45:29+00:00 INFO (6): {"status":"success","product_id":20249,"sku":"FORFPNYL3","message":"Product updated successfully"}
2021-04-08T15:45:30+00:00 INFO (6): {"status":"success","product_id":20250,"sku":"FORFPNYL4","message":"Product updated successfully"}
2021-04-08T15:45:32+00:00 INFO (6): {"status":"success","product_id":20250,"sku":"FORFPNYL4","message":"Product updated successfully"}
2021-04-08T15:45:33+00:00 INFO (6): {"status":"success","product_id":20251,"sku":"FORFPNYL5","message":"Product updated successfully"}
2021-04-08T15:45:36+00:00 INFO (6): {"status":"success","product_id":20251,"sku":"FORFPNYL5","message":"Product updated successfully"}
2021-04-08T15:45:37+00:00 INFO (6): {"status":"success","product_id":20252,"sku":"FORFPNYL6","message":"Product updated successfully"}
2021-04-08T15:45:40+00:00 INFO (6): {"status":"success","product_id":20252,"sku":"FORFPNYL6","message":"Product updated successfully"}
2021-04-08T15:45:41+00:00 INFO (6): {"status":"success","product_id":20253,"sku":"FORFPNYL6SS","message":"Product updated successfully"}
2021-04-08T15:45:43+00:00 INFO (6): {"status":"success","product_id":20253,"sku":"FORFPNYL6SS","message":"Product updated successfully"}
2021-04-08T15:45:44+00:00 INFO (6): {"status":"success","product_id":20254,"sku":"FORFPNYL8","message":"Product updated successfully"}
2021-04-08T15:45:47+00:00 INFO (6): {"status":"success","product_id":20254,"sku":"FORFPNYL8","message":"Product updated successfully"}
2021-04-08T15:45:48+00:00 INFO (6): {"status":"success","product_id":20255,"sku":"FORFPNYL8SS","message":"Product updated successfully"}
2021-04-08T15:45:51+00:00 INFO (6): {"status":"success","product_id":20255,"sku":"FORFPNYL8SS","message":"Product updated successfully"}
2021-04-08T15:45:52+00:00 INFO (6): {"status":"success","product_id":20617,"sku":"FORFPWING10","message":"Product updated successfully"}
2021-04-08T15:45:54+00:00 INFO (6): {"status":"success","product_id":20617,"sku":"FORFPWING10","message":"Product updated successfully"}
2021-04-08T15:45:56+00:00 INFO (6): {"status":"success","product_id":20618,"sku":"FORFPWING12","message":"Product updated successfully"}
2021-04-08T15:45:58+00:00 INFO (6): {"status":"success","product_id":20618,"sku":"FORFPWING12","message":"Product updated successfully"}
2021-04-08T15:45:59+00:00 INFO (6): {"status":"success","product_id":20619,"sku":"FORFPWING5","message":"Product updated successfully"}
2021-04-08T15:46:02+00:00 INFO (6): {"status":"success","product_id":20619,"sku":"FORFPWING5","message":"Product updated successfully"}
2021-04-08T15:46:03+00:00 INFO (6): {"status":"success","product_id":20620,"sku":"FORFPWING6","message":"Product updated successfully"}
2021-04-08T15:46:06+00:00 INFO (6): {"status":"success","product_id":20620,"sku":"FORFPWING6","message":"Product updated successfully"}
2021-04-08T15:46:07+00:00 INFO (6): {"status":"success","product_id":20621,"sku":"FORFPWING8","message":"Product updated successfully"}
2021-04-08T15:46:09+00:00 INFO (6): {"status":"success","product_id":20621,"sku":"FORFPWING8","message":"Product updated successfully"}
2021-04-08T15:46:10+00:00 INFO (6): {"status":"success","product_id":19968,"sku":"FORNUT10M","message":"Product updated successfully"}
2021-04-08T15:46:12+00:00 INFO (6): {"status":"success","product_id":19968,"sku":"FORNUT10M","message":"Product updated successfully"}
2021-04-08T15:46:15+00:00 INFO (6): {"status":"success","product_id":19969,"sku":"FORNUT12M","message":"Product updated successfully"}
2021-04-08T15:46:16+00:00 INFO (6): {"status":"success","product_id":19969,"sku":"FORNUT12M","message":"Product updated successfully"}
2021-04-08T15:46:20+00:00 INFO (6): {"status":"success","product_id":19970,"sku":"FORNUT16M","message":"Product updated successfully"}
2021-04-08T15:46:20+00:00 INFO (6): {"status":"success","product_id":19970,"sku":"FORNUT16M","message":"Product updated successfully"}
2021-04-08T15:46:25+00:00 INFO (6): {"status":"success","product_id":19971,"sku":"FORNUT20M","message":"Product updated successfully"}
2021-04-08T15:46:25+00:00 INFO (6): {"status":"success","product_id":19971,"sku":"FORNUT20M","message":"Product updated successfully"}
2021-04-08T15:46:29+00:00 INFO (6): {"status":"success","product_id":19972,"sku":"FORNUT3M","message":"Product updated successfully"}
2021-04-08T15:46:32+00:00 INFO (6): {"status":"success","product_id":19973,"sku":"FORNUT4M","message":"Product updated successfully"}
2021-04-08T15:46:36+00:00 INFO (6): {"status":"success","product_id":20047,"sku":"FORNUT5M","message":"Product updated successfully"}
2021-04-08T15:46:39+00:00 INFO (6): {"status":"success","product_id":20048,"sku":"FORNUT6M","message":"Product updated successfully"}
2021-04-08T15:46:43+00:00 INFO (6): {"status":"success","product_id":20049,"sku":"FORNUT8M","message":"Product updated successfully"}
2021-04-08T15:46:46+00:00 INFO (6): {"status":"success","product_id":20050,"sku":"FORNYLOC10G","message":"Product updated successfully"}
2021-04-08T15:46:50+00:00 INFO (6): {"status":"success","product_id":20051,"sku":"FORNYLOC12G","message":"Product updated successfully"}
2021-04-08T15:46:53+00:00 INFO (6): {"status":"success","product_id":20052,"sku":"FORNYLOC16M","message":"Product updated successfully"}
2021-04-08T15:46:57+00:00 INFO (6): {"status":"success","product_id":20053,"sku":"FORNYLOC20M","message":"Product updated successfully"}
2021-04-08T15:47:00+00:00 INFO (6): {"status":"success","product_id":20054,"sku":"FORNYLOC4M","message":"Product updated successfully"}
2021-04-08T15:47:04+00:00 INFO (6): {"status":"success","product_id":20055,"sku":"FORNYLOC5M","message":"Product updated successfully"}
2021-04-08T15:47:07+00:00 INFO (6): {"status":"success","product_id":20056,"sku":"FORNYLOC6M","message":"Product updated successfully"}
2021-04-08T15:47:11+00:00 INFO (6): {"status":"success","product_id":20057,"sku":"FORNYLOC8M","message":"Product updated successfully"}
2021-04-08T15:47:14+00:00 INFO (6): {"status":"success","product_id":20415,"sku":"FORPTN6M","message":"Product updated successfully"}
2021-04-08T15:47:17+00:00 INFO (6): {"status":"success","product_id":20416,"sku":"FORPTN8M","message":"Product updated successfully"}
2021-04-08T15:47:21+00:00 INFO (6): {"status":"success","product_id":24351,"sku":"FORWING10M","message":"Product updated successfully"}
2021-04-08T15:47:24+00:00 INFO (6): {"status":"success","product_id":24352,"sku":"FORWING12M","message":"Product updated successfully"}
2021-04-08T15:47:27+00:00 INFO (6): {"status":"success","product_id":24353,"sku":"FORWING5M","message":"Product updated successfully"}
2021-04-08T15:47:31+00:00 INFO (6): {"status":"success","product_id":24354,"sku":"FORWING6M","message":"Product updated successfully"}
2021-04-08T15:47:34+00:00 INFO (6): {"status":"success","product_id":24355,"sku":"FORWING8M","message":"Product updated successfully"}
2021-04-08T15:47:38+00:00 INFO (6): {"status":"success","product_id":5838,"sku":"GFI100","message":"Product updated successfully"}
2021-04-08T15:47:41+00:00 INFO (6): {"status":"success","product_id":5839,"sku":"GFI137","message":"Product updated successfully"}
2021-04-08T15:47:45+00:00 INFO (6): {"status":"success","product_id":5840,"sku":"GUCI137","message":"Product updated successfully"}
2021-04-08T15:47:49+00:00 INFO (6): {"status":"success","product_id":5841,"sku":"GUFI100","message":"Product updated successfully"}
2021-04-08T15:47:52+00:00 INFO (6): {"status":"success","product_id":5842,"sku":"GUFI137","message":"Product updated successfully"}
2021-04-08T15:47:56+00:00 INFO (6): {"status":"success","product_id":5843,"sku":"GUFI155","message":"Product updated successfully"}
2021-04-08T15:47:59+00:00 INFO (6): {"status":"success","product_id":5844,"sku":"GUFJ100","message":"Product updated successfully"}
2021-04-08T15:48:03+00:00 INFO (6): {"status":"success","product_id":5845,"sku":"GUFJ137","message":"Product updated successfully"}
2021-04-08T15:48:07+00:00 INFO (6): {"status":"success","product_id":5846,"sku":"GUFP137","message":"Product updated successfully"}
2021-04-08T15:48:10+00:00 INFO (6): {"status":"success","product_id":5847,"sku":"GWI137","message":"Product updated successfully"}
2021-04-08T15:48:14+00:00 INFO (6): {"status":"success","product_id":5848,"sku":"H2UCI100","message":"Product updated successfully"}
2021-04-08T15:48:17+00:00 INFO (6): {"status":"success","product_id":5849,"sku":"H2UCJ100","message":"Product updated successfully"}
2021-04-08T15:48:21+00:00 INFO (6): {"status":"success","product_id":13034,"sku":"HJN112F","message":"Product updated successfully"}
2021-04-08T15:48:25+00:00 INFO (6): {"status":"success","product_id":13052,"sku":"HJN114FZ","message":"Product updated successfully"}
2021-04-08T15:48:28+00:00 INFO (6): {"status":"success","product_id":13033,"sku":"HJN118F","message":"Product updated successfully"}
2021-04-08T15:48:32+00:00 INFO (6): {"status":"success","product_id":12955,"sku":"HJN12C","message":"Product updated successfully"}
2021-04-08T15:48:36+00:00 INFO (6): {"status":"success","product_id":13039,"sku":"HJN12CZ","message":"Product updated successfully"}
2021-04-08T15:48:39+00:00 INFO (6): {"status":"success","product_id":13030,"sku":"HJN12F","message":"Product updated successfully"}
2021-04-08T15:48:43+00:00 INFO (6): {"status":"success","product_id":13047,"sku":"HJN12FZ","message":"Product updated successfully"}
2021-04-08T15:48:46+00:00 INFO (6): {"status":"success","product_id":12951,"sku":"HJN14C","message":"Product updated successfully"}
2021-04-08T15:48:50+00:00 INFO (6): {"status":"success","product_id":13036,"sku":"HJN14CZ","message":"Product updated successfully"}
2021-04-08T15:48:54+00:00 INFO (6): {"status":"success","product_id":13028,"sku":"HJN14F","message":"Product updated successfully"}
2021-04-08T15:48:57+00:00 INFO (6): {"status":"success","product_id":12950,"sku":"HJN1CGAL","message":"Product updated successfully"}
2021-04-08T15:49:01+00:00 INFO (6): {"status":"success","product_id":13043,"sku":"HJN1CZ","message":"Product updated successfully"}
2021-04-08T15:49:05+00:00 INFO (6): {"status":"success","product_id":13054,"sku":"HJN1CZY","message":"Product updated successfully"}
2021-04-08T15:49:08+00:00 INFO (6): {"status":"success","product_id":13035,"sku":"HJN2F","message":"Product updated successfully"}
2021-04-08T15:49:12+00:00 INFO (6): {"status":"success","product_id":13027,"sku":"HJN34C","message":"Product updated successfully"}
2021-04-08T15:49:15+00:00 INFO (6): {"status":"success","product_id":13042,"sku":"HJN34CZ","message":"Product updated successfully"}
2021-04-08T15:49:19+00:00 INFO (6): {"status":"success","product_id":13032,"sku":"HJN34F","message":"Product updated successfully"}
2021-04-08T15:49:22+00:00 INFO (6): {"status":"success","product_id":13050,"sku":"HJN34FZ","message":"Product updated successfully"}
2021-04-08T15:49:26+00:00 INFO (6): {"status":"success","product_id":13055,"sku":"HJN34FZY","message":"Product updated successfully"}
2021-04-08T15:49:30+00:00 INFO (6): {"status":"success","product_id":12953,"sku":"HJN38C","message":"Product updated successfully"}
2021-04-08T15:49:33+00:00 INFO (6): {"status":"success","product_id":13029,"sku":"HJN38F","message":"Product updated successfully"}
2021-04-08T15:49:37+00:00 INFO (6): {"status":"success","product_id":13045,"sku":"HJN38FZ","message":"Product updated successfully"}
2021-04-08T15:49:40+00:00 INFO (6): {"status":"success","product_id":12952,"sku":"HJN516C","message":"Product updated successfully"}
2021-04-08T15:49:44+00:00 INFO (6): {"status":"success","product_id":13037,"sku":"HJN516CZ","message":"Product updated successfully"}
2021-04-08T15:49:48+00:00 INFO (6): {"status":"success","product_id":13053,"sku":"HJN516CZY","message":"Product updated successfully"}
2021-04-08T15:49:51+00:00 INFO (6): {"status":"success","product_id":13044,"sku":"HJN516FZ","message":"Product updated successfully"}
2021-04-08T15:49:55+00:00 INFO (6): {"status":"success","product_id":13041,"sku":"HJN58CZ","message":"Product updated successfully"}
2021-04-08T15:49:59+00:00 INFO (6): {"status":"success","product_id":13049,"sku":"HJN58FZ","message":"Product updated successfully"}
2021-04-08T15:50:03+00:00 INFO (6): {"status":"success","product_id":12954,"sku":"HJN716C","message":"Product updated successfully"}
2021-04-08T15:50:07+00:00 INFO (6): {"status":"success","product_id":12954,"sku":"HJN716C","message":"Product updated successfully"}
2021-04-08T15:50:08+00:00 INFO (6): {"status":"success","product_id":13038,"sku":"HJN716CZ","message":"Product updated successfully"}
2021-04-08T15:50:11+00:00 INFO (6): {"status":"success","product_id":13038,"sku":"HJN716CZ","message":"Product updated successfully"}
2021-04-08T15:50:12+00:00 INFO (6): {"status":"success","product_id":13046,"sku":"HJN716FZ","message":"Product updated successfully"}
2021-04-08T15:50:14+00:00 INFO (6): {"status":"success","product_id":13046,"sku":"HJN716FZ","message":"Product updated successfully"}
2021-04-08T15:50:15+00:00 INFO (6): {"status":"success","product_id":13051,"sku":"HJN78FZ","message":"Product updated successfully"}
2021-04-08T15:50:18+00:00 INFO (6): {"status":"success","product_id":13051,"sku":"HJN78FZ","message":"Product updated successfully"}
2021-04-08T15:50:19+00:00 INFO (6): {"status":"success","product_id":12956,"sku":"HJN916C","message":"Product updated successfully"}
2021-04-08T15:50:22+00:00 INFO (6): {"status":"success","product_id":12956,"sku":"HJN916C","message":"Product updated successfully"}
2021-04-08T15:50:23+00:00 INFO (6): {"status":"success","product_id":13040,"sku":"HJN916CZ","message":"Product updated successfully"}
2021-04-08T15:50:25+00:00 INFO (6): {"status":"success","product_id":13040,"sku":"HJN916CZ","message":"Product updated successfully"}
2021-04-08T15:50:26+00:00 INFO (6): {"status":"success","product_id":13031,"sku":"HJN916F","message":"Product updated successfully"}
2021-04-08T15:50:29+00:00 INFO (6): {"status":"success","product_id":13031,"sku":"HJN916F","message":"Product updated successfully"}
2021-04-08T15:50:30+00:00 INFO (6): {"status":"success","product_id":13048,"sku":"HJN916FZ","message":"Product updated successfully"}
2021-04-08T15:50:33+00:00 INFO (6): {"status":"success","product_id":13048,"sku":"HJN916FZ","message":"Product updated successfully"}
2021-04-08T15:50:34+00:00 INFO (6): {"status":"success","product_id":5850,"sku":"JFI137","message":"Product updated successfully"}
2021-04-08T15:50:36+00:00 INFO (6): {"status":"success","product_id":5850,"sku":"JFI137","message":"Product updated successfully"}
2021-04-08T15:50:37+00:00 INFO (6): {"status":"success","product_id":5851,"sku":"JUCI137","message":"Product updated successfully"}
2021-04-08T15:50:40+00:00 INFO (6): {"status":"success","product_id":5851,"sku":"JUCI137","message":"Product updated successfully"}
2021-04-08T15:50:40+00:00 INFO (6): {"status":"success","product_id":5852,"sku":"JUFI100","message":"Product updated successfully"}
2021-04-08T15:50:43+00:00 INFO (6): {"status":"success","product_id":5852,"sku":"JUFI100","message":"Product updated successfully"}
2021-04-08T15:50:44+00:00 INFO (6): {"status":"success","product_id":5853,"sku":"JUFI137","message":"Product updated successfully"}
2021-04-08T15:50:46+00:00 INFO (6): {"status":"success","product_id":5853,"sku":"JUFI137","message":"Product updated successfully"}
2021-04-08T15:50:48+00:00 INFO (6): {"status":"success","product_id":5854,"sku":"JUFJ137","message":"Product updated successfully"}
2021-04-08T15:50:49+00:00 INFO (6): {"status":"success","product_id":5854,"sku":"JUFJ137","message":"Product updated successfully"}
2021-04-08T15:50:53+00:00 INFO (6): {"status":"success","product_id":5855,"sku":"JUFP4S00","message":"Product updated successfully"}
2021-04-08T15:50:53+00:00 INFO (6): {"status":"success","product_id":5855,"sku":"JUFP4S00","message":"Product updated successfully"}
2021-04-08T15:50:58+00:00 INFO (6): {"status":"success","product_id":5856,"sku":"JUVS137","message":"Product updated successfully"}
2021-04-08T15:50:58+00:00 INFO (6): {"status":"success","product_id":5856,"sku":"JUVS137","message":"Product updated successfully"}
2021-04-08T15:51:03+00:00 INFO (6): {"status":"success","product_id":5857,"sku":"JUVS155","message":"Product updated successfully"}
2021-04-08T15:51:03+00:00 INFO (6): {"status":"success","product_id":5857,"sku":"JUVS155","message":"Product updated successfully"}
2021-04-08T15:51:08+00:00 INFO (6): {"status":"success","product_id":5858,"sku":"JWI137","message":"Product updated successfully"}
2021-04-08T15:51:08+00:00 INFO (6): {"status":"success","product_id":5858,"sku":"JWI137","message":"Product updated successfully"}
2021-04-08T15:51:12+00:00 INFO (6): {"status":"success","product_id":5859,"sku":"LF4610878","message":"Product updated successfully"}
2021-04-08T15:51:12+00:00 INFO (6): {"status":"success","product_id":5859,"sku":"LF4610878","message":"Product updated successfully"}
2021-04-08T15:51:15+00:00 INFO (6): {"status":"success","product_id":5860,"sku":"LF46138106","message":"Product updated successfully"}
2021-04-08T15:51:19+00:00 INFO (6): {"status":"success","product_id":25360,"sku":"LF50042S103","message":"Product updated successfully"}
2021-04-08T15:51:22+00:00 INFO (6): {"status":"success","product_id":11667,"sku":"LN10MZ","message":"Product updated successfully"}
2021-04-08T15:51:26+00:00 INFO (6): {"status":"success","product_id":11660,"sku":"LN12IZ","message":"Product updated successfully"}
2021-04-08T15:51:29+00:00 INFO (6): {"status":"success","product_id":11657,"sku":"LN14IZ","message":"Product updated successfully"}
2021-04-08T15:51:33+00:00 INFO (6): {"status":"success","product_id":11668,"sku":"LN16MZ","message":"Product updated successfully"}
2021-04-08T15:51:36+00:00 INFO (6): {"status":"success","product_id":11664,"sku":"LN1IZ","message":"Product updated successfully"}
2021-04-08T15:51:40+00:00 INFO (6): {"status":"success","product_id":11663,"sku":"LN34IZ","message":"Product updated successfully"}
2021-04-08T15:51:43+00:00 INFO (6): {"status":"success","product_id":11659,"sku":"LN38IZ","message":"Product updated successfully"}
2021-04-08T15:51:47+00:00 INFO (6): {"status":"success","product_id":11658,"sku":"LN516IZ","message":"Product updated successfully"}
2021-04-08T15:51:50+00:00 INFO (6): {"status":"success","product_id":11661,"sku":"LN58CZ","message":"Product updated successfully"}
2021-04-08T15:51:54+00:00 INFO (6): {"status":"success","product_id":11662,"sku":"LN58IZ","message":"Product updated successfully"}
2021-04-08T15:51:57+00:00 INFO (6): {"status":"success","product_id":11665,"sku":"LN6MZ","message":"Product updated successfully"}
2021-04-08T15:52:01+00:00 INFO (6): {"status":"success","product_id":11666,"sku":"LN8MZ","message":"Product updated successfully"}
2021-04-08T15:52:05+00:00 INFO (6): {"status":"success","product_id":11788,"sku":"LNET10IZ","message":"Product updated successfully"}
2021-04-08T15:52:08+00:00 INFO (6): {"status":"success","product_id":11789,"sku":"LNET12IZ","message":"Product updated successfully"}
2021-04-08T15:52:12+00:00 INFO (6): {"status":"success","product_id":11790,"sku":"LNET14IZ","message":"Product updated successfully"}
2021-04-08T15:52:15+00:00 INFO (6): {"status":"success","product_id":11792,"sku":"LNET38IZ","message":"Product updated successfully"}
2021-04-08T15:52:19+00:00 INFO (6): {"status":"success","product_id":11784,"sku":"LNET4IZ","message":"Product updated successfully"}
2021-04-08T15:52:22+00:00 INFO (6): {"status":"success","product_id":11791,"sku":"LNET516IZ","message":"Product updated successfully"}
2021-04-08T15:52:26+00:00 INFO (6): {"status":"success","product_id":11785,"sku":"LNET5IZ","message":"Product updated successfully"}
2021-04-08T15:52:29+00:00 INFO (6): {"status":"success","product_id":11786,"sku":"LNET6IZ","message":"Product updated successfully"}
2021-04-08T15:52:33+00:00 INFO (6): {"status":"success","product_id":11787,"sku":"LNET8IZ","message":"Product updated successfully"}
2021-04-08T15:52:37+00:00 INFO (6): {"status":"success","product_id":42868,"sku":"MEMFN10Z","message":"Product updated successfully"}
2021-04-08T15:52:40+00:00 INFO (6): {"status":"success","product_id":42869,"sku":"MEMFN12Z","message":"Product updated successfully"}
2021-04-08T15:52:44+00:00 INFO (6): {"status":"success","product_id":42870,"sku":"MEMFN14Z","message":"Product updated successfully"}
2021-04-08T15:52:47+00:00 INFO (6): {"status":"success","product_id":42871,"sku":"MEMFN16Z","message":"Product updated successfully"}
2021-04-08T15:52:51+00:00 INFO (6): {"status":"success","product_id":42762,"sku":"MEMFN20Z","message":"Product updated successfully"}
2021-04-08T15:52:55+00:00 INFO (6): {"status":"success","product_id":42872,"sku":"MEMFN24Z","message":"Product updated successfully"}
2021-04-08T15:52:58+00:00 INFO (6): {"status":"success","product_id":42873,"sku":"MEMFN30Z","message":"Product updated successfully"}
2021-04-08T15:53:02+00:00 INFO (6): {"status":"success","product_id":42703,"sku":"MEMFN4Z","message":"Product updated successfully"}
2021-04-08T15:53:05+00:00 INFO (6): {"status":"success","product_id":42874,"sku":"MEMFN5Z","message":"Product updated successfully"}
2021-04-08T15:53:09+00:00 INFO (6): {"status":"success","product_id":42875,"sku":"MEMFN6Z","message":"Product updated successfully"}
2021-04-08T15:53:13+00:00 INFO (6): {"status":"success","product_id":42763,"sku":"MEMFN8Z","message":"Product updated successfully"}
2021-04-08T15:53:16+00:00 INFO (6): {"status":"success","product_id":42704,"sku":"MEMLN10Z","message":"Product updated successfully"}
2021-04-08T15:53:20+00:00 INFO (6): {"status":"success","product_id":42256,"sku":"MEMLN12Z","message":"Product updated successfully"}
2021-04-08T15:53:23+00:00 INFO (6): {"status":"success","product_id":42257,"sku":"MEMLN16Z","message":"Product updated successfully"}
2021-04-08T15:53:27+00:00 INFO (6): {"status":"success","product_id":42258,"sku":"MEMLN20Z","message":"Product updated successfully"}
2021-04-08T15:53:30+00:00 INFO (6): {"status":"success","product_id":42259,"sku":"MEMLN24Z","message":"Product updated successfully"}
2021-04-08T15:53:34+00:00 INFO (6): {"status":"success","product_id":42789,"sku":"MEMNYNP10Z","message":"Product updated successfully"}
2021-04-08T15:53:37+00:00 INFO (6): {"status":"success","product_id":43392,"sku":"MEMNYNP12Z","message":"Product updated successfully"}
2021-04-08T15:53:41+00:00 INFO (6): {"status":"success","product_id":43393,"sku":"MEMNYNP14Z","message":"Product updated successfully"}
2021-04-08T15:53:44+00:00 INFO (6): {"status":"success","product_id":43394,"sku":"MEMNYNP16Z","message":"Product updated successfully"}
2021-04-08T15:53:48+00:00 INFO (6): {"status":"success","product_id":43395,"sku":"MEMNYNP20Z","message":"Product updated successfully"}
2021-04-08T15:53:52+00:00 INFO (6): {"status":"success","product_id":42790,"sku":"MEMNYNP24Z","message":"Product updated successfully"}
2021-04-08T15:53:55+00:00 INFO (6): {"status":"success","product_id":43396,"sku":"MEMNYNP4Z","message":"Product updated successfully"}
2021-04-08T15:53:59+00:00 INFO (6): {"status":"success","product_id":43397,"sku":"MEMNYNP5Z","message":"Product updated successfully"}
2021-04-08T15:54:02+00:00 INFO (6): {"status":"success","product_id":43398,"sku":"MEMNYNP6Z","message":"Product updated successfully"}
2021-04-08T15:54:06+00:00 INFO (6): {"status":"success","product_id":43399,"sku":"MEMNYNP8Z","message":"Product updated successfully"}
2021-04-08T15:54:09+00:00 INFO (6): {"status":"success","product_id":42260,"sku":"MEMNYNT10Z","message":"Product updated successfully"}
2021-04-08T15:54:13+00:00 INFO (6): {"status":"success","product_id":42261,"sku":"MEMNYNT12Z","message":"Product updated successfully"}
2021-04-08T15:54:16+00:00 INFO (6): {"status":"success","product_id":42262,"sku":"MEMNYNT14Z","message":"Product updated successfully"}
2021-04-08T15:54:20+00:00 INFO (6): {"status":"success","product_id":42263,"sku":"MEMNYNT16Z","message":"Product updated successfully"}
2021-04-08T15:54:23+00:00 INFO (6): {"status":"success","product_id":42264,"sku":"MEMNYNT20Z","message":"Product updated successfully"}
2021-04-08T15:54:27+00:00 INFO (6): {"status":"success","product_id":43082,"sku":"MEMNYNT3Z","message":"Product updated successfully"}
2021-04-08T15:54:30+00:00 INFO (6): {"status":"success","product_id":42265,"sku":"MEMNYNT4Z","message":"Product updated successfully"}
2021-04-08T15:54:34+00:00 INFO (6): {"status":"success","product_id":42266,"sku":"MEMNYNT5Z","message":"Product updated successfully"}
2021-04-08T15:54:37+00:00 INFO (6): {"status":"success","product_id":42267,"sku":"MEMNYNT6Z","message":"Product updated successfully"}
2021-04-08T15:54:41+00:00 INFO (6): {"status":"success","product_id":42268,"sku":"MEMNYNT8Z","message":"Product updated successfully"}
2021-04-08T15:54:44+00:00 INFO (6): {"status":"success","product_id":10859,"sku":"NN10CZ","message":"Product updated successfully"}
2021-04-08T15:54:48+00:00 INFO (6): {"status":"success","product_id":10860,"sku":"NN10FZ","message":"Product updated successfully"}
2021-04-08T15:54:51+00:00 INFO (6): {"status":"success","product_id":10855,"sku":"NN4CZ","message":"Product updated successfully"}
2021-04-08T15:54:55+00:00 INFO (6): {"status":"success","product_id":10856,"sku":"NN5CZ","message":"Product updated successfully"}
2021-04-08T15:54:58+00:00 INFO (6): {"status":"success","product_id":10853,"sku":"NNP10CZ","message":"Product updated successfully"}
2021-04-08T15:55:02+00:00 INFO (6): {"status":"success","product_id":10854,"sku":"NNP10FZ","message":"Product updated successfully"}
2021-04-08T15:55:05+00:00 INFO (6): {"status":"success","product_id":10961,"sku":"NNP10MZ","message":"Product updated successfully"}
2021-04-08T15:55:07+00:00 INFO (6): {"status":"success","product_id":10854,"sku":"NNP10FZ","message":"Product updated successfully"}
2021-04-08T15:55:09+00:00 INFO (6): {"status":"success","product_id":10941,"sku":"NNP112CZ","message":"Product updated successfully"}
2021-04-08T15:55:10+00:00 INFO (6): {"status":"success","product_id":10961,"sku":"NNP10MZ","message":"Product updated successfully"}
2021-04-08T15:55:13+00:00 INFO (6): {"status":"success","product_id":10938,"sku":"NNP114FZ","message":"Product updated successfully"}
2021-04-08T15:55:14+00:00 INFO (6): {"status":"success","product_id":10941,"sku":"NNP112CZ","message":"Product updated successfully"}
2021-04-08T15:55:16+00:00 INFO (6): {"status":"success","product_id":10939,"sku":"NNP118FZ","message":"Product updated successfully"}
2021-04-08T15:55:17+00:00 INFO (6): {"status":"success","product_id":10938,"sku":"NNP114FZ","message":"Product updated successfully"}
2021-04-08T15:55:20+00:00 INFO (6): {"status":"success","product_id":10933,"sku":"NNP12CZ","message":"Product updated successfully"}
2021-04-08T15:55:21+00:00 INFO (6): {"status":"success","product_id":10939,"sku":"NNP118FZ","message":"Product updated successfully"}
2021-04-08T15:55:23+00:00 INFO (6): {"status":"success","product_id":10874,"sku":"NNP12FZ","message":"Product updated successfully"}
2021-04-08T15:55:24+00:00 INFO (6): {"status":"success","product_id":10933,"sku":"NNP12CZ","message":"Product updated successfully"}
2021-04-08T15:55:27+00:00 INFO (6): {"status":"success","product_id":10962,"sku":"NNP12MZ","message":"Product updated successfully"}
2021-04-08T15:55:28+00:00 INFO (6): {"status":"success","product_id":10874,"sku":"NNP12FZ","message":"Product updated successfully"}
2021-04-08T15:55:30+00:00 INFO (6): {"status":"success","product_id":10942,"sku":"NNP134CZ","message":"Product updated successfully"}
2021-04-08T15:55:31+00:00 INFO (6): {"status":"success","product_id":10962,"sku":"NNP12MZ","message":"Product updated successfully"}
2021-04-08T15:55:34+00:00 INFO (6): {"status":"success","product_id":10879,"sku":"NNP14CZ","message":"Product updated successfully"}
2021-04-08T15:55:35+00:00 INFO (6): {"status":"success","product_id":10942,"sku":"NNP134CZ","message":"Product updated successfully"}
2021-04-08T15:55:37+00:00 INFO (6): {"status":"success","product_id":10871,"sku":"NNP14FZ","message":"Product updated successfully"}
2021-04-08T15:55:38+00:00 INFO (6): {"status":"success","product_id":10879,"sku":"NNP14CZ","message":"Product updated successfully"}
2021-04-08T15:55:41+00:00 INFO (6): {"status":"success","product_id":10963,"sku":"NNP14MZ","message":"Product updated successfully"}
2021-04-08T15:55:42+00:00 INFO (6): {"status":"success","product_id":10871,"sku":"NNP14FZ","message":"Product updated successfully"}
2021-04-08T15:55:44+00:00 INFO (6): {"status":"success","product_id":12934,"sku":"NNP158CZ","message":"Product updated successfully"}
2021-04-08T15:55:46+00:00 INFO (6): {"status":"success","product_id":10963,"sku":"NNP14MZ","message":"Product updated successfully"}
2021-04-08T15:55:48+00:00 INFO (6): {"status":"success","product_id":10964,"sku":"NNP16MZ","message":"Product updated successfully"}
2021-04-08T15:55:49+00:00 INFO (6): {"status":"success","product_id":12934,"sku":"NNP158CZ","message":"Product updated successfully"}
2021-04-08T15:55:51+00:00 INFO (6): {"status":"success","product_id":41498,"sku":"NNP18MZ","message":"Product updated successfully"}
2021-04-08T15:55:52+00:00 INFO (6): {"status":"success","product_id":10964,"sku":"NNP16MZ","message":"Product updated successfully"}
2021-04-08T15:55:55+00:00 INFO (6): {"status":"success","product_id":10937,"sku":"NNP1CZ","message":"Product updated successfully"}
2021-04-08T15:55:56+00:00 INFO (6): {"status":"success","product_id":41498,"sku":"NNP18MZ","message":"Product updated successfully"}
2021-04-08T15:55:58+00:00 INFO (6): {"status":"success","product_id":10965,"sku":"NNP20MZ","message":"Product updated successfully"}
2021-04-08T15:55:59+00:00 INFO (6): {"status":"success","product_id":10937,"sku":"NNP1CZ","message":"Product updated successfully"}
2021-04-08T15:56:02+00:00 INFO (6): {"status":"success","product_id":12935,"sku":"NNP212CZ","message":"Product updated successfully"}
2021-04-08T15:56:03+00:00 INFO (6): {"status":"success","product_id":10965,"sku":"NNP20MZ","message":"Product updated successfully"}
2021-04-08T15:56:07+00:00 INFO (6): {"status":"success","product_id":12935,"sku":"NNP212CZ","message":"Product updated successfully"}
2021-04-08T15:56:10+00:00 INFO (6): {"status":"success","product_id":12936,"sku":"NNP234CZ","message":"Product updated successfully"}
2021-04-08T15:56:14+00:00 INFO (6): {"status":"success","product_id":10935,"sku":"NNP34CZ","message":"Product updated successfully"}
2021-04-08T15:56:18+00:00 INFO (6): {"status":"success","product_id":10865,"sku":"NNP34FZ","message":"Product updated successfully"}
2021-04-08T15:56:21+00:00 INFO (6): {"status":"success","product_id":10932,"sku":"NNP38CZ","message":"Product updated successfully"}
2021-04-08T15:56:25+00:00 INFO (6): {"status":"success","product_id":10861,"sku":"NNP38FZ","message":"Product updated successfully"}
2021-04-08T15:56:29+00:00 INFO (6): {"status":"success","product_id":12937,"sku":"NNP3CZ","message":"Product updated successfully"}
2021-04-08T15:56:32+00:00 INFO (6): {"status":"success","product_id":10957,"sku":"NNP3MZ","message":"Product updated successfully"}
2021-04-08T15:56:36+00:00 INFO (6): {"status":"success","product_id":10851,"sku":"NNP4CZ","message":"Product updated successfully"}
2021-04-08T15:56:40+00:00 INFO (6): {"status":"success","product_id":10958,"sku":"NNP4MZ","message":"Product updated successfully"}
2021-04-08T15:56:43+00:00 INFO (6): {"status":"success","product_id":10880,"sku":"NNP516CZ","message":"Product updated successfully"}
2021-04-08T15:56:47+00:00 INFO (6): {"status":"success","product_id":41491,"sku":"NNP516FZ","message":"Product updated successfully"}
2021-04-08T15:56:50+00:00 INFO (6): {"status":"success","product_id":10934,"sku":"NNP58CZ","message":"Product updated successfully"}
2021-04-08T15:56:54+00:00 INFO (6): {"status":"success","product_id":10864,"sku":"NNP58FZ","message":"Product updated successfully"}
2021-04-08T15:56:57+00:00 INFO (6): {"status":"success","product_id":10852,"sku":"NNP5CZ","message":"Product updated successfully"}
2021-04-08T15:57:00+00:00 INFO (6): {"status":"success","product_id":10959,"sku":"NNP5MZ","message":"Product updated successfully"}
2021-04-08T15:57:04+00:00 INFO (6): {"status":"success","product_id":10857,"sku":"NNP6CZ","message":"Product updated successfully"}
2021-04-08T15:57:07+00:00 INFO (6): {"status":"success","product_id":41497,"sku":"NNP6MZ","message":"Product updated successfully"}
2021-04-08T15:57:11+00:00 INFO (6): {"status":"success","product_id":10862,"sku":"NNP716FZ","message":"Product updated successfully"}
2021-04-08T15:57:14+00:00 INFO (6): {"status":"success","product_id":10936,"sku":"NNP78CZ","message":"Product updated successfully"}
2021-04-08T15:57:18+00:00 INFO (6): {"status":"success","product_id":41492,"sku":"NNP78FZ","message":"Product updated successfully"}
2021-04-08T15:57:21+00:00 INFO (6): {"status":"success","product_id":10858,"sku":"NNP8CZ","message":"Product updated successfully"}
2021-04-08T15:57:25+00:00 INFO (6): {"status":"success","product_id":10960,"sku":"NNP8MZ","message":"Product updated successfully"}
2021-04-08T15:57:28+00:00 INFO (6): {"status":"success","product_id":10863,"sku":"NNP916FZ","message":"Product updated successfully"}
2021-04-08T15:57:31+00:00 INFO (6): {"status":"success","product_id":10948,"sku":"NNT10MZ","message":"Product updated successfully"}
2021-04-08T15:57:34+00:00 INFO (6): {"status":"success","product_id":10940,"sku":"NNT114FZ","message":"Product updated successfully"}
2021-04-08T15:57:38+00:00 INFO (6): {"status":"success","product_id":10949,"sku":"NNT12MZ","message":"Product updated successfully"}
2021-04-08T15:57:41+00:00 INFO (6): {"status":"success","product_id":41495,"sku":"NNT14MZ","message":"Product updated successfully"}
2021-04-08T15:57:45+00:00 INFO (6): {"status":"success","product_id":10951,"sku":"NNT16MZ","message":"Product updated successfully"}
2021-04-08T15:57:48+00:00 INFO (6): {"status":"success","product_id":10952,"sku":"NNT18MZ","message":"Product updated successfully"}
2021-04-08T15:57:52+00:00 INFO (6): {"status":"success","product_id":10866,"sku":"NNT1FZ","message":"Product updated successfully"}
2021-04-08T15:57:55+00:00 INFO (6): {"status":"success","product_id":10953,"sku":"NNT20MZ","message":"Product updated successfully"}
2021-04-08T15:57:58+00:00 INFO (6): {"status":"success","product_id":10954,"sku":"NNT24MZ","message":"Product updated successfully"}
2021-04-08T15:58:02+00:00 INFO (6): {"status":"success","product_id":41496,"sku":"NNT27MZ","message":"Product updated successfully"}
2021-04-08T15:58:05+00:00 INFO (6): {"status":"success","product_id":10955,"sku":"NNT30MZ","message":"Product updated successfully"}
2021-04-08T15:58:09+00:00 INFO (6): {"status":"success","product_id":10877,"sku":"NNT34FZ","message":"Product updated successfully"}
2021-04-08T15:58:12+00:00 INFO (6): {"status":"success","product_id":10956,"sku":"NNT36MZ","message":"Product updated successfully"}
2021-04-08T15:58:16+00:00 INFO (6): {"status":"success","product_id":10868,"sku":"NNT38CZ","message":"Product updated successfully"}
2021-04-08T15:58:19+00:00 INFO (6): {"status":"success","product_id":10873,"sku":"NNT38FZ","message":"Product updated successfully"}
2021-04-08T15:58:23+00:00 INFO (6): {"status":"success","product_id":10943,"sku":"NNT3MZ","message":"Product updated successfully"}
2021-04-08T15:58:26+00:00 INFO (6): {"status":"success","product_id":10950,"sku":"NNT48MZ","message":"Product updated successfully"}
2021-04-08T15:58:29+00:00 INFO (6): {"status":"success","product_id":10944,"sku":"NNT4MZ","message":"Product updated successfully"}
2021-04-08T15:58:33+00:00 INFO (6): {"status":"success","product_id":10867,"sku":"NNT516CZ","message":"Product updated successfully"}
2021-04-08T15:58:36+00:00 INFO (6): {"status":"success","product_id":10872,"sku":"NNT516FZ","message":"Product updated successfully"}
2021-04-08T15:58:40+00:00 INFO (6): {"status":"success","product_id":41493,"sku":"NNT58CZ","message":"Product updated successfully"}
2021-04-08T15:58:43+00:00 INFO (6): {"status":"success","product_id":10876,"sku":"NNT58FZ","message":"Product updated successfully"}
2021-04-08T15:58:46+00:00 INFO (6): {"status":"success","product_id":10945,"sku":"NNT5MZ","message":"Product updated successfully"}
2021-04-08T15:58:50+00:00 INFO (6): {"status":"success","product_id":10946,"sku":"NNT6MZ","message":"Product updated successfully"}
2021-04-08T15:58:53+00:00 INFO (6): {"status":"success","product_id":10869,"sku":"NNT716CZ","message":"Product updated successfully"}
2021-04-08T15:58:57+00:00 INFO (6): {"status":"success","product_id":41494,"sku":"NNT78CZ","message":"Product updated successfully"}
2021-04-08T15:59:00+00:00 INFO (6): {"status":"success","product_id":10878,"sku":"NNT78FZ","message":"Product updated successfully"}
2021-04-08T15:59:04+00:00 INFO (6): {"status":"success","product_id":10947,"sku":"NNT8MZ","message":"Product updated successfully"}
2021-04-08T15:59:07+00:00 INFO (6): {"status":"success","product_id":10870,"sku":"NNT916CZ","message":"Product updated successfully"}
2021-04-08T15:59:11+00:00 INFO (6): {"status":"success","product_id":10875,"sku":"NNT916FZ","message":"Product updated successfully"}
2021-04-08T15:59:13+00:00 INFO (6): {"status":"success","product_id":5861,"sku":"NUCI100","message":"Product updated successfully"}
2021-04-08T15:59:16+00:00 INFO (6): {"status":"success","product_id":5862,"sku":"NUCI154","message":"Product updated successfully"}
2021-04-08T15:59:20+00:00 INFO (6): {"status":"success","product_id":5863,"sku":"NUFI100","message":"Product updated successfully"}
2021-04-08T15:59:23+00:00 INFO (6): {"status":"success","product_id":5864,"sku":"NUFI137","message":"Product updated successfully"}
2021-04-08T15:59:27+00:00 INFO (6): {"status":"success","product_id":5865,"sku":"NUFI154","message":"Product updated successfully"}
2021-04-08T15:59:30+00:00 INFO (6): {"status":"success","product_id":5866,"sku":"NUFP100","message":"Product updated successfully"}
2021-04-08T15:59:33+00:00 INFO (6): {"status":"success","product_id":5867,"sku":"NUVS138","message":"Product updated successfully"}
2021-04-08T15:59:37+00:00 INFO (6): {"status":"success","product_id":5868,"sku":"NWI137","message":"Product updated successfully"}
2021-04-08T15:59:40+00:00 INFO (6): {"status":"success","product_id":5869,"sku":"PH20.10128-01","message":"Product updated successfully"}
2021-04-08T15:59:44+00:00 INFO (6): {"status":"success","product_id":5870,"sku":"PHILT112BZ","message":"Product updated successfully"}
2021-04-08T15:59:47+00:00 INFO (6): {"status":"success","product_id":5871,"sku":"QFI100","message":"Product updated successfully"}
2021-04-08T15:59:51+00:00 INFO (6): {"status":"success","product_id":5872,"sku":"QUFI100","message":"Product updated successfully"}
2021-04-08T15:59:54+00:00 INFO (6): {"status":"success","product_id":5873,"sku":"QUFI137","message":"Product updated successfully"}
2021-04-08T15:59:58+00:00 INFO (6): {"status":"success","product_id":5874,"sku":"QWI137","message":"Product updated successfully"}
2021-04-08T16:00:02+00:00 INFO (6): {"status":"success","product_id":5875,"sku":"SFI137","message":"Product updated successfully"}
2021-04-08T16:00:07+00:00 INFO (6): {"status":"success","product_id":5875,"sku":"SFI137","message":"Product updated successfully"}
2021-04-08T16:00:08+00:00 INFO (6): {"status":"success","product_id":5876,"sku":"SUCI100","message":"Product updated successfully"}
2021-04-08T16:00:11+00:00 INFO (6): {"status":"success","product_id":5876,"sku":"SUCI100","message":"Product updated successfully"}
2021-04-08T16:00:12+00:00 INFO (6): {"status":"success","product_id":5877,"sku":"SUFI100","message":"Product updated successfully"}
2021-04-08T16:00:14+00:00 INFO (6): {"status":"success","product_id":5877,"sku":"SUFI100","message":"Product updated successfully"}
2021-04-08T16:00:16+00:00 INFO (6): {"status":"success","product_id":5878,"sku":"SUFI137","message":"Product updated successfully"}
2021-04-08T16:00:18+00:00 INFO (6): {"status":"success","product_id":5878,"sku":"SUFI137","message":"Product updated successfully"}
2021-04-08T16:00:20+00:00 INFO (6): {"status":"success","product_id":5879,"sku":"SUVS137","message":"Product updated successfully"}
2021-04-08T16:00:22+00:00 INFO (6): {"status":"success","product_id":5879,"sku":"SUVS137","message":"Product updated successfully"}
2021-04-08T16:00:23+00:00 INFO (6): {"status":"success","product_id":5880,"sku":"SWI137","message":"Product updated successfully"}
2021-04-08T16:00:26+00:00 INFO (6): {"status":"success","product_id":5880,"sku":"SWI137","message":"Product updated successfully"}
2021-04-08T16:00:27+00:00 INFO (6): {"status":"success","product_id":5881,"sku":"SWP137","message":"Product updated successfully"}
2021-04-08T16:00:29+00:00 INFO (6): {"status":"success","product_id":5881,"sku":"SWP137","message":"Product updated successfully"}
2021-04-08T16:00:31+00:00 INFO (6): {"status":"success","product_id":29343,"sku":"UDN10M","message":"Product updated successfully"}
2021-04-08T16:00:33+00:00 INFO (6): {"status":"success","product_id":29343,"sku":"UDN10M","message":"Product updated successfully"}
2021-04-08T16:00:34+00:00 INFO (6): {"status":"success","product_id":29344,"sku":"UDN12M","message":"Product updated successfully"}
2021-04-08T16:00:37+00:00 INFO (6): {"status":"success","product_id":29344,"sku":"UDN12M","message":"Product updated successfully"}
2021-04-08T16:00:38+00:00 INFO (6): {"status":"success","product_id":29345,"sku":"UDN14M","message":"Product updated successfully"}
2021-04-08T16:00:41+00:00 INFO (6): {"status":"success","product_id":29345,"sku":"UDN14M","message":"Product updated successfully"}
2021-04-08T16:00:42+00:00 INFO (6): {"status":"success","product_id":29346,"sku":"UDN16M","message":"Product updated successfully"}
2021-04-08T16:00:44+00:00 INFO (6): {"status":"success","product_id":29346,"sku":"UDN16M","message":"Product updated successfully"}
2021-04-08T16:00:45+00:00 INFO (6): {"status":"success","product_id":29347,"sku":"UDN20M","message":"Product updated successfully"}
2021-04-08T16:00:47+00:00 INFO (6): {"status":"success","product_id":29347,"sku":"UDN20M","message":"Product updated successfully"}
2021-04-08T16:00:48+00:00 INFO (6): {"status":"success","product_id":29341,"sku":"UDN6M","message":"Product updated successfully"}
2021-04-08T16:00:51+00:00 INFO (6): {"status":"success","product_id":29341,"sku":"UDN6M","message":"Product updated successfully"}
2021-04-08T16:00:52+00:00 INFO (6): {"status":"success","product_id":29342,"sku":"UDN8M","message":"Product updated successfully"}
2021-04-08T16:00:55+00:00 INFO (6): {"status":"success","product_id":29342,"sku":"UDN8M","message":"Product updated successfully"}
2021-04-08T16:00:56+00:00 INFO (6): {"status":"success","product_id":5882,"sku":"UFI137","message":"Product updated successfully"}
2021-04-08T16:00:58+00:00 INFO (6): {"status":"success","product_id":5882,"sku":"UFI137","message":"Product updated successfully"}
2021-04-08T16:01:02+00:00 INFO (6): {"status":"success","product_id":5883,"sku":"UUCI100","message":"Product updated successfully"}
2021-04-08T16:01:06+00:00 INFO (6): {"status":"success","product_id":5884,"sku":"UUCI137","message":"Product updated successfully"}
2021-04-08T16:01:10+00:00 INFO (6): {"status":"success","product_id":5885,"sku":"UUFI100","message":"Product updated successfully"}
2021-04-08T16:01:14+00:00 INFO (6): {"status":"success","product_id":17697,"sku":"UUFI137","message":"Product updated successfully"}
2021-04-08T16:01:17+00:00 INFO (6): {"status":"success","product_id":5886,"sku":"WFI137","message":"Product updated successfully"}
2021-04-08T16:01:21+00:00 INFO (6): {"status":"success","product_id":5887,"sku":"WUCI137","message":"Product updated successfully"}
2021-04-08T16:01:24+00:00 INFO (6): {"status":"success","product_id":5888,"sku":"WUFI137","message":"Product updated successfully"}
2021-04-08T16:01:28+00:00 INFO (6): {"status":"success","product_id":5889,"sku":"WWP137","message":"Product updated successfully"}
2021-04-08T16:01:31+00:00 INFO (6): {"status":"success","product_id":5890,"sku":"YWI137FK","message":"Product updated successfully"}
2021-04-08T16:01:35+00:00 INFO (6): {"status":"success","product_id":25361,"sku":"ZAWI100","message":"Product updated successfully"}
2021-04-08T16:01:38+00:00 INFO (6): {"status":"success","product_id":5891,"sku":"ZUCJ100","message":"Product updated successfully"}
2021-04-08T16:01:38+00:00 INFO (6): ---------------- END API Cron 08/04/21 16:01:38 ----------------
