2021-02-14T09:45:02+00:00 INFO (6): ---------------- START API Cron 14/02/21 09:45:02 ----------------
2021-02-14T09:45:08+00:00 INFO (6): {"status":"success","product_id":18948,"sku":"DEWDT3601QZ","message":"Product updated successfully"}
2021-02-14T09:45:11+00:00 INFO (6): {"status":"success","product_id":18839,"sku":"DOFFNEA00DOF","message":"Product updated successfully"}
2021-02-14T09:45:14+00:00 INFO (6): {"status":"success","product_id":18925,"sku":"DOFNAB50","message":"Product updated successfully"}
2021-02-14T09:45:16+00:00 INFO (6): {"status":"success","product_id":16678,"sku":"FAIABP125","message":"Product updated successfully"}
2021-02-14T09:45:18+00:00 INFO (6): {"status":"success","product_id":43122,"sku":"FAIAUDEPTH","message":"Product updated successfully"}
2021-02-14T09:45:19+00:00 INFO (6): {"status":"success","product_id":43123,"sku":"FAIAUFPUMP1","message":"Product updated successfully"}
2021-02-14T09:45:21+00:00 INFO (6): {"status":"success","product_id":43138,"sku":"FAIAUFPUMP2","message":"Product updated successfully"}
2021-02-14T09:45:23+00:00 INFO (6): {"status":"success","product_id":42708,"sku":"FAIAUFUNNEL","message":"Product updated successfully"}
2021-02-14T09:45:25+00:00 INFO (6): {"status":"success","product_id":43139,"sku":"FAIAUHPUMP","message":"Product updated successfully"}
2021-02-14T09:45:27+00:00 INFO (6): {"status":"success","product_id":43140,"sku":"FAIAUJERRY10","message":"Product updated successfully"}
2021-02-14T09:45:29+00:00 INFO (6): {"status":"success","product_id":43141,"sku":"FAIAUJERRY20","message":"Product updated successfully"}
2021-02-14T09:45:32+00:00 INFO (6): {"status":"success","product_id":43142,"sku":"FAIAUJERRY5","message":"Product updated successfully"}
2021-02-14T09:45:34+00:00 INFO (6): {"status":"success","product_id":43143,"sku":"FAIAUJL16MM","message":"Product updated successfully"}
2021-02-14T09:45:36+00:00 INFO (6): {"status":"success","product_id":43144,"sku":"FAIAUJL5MM","message":"Product updated successfully"}
2021-02-14T09:45:38+00:00 INFO (6): {"status":"success","product_id":43145,"sku":"FAIAUNOZZLE","message":"Product updated successfully"}
2021-02-14T09:45:40+00:00 INFO (6): {"status":"success","product_id":43146,"sku":"FAIAUPGAUGE","message":"Product updated successfully"}
2021-02-14T09:45:42+00:00 INFO (6): {"status":"success","product_id":43162,"sku":"FAIAUTGAUGE","message":"Product updated successfully"}
2021-02-14T09:45:44+00:00 INFO (6): {"status":"success","product_id":43163,"sku":"FAIAUTRACTOR","message":"Product updated successfully"}
2021-02-14T09:45:46+00:00 INFO (6): {"status":"success","product_id":43164,"sku":"FAIAUTYINFLO","message":"Product updated successfully"}
2021-02-14T09:45:49+00:00 INFO (6): {"status":"success","product_id":43165,"sku":"FAIBAG1TONNE","message":"Product updated successfully"}
2021-02-14T09:45:50+00:00 INFO (6): {"status":"success","product_id":17436,"sku":"FAIBRBAS18","message":"Product updated successfully"}
2021-02-14T09:45:52+00:00 INFO (6): {"status":"success","product_id":17437,"sku":"FAIBRBAS18H","message":"Product updated successfully"}
2021-02-14T09:45:54+00:00 INFO (6): {"status":"success","product_id":17438,"sku":"FAIBRBAS18R","message":"Product updated successfully"}
2021-02-14T09:45:56+00:00 INFO (6): {"status":"success","product_id":17439,"sku":"FAIBRBAS24H","message":"Product updated successfully"}
2021-02-14T09:45:57+00:00 INFO (6): {"status":"success","product_id":17440,"sku":"FAIBRBASS11","message":"Product updated successfully"}
2021-02-14T09:45:59+00:00 INFO (6): {"status":"success","product_id":17505,"sku":"FAIBRBASS12","message":"Product updated successfully"}
2021-02-14T09:46:01+00:00 INFO (6): {"status":"success","product_id":17506,"sku":"FAIBRBASS12H","message":"Product updated successfully"}
2021-02-14T09:46:03+00:00 INFO (6): {"status":"success","product_id":17507,"sku":"FAIBRBASS12R","message":"Product updated successfully"}
2021-02-14T09:46:05+00:00 INFO (6): {"status":"success","product_id":17508,"sku":"FAIBRBASS24","message":"Product updated successfully"}
2021-02-14T09:46:07+00:00 INFO (6): {"status":"success","product_id":17509,"sku":"FAIBRBASS36","message":"Product updated successfully"}
2021-02-14T09:46:09+00:00 INFO (6): {"status":"success","product_id":17510,"sku":"FAIBRBASS36H","message":"Product updated successfully"}
2021-02-14T09:46:10+00:00 INFO (6): {"status":"success","product_id":17511,"sku":"FAIBRBASS9","message":"Product updated successfully"}
2021-02-14T09:46:12+00:00 INFO (6): {"status":"success","product_id":17512,"sku":"FAIBRBC13FL","message":"Product updated successfully"}
2021-02-14T09:46:13+00:00 INFO (6): {"status":"success","product_id":17513,"sku":"FAIBRBC13FLH","message":"Product updated successfully"}
2021-02-14T09:46:15+00:00 INFO (6): {"status":"success","product_id":17514,"sku":"FAIBRBC13SA","message":"Product updated successfully"}
2021-02-14T09:46:16+00:00 INFO (6): {"status":"success","product_id":17515,"sku":"FAIBRBC13SAH","message":"Product updated successfully"}
2021-02-14T09:46:18+00:00 INFO (6): {"status":"success","product_id":17516,"sku":"FAIBRCHURN","message":"Product updated successfully"}
2021-02-14T09:46:20+00:00 INFO (6): {"status":"success","product_id":17517,"sku":"FAIBRCOCO11","message":"Product updated successfully"}
2021-02-14T09:46:21+00:00 INFO (6): {"status":"success","product_id":17518,"sku":"FAIBRCOCO12","message":"Product updated successfully"}
2021-02-14T09:46:22+00:00 INFO (6): {"status":"success","product_id":17519,"sku":"FAIBRCOCO12H","message":"Product updated successfully"}
2021-02-14T09:46:24+00:00 INFO (6): {"status":"success","product_id":17520,"sku":"FAIBRCOCO18","message":"Product updated successfully"}
2021-02-14T09:46:25+00:00 INFO (6): {"status":"success","product_id":17521,"sku":"FAIBRCOCO18H","message":"Product updated successfully"}
2021-02-14T09:46:27+00:00 INFO (6): {"status":"success","product_id":16180,"sku":"FAIBRCOCO24","message":"Product updated successfully"}
2021-02-14T09:46:28+00:00 INFO (6): {"status":"success","product_id":16181,"sku":"FAIBRCOCO24H","message":"Product updated successfully"}
2021-02-14T09:46:31+00:00 INFO (6): {"status":"success","product_id":16182,"sku":"FAIBRCOCO36","message":"Product updated successfully"}
2021-02-14T09:46:32+00:00 INFO (6): {"status":"success","product_id":16183,"sku":"FAIBRCOCO36H","message":"Product updated successfully"}
2021-02-14T09:46:34+00:00 INFO (6): {"status":"success","product_id":16184,"sku":"FAIBRDECKSCR","message":"Product updated successfully"}
2021-02-14T09:46:35+00:00 INFO (6): {"status":"success","product_id":16185,"sku":"FAIBRDUSTPAN","message":"Product updated successfully"}
2021-02-14T09:46:37+00:00 INFO (6): {"status":"success","product_id":16186,"sku":"FAIBRDUSTSET","message":"Product updated successfully"}
2021-02-14T09:46:38+00:00 INFO (6): {"status":"success","product_id":16187,"sku":"FAIBRHANDSCR","message":"Product updated successfully"}
2021-02-14T09:46:40+00:00 INFO (6): {"status":"success","product_id":16188,"sku":"FAIBRHANDSOF","message":"Product updated successfully"}
2021-02-14T09:46:42+00:00 INFO (6): {"status":"success","product_id":16189,"sku":"FAIBRHANDSTI","message":"Product updated successfully"}
2021-02-14T09:46:43+00:00 INFO (6): {"status":"success","product_id":16190,"sku":"FAIBRMOP16","message":"Product updated successfully"}
2021-02-14T09:46:45+00:00 INFO (6): {"status":"success","product_id":16191,"sku":"FAIBRPVC13FL","message":"Product updated successfully"}
2021-02-14T09:46:46+00:00 INFO (6): {"status":"success","product_id":16192,"sku":"FAIBRPVC13H","message":"Product updated successfully"}
2021-02-14T09:46:48+00:00 INFO (6): {"status":"success","product_id":16193,"sku":"FAIBRPVC13SA","message":"Product updated successfully"}
2021-02-14T09:46:49+00:00 INFO (6): {"status":"success","product_id":16194,"sku":"FAIBRPVC13SH","message":"Product updated successfully"}
2021-02-14T09:46:51+00:00 INFO (6): {"status":"success","product_id":16195,"sku":"FAIBRPVC18","message":"Product updated successfully"}
2021-02-14T09:46:52+00:00 INFO (6): {"status":"success","product_id":16196,"sku":"FAIBRPVC18H","message":"Product updated successfully"}
2021-02-14T09:46:54+00:00 INFO (6): {"status":"success","product_id":16197,"sku":"FAIBRPVC18R","message":"Product updated successfully"}
2021-02-14T09:46:56+00:00 INFO (6): {"status":"success","product_id":16198,"sku":"FAIBRPVC24","message":"Product updated successfully"}
2021-02-14T09:46:57+00:00 INFO (6): {"status":"success","product_id":16199,"sku":"FAIBRPVC24H","message":"Product updated successfully"}
2021-02-14T09:46:59+00:00 INFO (6): {"status":"success","product_id":16200,"sku":"FAIBRSOCSADD","message":"Product updated successfully"}
2021-02-14T09:47:02+00:00 INFO (6): {"status":"success","product_id":16288,"sku":"FAIBRSOFT12R","message":"Product updated successfully"}
2021-02-14T09:47:06+00:00 INFO (6): {"status":"success","product_id":16289,"sku":"FAIBRSOFTDIY","message":"Product updated successfully"}
2021-02-14T09:47:08+00:00 INFO (6): {"status":"success","product_id":16290,"sku":"FAIBRSQUE18","message":"Product updated successfully"}
2021-02-14T09:47:10+00:00 INFO (6): {"status":"success","product_id":16291,"sku":"FAIBRSQUE24","message":"Product updated successfully"}
2021-02-14T09:47:12+00:00 INFO (6): {"status":"success","product_id":16292,"sku":"FAIBRSTIF12R","message":"Product updated successfully"}
2021-02-14T09:47:13+00:00 INFO (6): {"status":"success","product_id":16293,"sku":"FAIBRSTSTPL","message":"Product updated successfully"}
2021-02-14T09:47:16+00:00 INFO (6): {"status":"success","product_id":43166,"sku":"FAILITGRAB","message":"Product updated successfully"}
2021-02-14T09:47:17+00:00 INFO (6): {"status":"success","product_id":16768,"sku":"FAILITPICK","message":"Product updated successfully"}
2021-02-14T09:47:19+00:00 INFO (6): {"status":"success","product_id":17400,"sku":"FAIP48118TH","message":"Product updated successfully"}
2021-02-14T09:47:21+00:00 INFO (6): {"status":"success","product_id":17401,"sku":"FAIP481516","message":"Product updated successfully"}
2021-02-14T09:47:22+00:00 INFO (6): {"status":"success","product_id":17405,"sku":"FAIPATKIT","message":"Product updated successfully"}
2021-02-14T09:47:24+00:00 INFO (6): {"status":"success","product_id":17406,"sku":"FAIPATPOLE","message":"Product updated successfully"}
2021-02-14T09:47:26+00:00 INFO (6): {"status":"success","product_id":20916,"sku":"FAIPINKEY","message":"Product updated successfully"}
2021-02-14T09:47:27+00:00 INFO (6): {"status":"success","product_id":21680,"sku":"FAIRH48118","message":"Product updated successfully"}
2021-02-14T09:47:29+00:00 INFO (6): {"status":"success","product_id":21681,"sku":"FAIRH54118","message":"Product updated successfully"}
2021-02-14T09:47:30+00:00 INFO (6): {"status":"success","product_id":21682,"sku":"FAIRH60118","message":"Product updated successfully"}
2021-02-14T09:47:32+00:00 INFO (6): {"status":"success","product_id":21683,"sku":"FAIRH601516","message":"Product updated successfully"}
2021-02-14T09:47:33+00:00 INFO (6): {"status":"success","product_id":21684,"sku":"FAIRH72118","message":"Product updated successfully"}
2021-02-14T09:47:35+00:00 INFO (6): {"status":"success","product_id":19280,"sku":"FLE10370","message":"Product updated successfully"}
2021-02-14T09:47:37+00:00 INFO (6): {"status":"success","product_id":19281,"sku":"FLE10371","message":"Product updated successfully"}
2021-02-14T09:47:39+00:00 INFO (6): {"status":"success","product_id":19282,"sku":"FLE10372","message":"Product updated successfully"}
2021-02-14T09:47:40+00:00 INFO (6): {"status":"success","product_id":19283,"sku":"FLE10373","message":"Product updated successfully"}
2021-02-14T09:47:42+00:00 INFO (6): {"status":"success","product_id":19284,"sku":"FLE10374","message":"Product updated successfully"}
2021-02-14T09:47:43+00:00 INFO (6): {"status":"success","product_id":19285,"sku":"FLE11340","message":"Product updated successfully"}
2021-02-14T09:47:45+00:00 INFO (6): {"status":"success","product_id":19286,"sku":"FLE11341","message":"Product updated successfully"}
2021-02-14T09:47:46+00:00 INFO (6): {"status":"success","product_id":19287,"sku":"FLE11342","message":"Product updated successfully"}
2021-02-14T09:47:48+00:00 INFO (6): {"status":"success","product_id":19288,"sku":"FLE11344","message":"Product updated successfully"}
2021-02-14T09:47:49+00:00 INFO (6): {"status":"success","product_id":19289,"sku":"FLE11502","message":"Product updated successfully"}
2021-02-14T09:47:51+00:00 INFO (6): {"status":"success","product_id":19290,"sku":"FLE11513","message":"Product updated successfully"}
2021-02-14T09:47:53+00:00 INFO (6): {"status":"success","product_id":19291,"sku":"FLE11523","message":"Product updated successfully"}
2021-02-14T09:47:54+00:00 INFO (6): {"status":"success","product_id":19292,"sku":"FLE11532","message":"Product updated successfully"}
2021-02-14T09:47:56+00:00 INFO (6): {"status":"success","product_id":19293,"sku":"FLE11713","message":"Product updated successfully"}
2021-02-14T09:50:04+00:00 INFO (6): {"status":"success","product_id":19294,"sku":"FLE11723","message":"Product updated successfully"}
2021-02-14T09:50:06+00:00 INFO (6): {"status":"success","product_id":19295,"sku":"FLE11732","message":"Product updated successfully"}
2021-02-14T09:50:08+00:00 INFO (6): {"status":"success","product_id":19296,"sku":"FLE20015","message":"Product updated successfully"}
2021-02-14T09:50:09+00:00 INFO (6): {"status":"success","product_id":19297,"sku":"FLE20018","message":"Product updated successfully"}
2021-02-14T09:50:11+00:00 INFO (6): {"status":"success","product_id":19298,"sku":"FLE20020","message":"Product updated successfully"}
2021-02-14T09:50:13+00:00 INFO (6): {"status":"success","product_id":19299,"sku":"FLE20030","message":"Product updated successfully"}
2021-02-14T09:50:14+00:00 INFO (6): {"status":"success","product_id":19300,"sku":"FLE20115","message":"Product updated successfully"}
2021-02-14T09:50:16+00:00 INFO (6): {"status":"success","product_id":19301,"sku":"FLE20210","message":"Product updated successfully"}
2021-02-14T09:50:17+00:00 INFO (6): {"status":"success","product_id":19302,"sku":"FLE20305","message":"Product updated successfully"}
2021-02-14T09:50:19+00:00 INFO (6): {"status":"success","product_id":19402,"sku":"FLE20405","message":"Product updated successfully"}
2021-02-14T09:50:20+00:00 INFO (6): {"status":"success","product_id":19403,"sku":"FLE20510","message":"Product updated successfully"}
2021-02-14T09:50:22+00:00 INFO (6): {"status":"success","product_id":19404,"sku":"FLE21910","message":"Product updated successfully"}
2021-02-14T09:50:23+00:00 INFO (6): {"status":"success","product_id":19405,"sku":"FLE21935","message":"Product updated successfully"}
2021-02-14T09:50:24+00:00 INFO (6): {"status":"success","product_id":19406,"sku":"FLE21940","message":"Product updated successfully"}
2021-02-14T09:50:26+00:00 INFO (6): {"status":"success","product_id":19407,"sku":"FLE21945","message":"Product updated successfully"}
2021-02-14T09:50:27+00:00 INFO (6): {"status":"success","product_id":19408,"sku":"FLE24015","message":"Product updated successfully"}
2021-02-14T09:50:29+00:00 INFO (6): {"status":"success","product_id":19409,"sku":"FLE24030","message":"Product updated successfully"}
2021-02-14T09:50:30+00:00 INFO (6): {"status":"success","product_id":19410,"sku":"FLE24035","message":"Product updated successfully"}
2021-02-14T09:50:32+00:00 INFO (6): {"status":"success","product_id":19411,"sku":"FLE24045","message":"Product updated successfully"}
2021-02-14T09:50:34+00:00 INFO (6): {"status":"success","product_id":19412,"sku":"FLE24060","message":"Product updated successfully"}
2021-02-14T09:50:36+00:00 INFO (6): {"status":"success","product_id":19414,"sku":"FLE24070","message":"Product updated successfully"}
2021-02-14T09:50:37+00:00 INFO (6): {"status":"success","product_id":19415,"sku":"FLE24075","message":"Product updated successfully"}
2021-02-14T09:50:39+00:00 INFO (6): {"status":"success","product_id":19416,"sku":"FLE36040","message":"Product updated successfully"}
2021-02-14T09:50:41+00:00 INFO (6): {"status":"success","product_id":19417,"sku":"FLE36055","message":"Product updated successfully"}
2021-02-14T09:50:42+00:00 INFO (6): {"status":"success","product_id":19418,"sku":"FLE36155","message":"Product updated successfully"}
2021-02-14T09:50:44+00:00 INFO (6): {"status":"success","product_id":19419,"sku":"FLE36170","message":"Product updated successfully"}
2021-02-14T09:50:46+00:00 INFO (6): {"status":"success","product_id":19420,"sku":"FLE36185","message":"Product updated successfully"}
2021-02-14T09:50:48+00:00 INFO (6): {"status":"success","product_id":19421,"sku":"FLE36298","message":"Product updated successfully"}
2021-02-14T09:50:49+00:00 INFO (6): {"status":"success","product_id":19422,"sku":"FLE40005","message":"Product updated successfully"}
2021-02-14T09:50:51+00:00 INFO (6): {"status":"success","product_id":19423,"sku":"FLE40010","message":"Product updated successfully"}
2021-02-14T09:50:53+00:00 INFO (6): {"status":"success","product_id":19424,"sku":"FLE40015","message":"Product updated successfully"}
2021-02-14T09:50:54+00:00 INFO (6): {"status":"success","product_id":19517,"sku":"FLE40025","message":"Product updated successfully"}
2021-02-14T09:50:56+00:00 INFO (6): {"status":"success","product_id":19518,"sku":"FLE40110","message":"Product updated successfully"}
2021-02-14T09:50:57+00:00 INFO (6): {"status":"success","product_id":19519,"sku":"FLE40115","message":"Product updated successfully"}
2021-02-14T09:50:59+00:00 INFO (6): {"status":"success","product_id":19520,"sku":"FLE40120","message":"Product updated successfully"}
2021-02-14T09:51:00+00:00 INFO (6): {"status":"success","product_id":19521,"sku":"FLE40125","message":"Product updated successfully"}
2021-02-14T09:51:02+00:00 INFO (6): {"status":"success","product_id":19522,"sku":"FLE40220","message":"Product updated successfully"}
2021-02-14T09:51:05+00:00 INFO (6): {"status":"success","product_id":19523,"sku":"FLE40225","message":"Product updated successfully"}
2021-02-14T09:51:06+00:00 INFO (6): {"status":"success","product_id":19524,"sku":"FLE40230","message":"Product updated successfully"}
2021-02-14T09:51:08+00:00 INFO (6): {"status":"success","product_id":19525,"sku":"FLE40242","message":"Product updated successfully"}
2021-02-14T09:51:09+00:00 INFO (6): {"status":"success","product_id":19526,"sku":"FLE40510","message":"Product updated successfully"}
2021-02-14T09:51:11+00:00 INFO (6): {"status":"success","product_id":19527,"sku":"FLE44005","message":"Product updated successfully"}
2021-02-14T09:51:12+00:00 INFO (6): {"status":"success","product_id":19528,"sku":"FLE44010","message":"Product updated successfully"}
2021-02-14T09:51:14+00:00 INFO (6): {"status":"success","product_id":19529,"sku":"FLE44015","message":"Product updated successfully"}
2021-02-14T09:51:16+00:00 INFO (6): {"status":"success","product_id":19530,"sku":"FLE44105","message":"Product updated successfully"}
2021-02-14T09:51:17+00:00 INFO (6): {"status":"success","product_id":19531,"sku":"FLE44110","message":"Product updated successfully"}
2021-02-14T09:51:19+00:00 INFO (6): {"status":"success","product_id":19532,"sku":"FLE44115","message":"Product updated successfully"}
2021-02-14T09:51:20+00:00 INFO (6): {"status":"success","product_id":19533,"sku":"FLE44215","message":"Product updated successfully"}
2021-02-14T09:51:22+00:00 INFO (6): {"status":"success","product_id":19534,"sku":"FLE44420","message":"Product updated successfully"}
2021-02-14T09:51:23+00:00 INFO (6): {"status":"success","product_id":19535,"sku":"FLE44430","message":"Product updated successfully"}
2021-02-14T09:51:25+00:00 INFO (6): {"status":"success","product_id":19536,"sku":"FLE44725","message":"Product updated successfully"}
2021-02-14T09:51:26+00:00 INFO (6): {"status":"success","product_id":19537,"sku":"FLE44726","message":"Product updated successfully"}
2021-02-14T09:51:28+00:00 INFO (6): {"status":"success","product_id":19538,"sku":"FLE44735","message":"Product updated successfully"}
2021-02-14T09:51:29+00:00 INFO (6): {"status":"success","product_id":19539,"sku":"FLE44740","message":"Product updated successfully"}
2021-02-14T09:51:31+00:00 INFO (6): {"status":"success","product_id":19540,"sku":"FLE44745","message":"Product updated successfully"}
2021-02-14T09:51:33+00:00 INFO (6): {"status":"success","product_id":19541,"sku":"FLE48115","message":"Product updated successfully"}
2021-02-14T09:51:35+00:00 INFO (6): {"status":"success","product_id":19542,"sku":"FLE48210","message":"Product updated successfully"}
2021-02-14T09:51:36+00:00 INFO (6): {"status":"success","product_id":19543,"sku":"FLE48215","message":"Product updated successfully"}
2021-02-14T09:51:38+00:00 INFO (6): {"status":"success","product_id":19544,"sku":"FLE48220","message":"Product updated successfully"}
2021-02-14T09:51:39+00:00 INFO (6): {"status":"success","product_id":19644,"sku":"FLE48405","message":"Product updated successfully"}
2021-02-14T09:51:41+00:00 INFO (6): {"status":"success","product_id":19645,"sku":"FLE48505","message":"Product updated successfully"}
2021-02-14T09:51:42+00:00 INFO (6): {"status":"success","product_id":19646,"sku":"FLE48510","message":"Product updated successfully"}
2021-02-14T09:51:45+00:00 INFO (6): {"status":"success","product_id":19647,"sku":"FLE48515","message":"Product updated successfully"}
2021-02-14T09:51:46+00:00 INFO (6): {"status":"success","product_id":19648,"sku":"FLE48520","message":"Product updated successfully"}
2021-02-14T09:51:48+00:00 INFO (6): {"status":"success","product_id":19650,"sku":"FLE48610","message":"Product updated successfully"}
2021-02-14T09:51:50+00:00 INFO (6): {"status":"success","product_id":19651,"sku":"FLE52005","message":"Product updated successfully"}
2021-02-14T09:51:52+00:00 INFO (6): {"status":"success","product_id":19652,"sku":"FLEBA310","message":"Product updated successfully"}
2021-02-14T09:51:54+00:00 INFO (6): {"status":"success","product_id":19653,"sku":"FLEBA320","message":"Product updated successfully"}
2021-02-14T09:51:55+00:00 INFO (6): {"status":"success","product_id":19654,"sku":"FLEBA340","message":"Product updated successfully"}
2021-02-14T09:51:57+00:00 INFO (6): {"status":"success","product_id":19655,"sku":"FLEBA360","message":"Product updated successfully"}
2021-02-14T09:51:58+00:00 INFO (6): {"status":"success","product_id":19656,"sku":"FLEBA370","message":"Product updated successfully"}
2021-02-14T09:52:00+00:00 INFO (6): {"status":"success","product_id":19657,"sku":"FLEBA380","message":"Product updated successfully"}
2021-02-14T09:52:02+00:00 INFO (6): {"status":"success","product_id":19658,"sku":"FLELP100C","message":"Product updated successfully"}
2021-02-14T09:52:04+00:00 INFO (6): {"status":"success","product_id":19659,"sku":"FLELP120C","message":"Product updated successfully"}
2021-02-14T09:52:06+00:00 INFO (6): {"status":"success","product_id":20434,"sku":"FLV56833","message":"Product updated successfully"}
2021-02-14T09:52:07+00:00 INFO (6): {"status":"success","product_id":20435,"sku":"FLV56835","message":"Product updated successfully"}
2021-02-14T09:52:09+00:00 INFO (6): {"status":"success","product_id":20436,"sku":"FLV56838","message":"Product updated successfully"}
2021-02-14T09:52:11+00:00 INFO (6): {"status":"success","product_id":43167,"sku":"FSK1015646","message":"Product updated successfully"}
2021-02-14T09:52:13+00:00 INFO (6): {"status":"success","product_id":43168,"sku":"FSK1015647","message":"Product updated successfully"}
2021-02-14T09:52:16+00:00 INFO (6): {"status":"success","product_id":24260,"sku":"GORBROOM30B","message":"Product updated successfully"}
2021-02-14T09:52:17+00:00 INFO (6): {"status":"success","product_id":24261,"sku":"GORBROOM30R","message":"Product updated successfully"}
2021-02-14T09:52:19+00:00 INFO (6): {"status":"success","product_id":24262,"sku":"GORBROOM30Y","message":"Product updated successfully"}
2021-02-14T09:52:20+00:00 INFO (6): {"status":"success","product_id":24263,"sku":"GORBROOM50B","message":"Product updated successfully"}
2021-02-14T09:52:22+00:00 INFO (6): {"status":"success","product_id":24264,"sku":"GORBROOM50R","message":"Product updated successfully"}
2021-02-14T09:52:23+00:00 INFO (6): {"status":"success","product_id":24265,"sku":"GORBROOM50Y","message":"Product updated successfully"}
2021-02-14T09:52:25+00:00 INFO (6): {"status":"success","product_id":24266,"sku":"GORHANDLEB","message":"Product updated successfully"}
2021-02-14T09:52:27+00:00 INFO (6): {"status":"success","product_id":24267,"sku":"GORHANDLER","message":"Product updated successfully"}
2021-02-14T09:52:28+00:00 INFO (6): {"status":"success","product_id":24268,"sku":"GORHANDLEY","message":"Product updated successfully"}
2021-02-14T09:52:30+00:00 INFO (6): {"status":"success","product_id":43184,"sku":"HLS164221","message":"Product updated successfully"}
2021-02-14T09:52:32+00:00 INFO (6): {"status":"success","product_id":22226,"sku":"JEY2004869","message":"Product updated successfully"}
2021-02-14T09:52:34+00:00 INFO (6): {"status":"success","product_id":22227,"sku":"JEY2004907","message":"Product updated successfully"}
2021-02-14T09:52:37+00:00 INFO (6): {"status":"success","product_id":22228,"sku":"JEY2004908","message":"Product updated successfully"}
2021-02-14T09:52:39+00:00 INFO (6): {"status":"success","product_id":22229,"sku":"JEY2005055","message":"Product updated successfully"}
2021-02-14T09:52:41+00:00 INFO (6): {"status":"success","product_id":22230,"sku":"JEY200975","message":"Product updated successfully"}
2021-02-14T09:52:44+00:00 INFO (6): {"status":"success","product_id":22231,"sku":"JEY570280","message":"Product updated successfully"}
2021-02-14T09:52:46+00:00 INFO (6): {"status":"success","product_id":22232,"sku":"JEY573200","message":"Product updated successfully"}
2021-02-14T09:52:48+00:00 INFO (6): {"status":"success","product_id":22233,"sku":"JEY800270","message":"Product updated successfully"}
2021-02-14T09:52:51+00:00 INFO (6): {"status":"success","product_id":23233,"sku":"KAR62953020","message":"Product updated successfully"}
2021-02-14T09:52:52+00:00 INFO (6): {"status":"success","product_id":23234,"sku":"KAR62957950","message":"Product updated successfully"}
2021-02-14T09:55:06+00:00 INFO (6): {"status":"success","product_id":43185,"sku":"KARK5PFCPH","message":"Product updated successfully"}
2021-02-14T09:55:09+00:00 INFO (6): {"status":"success","product_id":43186,"sku":"KARK7PFCPH","message":"Product updated successfully"}
2021-02-14T09:55:12+00:00 INFO (6): {"status":"success","product_id":43187,"sku":"KARSC3E","message":"Product updated successfully"}
2021-02-14T09:55:13+00:00 INFO (6): {"status":"success","product_id":23312,"sku":"KEW125300428","message":"Product updated successfully"}
2021-02-14T09:55:15+00:00 INFO (6): {"status":"success","product_id":23313,"sku":"KEW125300429","message":"Product updated successfully"}
2021-02-14T09:55:16+00:00 INFO (6): {"status":"success","product_id":23314,"sku":"KEW125300430","message":"Product updated successfully"}
2021-02-14T09:55:19+00:00 INFO (6): {"status":"success","product_id":43214,"sku":"KEW128390051","message":"Product updated successfully"}
2021-02-14T09:55:21+00:00 INFO (6): {"status":"success","product_id":43215,"sku":"KEWCOM110H","message":"Product updated successfully"}
2021-02-14T09:55:23+00:00 INFO (6): {"status":"success","product_id":43216,"sku":"KEWCOM110HG","message":"Product updated successfully"}
2021-02-14T09:55:26+00:00 INFO (6): {"status":"success","product_id":43234,"sku":"KEWCOM120HG","message":"Product updated successfully"}
2021-02-14T09:55:29+00:00 INFO (6): {"status":"success","product_id":43235,"sku":"KEWCOM120M","message":"Product updated successfully"}
2021-02-14T09:55:31+00:00 INFO (6): {"status":"success","product_id":43250,"sku":"KEWCOM125MN","message":"Product updated successfully"}
2021-02-14T09:55:33+00:00 INFO (6): {"status":"success","product_id":43251,"sku":"KEWCOM135IMN","message":"Product updated successfully"}
2021-02-14T09:55:35+00:00 INFO (6): {"status":"success","product_id":22150,"sku":"KILBIGK","message":"Product updated successfully"}
2021-02-14T09:55:37+00:00 INFO (6): {"status":"success","product_id":22151,"sku":"KILBKFCREAM","message":"Product updated successfully"}
2021-02-14T09:55:39+00:00 INFO (6): {"status":"success","product_id":22152,"sku":"KILBKFPOWDER","message":"Product updated successfully"}
2021-02-14T09:55:41+00:00 INFO (6): {"status":"success","product_id":22153,"sku":"KILBKFSPRAY","message":"Product updated successfully"}
2021-02-14T09:55:42+00:00 INFO (6): {"status":"success","product_id":22154,"sku":"KILGEL160","message":"Product updated successfully"}
2021-02-14T09:55:44+00:00 INFO (6): {"status":"success","product_id":22155,"sku":"KILIRONSTICK","message":"Product updated successfully"}
2021-02-14T09:55:46+00:00 INFO (6): {"status":"success","product_id":22156,"sku":"KILKB500","message":"Product updated successfully"}
2021-02-14T09:55:47+00:00 INFO (6): {"status":"success","product_id":22157,"sku":"KILKBBATH","message":"Product updated successfully"}
2021-02-14T09:55:49+00:00 INFO (6): {"status":"success","product_id":22158,"sku":"KILKK20","message":"Product updated successfully"}
2021-02-14T09:55:50+00:00 INFO (6): {"status":"success","product_id":22159,"sku":"KILMEGAK","message":"Product updated successfully"}
2021-02-14T09:55:52+00:00 INFO (6): {"status":"success","product_id":22160,"sku":"KILPSPRAY","message":"Product updated successfully"}
2021-02-14T09:55:53+00:00 INFO (6): {"status":"success","product_id":22161,"sku":"KILRHINO","message":"Product updated successfully"}
2021-02-14T09:55:56+00:00 INFO (6): {"status":"success","product_id":22162,"sku":"KILRHINOBATH","message":"Product updated successfully"}
2021-02-14T09:55:57+00:00 INFO (6): {"status":"success","product_id":23247,"sku":"KWB483500","message":"Product updated successfully"}
2021-02-14T09:55:59+00:00 INFO (6): {"status":"success","product_id":22316,"sku":"KWB718111","message":"Product updated successfully"}
2021-02-14T09:56:02+00:00 INFO (6): {"status":"success","product_id":26974,"sku":"LES146201","message":"Product updated successfully"}
2021-02-14T09:56:05+00:00 INFO (6): {"status":"success","product_id":26975,"sku":"LES148101","message":"Product updated successfully"}
2021-02-14T09:56:08+00:00 INFO (6): {"status":"success","product_id":26323,"sku":"MGD145400","message":"Product updated successfully"}
2021-02-14T09:56:10+00:00 INFO (6): {"status":"success","product_id":26324,"sku":"MGD145401","message":"Product updated successfully"}
2021-02-14T09:56:13+00:00 INFO (6): {"status":"success","product_id":26325,"sku":"MGD145402","message":"Product updated successfully"}
2021-02-14T09:56:15+00:00 INFO (6): {"status":"success","product_id":26326,"sku":"MGD145407","message":"Product updated successfully"}
2021-02-14T09:56:18+00:00 INFO (6): {"status":"success","product_id":26327,"sku":"MGD150430","message":"Product updated successfully"}
2021-02-14T09:56:20+00:00 INFO (6): {"status":"success","product_id":43120,"sku":"MGD150442","message":"Product updated successfully"}
2021-02-14T09:56:23+00:00 INFO (6): {"status":"success","product_id":26328,"sku":"MGD150444","message":"Product updated successfully"}
2021-02-14T09:56:25+00:00 INFO (6): {"status":"success","product_id":26331,"sku":"MGD150561","message":"Product updated successfully"}
2021-02-14T09:56:27+00:00 INFO (6): {"status":"success","product_id":43121,"sku":"MGD159830","message":"Product updated successfully"}
2021-02-14T09:56:30+00:00 INFO (6): {"status":"success","product_id":43124,"sku":"MGD166351","message":"Product updated successfully"}
2021-02-14T09:56:38+00:00 INFO (6): {"status":"success","product_id":32960,"sku":"MIL352473","message":"Product updated successfully"}
2021-02-14T09:56:40+00:00 INFO (6): {"status":"success","product_id":24985,"sku":"MPT630832","message":"Product updated successfully"}
2021-02-14T09:56:43+00:00 INFO (6): {"status":"success","product_id":24986,"sku":"MPT631580","message":"Product updated successfully"}
2021-02-14T09:56:45+00:00 INFO (6): {"status":"success","product_id":24842,"sku":"OTO44305","message":"Product updated successfully"}
2021-02-14T09:56:47+00:00 INFO (6): {"status":"success","product_id":24905,"sku":"OTO44578","message":"Product updated successfully"}
2021-02-14T09:56:50+00:00 INFO (6): {"status":"success","product_id":24906,"sku":"OTO44579","message":"Product updated successfully"}
2021-02-14T09:56:53+00:00 INFO (6): {"status":"success","product_id":24907,"sku":"OTO44580","message":"Product updated successfully"}
2021-02-14T09:56:56+00:00 INFO (6): {"status":"success","product_id":24908,"sku":"OTO44637","message":"Product updated successfully"}
2021-02-14T09:56:59+00:00 INFO (6): {"status":"success","product_id":24909,"sku":"OTO44831","message":"Product updated successfully"}
2021-02-14T09:57:01+00:00 INFO (6): {"status":"success","product_id":24910,"sku":"OTO44832","message":"Product updated successfully"}
2021-02-14T09:57:06+00:00 INFO (6): {"status":"success","product_id":24911,"sku":"OTO44835","message":"Product updated successfully"}
2021-02-14T09:57:09+00:00 INFO (6): {"status":"success","product_id":42711,"sku":"PKT000270","message":"Product updated successfully"}
2021-02-14T09:57:11+00:00 INFO (6): {"status":"success","product_id":43125,"sku":"PKT000272","message":"Product updated successfully"}
2021-02-14T09:57:14+00:00 INFO (6): {"status":"success","product_id":43126,"sku":"PKT000273","message":"Product updated successfully"}
2021-02-14T09:57:16+00:00 INFO (6): {"status":"success","product_id":43127,"sku":"PKT000274","message":"Product updated successfully"}
2021-02-14T09:57:19+00:00 INFO (6): {"status":"success","product_id":43128,"sku":"PKT000275","message":"Product updated successfully"}
2021-02-14T09:57:21+00:00 INFO (6): {"status":"success","product_id":43129,"sku":"PKT000276","message":"Product updated successfully"}
2021-02-14T09:57:24+00:00 INFO (6): {"status":"success","product_id":43130,"sku":"PKT000277","message":"Product updated successfully"}
2021-02-14T09:57:26+00:00 INFO (6): {"status":"success","product_id":43131,"sku":"PKT000278","message":"Product updated successfully"}
2021-02-14T09:57:29+00:00 INFO (6): {"status":"success","product_id":42709,"sku":"PKT000279","message":"Product updated successfully"}
2021-02-14T09:57:31+00:00 INFO (6): {"status":"success","product_id":43132,"sku":"PKT000280","message":"Product updated successfully"}
2021-02-14T09:57:33+00:00 INFO (6): {"status":"success","product_id":43133,"sku":"PKT000281","message":"Product updated successfully"}
2021-02-14T09:57:37+00:00 INFO (6): {"status":"success","product_id":43134,"sku":"PKT000283","message":"Product updated successfully"}
2021-02-14T09:57:39+00:00 INFO (6): {"status":"success","product_id":43135,"sku":"PKT000284","message":"Product updated successfully"}
2021-02-14T09:57:41+00:00 INFO (6): {"status":"success","product_id":43136,"sku":"PKT000285","message":"Product updated successfully"}
2021-02-14T09:57:44+00:00 INFO (6): {"status":"success","product_id":43137,"sku":"PKT000286","message":"Product updated successfully"}
2021-02-14T09:57:46+00:00 INFO (6): {"status":"success","product_id":43147,"sku":"PKT000287","message":"Product updated successfully"}
2021-02-14T09:57:48+00:00 INFO (6): {"status":"success","product_id":43148,"sku":"PKT000289","message":"Product updated successfully"}
2021-02-14T09:57:50+00:00 INFO (6): {"status":"success","product_id":43149,"sku":"PKT000290","message":"Product updated successfully"}
2021-02-14T09:57:53+00:00 INFO (6): {"status":"success","product_id":43150,"sku":"PKT000291","message":"Product updated successfully"}
2021-02-14T09:57:56+00:00 INFO (6): {"status":"success","product_id":43151,"sku":"PKT000292","message":"Product updated successfully"}
2021-02-14T09:57:58+00:00 INFO (6): {"status":"success","product_id":43152,"sku":"PKT000293","message":"Product updated successfully"}
2021-02-14T09:58:00+00:00 INFO (6): {"status":"success","product_id":43153,"sku":"PKT000294","message":"Product updated successfully"}
2021-02-14T09:58:03+00:00 INFO (6): {"status":"success","product_id":43154,"sku":"PKT000295","message":"Product updated successfully"}
2021-02-14T09:58:06+00:00 INFO (6): {"status":"success","product_id":43155,"sku":"PKT000296","message":"Product updated successfully"}
2021-02-14T09:58:08+00:00 INFO (6): {"status":"success","product_id":43156,"sku":"PKT090102","message":"Product updated successfully"}
2021-02-14T09:58:10+00:00 INFO (6): {"status":"success","product_id":43157,"sku":"PKT090104","message":"Product updated successfully"}
2021-02-14T09:58:12+00:00 INFO (6): {"status":"success","product_id":43158,"sku":"PKT090108","message":"Product updated successfully"}
2021-02-14T09:58:15+00:00 INFO (6): {"status":"success","product_id":43159,"sku":"PKT090300","message":"Product updated successfully"}
2021-02-14T09:58:18+00:00 INFO (6): {"status":"success","product_id":43160,"sku":"PKT090301","message":"Product updated successfully"}
2021-02-14T09:58:20+00:00 INFO (6): {"status":"success","product_id":43161,"sku":"PKT090305","message":"Product updated successfully"}
2021-02-14T09:58:23+00:00 INFO (6): {"status":"success","product_id":42715,"sku":"PKT090307","message":"Product updated successfully"}
2021-02-14T09:58:25+00:00 INFO (6): {"status":"success","product_id":42716,"sku":"PKT090308","message":"Product updated successfully"}
2021-02-14T09:58:28+00:00 INFO (6): {"status":"success","product_id":43169,"sku":"PKT090310","message":"Product updated successfully"}
2021-02-14T09:58:30+00:00 INFO (6): {"status":"success","product_id":43170,"sku":"PKT090402","message":"Product updated successfully"}
2021-02-14T09:58:33+00:00 INFO (6): {"status":"success","product_id":43171,"sku":"PKT090403","message":"Product updated successfully"}
2021-02-14T09:58:35+00:00 INFO (6): {"status":"success","product_id":43172,"sku":"PKT090404","message":"Product updated successfully"}
2021-02-14T09:58:37+00:00 INFO (6): {"status":"success","product_id":43173,"sku":"PKT090405","message":"Product updated successfully"}
2021-02-14T09:58:39+00:00 INFO (6): {"status":"success","product_id":43174,"sku":"PKT090500","message":"Product updated successfully"}
2021-02-14T09:58:42+00:00 INFO (6): {"status":"success","product_id":43175,"sku":"PKT090502","message":"Product updated successfully"}
2021-02-14T09:58:43+00:00 INFO (6): {"status":"success","product_id":34049,"sku":"ROU52070","message":"Product updated successfully"}
2021-02-14T09:58:45+00:00 INFO (6): {"status":"success","product_id":34051,"sku":"ROU52090","message":"Product updated successfully"}
2021-02-14T09:58:47+00:00 INFO (6): {"status":"success","product_id":38416,"sku":"RUSSO100","message":"Product updated successfully"}
2021-02-14T09:58:49+00:00 INFO (6): {"status":"success","product_id":43176,"sku":"SCJ308557","message":"Product updated successfully"}
2021-02-14T09:58:51+00:00 INFO (6): {"status":"success","product_id":42700,"sku":"SCJ316524","message":"Product updated successfully"}
2021-02-14T09:58:54+00:00 INFO (6): {"status":"success","product_id":43177,"sku":"SCJ316525","message":"Product updated successfully"}
2021-02-14T09:58:56+00:00 INFO (6): {"status":"success","product_id":42701,"sku":"SCJ316526","message":"Product updated successfully"}
2021-02-14T09:58:58+00:00 INFO (6): {"status":"success","product_id":43188,"sku":"SCJ316533","message":"Product updated successfully"}
2021-02-14T10:00:05+00:00 INFO (6): {"status":"success","product_id":43189,"sku":"SCJ320227","message":"Product updated successfully"}
2021-02-14T10:00:08+00:00 INFO (6): {"status":"success","product_id":43190,"sku":"SCJ669311","message":"Product updated successfully"}
2021-02-14T10:00:10+00:00 INFO (6): {"status":"success","product_id":43191,"sku":"SCJ688173","message":"Product updated successfully"}
2021-02-14T10:00:13+00:00 INFO (6): {"status":"success","product_id":43192,"sku":"SCJBWU5LTR","message":"Product updated successfully"}
2021-02-14T10:00:15+00:00 INFO (6): {"status":"success","product_id":40027,"sku":"STV333","message":"Product updated successfully"}
2021-02-14T10:00:17+00:00 INFO (6): {"status":"success","product_id":43193,"sku":"TUW1","message":"Product updated successfully"}
2021-02-14T10:00:19+00:00 INFO (6): {"status":"success","product_id":43194,"sku":"TUW25","message":"Product updated successfully"}
2021-02-14T10:00:22+00:00 INFO (6): {"status":"success","product_id":43195,"sku":"TUW5","message":"Product updated successfully"}
2021-02-14T10:00:25+00:00 INFO (6): {"status":"success","product_id":43196,"sku":"TWX50187","message":"Product updated successfully"}
2021-02-14T10:00:27+00:00 INFO (6): {"status":"success","product_id":43197,"sku":"TWX50391","message":"Product updated successfully"}
2021-02-14T10:00:29+00:00 INFO (6): {"status":"success","product_id":43198,"sku":"TWX50935","message":"Product updated successfully"}
2021-02-14T10:00:32+00:00 INFO (6): {"status":"success","product_id":43199,"sku":"TWX51680","message":"Product updated successfully"}
2021-02-14T10:00:34+00:00 INFO (6): {"status":"success","product_id":43200,"sku":"TWX51768","message":"Product updated successfully"}
2021-02-14T10:00:36+00:00 INFO (6): {"status":"success","product_id":43218,"sku":"TWX51778","message":"Product updated successfully"}
2021-02-14T10:00:38+00:00 INFO (6): {"status":"success","product_id":43219,"sku":"TWX51780","message":"Product updated successfully"}
2021-02-14T10:00:41+00:00 INFO (6): {"status":"success","product_id":43220,"sku":"TWX51781","message":"Product updated successfully"}
2021-02-14T10:00:44+00:00 INFO (6): {"status":"success","product_id":43221,"sku":"TWX51783","message":"Product updated successfully"}
2021-02-14T10:00:47+00:00 INFO (6): {"status":"success","product_id":43222,"sku":"TWX51786","message":"Product updated successfully"}
2021-02-14T10:00:50+00:00 INFO (6): {"status":"success","product_id":43223,"sku":"TWX51787","message":"Product updated successfully"}
2021-02-14T10:00:53+00:00 INFO (6): {"status":"success","product_id":43224,"sku":"TWX51788","message":"Product updated successfully"}
2021-02-14T10:00:55+00:00 INFO (6): {"status":"success","product_id":43225,"sku":"TWX51790","message":"Product updated successfully"}
2021-02-14T10:00:58+00:00 INFO (6): {"status":"success","product_id":42696,"sku":"TWX51791","message":"Product updated successfully"}
2021-02-14T10:01:00+00:00 INFO (6): {"status":"success","product_id":43226,"sku":"TWX51793","message":"Product updated successfully"}
2021-02-14T10:01:03+00:00 INFO (6): {"status":"success","product_id":43227,"sku":"TWX51795","message":"Product updated successfully"}
2021-02-14T10:01:06+00:00 INFO (6): {"status":"success","product_id":43228,"sku":"TWX51800","message":"Product updated successfully"}
2021-02-14T10:01:09+00:00 INFO (6): {"status":"success","product_id":43238,"sku":"TWX52653","message":"Product updated successfully"}
2021-02-14T10:01:12+00:00 INFO (6): {"status":"success","product_id":43239,"sku":"TWX52736","message":"Product updated successfully"}
2021-02-14T10:01:15+00:00 INFO (6): {"status":"success","product_id":42712,"sku":"TWX52738","message":"Product updated successfully"}
2021-02-14T10:01:17+00:00 INFO (6): {"status":"success","product_id":43240,"sku":"TWX52811","message":"Product updated successfully"}
2021-02-14T10:01:19+00:00 INFO (6): {"status":"success","product_id":43241,"sku":"TWX52812","message":"Product updated successfully"}
2021-02-14T10:01:22+00:00 INFO (6): {"status":"success","product_id":43242,"sku":"TWX52813","message":"Product updated successfully"}
2021-02-14T10:01:24+00:00 INFO (6): {"status":"success","product_id":43243,"sku":"TWX52815","message":"Product updated successfully"}
2021-02-14T10:01:26+00:00 INFO (6): {"status":"success","product_id":43244,"sku":"TWX52817","message":"Product updated successfully"}
2021-02-14T10:01:28+00:00 INFO (6): {"status":"success","product_id":43245,"sku":"TWX52818","message":"Product updated successfully"}
2021-02-14T10:01:30+00:00 INFO (6): {"status":"success","product_id":43246,"sku":"TWX52819","message":"Product updated successfully"}
2021-02-14T10:01:32+00:00 INFO (6): {"status":"success","product_id":43247,"sku":"TWX52820","message":"Product updated successfully"}
2021-02-14T10:01:34+00:00 INFO (6): {"status":"success","product_id":43248,"sku":"TWX52821","message":"Product updated successfully"}
2021-02-14T10:01:37+00:00 INFO (6): {"status":"success","product_id":43249,"sku":"TWX52824","message":"Product updated successfully"}
2021-02-14T10:01:39+00:00 INFO (6): {"status":"success","product_id":43252,"sku":"TWX53033","message":"Product updated successfully"}
2021-02-14T10:01:42+00:00 INFO (6): {"status":"success","product_id":43253,"sku":"TWX53037","message":"Product updated successfully"}
2021-02-14T10:01:44+00:00 INFO (6): {"status":"success","product_id":43254,"sku":"TWX53099","message":"Product updated successfully"}
2021-02-14T10:01:46+00:00 INFO (6): {"status":"success","product_id":43255,"sku":"TWX53139","message":"Product updated successfully"}
2021-02-14T10:01:48+00:00 INFO (6): {"status":"success","product_id":43256,"sku":"TWX53140","message":"Product updated successfully"}
2021-02-14T10:01:50+00:00 INFO (6): {"status":"success","product_id":43257,"sku":"TWX53142","message":"Product updated successfully"}
2021-02-14T10:01:52+00:00 INFO (6): {"status":"success","product_id":42675,"sku":"TWX53143","message":"Product updated successfully"}
2021-02-14T10:01:55+00:00 INFO (6): {"status":"success","product_id":43258,"sku":"TWX53146","message":"Product updated successfully"}
2021-02-14T10:01:58+00:00 INFO (6): {"status":"success","product_id":43261,"sku":"TWX53284","message":"Product updated successfully"}
2021-02-14T10:02:00+00:00 INFO (6): {"status":"success","product_id":42707,"sku":"TWX53328","message":"Product updated successfully"}
2021-02-14T10:02:03+00:00 INFO (6): {"status":"success","product_id":43262,"sku":"TWX53502","message":"Product updated successfully"}
2021-02-14T10:02:06+00:00 INFO (6): {"status":"success","product_id":43263,"sku":"TWX53556","message":"Product updated successfully"}
2021-02-14T10:02:09+00:00 INFO (6): {"status":"success","product_id":43264,"sku":"UCRCL225","message":"Product updated successfully"}
2021-02-14T10:02:11+00:00 INFO (6): {"status":"success","product_id":43265,"sku":"UCRCL300","message":"Product updated successfully"}
2021-02-14T10:02:12+00:00 INFO (6): {"status":"success","product_id":43266,"sku":"UCRCL450","message":"Product updated successfully"}
2021-02-14T10:02:14+00:00 INFO (6): {"status":"success","product_id":43267,"sku":"UCRCLW","message":"Product updated successfully"}
2021-02-14T10:02:16+00:00 INFO (6): {"status":"success","product_id":43268,"sku":"UCRDPAD","message":"Product updated successfully"}
2021-02-14T10:02:17+00:00 INFO (6): {"status":"success","product_id":43269,"sku":"UCRJSPONGE","message":"Product updated successfully"}
2021-02-14T10:02:19+00:00 INFO (6): {"status":"success","product_id":42710,"sku":"UCRPSPONGE","message":"Product updated successfully"}
2021-02-14T10:02:22+00:00 INFO (6): {"status":"success","product_id":42401,"sku":"UCRST200","message":"Product updated successfully"}
2021-02-14T10:02:24+00:00 INFO (6): {"status":"success","product_id":42402,"sku":"UCRST400","message":"Product updated successfully"}
2021-02-14T10:02:26+00:00 INFO (6): {"status":"success","product_id":43270,"sku":"UCRST800","message":"Product updated successfully"}
2021-02-14T10:02:28+00:00 INFO (6): {"status":"success","product_id":42702,"sku":"UCRX110U1D","message":"Product updated successfully"}
2021-02-14T10:02:29+00:00 INFO (6): {"status":"success","product_id":43271,"sku":"UCRX114","message":"Product updated successfully"}
2021-02-14T10:02:31+00:00 INFO (6): {"status":"success","product_id":43217,"sku":"UCRX201","message":"Product updated successfully"}
2021-02-14T10:02:33+00:00 INFO (6): {"status":"success","product_id":43272,"sku":"UCRX203","message":"Product updated successfully"}
2021-02-14T10:02:35+00:00 INFO (6): {"status":"success","product_id":43273,"sku":"UCRX243","message":"Product updated successfully"}
2021-02-14T10:02:37+00:00 INFO (6): {"status":"success","product_id":43274,"sku":"UCRX349U4","message":"Product updated successfully"}
2021-02-14T10:02:38+00:00 INFO (6): {"status":"success","product_id":43275,"sku":"UCRX424","message":"Product updated successfully"}
2021-02-14T10:02:40+00:00 INFO (6): {"status":"success","product_id":43276,"sku":"UCRX499","message":"Product updated successfully"}
2021-02-14T10:02:42+00:00 INFO (6): {"status":"success","product_id":43277,"sku":"UCRX5060U4","message":"Product updated successfully"}
2021-02-14T10:02:44+00:00 INFO (6): {"status":"success","product_id":43278,"sku":"UCRX535U4B","message":"Product updated successfully"}
2021-02-14T10:02:46+00:00 INFO (6): {"status":"success","product_id":43279,"sku":"UCRX561U4B","message":"Product updated successfully"}
2021-02-14T10:02:48+00:00 INFO (6): {"status":"success","product_id":42699,"sku":"UCRX932U4","message":"Product updated successfully"}
2021-02-14T10:02:50+00:00 INFO (6): {"status":"success","product_id":42718,"sku":"UNI1554712","message":"Product updated successfully"}
2021-02-14T10:02:53+00:00 INFO (6): {"status":"success","product_id":43280,"sku":"UNI1554713","message":"Product updated successfully"}
2021-02-14T10:02:55+00:00 INFO (6): {"status":"success","product_id":43281,"sku":"UNI1807921","message":"Product updated successfully"}
2021-02-14T10:02:58+00:00 INFO (6): {"status":"success","product_id":43282,"sku":"UNI1807937","message":"Product updated successfully"}
2021-02-14T10:03:01+00:00 INFO (6): {"status":"success","product_id":43283,"sku":"UNI1938842","message":"Product updated successfully"}
2021-02-14T10:03:05+00:00 INFO (6): {"status":"success","product_id":43284,"sku":"UNI2008301","message":"Product updated successfully"}
2021-02-14T10:03:07+00:00 INFO (6): {"status":"success","product_id":43285,"sku":"UNI2091273","message":"Product updated successfully"}
2021-02-14T10:03:10+00:00 INFO (6): {"status":"success","product_id":43286,"sku":"UNI2091538","message":"Product updated successfully"}
2021-02-14T10:03:13+00:00 INFO (6): {"status":"success","product_id":43287,"sku":"UPOAPL1","message":"Product updated successfully"}
2021-02-14T10:03:16+00:00 INFO (6): {"status":"success","product_id":43288,"sku":"UPOAPL3","message":"Product updated successfully"}
2021-02-14T10:03:18+00:00 INFO (6): {"status":"success","product_id":42717,"sku":"UPOEASY","message":"Product updated successfully"}
2021-02-14T10:03:21+00:00 INFO (6): {"status":"success","product_id":43289,"sku":"UPOGFM","message":"Product updated successfully"}
2021-02-14T10:03:24+00:00 INFO (6): {"status":"success","product_id":43290,"sku":"UPOGFT","message":"Product updated successfully"}
2021-02-14T10:03:26+00:00 INFO (6): {"status":"success","product_id":43108,"sku":"UPOGLLAD","message":"Product updated successfully"}
2021-02-14T10:03:28+00:00 INFO (6): {"status":"success","product_id":43109,"sku":"UPOGLSMD","message":"Product updated successfully"}
2021-02-14T10:03:31+00:00 INFO (6): {"status":"success","product_id":43110,"sku":"UPOH3840S","message":"Product updated successfully"}
2021-02-14T10:03:33+00:00 INFO (6): {"status":"success","product_id":43111,"sku":"UPOHREDL","message":"Product updated successfully"}
2021-02-14T10:03:35+00:00 INFO (6): {"status":"success","product_id":42695,"sku":"UPOON1","message":"Product updated successfully"}
2021-02-14T10:03:37+00:00 INFO (6): {"status":"success","product_id":43112,"sku":"UPOP381","message":"Product updated successfully"}
2021-02-14T10:03:40+00:00 INFO (6): {"status":"success","product_id":43113,"sku":"UPOP382","message":"Product updated successfully"}
2021-02-14T10:03:42+00:00 INFO (6): {"status":"success","product_id":43114,"sku":"UPOP384","message":"Product updated successfully"}
2021-02-14T10:03:45+00:00 INFO (6): {"status":"success","product_id":42502,"sku":"UPOP38L","message":"Product updated successfully"}
2021-02-14T10:05:06+00:00 INFO (6): {"status":"success","product_id":43115,"sku":"UPOP38S","message":"Product updated successfully"}
2021-02-14T10:05:08+00:00 INFO (6): {"status":"success","product_id":42698,"sku":"UPOP401","message":"Product updated successfully"}
2021-02-14T10:05:11+00:00 INFO (6): {"status":"success","product_id":43116,"sku":"UPOP40S","message":"Product updated successfully"}
2021-02-14T10:05:13+00:00 INFO (6): {"status":"success","product_id":43117,"sku":"UPOPM1","message":"Product updated successfully"}
2021-02-14T10:05:15+00:00 INFO (6): {"status":"success","product_id":43118,"sku":"UPORELA","message":"Product updated successfully"}
2021-02-14T10:05:18+00:00 INFO (6): {"status":"success","product_id":42697,"sku":"UPORESM","message":"Product updated successfully"}
2021-02-14T10:05:20+00:00 INFO (6): {"status":"success","product_id":43119,"sku":"UPOTRAG10","message":"Product updated successfully"}
2021-02-14T10:05:23+00:00 INFO (6): {"status":"success","product_id":42503,"sku":"UPOTRAG50","message":"Product updated successfully"}
2021-02-14T10:05:25+00:00 INFO (6): {"status":"success","product_id":43178,"sku":"VIL102811","message":"Product updated successfully"}
2021-02-14T10:05:27+00:00 INFO (6): {"status":"success","product_id":43179,"sku":"VIL110620","message":"Product updated successfully"}
2021-02-14T10:05:29+00:00 INFO (6): {"status":"success","product_id":43180,"sku":"VIL114566","message":"Product updated successfully"}
2021-02-14T10:05:30+00:00 INFO (6): {"status":"success","product_id":43181,"sku":"VIL126575","message":"Product updated successfully"}
2021-02-14T10:05:32+00:00 INFO (6): {"status":"success","product_id":43182,"sku":"VIL126896","message":"Product updated successfully"}
2021-02-14T10:05:35+00:00 INFO (6): {"status":"success","product_id":43183,"sku":"VIL128263","message":"Product updated successfully"}
2021-02-14T10:05:36+00:00 INFO (6): {"status":"success","product_id":43201,"sku":"VIL134180AV","message":"Product updated successfully"}
2021-02-14T10:05:38+00:00 INFO (6): {"status":"success","product_id":43202,"sku":"VIL134301","message":"Product updated successfully"}
2021-02-14T10:05:39+00:00 INFO (6): {"status":"success","product_id":43203,"sku":"VIL137648","message":"Product updated successfully"}
2021-02-14T10:05:41+00:00 INFO (6): {"status":"success","product_id":43204,"sku":"VIL139110","message":"Product updated successfully"}
2021-02-14T10:05:42+00:00 INFO (6): {"status":"success","product_id":43205,"sku":"VIL139961","message":"Product updated successfully"}
2021-02-14T10:05:44+00:00 INFO (6): {"status":"success","product_id":43206,"sku":"VIL139963","message":"Product updated successfully"}
2021-02-14T10:05:45+00:00 INFO (6): {"status":"success","product_id":43207,"sku":"VIL140626","message":"Product updated successfully"}
2021-02-14T10:05:47+00:00 INFO (6): {"status":"success","product_id":43208,"sku":"VIL141752","message":"Product updated successfully"}
2021-02-14T10:05:51+00:00 INFO (6): {"status":"success","product_id":43209,"sku":"VIL141822","message":"Product updated successfully"}
2021-02-14T10:05:52+00:00 INFO (6): {"status":"success","product_id":43210,"sku":"VIL141996","message":"Product updated successfully"}
2021-02-14T10:05:54+00:00 INFO (6): {"status":"success","product_id":43211,"sku":"VIL142864","message":"Product updated successfully"}
2021-02-14T10:05:55+00:00 INFO (6): {"status":"success","product_id":43212,"sku":"VIL143050","message":"Product updated successfully"}
2021-02-14T10:05:57+00:00 INFO (6): {"status":"success","product_id":43213,"sku":"VIL143052","message":"Product updated successfully"}
2021-02-14T10:05:59+00:00 INFO (6): {"status":"success","product_id":42726,"sku":"VIL150730","message":"Product updated successfully"}
2021-02-14T10:06:00+00:00 INFO (6): {"status":"success","product_id":43229,"sku":"VIL151610","message":"Product updated successfully"}
2021-02-14T10:06:02+00:00 INFO (6): {"status":"success","product_id":43230,"sku":"VIL152387","message":"Product updated successfully"}
2021-02-14T10:06:04+00:00 INFO (6): {"status":"success","product_id":43231,"sku":"VIL152391","message":"Product updated successfully"}
2021-02-14T10:06:05+00:00 INFO (6): {"status":"success","product_id":43232,"sku":"VIL155675","message":"Product updated successfully"}
2021-02-14T10:06:07+00:00 INFO (6): {"status":"success","product_id":43233,"sku":"VIL155747","message":"Product updated successfully"}
2021-02-14T12:45:04+00:00 INFO (6): {"status":"success","product_id":46774,"sku":"FAIAUFUNNEL3","message":"Product updated successfully"}
2021-02-15T08:45:04+00:00 INFO (6): ---------------- END API Cron 15/02/21 08:45:04 ----------------
