2021-02-18T09:30:10+00:00 INFO (6): {"status":"success","product_id":16180,"sku":"FAIBRCOCO24","message":"Product updated successfully"}
2021-02-18T09:30:13+00:00 INFO (6): {"status":"success","product_id":16181,"sku":"FAIBRCOCO24H","message":"Product updated successfully"}
2021-02-18T09:30:17+00:00 INFO (6): {"status":"success","product_id":16182,"sku":"FAIBRCOCO36","message":"Product updated successfully"}
2021-02-18T09:30:21+00:00 INFO (6): {"status":"success","product_id":16183,"sku":"FAIBRCOCO36H","message":"Product updated successfully"}
2021-02-18T09:30:25+00:00 INFO (6): {"status":"success","product_id":16184,"sku":"FAIBRDECKSCR","message":"Product updated successfully"}
2021-02-18T09:30:28+00:00 INFO (6): {"status":"success","product_id":16185,"sku":"FAIBRDUSTPAN","message":"Product updated successfully"}
2021-02-18T09:30:32+00:00 INFO (6): {"status":"success","product_id":16186,"sku":"FAIBRDUSTSET","message":"Product updated successfully"}
2021-02-18T09:30:36+00:00 INFO (6): {"status":"success","product_id":16187,"sku":"FAIBRHANDSCR","message":"Product updated successfully"}
2021-02-18T09:30:41+00:00 INFO (6): {"status":"success","product_id":16188,"sku":"FAIBRHANDSOF","message":"Product updated successfully"}
2021-02-18T09:30:44+00:00 INFO (6): {"status":"success","product_id":16189,"sku":"FAIBRHANDSTI","message":"Product updated successfully"}
2021-02-18T09:30:47+00:00 INFO (6): {"status":"success","product_id":16190,"sku":"FAIBRMOP16","message":"Product updated successfully"}
2021-02-18T09:30:51+00:00 INFO (6): {"status":"success","product_id":16191,"sku":"FAIBRPVC13FL","message":"Product updated successfully"}
2021-02-18T09:30:54+00:00 INFO (6): {"status":"success","product_id":16192,"sku":"FAIBRPVC13H","message":"Product updated successfully"}
2021-02-18T09:30:58+00:00 INFO (6): {"status":"success","product_id":16193,"sku":"FAIBRPVC13SA","message":"Product updated successfully"}
2021-02-18T09:31:02+00:00 INFO (6): {"status":"success","product_id":16194,"sku":"FAIBRPVC13SH","message":"Product updated successfully"}
2021-02-18T09:31:05+00:00 INFO (6): {"status":"success","product_id":16195,"sku":"FAIBRPVC18","message":"Product updated successfully"}
2021-02-18T09:31:09+00:00 INFO (6): {"status":"success","product_id":16196,"sku":"FAIBRPVC18H","message":"Product updated successfully"}
2021-02-18T09:31:12+00:00 INFO (6): {"status":"success","product_id":16197,"sku":"FAIBRPVC18R","message":"Product updated successfully"}
2021-02-18T09:31:16+00:00 INFO (6): {"status":"success","product_id":16198,"sku":"FAIBRPVC24","message":"Product updated successfully"}
2021-02-18T09:31:20+00:00 INFO (6): {"status":"success","product_id":16199,"sku":"FAIBRPVC24H","message":"Product updated successfully"}
2021-02-18T09:31:25+00:00 INFO (6): {"status":"success","product_id":16200,"sku":"FAIBRSOCSADD","message":"Product updated successfully"}
2021-02-18T09:31:28+00:00 INFO (6): {"status":"success","product_id":16288,"sku":"FAIBRSOFT12R","message":"Product updated successfully"}
2021-02-18T09:31:32+00:00 INFO (6): {"status":"success","product_id":16289,"sku":"FAIBRSOFTDIY","message":"Product updated successfully"}
2021-02-18T09:31:36+00:00 INFO (6): {"status":"success","product_id":16290,"sku":"FAIBRSQUE18","message":"Product updated successfully"}
2021-02-18T09:31:39+00:00 INFO (6): {"status":"success","product_id":16291,"sku":"FAIBRSQUE24","message":"Product updated successfully"}
2021-02-18T09:31:42+00:00 INFO (6): {"status":"success","product_id":16292,"sku":"FAIBRSTIF12R","message":"Product updated successfully"}
2021-02-18T09:31:46+00:00 INFO (6): {"status":"success","product_id":16293,"sku":"FAIBRSTSTPL","message":"Product updated successfully"}
2021-02-18T09:31:48+00:00 INFO (6): {"status":"success","product_id":16678,"sku":"FAIABP125","message":"Product updated successfully"}
2021-02-18T09:31:52+00:00 INFO (6): {"status":"success","product_id":16768,"sku":"FAILITPICK","message":"Product updated successfully"}
2021-02-18T09:31:56+00:00 INFO (6): {"status":"success","product_id":17400,"sku":"FAIP48118TH","message":"Product updated successfully"}
2021-02-18T09:31:59+00:00 INFO (6): {"status":"success","product_id":17401,"sku":"FAIP481516","message":"Product updated successfully"}
2021-02-18T09:32:03+00:00 INFO (6): {"status":"success","product_id":17405,"sku":"FAIPATKIT","message":"Product updated successfully"}
2021-02-18T09:32:08+00:00 INFO (6): {"status":"success","product_id":17406,"sku":"FAIPATPOLE","message":"Product updated successfully"}
2021-02-18T09:32:11+00:00 INFO (6): {"status":"success","product_id":17436,"sku":"FAIBRBAS18","message":"Product updated successfully"}
2021-02-18T09:32:15+00:00 INFO (6): {"status":"success","product_id":17437,"sku":"FAIBRBAS18H","message":"Product updated successfully"}
2021-02-18T09:32:18+00:00 INFO (6): {"status":"success","product_id":17438,"sku":"FAIBRBAS18R","message":"Product updated successfully"}
2021-02-18T09:32:21+00:00 INFO (6): {"status":"success","product_id":17439,"sku":"FAIBRBAS24H","message":"Product updated successfully"}
2021-02-18T09:32:25+00:00 INFO (6): {"status":"success","product_id":17440,"sku":"FAIBRBASS11","message":"Product updated successfully"}
2021-02-18T09:32:28+00:00 INFO (6): {"status":"success","product_id":17505,"sku":"FAIBRBASS12","message":"Product updated successfully"}
2021-02-18T09:32:32+00:00 INFO (6): {"status":"success","product_id":17506,"sku":"FAIBRBASS12H","message":"Product updated successfully"}
2021-02-18T09:32:35+00:00 INFO (6): {"status":"success","product_id":17507,"sku":"FAIBRBASS12R","message":"Product updated successfully"}
2021-02-18T09:32:39+00:00 INFO (6): {"status":"success","product_id":17508,"sku":"FAIBRBASS24","message":"Product updated successfully"}
2021-02-18T09:32:43+00:00 INFO (6): {"status":"success","product_id":17509,"sku":"FAIBRBASS36","message":"Product updated successfully"}
2021-02-18T09:32:46+00:00 INFO (6): {"status":"success","product_id":17510,"sku":"FAIBRBASS36H","message":"Product updated successfully"}
2021-02-18T09:32:50+00:00 INFO (6): {"status":"success","product_id":17511,"sku":"FAIBRBASS9","message":"Product updated successfully"}
2021-02-18T09:32:55+00:00 INFO (6): {"status":"success","product_id":17512,"sku":"FAIBRBC13FL","message":"Product updated successfully"}
2021-02-18T09:32:58+00:00 INFO (6): {"status":"success","product_id":17513,"sku":"FAIBRBC13FLH","message":"Product updated successfully"}
2021-02-18T09:33:03+00:00 INFO (6): {"status":"success","product_id":17514,"sku":"FAIBRBC13SA","message":"Product updated successfully"}
2021-02-18T09:33:06+00:00 INFO (6): {"status":"success","product_id":17515,"sku":"FAIBRBC13SAH","message":"Product updated successfully"}
2021-02-18T09:33:10+00:00 INFO (6): {"status":"success","product_id":17516,"sku":"FAIBRCHURN","message":"Product updated successfully"}
2021-02-18T09:33:13+00:00 INFO (6): {"status":"success","product_id":17517,"sku":"FAIBRCOCO11","message":"Product updated successfully"}
2021-02-18T09:33:17+00:00 INFO (6): {"status":"success","product_id":17518,"sku":"FAIBRCOCO12","message":"Product updated successfully"}
2021-02-18T09:33:20+00:00 INFO (6): {"status":"success","product_id":17519,"sku":"FAIBRCOCO12H","message":"Product updated successfully"}
2021-02-18T09:33:24+00:00 INFO (6): {"status":"success","product_id":17520,"sku":"FAIBRCOCO18","message":"Product updated successfully"}
2021-02-18T09:33:29+00:00 INFO (6): {"status":"success","product_id":17521,"sku":"FAIBRCOCO18H","message":"Product updated successfully"}
2021-02-18T09:33:32+00:00 INFO (6): {"status":"success","product_id":18839,"sku":"DOFFNEA00DOF","message":"Product updated successfully"}
2021-02-18T09:33:34+00:00 INFO (6): {"status":"success","product_id":18925,"sku":"DOFNAB50","message":"Product updated successfully"}
2021-02-18T09:33:38+00:00 INFO (6): {"status":"success","product_id":18948,"sku":"DEWDT3601QZ","message":"Product updated successfully"}
2021-02-18T09:33:41+00:00 INFO (6): {"status":"success","product_id":19280,"sku":"FLE10370","message":"Product updated successfully"}
2021-02-18T09:33:45+00:00 INFO (6): {"status":"success","product_id":19281,"sku":"FLE10371","message":"Product updated successfully"}
2021-02-18T09:33:49+00:00 INFO (6): {"status":"success","product_id":19282,"sku":"FLE10372","message":"Product updated successfully"}
2021-02-18T09:33:53+00:00 INFO (6): {"status":"success","product_id":19283,"sku":"FLE10373","message":"Product updated successfully"}
2021-02-18T09:33:56+00:00 INFO (6): {"status":"success","product_id":19284,"sku":"FLE10374","message":"Product updated successfully"}
2021-02-18T09:34:00+00:00 INFO (6): {"status":"success","product_id":19285,"sku":"FLE11340","message":"Product updated successfully"}
2021-02-18T09:34:04+00:00 INFO (6): {"status":"success","product_id":19286,"sku":"FLE11341","message":"Product updated successfully"}
2021-02-18T09:34:07+00:00 INFO (6): {"status":"success","product_id":19287,"sku":"FLE11342","message":"Product updated successfully"}
2021-02-18T09:34:10+00:00 INFO (6): {"status":"success","product_id":19288,"sku":"FLE11344","message":"Product updated successfully"}
2021-02-18T09:34:13+00:00 INFO (6): {"status":"success","product_id":19289,"sku":"FLE11502","message":"Product updated successfully"}
2021-02-18T09:34:18+00:00 INFO (6): {"status":"success","product_id":19290,"sku":"FLE11513","message":"Product updated successfully"}
2021-02-18T09:34:21+00:00 INFO (6): {"status":"success","product_id":19291,"sku":"FLE11523","message":"Product updated successfully"}
2021-02-18T09:34:25+00:00 INFO (6): {"status":"success","product_id":19292,"sku":"FLE11532","message":"Product updated successfully"}
2021-02-18T09:34:30+00:00 INFO (6): {"status":"success","product_id":19293,"sku":"FLE11713","message":"Product updated successfully"}
2021-02-18T09:34:33+00:00 INFO (6): {"status":"success","product_id":19294,"sku":"FLE11723","message":"Product updated successfully"}
2021-02-18T09:34:37+00:00 INFO (6): {"status":"success","product_id":19295,"sku":"FLE11732","message":"Product updated successfully"}
2021-02-18T09:34:40+00:00 INFO (6): {"status":"success","product_id":19296,"sku":"FLE20015","message":"Product updated successfully"}
2021-02-18T09:34:43+00:00 INFO (6): {"status":"success","product_id":19297,"sku":"FLE20018","message":"Product updated successfully"}
2021-02-18T09:34:46+00:00 INFO (6): {"status":"success","product_id":19298,"sku":"FLE20020","message":"Product updated successfully"}
2021-02-18T09:34:49+00:00 INFO (6): {"status":"success","product_id":19299,"sku":"FLE20030","message":"Product updated successfully"}
2021-02-18T09:34:53+00:00 INFO (6): {"status":"success","product_id":19300,"sku":"FLE20115","message":"Product updated successfully"}
2021-02-18T09:34:59+00:00 INFO (6): {"status":"success","product_id":19301,"sku":"FLE20210","message":"Product updated successfully"}
2021-02-18T09:35:04+00:00 INFO (6): {"status":"success","product_id":19302,"sku":"FLE20305","message":"Product updated successfully"}
2021-02-18T09:35:06+00:00 INFO (6): {"status":"success","product_id":19302,"sku":"FLE20305","message":"Product updated successfully"}
2021-02-18T09:35:07+00:00 INFO (6): {"status":"success","product_id":19402,"sku":"FLE20405","message":"Product updated successfully"}
2021-02-18T09:35:09+00:00 INFO (6): {"status":"success","product_id":19402,"sku":"FLE20405","message":"Product updated successfully"}
2021-02-18T09:35:10+00:00 INFO (6): {"status":"success","product_id":19403,"sku":"FLE20510","message":"Product updated successfully"}
2021-02-18T09:35:13+00:00 INFO (6): {"status":"success","product_id":19403,"sku":"FLE20510","message":"Product updated successfully"}
2021-02-18T09:35:14+00:00 INFO (6): {"status":"success","product_id":19404,"sku":"FLE21910","message":"Product updated successfully"}
2021-02-18T09:35:17+00:00 INFO (6): {"status":"success","product_id":19404,"sku":"FLE21910","message":"Product updated successfully"}
2021-02-18T09:35:18+00:00 INFO (6): {"status":"success","product_id":19405,"sku":"FLE21935","message":"Product updated successfully"}
2021-02-18T09:35:20+00:00 INFO (6): {"status":"success","product_id":19405,"sku":"FLE21935","message":"Product updated successfully"}
2021-02-18T09:35:22+00:00 INFO (6): {"status":"success","product_id":19406,"sku":"FLE21940","message":"Product updated successfully"}
2021-02-18T09:35:24+00:00 INFO (6): {"status":"success","product_id":19406,"sku":"FLE21940","message":"Product updated successfully"}
2021-02-18T09:35:25+00:00 INFO (6): {"status":"success","product_id":19407,"sku":"FLE21945","message":"Product updated successfully"}
2021-02-18T09:35:27+00:00 INFO (6): {"status":"success","product_id":19407,"sku":"FLE21945","message":"Product updated successfully"}
2021-02-18T09:35:30+00:00 INFO (6): {"status":"success","product_id":19408,"sku":"FLE24015","message":"Product updated successfully"}
2021-02-18T09:35:30+00:00 INFO (6): {"status":"success","product_id":19408,"sku":"FLE24015","message":"Product updated successfully"}
2021-02-18T09:35:33+00:00 INFO (6): {"status":"success","product_id":19409,"sku":"FLE24030","message":"Product updated successfully"}
2021-02-18T09:35:33+00:00 INFO (6): {"status":"success","product_id":19409,"sku":"FLE24030","message":"Product updated successfully"}
2021-02-18T09:35:37+00:00 INFO (6): {"status":"success","product_id":19410,"sku":"FLE24035","message":"Product updated successfully"}
2021-02-18T09:35:37+00:00 INFO (6): {"status":"success","product_id":19410,"sku":"FLE24035","message":"Product updated successfully"}
2021-02-18T09:35:42+00:00 INFO (6): {"status":"success","product_id":19411,"sku":"FLE24045","message":"Product updated successfully"}
2021-02-18T09:35:42+00:00 INFO (6): {"status":"success","product_id":19411,"sku":"FLE24045","message":"Product updated successfully"}
2021-02-18T09:35:45+00:00 INFO (6): {"status":"success","product_id":19412,"sku":"FLE24060","message":"Product updated successfully"}
2021-02-18T09:35:45+00:00 INFO (6): {"status":"success","product_id":19412,"sku":"FLE24060","message":"Product updated successfully"}
2021-02-18T09:35:50+00:00 INFO (6): {"status":"success","product_id":19414,"sku":"FLE24070","message":"Product updated successfully"}
2021-02-18T09:35:50+00:00 INFO (6): {"status":"success","product_id":19414,"sku":"FLE24070","message":"Product updated successfully"}
2021-02-18T09:35:54+00:00 INFO (6): {"status":"success","product_id":19415,"sku":"FLE24075","message":"Product updated successfully"}
2021-02-18T09:35:54+00:00 INFO (6): {"status":"success","product_id":19415,"sku":"FLE24075","message":"Product updated successfully"}
2021-02-18T09:35:58+00:00 INFO (6): {"status":"success","product_id":19416,"sku":"FLE36040","message":"Product updated successfully"}
2021-02-18T09:35:58+00:00 INFO (6): {"status":"success","product_id":19416,"sku":"FLE36040","message":"Product updated successfully"}
2021-02-18T09:36:02+00:00 INFO (6): {"status":"success","product_id":19417,"sku":"FLE36055","message":"Product updated successfully"}
2021-02-18T09:36:02+00:00 INFO (6): {"status":"success","product_id":19417,"sku":"FLE36055","message":"Product updated successfully"}
2021-02-18T09:36:06+00:00 INFO (6): {"status":"success","product_id":19418,"sku":"FLE36155","message":"Product updated successfully"}
2021-02-18T09:36:06+00:00 INFO (6): {"status":"success","product_id":19418,"sku":"FLE36155","message":"Product updated successfully"}
2021-02-18T09:36:12+00:00 INFO (6): {"status":"success","product_id":19419,"sku":"FLE36170","message":"Product updated successfully"}
2021-02-18T09:36:12+00:00 INFO (6): {"status":"success","product_id":19419,"sku":"FLE36170","message":"Product updated successfully"}
2021-02-18T09:36:16+00:00 INFO (6): {"status":"success","product_id":19420,"sku":"FLE36185","message":"Product updated successfully"}
2021-02-18T09:36:19+00:00 INFO (6): {"status":"success","product_id":19421,"sku":"FLE36298","message":"Product updated successfully"}
2021-02-18T09:36:23+00:00 INFO (6): {"status":"success","product_id":19422,"sku":"FLE40005","message":"Product updated successfully"}
2021-02-18T09:36:28+00:00 INFO (6): {"status":"success","product_id":19423,"sku":"FLE40010","message":"Product updated successfully"}
2021-02-18T09:36:32+00:00 INFO (6): {"status":"success","product_id":19424,"sku":"FLE40015","message":"Product updated successfully"}
2021-02-18T09:36:36+00:00 INFO (6): {"status":"success","product_id":19517,"sku":"FLE40025","message":"Product updated successfully"}
2021-02-18T09:36:39+00:00 INFO (6): {"status":"success","product_id":19518,"sku":"FLE40110","message":"Product updated successfully"}
2021-02-18T09:36:43+00:00 INFO (6): {"status":"success","product_id":19519,"sku":"FLE40115","message":"Product updated successfully"}
2021-02-18T09:36:47+00:00 INFO (6): {"status":"success","product_id":19520,"sku":"FLE40120","message":"Product updated successfully"}
2021-02-18T09:36:50+00:00 INFO (6): {"status":"success","product_id":19521,"sku":"FLE40125","message":"Product updated successfully"}
2021-02-18T09:36:53+00:00 INFO (6): {"status":"success","product_id":19522,"sku":"FLE40220","message":"Product updated successfully"}
2021-02-18T09:36:56+00:00 INFO (6): {"status":"success","product_id":19523,"sku":"FLE40225","message":"Product updated successfully"}
2021-02-18T09:36:59+00:00 INFO (6): {"status":"success","product_id":19524,"sku":"FLE40230","message":"Product updated successfully"}
2021-02-18T09:37:03+00:00 INFO (6): {"status":"success","product_id":19525,"sku":"FLE40242","message":"Product updated successfully"}
2021-02-18T09:37:07+00:00 INFO (6): {"status":"success","product_id":19526,"sku":"FLE40510","message":"Product updated successfully"}
2021-02-18T09:37:11+00:00 INFO (6): {"status":"success","product_id":19527,"sku":"FLE44005","message":"Product updated successfully"}
2021-02-18T09:37:15+00:00 INFO (6): {"status":"success","product_id":19528,"sku":"FLE44010","message":"Product updated successfully"}
2021-02-18T09:37:19+00:00 INFO (6): {"status":"success","product_id":19529,"sku":"FLE44015","message":"Product updated successfully"}
2021-02-18T09:37:23+00:00 INFO (6): {"status":"success","product_id":19530,"sku":"FLE44105","message":"Product updated successfully"}
2021-02-18T09:37:26+00:00 INFO (6): {"status":"success","product_id":19531,"sku":"FLE44110","message":"Product updated successfully"}
2021-02-18T09:37:29+00:00 INFO (6): {"status":"success","product_id":19532,"sku":"FLE44115","message":"Product updated successfully"}
2021-02-18T09:37:33+00:00 INFO (6): {"status":"success","product_id":19533,"sku":"FLE44215","message":"Product updated successfully"}
2021-02-18T09:37:36+00:00 INFO (6): {"status":"success","product_id":19534,"sku":"FLE44420","message":"Product updated successfully"}
2021-02-18T09:37:42+00:00 INFO (6): {"status":"success","product_id":19535,"sku":"FLE44430","message":"Product updated successfully"}
2021-02-18T09:37:46+00:00 INFO (6): {"status":"success","product_id":19536,"sku":"FLE44725","message":"Product updated successfully"}
2021-02-18T09:37:50+00:00 INFO (6): {"status":"success","product_id":19537,"sku":"FLE44726","message":"Product updated successfully"}
2021-02-18T09:37:54+00:00 INFO (6): {"status":"success","product_id":19538,"sku":"FLE44735","message":"Product updated successfully"}
2021-02-18T09:37:58+00:00 INFO (6): {"status":"success","product_id":19539,"sku":"FLE44740","message":"Product updated successfully"}
2021-02-18T09:38:02+00:00 INFO (6): {"status":"success","product_id":19540,"sku":"FLE44745","message":"Product updated successfully"}
2021-02-18T09:38:05+00:00 INFO (6): {"status":"success","product_id":19541,"sku":"FLE48115","message":"Product updated successfully"}
2021-02-18T09:38:09+00:00 INFO (6): {"status":"success","product_id":19542,"sku":"FLE48210","message":"Product updated successfully"}
2021-02-18T09:38:12+00:00 INFO (6): {"status":"success","product_id":19543,"sku":"FLE48215","message":"Product updated successfully"}
2021-02-18T09:38:15+00:00 INFO (6): {"status":"success","product_id":19544,"sku":"FLE48220","message":"Product updated successfully"}
2021-02-18T09:38:19+00:00 INFO (6): {"status":"success","product_id":19644,"sku":"FLE48405","message":"Product updated successfully"}
2021-02-18T09:38:23+00:00 INFO (6): {"status":"success","product_id":19645,"sku":"FLE48505","message":"Product updated successfully"}
2021-02-18T09:38:26+00:00 INFO (6): {"status":"success","product_id":19646,"sku":"FLE48510","message":"Product updated successfully"}
2021-02-18T09:38:30+00:00 INFO (6): {"status":"success","product_id":19647,"sku":"FLE48515","message":"Product updated successfully"}
2021-02-18T09:38:34+00:00 INFO (6): {"status":"success","product_id":19648,"sku":"FLE48520","message":"Product updated successfully"}
2021-02-18T09:38:37+00:00 INFO (6): {"status":"success","product_id":19650,"sku":"FLE48610","message":"Product updated successfully"}
2021-02-18T09:38:41+00:00 INFO (6): {"status":"success","product_id":19651,"sku":"FLE52005","message":"Product updated successfully"}
2021-02-18T09:38:44+00:00 INFO (6): {"status":"success","product_id":19652,"sku":"FLEBA310","message":"Product updated successfully"}
2021-02-18T09:38:47+00:00 INFO (6): {"status":"success","product_id":19653,"sku":"FLEBA320","message":"Product updated successfully"}
2021-02-18T09:38:50+00:00 INFO (6): {"status":"success","product_id":19654,"sku":"FLEBA340","message":"Product updated successfully"}
2021-02-18T09:38:56+00:00 INFO (6): {"status":"success","product_id":19655,"sku":"FLEBA360","message":"Product updated successfully"}
2021-02-18T09:38:59+00:00 INFO (6): {"status":"success","product_id":19656,"sku":"FLEBA370","message":"Product updated successfully"}
2021-02-18T09:39:04+00:00 INFO (6): {"status":"success","product_id":19657,"sku":"FLEBA380","message":"Product updated successfully"}
2021-02-18T09:39:10+00:00 INFO (6): {"status":"success","product_id":19658,"sku":"FLELP100C","message":"Product updated successfully"}
2021-02-18T09:39:14+00:00 INFO (6): {"status":"success","product_id":19659,"sku":"FLELP120C","message":"Product updated successfully"}
2021-02-18T09:39:18+00:00 INFO (6): {"status":"success","product_id":20434,"sku":"FLV56833","message":"Product updated successfully"}
2021-02-18T09:39:22+00:00 INFO (6): {"status":"success","product_id":20435,"sku":"FLV56835","message":"Product updated successfully"}
2021-02-18T09:39:25+00:00 INFO (6): {"status":"success","product_id":20436,"sku":"FLV56838","message":"Product updated successfully"}
2021-02-18T09:39:29+00:00 INFO (6): {"status":"success","product_id":20916,"sku":"FAIPINKEY","message":"Product updated successfully"}
2021-02-18T09:39:32+00:00 INFO (6): {"status":"success","product_id":21680,"sku":"FAIRH48118","message":"Product updated successfully"}
2021-02-18T09:39:36+00:00 INFO (6): {"status":"success","product_id":21681,"sku":"FAIRH54118","message":"Product updated successfully"}
2021-02-18T09:39:39+00:00 INFO (6): {"status":"success","product_id":21682,"sku":"FAIRH60118","message":"Product updated successfully"}
2021-02-18T09:39:44+00:00 INFO (6): {"status":"success","product_id":21683,"sku":"FAIRH601516","message":"Product updated successfully"}
2021-02-18T09:39:47+00:00 INFO (6): {"status":"success","product_id":21684,"sku":"FAIRH72118","message":"Product updated successfully"}
2021-02-18T09:39:51+00:00 INFO (6): {"status":"success","product_id":22150,"sku":"KILBIGK","message":"Product updated successfully"}
2021-02-18T09:39:55+00:00 INFO (6): {"status":"success","product_id":22151,"sku":"KILBKFCREAM","message":"Product updated successfully"}
2021-02-18T09:39:58+00:00 INFO (6): {"status":"success","product_id":22152,"sku":"KILBKFPOWDER","message":"Product updated successfully"}
2021-02-18T09:40:02+00:00 INFO (6): {"status":"success","product_id":22153,"sku":"KILBKFSPRAY","message":"Product updated successfully"}
2021-02-18T09:40:06+00:00 INFO (6): {"status":"success","product_id":22153,"sku":"KILBKFSPRAY","message":"Product updated successfully"}
2021-02-18T09:40:07+00:00 INFO (6): {"status":"success","product_id":22154,"sku":"KILGEL160","message":"Product updated successfully"}
2021-02-18T09:40:10+00:00 INFO (6): {"status":"success","product_id":22154,"sku":"KILGEL160","message":"Product updated successfully"}
2021-02-18T09:40:11+00:00 INFO (6): {"status":"success","product_id":22155,"sku":"KILIRONSTICK","message":"Product updated successfully"}
2021-02-18T09:40:14+00:00 INFO (6): {"status":"success","product_id":22155,"sku":"KILIRONSTICK","message":"Product updated successfully"}
2021-02-18T09:40:15+00:00 INFO (6): {"status":"success","product_id":22156,"sku":"KILKB500","message":"Product updated successfully"}
2021-02-18T09:40:18+00:00 INFO (6): {"status":"success","product_id":22156,"sku":"KILKB500","message":"Product updated successfully"}
2021-02-18T09:40:19+00:00 INFO (6): {"status":"success","product_id":22157,"sku":"KILKBBATH","message":"Product updated successfully"}
2021-02-18T09:40:21+00:00 INFO (6): {"status":"success","product_id":22157,"sku":"KILKBBATH","message":"Product updated successfully"}
2021-02-18T09:40:23+00:00 INFO (6): {"status":"success","product_id":22158,"sku":"KILKK20","message":"Product updated successfully"}
2021-02-18T09:40:26+00:00 INFO (6): {"status":"success","product_id":22158,"sku":"KILKK20","message":"Product updated successfully"}
2021-02-18T09:40:28+00:00 INFO (6): {"status":"success","product_id":22159,"sku":"KILMEGAK","message":"Product updated successfully"}
2021-02-18T09:40:32+00:00 INFO (6): {"status":"success","product_id":22159,"sku":"KILMEGAK","message":"Product updated successfully"}
2021-02-18T09:40:33+00:00 INFO (6): {"status":"success","product_id":22160,"sku":"KILPSPRAY","message":"Product updated successfully"}
2021-02-18T09:40:35+00:00 INFO (6): {"status":"success","product_id":22160,"sku":"KILPSPRAY","message":"Product updated successfully"}
2021-02-18T09:40:37+00:00 INFO (6): {"status":"success","product_id":22161,"sku":"KILRHINO","message":"Product updated successfully"}
2021-02-18T09:40:39+00:00 INFO (6): {"status":"success","product_id":22161,"sku":"KILRHINO","message":"Product updated successfully"}
2021-02-18T09:40:41+00:00 INFO (6): {"status":"success","product_id":22162,"sku":"KILRHINOBATH","message":"Product updated successfully"}
2021-02-18T09:40:43+00:00 INFO (6): {"status":"success","product_id":22162,"sku":"KILRHINOBATH","message":"Product updated successfully"}
2021-02-18T09:40:44+00:00 INFO (6): {"status":"success","product_id":22226,"sku":"JEY2004869","message":"Product updated successfully"}
2021-02-18T09:40:46+00:00 INFO (6): {"status":"success","product_id":22226,"sku":"JEY2004869","message":"Product updated successfully"}
2021-02-18T09:40:47+00:00 INFO (6): {"status":"success","product_id":22227,"sku":"JEY2004907","message":"Product updated successfully"}
2021-02-18T09:40:49+00:00 INFO (6): {"status":"success","product_id":22227,"sku":"JEY2004907","message":"Product updated successfully"}
2021-02-18T09:40:49+00:00 INFO (6): {"status":"success","product_id":22228,"sku":"JEY2004908","message":"Product updated successfully"}
2021-02-18T09:40:51+00:00 INFO (6): {"status":"success","product_id":22228,"sku":"JEY2004908","message":"Product updated successfully"}
2021-02-18T09:40:52+00:00 INFO (6): {"status":"success","product_id":22229,"sku":"JEY2005055","message":"Product updated successfully"}
2021-02-18T09:40:54+00:00 INFO (6): {"status":"success","product_id":22229,"sku":"JEY2005055","message":"Product updated successfully"}
2021-02-18T09:40:55+00:00 INFO (6): {"status":"success","product_id":22230,"sku":"JEY200975","message":"Product updated successfully"}
2021-02-18T09:40:58+00:00 INFO (6): {"status":"success","product_id":22230,"sku":"JEY200975","message":"Product updated successfully"}
2021-02-18T09:40:58+00:00 INFO (6): {"status":"success","product_id":22231,"sku":"JEY570280","message":"Product updated successfully"}
2021-02-18T09:41:00+00:00 INFO (6): {"status":"success","product_id":22231,"sku":"JEY570280","message":"Product updated successfully"}
2021-02-18T09:41:01+00:00 INFO (6): {"status":"success","product_id":22232,"sku":"JEY573200","message":"Product updated successfully"}
2021-02-18T09:41:05+00:00 INFO (6): {"status":"success","product_id":22232,"sku":"JEY573200","message":"Product updated successfully"}
2021-02-18T09:41:05+00:00 INFO (6): {"status":"success","product_id":22233,"sku":"JEY800270","message":"Product updated successfully"}
2021-02-18T09:41:08+00:00 INFO (6): {"status":"success","product_id":22233,"sku":"JEY800270","message":"Product updated successfully"}
2021-02-18T09:41:09+00:00 INFO (6): {"status":"success","product_id":22316,"sku":"KWB718111","message":"Product updated successfully"}
2021-02-18T09:41:11+00:00 INFO (6): {"status":"success","product_id":22316,"sku":"KWB718111","message":"Product updated successfully"}
2021-02-18T09:41:12+00:00 INFO (6): {"status":"success","product_id":23233,"sku":"KAR62953020","message":"Product updated successfully"}
2021-02-18T09:41:15+00:00 INFO (6): {"status":"success","product_id":23233,"sku":"KAR62953020","message":"Product updated successfully"}
2021-02-18T09:41:16+00:00 INFO (6): {"status":"success","product_id":23234,"sku":"KAR62957950","message":"Product updated successfully"}
2021-02-18T09:41:18+00:00 INFO (6): {"status":"success","product_id":23234,"sku":"KAR62957950","message":"Product updated successfully"}
2021-02-18T09:41:20+00:00 INFO (6): {"status":"success","product_id":23247,"sku":"KWB483500","message":"Product updated successfully"}
2021-02-18T09:41:22+00:00 INFO (6): {"status":"success","product_id":23247,"sku":"KWB483500","message":"Product updated successfully"}
2021-02-18T09:41:25+00:00 INFO (6): {"status":"success","product_id":23312,"sku":"KEW125300428","message":"Product updated successfully"}
2021-02-18T09:41:29+00:00 INFO (6): {"status":"success","product_id":23313,"sku":"KEW125300429","message":"Product updated successfully"}
2021-02-18T09:41:33+00:00 INFO (6): {"status":"success","product_id":23314,"sku":"KEW125300430","message":"Product updated successfully"}
2021-02-18T09:41:37+00:00 INFO (6): {"status":"success","product_id":24260,"sku":"GORBROOM30B","message":"Product updated successfully"}
2021-02-18T09:41:40+00:00 INFO (6): {"status":"success","product_id":24261,"sku":"GORBROOM30R","message":"Product updated successfully"}
2021-02-18T09:41:43+00:00 INFO (6): {"status":"success","product_id":24262,"sku":"GORBROOM30Y","message":"Product updated successfully"}
2021-02-18T09:41:47+00:00 INFO (6): {"status":"success","product_id":24263,"sku":"GORBROOM50B","message":"Product updated successfully"}
2021-02-18T09:41:52+00:00 INFO (6): {"status":"success","product_id":24264,"sku":"GORBROOM50R","message":"Product updated successfully"}
2021-02-18T09:41:57+00:00 INFO (6): {"status":"success","product_id":24265,"sku":"GORBROOM50Y","message":"Product updated successfully"}
2021-02-18T09:42:00+00:00 INFO (6): {"status":"success","product_id":24266,"sku":"GORHANDLEB","message":"Product updated successfully"}
2021-02-18T09:42:04+00:00 INFO (6): {"status":"success","product_id":24267,"sku":"GORHANDLER","message":"Product updated successfully"}
2021-02-18T09:42:07+00:00 INFO (6): {"status":"success","product_id":24268,"sku":"GORHANDLEY","message":"Product updated successfully"}
2021-02-18T09:42:09+00:00 INFO (6): {"status":"success","product_id":24842,"sku":"OTO44305","message":"Product updated successfully"}
2021-02-18T09:42:12+00:00 INFO (6): {"status":"success","product_id":24905,"sku":"OTO44578","message":"Product updated successfully"}
2021-02-18T09:42:15+00:00 INFO (6): {"status":"success","product_id":24906,"sku":"OTO44579","message":"Product updated successfully"}
2021-02-18T09:42:18+00:00 INFO (6): {"status":"success","product_id":24907,"sku":"OTO44580","message":"Product updated successfully"}
2021-02-18T09:42:20+00:00 INFO (6): {"status":"success","product_id":24908,"sku":"OTO44637","message":"Product updated successfully"}
2021-02-18T09:42:23+00:00 INFO (6): {"status":"success","product_id":24909,"sku":"OTO44831","message":"Product updated successfully"}
2021-02-18T09:42:26+00:00 INFO (6): {"status":"success","product_id":24910,"sku":"OTO44832","message":"Product updated successfully"}
2021-02-18T09:42:28+00:00 INFO (6): {"status":"success","product_id":24911,"sku":"OTO44835","message":"Product updated successfully"}
2021-02-18T09:42:31+00:00 INFO (6): {"status":"success","product_id":24985,"sku":"MPT630832","message":"Product updated successfully"}
2021-02-18T09:42:34+00:00 INFO (6): {"status":"success","product_id":24986,"sku":"MPT631580","message":"Product updated successfully"}
2021-02-18T09:42:37+00:00 INFO (6): {"status":"success","product_id":26323,"sku":"MGD145400","message":"Product updated successfully"}
2021-02-18T09:42:40+00:00 INFO (6): {"status":"success","product_id":26324,"sku":"MGD145401","message":"Product updated successfully"}
2021-02-18T09:42:42+00:00 INFO (6): {"status":"success","product_id":26325,"sku":"MGD145402","message":"Product updated successfully"}
2021-02-18T09:42:45+00:00 INFO (6): {"status":"success","product_id":26326,"sku":"MGD145407","message":"Product updated successfully"}
2021-02-18T09:42:47+00:00 INFO (6): {"status":"success","product_id":26327,"sku":"MGD150430","message":"Product updated successfully"}
2021-02-18T09:42:50+00:00 INFO (6): {"status":"success","product_id":26328,"sku":"MGD150444","message":"Product updated successfully"}
2021-02-18T09:42:52+00:00 INFO (6): {"status":"success","product_id":26331,"sku":"MGD150561","message":"Product updated successfully"}
2021-02-18T09:42:55+00:00 INFO (6): {"status":"success","product_id":26974,"sku":"LES146201","message":"Product updated successfully"}
2021-02-18T09:42:58+00:00 INFO (6): {"status":"success","product_id":26975,"sku":"LES148101","message":"Product updated successfully"}
2021-02-18T09:43:00+00:00 INFO (6): {"status":"success","product_id":32960,"sku":"MIL352473","message":"Product updated successfully"}
2021-02-18T09:43:04+00:00 INFO (6): {"status":"success","product_id":34049,"sku":"ROU52070","message":"Product updated successfully"}
2021-02-18T09:43:08+00:00 INFO (6): {"status":"success","product_id":34051,"sku":"ROU52090","message":"Product updated successfully"}
2021-02-18T09:43:10+00:00 INFO (6): {"status":"success","product_id":38416,"sku":"RUSSO100","message":"Product updated successfully"}
2021-02-18T09:43:13+00:00 INFO (6): {"status":"success","product_id":40027,"sku":"STV333","message":"Product updated successfully"}
2021-02-18T09:43:19+00:00 INFO (6): {"status":"success","product_id":43271,"sku":"UCRX114","message":"Product updated successfully"}
2021-02-18T09:43:23+00:00 INFO (6): {"status":"success","product_id":43272,"sku":"UCRX203","message":"Product updated successfully"}
2021-02-18T09:43:27+00:00 INFO (6): {"status":"success","product_id":43273,"sku":"UCRX243","message":"Product updated successfully"}
2021-02-18T09:43:31+00:00 INFO (6): {"status":"success","product_id":43274,"sku":"UCRX349U4","message":"Product updated successfully"}
2021-02-18T09:43:35+00:00 INFO (6): {"status":"success","product_id":43276,"sku":"UCRX499","message":"Product updated successfully"}
2021-02-18T09:43:39+00:00 INFO (6): {"status":"success","product_id":43277,"sku":"UCRX5060U4","message":"Product updated successfully"}
2021-02-18T09:43:43+00:00 INFO (6): {"status":"success","product_id":43278,"sku":"UCRX535U4B","message":"Product updated successfully"}
2021-02-18T09:43:47+00:00 INFO (6): {"status":"success","product_id":43279,"sku":"UCRX561U4B","message":"Product updated successfully"}
2021-02-18T09:43:51+00:00 INFO (6): {"status":"success","product_id":43280,"sku":"UNI1554713","message":"Product updated successfully"}
2021-02-18T09:43:54+00:00 INFO (6): {"status":"success","product_id":43281,"sku":"UNI1807921","message":"Product updated successfully"}
2021-02-18T09:43:57+00:00 INFO (6): {"status":"success","product_id":43282,"sku":"UNI1807937","message":"Product updated successfully"}
2021-02-18T09:43:59+00:00 INFO (6): {"status":"success","product_id":43283,"sku":"UNI1938842","message":"Product updated successfully"}
2021-02-18T09:44:03+00:00 INFO (6): {"status":"success","product_id":43284,"sku":"UNI2008301","message":"Product updated successfully"}
2021-02-18T09:44:06+00:00 INFO (6): {"status":"success","product_id":43285,"sku":"UNI2091273","message":"Product updated successfully"}
2021-02-18T09:44:08+00:00 INFO (6): {"status":"success","product_id":43286,"sku":"UNI2091538","message":"Product updated successfully"}
2021-02-18T09:44:11+00:00 INFO (6): {"status":"success","product_id":43287,"sku":"UPOAPL1","message":"Product updated successfully"}
2021-02-18T09:44:14+00:00 INFO (6): {"status":"success","product_id":43288,"sku":"UPOAPL3","message":"Product updated successfully"}
2021-02-18T09:44:17+00:00 INFO (6): {"status":"success","product_id":43289,"sku":"UPOGFM","message":"Product updated successfully"}
2021-02-18T09:44:20+00:00 INFO (6): {"status":"success","product_id":43290,"sku":"UPOGFT","message":"Product updated successfully"}
2021-02-18T09:44:24+00:00 INFO (6): {"status":"success","product_id":43209,"sku":"VIL141822","message":"Product updated successfully"}
2021-02-18T09:44:29+00:00 INFO (6): {"status":"success","product_id":43210,"sku":"VIL141996","message":"Product updated successfully"}
2021-02-18T09:44:34+00:00 INFO (6): {"status":"success","product_id":43211,"sku":"VIL142864","message":"Product updated successfully"}
2021-02-18T09:44:38+00:00 INFO (6): {"status":"success","product_id":43212,"sku":"VIL143050","message":"Product updated successfully"}
2021-02-18T09:44:42+00:00 INFO (6): {"status":"success","product_id":43213,"sku":"VIL143052","message":"Product updated successfully"}
2021-02-18T09:44:47+00:00 INFO (6): {"status":"success","product_id":43214,"sku":"KEW128390051","message":"Product updated successfully"}
2021-02-18T09:44:51+00:00 INFO (6): {"status":"success","product_id":43215,"sku":"KEWCOM110H","message":"Product updated successfully"}
2021-02-18T09:44:54+00:00 INFO (6): {"status":"success","product_id":43216,"sku":"KEWCOM110HG","message":"Product updated successfully"}
2021-02-18T09:44:58+00:00 INFO (6): {"status":"success","product_id":43217,"sku":"UCRX201","message":"Product updated successfully"}
2021-02-18T09:45:01+00:00 INFO (6): {"status":"success","product_id":43218,"sku":"TWX51778","message":"Product updated successfully"}
2021-02-18T09:45:07+00:00 INFO (6): {"status":"success","product_id":43219,"sku":"TWX51780","message":"Product updated successfully"}
2021-02-18T09:45:07+00:00 INFO (6): {"status":"success","product_id":43219,"sku":"TWX51780","message":"Product updated successfully"}
2021-02-18T09:45:11+00:00 INFO (6): {"status":"success","product_id":43220,"sku":"TWX51781","message":"Product updated successfully"}
2021-02-18T09:45:11+00:00 INFO (6): {"status":"success","product_id":43220,"sku":"TWX51781","message":"Product updated successfully"}
2021-02-18T09:45:14+00:00 INFO (6): {"status":"success","product_id":43221,"sku":"TWX51783","message":"Product updated successfully"}
2021-02-18T09:45:14+00:00 INFO (6): {"status":"success","product_id":43221,"sku":"TWX51783","message":"Product updated successfully"}
2021-02-18T09:45:17+00:00 INFO (6): {"status":"success","product_id":43222,"sku":"TWX51786","message":"Product updated successfully"}
2021-02-18T09:45:17+00:00 INFO (6): {"status":"success","product_id":43222,"sku":"TWX51786","message":"Product updated successfully"}
2021-02-18T09:45:20+00:00 INFO (6): {"status":"success","product_id":43223,"sku":"TWX51787","message":"Product updated successfully"}
2021-02-18T09:45:20+00:00 INFO (6): {"status":"success","product_id":43223,"sku":"TWX51787","message":"Product updated successfully"}
2021-02-18T09:45:23+00:00 INFO (6): {"status":"success","product_id":43224,"sku":"TWX51788","message":"Product updated successfully"}
2021-02-18T09:45:24+00:00 INFO (6): {"status":"success","product_id":43224,"sku":"TWX51788","message":"Product updated successfully"}
2021-02-18T09:45:26+00:00 INFO (6): {"status":"success","product_id":43225,"sku":"TWX51790","message":"Product updated successfully"}
2021-02-18T09:45:26+00:00 INFO (6): {"status":"success","product_id":43225,"sku":"TWX51790","message":"Product updated successfully"}
2021-02-18T09:45:29+00:00 INFO (6): {"status":"success","product_id":43226,"sku":"TWX51793","message":"Product updated successfully"}
2021-02-18T09:45:29+00:00 INFO (6): {"status":"success","product_id":43226,"sku":"TWX51793","message":"Product updated successfully"}
2021-02-18T09:45:32+00:00 INFO (6): {"status":"success","product_id":43227,"sku":"TWX51795","message":"Product updated successfully"}
2021-02-18T09:45:32+00:00 INFO (6): {"status":"success","product_id":43227,"sku":"TWX51795","message":"Product updated successfully"}
2021-02-18T09:45:35+00:00 INFO (6): {"status":"success","product_id":43228,"sku":"TWX51800","message":"Product updated successfully"}
2021-02-18T09:45:35+00:00 INFO (6): {"status":"success","product_id":43228,"sku":"TWX51800","message":"Product updated successfully"}
2021-02-18T09:45:39+00:00 INFO (6): {"status":"success","product_id":43229,"sku":"VIL151610","message":"Product updated successfully"}
2021-02-18T09:45:40+00:00 INFO (6): {"status":"success","product_id":43229,"sku":"VIL151610","message":"Product updated successfully"}
2021-02-18T09:45:44+00:00 INFO (6): {"status":"success","product_id":43230,"sku":"VIL152387","message":"Product updated successfully"}
2021-02-18T09:45:50+00:00 INFO (6): {"status":"success","product_id":43231,"sku":"VIL152391","message":"Product updated successfully"}
2021-02-18T09:45:54+00:00 INFO (6): {"status":"success","product_id":43232,"sku":"VIL155675","message":"Product updated successfully"}
2021-02-18T09:45:58+00:00 INFO (6): {"status":"success","product_id":43233,"sku":"VIL155747","message":"Product updated successfully"}
2021-02-18T09:46:01+00:00 INFO (6): {"status":"success","product_id":43234,"sku":"KEWCOM120HG","message":"Product updated successfully"}
2021-02-18T09:46:05+00:00 INFO (6): {"status":"success","product_id":43235,"sku":"KEWCOM120M","message":"Product updated successfully"}
2021-02-18T09:46:08+00:00 INFO (6): {"status":"success","product_id":43238,"sku":"TWX52653","message":"Product updated successfully"}
2021-02-18T09:46:11+00:00 INFO (6): {"status":"success","product_id":43239,"sku":"TWX52736","message":"Product updated successfully"}
2021-02-18T09:46:14+00:00 INFO (6): {"status":"success","product_id":43240,"sku":"TWX52811","message":"Product updated successfully"}
2021-02-18T09:46:17+00:00 INFO (6): {"status":"success","product_id":43241,"sku":"TWX52812","message":"Product updated successfully"}
2021-02-18T09:46:21+00:00 INFO (6): {"status":"success","product_id":43242,"sku":"TWX52813","message":"Product updated successfully"}
2021-02-18T09:46:23+00:00 INFO (6): {"status":"success","product_id":43243,"sku":"TWX52815","message":"Product updated successfully"}
2021-02-18T09:46:26+00:00 INFO (6): {"status":"success","product_id":43244,"sku":"TWX52817","message":"Product updated successfully"}
2021-02-18T09:46:29+00:00 INFO (6): {"status":"success","product_id":43245,"sku":"TWX52818","message":"Product updated successfully"}
2021-02-18T09:46:33+00:00 INFO (6): {"status":"success","product_id":43246,"sku":"TWX52819","message":"Product updated successfully"}
2021-02-18T09:46:37+00:00 INFO (6): {"status":"success","product_id":43247,"sku":"TWX52820","message":"Product updated successfully"}
2021-02-18T09:46:39+00:00 INFO (6): {"status":"success","product_id":43248,"sku":"TWX52821","message":"Product updated successfully"}
2021-02-18T09:46:43+00:00 INFO (6): {"status":"success","product_id":43249,"sku":"TWX52824","message":"Product updated successfully"}
2021-02-18T09:46:46+00:00 INFO (6): {"status":"success","product_id":43250,"sku":"KEWCOM125MN","message":"Product updated successfully"}
2021-02-18T09:46:49+00:00 INFO (6): {"status":"success","product_id":43251,"sku":"KEWCOM135IMN","message":"Product updated successfully"}
2021-02-18T09:46:52+00:00 INFO (6): {"status":"success","product_id":43252,"sku":"TWX53033","message":"Product updated successfully"}
2021-02-18T09:46:55+00:00 INFO (6): {"status":"success","product_id":43253,"sku":"TWX53037","message":"Product updated successfully"}
2021-02-18T09:46:59+00:00 INFO (6): {"status":"success","product_id":43254,"sku":"TWX53099","message":"Product updated successfully"}
2021-02-18T09:47:02+00:00 INFO (6): {"status":"success","product_id":43255,"sku":"TWX53139","message":"Product updated successfully"}
2021-02-18T09:47:05+00:00 INFO (6): {"status":"success","product_id":43256,"sku":"TWX53140","message":"Product updated successfully"}
2021-02-18T09:47:08+00:00 INFO (6): {"status":"success","product_id":43257,"sku":"TWX53142","message":"Product updated successfully"}
2021-02-18T09:47:13+00:00 INFO (6): {"status":"success","product_id":43258,"sku":"TWX53146","message":"Product updated successfully"}
2021-02-18T09:47:16+00:00 INFO (6): {"status":"success","product_id":43261,"sku":"TWX53284","message":"Product updated successfully"}
2021-02-18T09:47:19+00:00 INFO (6): {"status":"success","product_id":43262,"sku":"TWX53502","message":"Product updated successfully"}
2021-02-18T09:47:22+00:00 INFO (6): {"status":"success","product_id":43263,"sku":"TWX53556","message":"Product updated successfully"}
2021-02-18T09:47:26+00:00 INFO (6): {"status":"success","product_id":43264,"sku":"UCRCL225","message":"Product updated successfully"}
2021-02-18T09:47:30+00:00 INFO (6): {"status":"success","product_id":43265,"sku":"UCRCL300","message":"Product updated successfully"}
2021-02-18T09:47:35+00:00 INFO (6): {"status":"success","product_id":43266,"sku":"UCRCL450","message":"Product updated successfully"}
2021-02-18T09:47:38+00:00 INFO (6): {"status":"success","product_id":43267,"sku":"UCRCLW","message":"Product updated successfully"}
2021-02-18T09:47:42+00:00 INFO (6): {"status":"success","product_id":43268,"sku":"UCRDPAD","message":"Product updated successfully"}
2021-02-18T09:47:45+00:00 INFO (6): {"status":"success","product_id":43269,"sku":"UCRJSPONGE","message":"Product updated successfully"}
2021-02-18T09:47:47+00:00 INFO (6): {"status":"success","product_id":42401,"sku":"UCRST200","message":"Product updated successfully"}
2021-02-18T09:47:49+00:00 INFO (6): {"status":"success","product_id":42402,"sku":"UCRST400","message":"Product updated successfully"}
2021-02-18T09:47:53+00:00 INFO (6): {"status":"success","product_id":43270,"sku":"UCRST800","message":"Product updated successfully"}
2021-02-18T09:47:56+00:00 INFO (6): {"status":"success","product_id":43145,"sku":"FAIAUNOZZLE","message":"Product updated successfully"}
2021-02-18T09:48:00+00:00 INFO (6): {"status":"success","product_id":43146,"sku":"FAIAUPGAUGE","message":"Product updated successfully"}
2021-02-18T09:48:03+00:00 INFO (6): {"status":"success","product_id":43147,"sku":"PKT000287","message":"Product updated successfully"}
2021-02-18T09:48:06+00:00 INFO (6): {"status":"success","product_id":43148,"sku":"PKT000289","message":"Product updated successfully"}
2021-02-18T09:48:11+00:00 INFO (6): {"status":"success","product_id":43149,"sku":"PKT000290","message":"Product updated successfully"}
2021-02-18T09:48:14+00:00 INFO (6): {"status":"success","product_id":43150,"sku":"PKT000291","message":"Product updated successfully"}
2021-02-18T09:48:17+00:00 INFO (6): {"status":"success","product_id":43151,"sku":"PKT000292","message":"Product updated successfully"}
2021-02-18T09:48:21+00:00 INFO (6): {"status":"success","product_id":43152,"sku":"PKT000293","message":"Product updated successfully"}
2021-02-18T09:48:24+00:00 INFO (6): {"status":"success","product_id":43153,"sku":"PKT000294","message":"Product updated successfully"}
2021-02-18T09:48:28+00:00 INFO (6): {"status":"success","product_id":43154,"sku":"PKT000295","message":"Product updated successfully"}
2021-02-18T09:48:31+00:00 INFO (6): {"status":"success","product_id":43155,"sku":"PKT000296","message":"Product updated successfully"}
2021-02-18T09:48:34+00:00 INFO (6): {"status":"success","product_id":43156,"sku":"PKT090102","message":"Product updated successfully"}
2021-02-18T09:48:37+00:00 INFO (6): {"status":"success","product_id":43157,"sku":"PKT090104","message":"Product updated successfully"}
2021-02-18T09:48:40+00:00 INFO (6): {"status":"success","product_id":43158,"sku":"PKT090108","message":"Product updated successfully"}
2021-02-18T09:48:43+00:00 INFO (6): {"status":"success","product_id":43159,"sku":"PKT090300","message":"Product updated successfully"}
2021-02-18T09:48:47+00:00 INFO (6): {"status":"success","product_id":43161,"sku":"PKT090305","message":"Product updated successfully"}
2021-02-18T09:48:50+00:00 INFO (6): {"status":"success","product_id":43162,"sku":"FAIAUTGAUGE","message":"Product updated successfully"}
2021-02-18T09:48:54+00:00 INFO (6): {"status":"success","product_id":43163,"sku":"FAIAUTRACTOR","message":"Product updated successfully"}
2021-02-18T09:48:57+00:00 INFO (6): {"status":"success","product_id":43164,"sku":"FAIAUTYINFLO","message":"Product updated successfully"}
2021-02-18T09:49:01+00:00 INFO (6): {"status":"success","product_id":43165,"sku":"FAIBAG1TONNE","message":"Product updated successfully"}
2021-02-18T09:49:04+00:00 INFO (6): {"status":"success","product_id":43166,"sku":"FAILITGRAB","message":"Product updated successfully"}
2021-02-18T09:49:08+00:00 INFO (6): {"status":"success","product_id":43167,"sku":"FSK1015646","message":"Product updated successfully"}
2021-02-18T09:49:10+00:00 INFO (6): {"status":"success","product_id":43168,"sku":"FSK1015647","message":"Product updated successfully"}
2021-02-18T09:49:13+00:00 INFO (6): {"status":"success","product_id":43169,"sku":"PKT090310","message":"Product updated successfully"}
2021-02-18T09:49:16+00:00 INFO (6): {"status":"success","product_id":43170,"sku":"PKT090402","message":"Product updated successfully"}
2021-02-18T09:49:19+00:00 INFO (6): {"status":"success","product_id":43171,"sku":"PKT090403","message":"Product updated successfully"}
2021-02-18T09:49:22+00:00 INFO (6): {"status":"success","product_id":43172,"sku":"PKT090404","message":"Product updated successfully"}
2021-02-18T09:49:26+00:00 INFO (6): {"status":"success","product_id":43173,"sku":"PKT090405","message":"Product updated successfully"}
2021-02-18T09:49:29+00:00 INFO (6): {"status":"success","product_id":43174,"sku":"PKT090500","message":"Product updated successfully"}
2021-02-18T09:49:32+00:00 INFO (6): {"status":"success","product_id":43175,"sku":"PKT090502","message":"Product updated successfully"}
2021-02-18T09:49:36+00:00 INFO (6): {"status":"success","product_id":43176,"sku":"SCJ308557","message":"Product updated successfully"}
2021-02-18T09:49:42+00:00 INFO (6): {"status":"success","product_id":43177,"sku":"SCJ316525","message":"Product updated successfully"}
2021-02-18T09:49:45+00:00 INFO (6): {"status":"success","product_id":43178,"sku":"VIL102811","message":"Product updated successfully"}
2021-02-18T09:49:49+00:00 INFO (6): {"status":"success","product_id":43179,"sku":"VIL110620","message":"Product updated successfully"}
2021-02-18T09:49:52+00:00 INFO (6): {"status":"success","product_id":43180,"sku":"VIL114566","message":"Product updated successfully"}
2021-02-18T09:49:56+00:00 INFO (6): {"status":"success","product_id":43181,"sku":"VIL126575","message":"Product updated successfully"}
2021-02-18T09:49:59+00:00 INFO (6): {"status":"success","product_id":43182,"sku":"VIL126896","message":"Product updated successfully"}
2021-02-18T09:50:02+00:00 INFO (6): {"status":"success","product_id":43183,"sku":"VIL128263","message":"Product updated successfully"}
2021-02-18T09:50:05+00:00 INFO (6): {"status":"success","product_id":43184,"sku":"HLS164221","message":"Product updated successfully"}
2021-02-18T09:50:06+00:00 INFO (6): {"status":"success","product_id":43183,"sku":"VIL128263","message":"Product updated successfully"}
2021-02-18T09:50:09+00:00 INFO (6): {"status":"success","product_id":43184,"sku":"HLS164221","message":"Product updated successfully"}
2021-02-18T09:50:17+00:00 INFO (6): {"status":"success","product_id":43185,"sku":"KARK5PFCPH","message":"Product updated successfully"}
2021-02-18T09:50:19+00:00 INFO (6): {"status":"success","product_id":43185,"sku":"KARK5PFCPH","message":"Product updated successfully"}
2021-02-18T09:50:21+00:00 INFO (6): {"status":"success","product_id":43186,"sku":"KARK7PFCPH","message":"Product updated successfully"}
2021-02-18T09:50:23+00:00 INFO (6): {"status":"success","product_id":43186,"sku":"KARK7PFCPH","message":"Product updated successfully"}
2021-02-18T09:50:24+00:00 INFO (6): {"status":"success","product_id":43187,"sku":"KARSC3E","message":"Product updated successfully"}
2021-02-18T09:50:26+00:00 INFO (6): {"status":"success","product_id":43187,"sku":"KARSC3E","message":"Product updated successfully"}
2021-02-18T09:50:29+00:00 INFO (6): {"status":"success","product_id":43188,"sku":"SCJ316533","message":"Product updated successfully"}
2021-02-18T09:50:29+00:00 INFO (6): {"status":"success","product_id":43188,"sku":"SCJ316533","message":"Product updated successfully"}
2021-02-18T09:50:35+00:00 INFO (6): {"status":"success","product_id":43189,"sku":"SCJ320227","message":"Product updated successfully"}
2021-02-18T09:50:35+00:00 INFO (6): {"status":"success","product_id":43189,"sku":"SCJ320227","message":"Product updated successfully"}
2021-02-18T09:50:39+00:00 INFO (6): {"status":"success","product_id":43190,"sku":"SCJ669311","message":"Product updated successfully"}
2021-02-18T09:50:43+00:00 INFO (6): {"status":"success","product_id":43191,"sku":"SCJ688173","message":"Product updated successfully"}
2021-02-18T09:50:47+00:00 INFO (6): {"status":"success","product_id":43192,"sku":"SCJBWU5LTR","message":"Product updated successfully"}
2021-02-18T09:50:50+00:00 INFO (6): {"status":"success","product_id":43193,"sku":"TUW1","message":"Product updated successfully"}
2021-02-18T09:50:53+00:00 INFO (6): {"status":"success","product_id":43194,"sku":"TUW25","message":"Product updated successfully"}
2021-02-18T09:50:56+00:00 INFO (6): {"status":"success","product_id":43195,"sku":"TUW5","message":"Product updated successfully"}
2021-02-18T09:51:01+00:00 INFO (6): {"status":"success","product_id":43196,"sku":"TWX50187","message":"Product updated successfully"}
2021-02-18T09:51:04+00:00 INFO (6): {"status":"success","product_id":43197,"sku":"TWX50391","message":"Product updated successfully"}
2021-02-18T09:51:07+00:00 INFO (6): {"status":"success","product_id":43198,"sku":"TWX50935","message":"Product updated successfully"}
2021-02-18T09:51:10+00:00 INFO (6): {"status":"success","product_id":43199,"sku":"TWX51680","message":"Product updated successfully"}
2021-02-18T09:51:15+00:00 INFO (6): {"status":"success","product_id":43200,"sku":"TWX51768","message":"Product updated successfully"}
2021-02-18T09:51:19+00:00 INFO (6): {"status":"success","product_id":43201,"sku":"VIL134180AV","message":"Product updated successfully"}
2021-02-18T09:51:22+00:00 INFO (6): {"status":"success","product_id":43202,"sku":"VIL134301","message":"Product updated successfully"}
2021-02-18T09:51:26+00:00 INFO (6): {"status":"success","product_id":43203,"sku":"VIL137648","message":"Product updated successfully"}
2021-02-18T09:51:31+00:00 INFO (6): {"status":"success","product_id":43204,"sku":"VIL139110","message":"Product updated successfully"}
2021-02-18T09:51:34+00:00 INFO (6): {"status":"success","product_id":43205,"sku":"VIL139961","message":"Product updated successfully"}
2021-02-18T09:51:38+00:00 INFO (6): {"status":"success","product_id":43206,"sku":"VIL139963","message":"Product updated successfully"}
2021-02-18T09:51:42+00:00 INFO (6): {"status":"success","product_id":43207,"sku":"VIL140626","message":"Product updated successfully"}
2021-02-18T09:51:45+00:00 INFO (6): {"status":"success","product_id":43208,"sku":"VIL141752","message":"Product updated successfully"}
2021-02-18T09:51:48+00:00 INFO (6): {"status":"success","product_id":42675,"sku":"TWX53143","message":"Product updated successfully"}
2021-02-18T09:51:52+00:00 INFO (6): {"status":"success","product_id":43160,"sku":"PKT090301","message":"Product updated successfully"}
2021-02-18T09:51:56+00:00 INFO (6): {"status":"success","product_id":43275,"sku":"UCRX424","message":"Product updated successfully"}
2021-02-18T09:51:59+00:00 INFO (6): {"status":"success","product_id":42695,"sku":"UPOON1","message":"Product updated successfully"}
2021-02-18T09:52:02+00:00 INFO (6): {"status":"success","product_id":42696,"sku":"TWX51791","message":"Product updated successfully"}
2021-02-18T09:52:05+00:00 INFO (6): {"status":"success","product_id":42697,"sku":"UPORESM","message":"Product updated successfully"}
2021-02-18T09:52:08+00:00 INFO (6): {"status":"success","product_id":42698,"sku":"UPOP401","message":"Product updated successfully"}
2021-02-18T09:52:13+00:00 INFO (6): {"status":"success","product_id":42699,"sku":"UCRX932U4","message":"Product updated successfully"}
2021-02-18T09:52:19+00:00 INFO (6): {"status":"success","product_id":42700,"sku":"SCJ316524","message":"Product updated successfully"}
2021-02-18T09:52:23+00:00 INFO (6): {"status":"success","product_id":42701,"sku":"SCJ316526","message":"Product updated successfully"}
2021-02-18T09:52:27+00:00 INFO (6): {"status":"success","product_id":42702,"sku":"UCRX110U1D","message":"Product updated successfully"}
2021-02-18T09:52:30+00:00 INFO (6): {"status":"success","product_id":42707,"sku":"TWX53328","message":"Product updated successfully"}
2021-02-18T09:52:33+00:00 INFO (6): {"status":"success","product_id":42708,"sku":"FAIAUFUNNEL","message":"Product updated successfully"}
2021-02-18T09:52:37+00:00 INFO (6): {"status":"success","product_id":42709,"sku":"PKT000279","message":"Product updated successfully"}
2021-02-18T09:52:41+00:00 INFO (6): {"status":"success","product_id":42710,"sku":"UCRPSPONGE","message":"Product updated successfully"}
2021-02-18T09:52:44+00:00 INFO (6): {"status":"success","product_id":42711,"sku":"PKT000270","message":"Product updated successfully"}
2021-02-18T09:52:47+00:00 INFO (6): {"status":"success","product_id":42712,"sku":"TWX52738","message":"Product updated successfully"}
2021-02-18T09:52:50+00:00 INFO (6): {"status":"success","product_id":42715,"sku":"PKT090307","message":"Product updated successfully"}
2021-02-18T09:52:53+00:00 INFO (6): {"status":"success","product_id":42716,"sku":"PKT090308","message":"Product updated successfully"}
2021-02-18T09:52:56+00:00 INFO (6): {"status":"success","product_id":42717,"sku":"UPOEASY","message":"Product updated successfully"}
2021-02-18T09:52:59+00:00 INFO (6): {"status":"success","product_id":42718,"sku":"UNI1554712","message":"Product updated successfully"}
2021-02-18T09:53:10+00:00 INFO (6): {"status":"success","product_id":42726,"sku":"VIL150730","message":"Product updated successfully"}
2021-02-18T09:53:13+00:00 INFO (6): {"status":"success","product_id":43108,"sku":"UPOGLLAD","message":"Product updated successfully"}
2021-02-18T09:53:16+00:00 INFO (6): {"status":"success","product_id":43109,"sku":"UPOGLSMD","message":"Product updated successfully"}
2021-02-18T09:53:19+00:00 INFO (6): {"status":"success","product_id":43110,"sku":"UPOH3840S","message":"Product updated successfully"}
2021-02-18T09:53:23+00:00 INFO (6): {"status":"success","product_id":43111,"sku":"UPOHREDL","message":"Product updated successfully"}
2021-02-18T09:53:26+00:00 INFO (6): {"status":"success","product_id":43112,"sku":"UPOP381","message":"Product updated successfully"}
2021-02-18T09:53:29+00:00 INFO (6): {"status":"success","product_id":43113,"sku":"UPOP382","message":"Product updated successfully"}
2021-02-18T09:53:33+00:00 INFO (6): {"status":"success","product_id":43114,"sku":"UPOP384","message":"Product updated successfully"}
2021-02-18T09:53:36+00:00 INFO (6): {"status":"success","product_id":42502,"sku":"UPOP38L","message":"Product updated successfully"}
2021-02-18T09:53:39+00:00 INFO (6): {"status":"success","product_id":43115,"sku":"UPOP38S","message":"Product updated successfully"}
2021-02-18T09:53:43+00:00 INFO (6): {"status":"success","product_id":43116,"sku":"UPOP40S","message":"Product updated successfully"}
2021-02-18T09:53:46+00:00 INFO (6): {"status":"success","product_id":43117,"sku":"UPOPM1","message":"Product updated successfully"}
2021-02-18T09:53:49+00:00 INFO (6): {"status":"success","product_id":43118,"sku":"UPORELA","message":"Product updated successfully"}
2021-02-18T09:53:52+00:00 INFO (6): {"status":"success","product_id":43119,"sku":"UPOTRAG10","message":"Product updated successfully"}
2021-02-18T09:53:56+00:00 INFO (6): {"status":"success","product_id":42503,"sku":"UPOTRAG50","message":"Product updated successfully"}
2021-02-18T09:54:00+00:00 INFO (6): {"status":"success","product_id":43120,"sku":"MGD150442","message":"Product updated successfully"}
2021-02-18T09:54:03+00:00 INFO (6): {"status":"success","product_id":43121,"sku":"MGD159830","message":"Product updated successfully"}
2021-02-18T09:54:07+00:00 INFO (6): {"status":"success","product_id":43122,"sku":"FAIAUDEPTH","message":"Product updated successfully"}
2021-02-18T09:54:11+00:00 INFO (6): {"status":"success","product_id":43123,"sku":"FAIAUFPUMP1","message":"Product updated successfully"}
2021-02-18T09:54:14+00:00 INFO (6): {"status":"success","product_id":43124,"sku":"MGD166351","message":"Product updated successfully"}
2021-02-18T09:54:18+00:00 INFO (6): {"status":"success","product_id":43125,"sku":"PKT000272","message":"Product updated successfully"}
2021-02-18T09:54:21+00:00 INFO (6): {"status":"success","product_id":43126,"sku":"PKT000273","message":"Product updated successfully"}
2021-02-18T09:54:24+00:00 INFO (6): {"status":"success","product_id":43127,"sku":"PKT000274","message":"Product updated successfully"}
2021-02-18T09:54:27+00:00 INFO (6): {"status":"success","product_id":43128,"sku":"PKT000275","message":"Product updated successfully"}
2021-02-18T09:54:30+00:00 INFO (6): {"status":"success","product_id":43129,"sku":"PKT000276","message":"Product updated successfully"}
2021-02-18T09:54:34+00:00 INFO (6): {"status":"success","product_id":43130,"sku":"PKT000277","message":"Product updated successfully"}
2021-02-18T09:54:37+00:00 INFO (6): {"status":"success","product_id":43131,"sku":"PKT000278","message":"Product updated successfully"}
2021-02-18T09:54:40+00:00 INFO (6): {"status":"success","product_id":43132,"sku":"PKT000280","message":"Product updated successfully"}
2021-02-18T09:54:44+00:00 INFO (6): {"status":"success","product_id":43133,"sku":"PKT000281","message":"Product updated successfully"}
2021-02-18T09:54:48+00:00 INFO (6): {"status":"success","product_id":43134,"sku":"PKT000283","message":"Product updated successfully"}
2021-02-18T09:54:52+00:00 INFO (6): {"status":"success","product_id":43135,"sku":"PKT000284","message":"Product updated successfully"}
2021-02-18T09:54:56+00:00 INFO (6): {"status":"success","product_id":43136,"sku":"PKT000285","message":"Product updated successfully"}
2021-02-18T09:54:59+00:00 INFO (6): {"status":"success","product_id":43137,"sku":"PKT000286","message":"Product updated successfully"}
2021-02-18T09:55:04+00:00 INFO (6): {"status":"success","product_id":43138,"sku":"FAIAUFPUMP2","message":"Product updated successfully"}
2021-02-18T09:55:07+00:00 INFO (6): {"status":"success","product_id":43138,"sku":"FAIAUFPUMP2","message":"Product updated successfully"}
2021-02-18T09:55:08+00:00 INFO (6): {"status":"success","product_id":46774,"sku":"FAIAUFUNNEL3","message":"Product updated successfully"}
2021-02-18T09:55:11+00:00 INFO (6): {"status":"success","product_id":46774,"sku":"FAIAUFUNNEL3","message":"Product updated successfully"}
2021-02-18T09:55:12+00:00 INFO (6): {"status":"success","product_id":43139,"sku":"FAIAUHPUMP","message":"Product updated successfully"}
2021-02-18T09:55:14+00:00 INFO (6): {"status":"success","product_id":43139,"sku":"FAIAUHPUMP","message":"Product updated successfully"}
2021-02-18T09:55:15+00:00 INFO (6): {"status":"success","product_id":43140,"sku":"FAIAUJERRY10","message":"Product updated successfully"}
2021-02-18T09:55:17+00:00 INFO (6): {"status":"success","product_id":43140,"sku":"FAIAUJERRY10","message":"Product updated successfully"}
2021-02-18T09:55:17+00:00 INFO (6): {"status":"success","product_id":43141,"sku":"FAIAUJERRY20","message":"Product updated successfully"}
2021-02-18T09:55:20+00:00 INFO (6): {"status":"success","product_id":43142,"sku":"FAIAUJERRY5","message":"Product updated successfully"}
2021-02-18T09:55:20+00:00 INFO (6): {"status":"success","product_id":43141,"sku":"FAIAUJERRY20","message":"Product updated successfully"}
2021-02-18T09:55:22+00:00 INFO (6): {"status":"success","product_id":43143,"sku":"FAIAUJL16MM","message":"Product updated successfully"}
2021-02-18T09:55:23+00:00 INFO (6): {"status":"success","product_id":43142,"sku":"FAIAUJERRY5","message":"Product updated successfully"}
2021-02-18T09:55:26+00:00 INFO (6): {"status":"success","product_id":43144,"sku":"FAIAUJL5MM","message":"Product updated successfully"}
2021-02-18T09:55:26+00:00 INFO (6): ---------------- END API Cron 18/02/21 09:55:26 ----------------
2021-02-18T09:55:27+00:00 INFO (6): {"status":"success","product_id":43143,"sku":"FAIAUJL16MM","message":"Product updated successfully"}
2021-02-18T09:55:27+00:00 INFO (6): ---------------- END API Cron 18/02/21 09:55:27 ----------------
2021-02-18T09:55:30+00:00 INFO (6): {"status":"success","product_id":43144,"sku":"FAIAUJL5MM","message":"Product updated successfully"}
2021-02-18T09:55:30+00:00 INFO (6): ---------------- END API Cron 18/02/21 09:55:30 ----------------
