2021-02-17T01:30:51+00:00 INFO (6): ---------------- START API Cron 17/02/21 01:30:51 ----------------
2021-02-17T01:30:54+00:00 INFO (6): {"status":"success","product_id":19395,"sku":"FORRWASH104M","message":"Product updated successfully"}
2021-02-17T01:30:58+00:00 INFO (6): {"status":"success","product_id":19396,"sku":"FORRWASH124M","message":"Product updated successfully"}
2021-02-17T01:31:01+00:00 INFO (6): {"status":"success","product_id":19397,"sku":"FORRWASH840M","message":"Product updated successfully"}
2021-02-17T01:31:06+00:00 INFO (6): {"status":"success","product_id":19955,"sku":"FORMWASH105M","message":"Product updated successfully"}
2021-02-17T01:31:10+00:00 INFO (6): {"status":"success","product_id":19956,"sku":"FORMWASH125M","message":"Product updated successfully"}
2021-02-17T01:31:14+00:00 INFO (6): {"status":"success","product_id":19957,"sku":"FORMWASH650M","message":"Product updated successfully"}
2021-02-17T01:31:18+00:00 INFO (6): {"status":"success","product_id":19958,"sku":"FORMWASH850M","message":"Product updated successfully"}
2021-02-17T01:31:23+00:00 INFO (6): {"status":"success","product_id":20288,"sku":"FORPENY10M","message":"Product updated successfully"}
2021-02-17T01:31:27+00:00 INFO (6): {"status":"success","product_id":20289,"sku":"FORPENY12M","message":"Product updated successfully"}
2021-02-17T01:31:31+00:00 INFO (6): {"status":"success","product_id":20290,"sku":"FORPENY5M","message":"Product updated successfully"}
2021-02-17T01:31:35+00:00 INFO (6): {"status":"success","product_id":20291,"sku":"FORPENY6M","message":"Product updated successfully"}
2021-02-17T01:31:39+00:00 INFO (6): {"status":"success","product_id":20292,"sku":"FORPENY8M","message":"Product updated successfully"}
2021-02-17T01:31:44+00:00 INFO (6): {"status":"success","product_id":20491,"sku":"FORFPSW10","message":"Product updated successfully"}
2021-02-17T01:31:48+00:00 INFO (6): {"status":"success","product_id":20492,"sku":"FORFPSW12","message":"Product updated successfully"}
2021-02-17T01:31:53+00:00 INFO (6): {"status":"success","product_id":20493,"sku":"FORFPSW5","message":"Product updated successfully"}
2021-02-17T01:31:58+00:00 INFO (6): {"status":"success","product_id":20494,"sku":"FORFPSW6","message":"Product updated successfully"}
2021-02-17T01:32:02+00:00 INFO (6): {"status":"success","product_id":20495,"sku":"FORFPSW8","message":"Product updated successfully"}
2021-02-17T01:32:06+00:00 INFO (6): {"status":"success","product_id":20502,"sku":"FORFPWAS10","message":"Product updated successfully"}
2021-02-17T01:32:10+00:00 INFO (6): {"status":"success","product_id":20503,"sku":"FORFPWAS1025","message":"Product updated successfully"}
2021-02-17T01:32:13+00:00 INFO (6): {"status":"success","product_id":20504,"sku":"FORFPWAS1040","message":"Product updated successfully"}
2021-02-17T01:32:17+00:00 INFO (6): {"status":"success","product_id":20505,"sku":"FORFPWAS1050","message":"Product updated successfully"}
2021-02-17T01:32:22+00:00 INFO (6): {"status":"success","product_id":20506,"sku":"FORFPWAS10S","message":"Product updated successfully"}
2021-02-17T01:32:25+00:00 INFO (6): {"status":"success","product_id":20507,"sku":"FORFPWAS12","message":"Product updated successfully"}
2021-02-17T01:32:29+00:00 INFO (6): {"status":"success","product_id":20508,"sku":"FORFPWAS1225","message":"Product updated successfully"}
2021-02-17T01:32:33+00:00 INFO (6): {"status":"success","product_id":20509,"sku":"FORFPWAS1240","message":"Product updated successfully"}
2021-02-17T01:32:37+00:00 INFO (6): {"status":"success","product_id":20598,"sku":"FORFPWAS1250","message":"Product updated successfully"}
2021-02-17T01:32:41+00:00 INFO (6): {"status":"success","product_id":20599,"sku":"FORFPWAS12S","message":"Product updated successfully"}
2021-02-17T01:32:45+00:00 INFO (6): {"status":"success","product_id":20600,"sku":"FORFPWAS16","message":"Product updated successfully"}
2021-02-17T01:32:50+00:00 INFO (6): {"status":"success","product_id":20601,"sku":"FORFPWAS20","message":"Product updated successfully"}
2021-02-17T01:32:54+00:00 INFO (6): {"status":"success","product_id":20602,"sku":"FORFPWAS3","message":"Product updated successfully"}
2021-02-17T01:32:58+00:00 INFO (6): {"status":"success","product_id":20603,"sku":"FORFPWAS4","message":"Product updated successfully"}
2021-02-17T01:33:03+00:00 INFO (6): {"status":"success","product_id":20604,"sku":"FORFPWAS5","message":"Product updated successfully"}
2021-02-17T01:33:07+00:00 INFO (6): {"status":"success","product_id":20605,"sku":"FORFPWAS525","message":"Product updated successfully"}
2021-02-17T01:33:11+00:00 INFO (6): {"status":"success","product_id":20606,"sku":"FORFPWAS6","message":"Product updated successfully"}
2021-02-17T01:33:16+00:00 INFO (6): {"status":"success","product_id":20607,"sku":"FORFPWAS625","message":"Product updated successfully"}
2021-02-17T01:33:20+00:00 INFO (6): {"status":"success","product_id":20608,"sku":"FORFPWAS640","message":"Product updated successfully"}
2021-02-17T01:33:24+00:00 INFO (6): {"status":"success","product_id":20609,"sku":"FORFPWAS650","message":"Product updated successfully"}
2021-02-17T01:33:28+00:00 INFO (6): {"status":"success","product_id":20610,"sku":"FORFPWAS6S","message":"Product updated successfully"}
2021-02-17T01:33:32+00:00 INFO (6): {"status":"success","product_id":20611,"sku":"FORFPWAS8","message":"Product updated successfully"}
2021-02-17T01:33:35+00:00 INFO (6): {"status":"success","product_id":20612,"sku":"FORFPWAS825","message":"Product updated successfully"}
2021-02-17T01:33:39+00:00 INFO (6): {"status":"success","product_id":20613,"sku":"FORFPWAS840","message":"Product updated successfully"}
2021-02-17T01:33:43+00:00 INFO (6): {"status":"success","product_id":20614,"sku":"FORFPWAS850","message":"Product updated successfully"}
2021-02-17T01:33:47+00:00 INFO (6): {"status":"success","product_id":20615,"sku":"FORFPWAS8S","message":"Product updated successfully"}
2021-02-17T01:33:51+00:00 INFO (6): {"status":"success","product_id":20616,"sku":"FORFPWASSET","message":"Product updated successfully"}
2021-02-17T01:33:55+00:00 INFO (6): {"status":"success","product_id":20710,"sku":"FORHDWASH10M","message":"Product updated successfully"}
2021-02-17T01:33:59+00:00 INFO (6): {"status":"success","product_id":20711,"sku":"FORHDWASH12M","message":"Product updated successfully"}
2021-02-17T01:34:02+00:00 INFO (6): {"status":"success","product_id":20712,"sku":"FORHDWASH16M","message":"Product updated successfully"}
2021-02-17T01:34:06+00:00 INFO (6): {"status":"success","product_id":20713,"sku":"FORHDWASH3M","message":"Product updated successfully"}
2021-02-17T01:34:10+00:00 INFO (6): {"status":"success","product_id":20714,"sku":"FORHDWASH4M","message":"Product updated successfully"}
2021-02-17T01:34:14+00:00 INFO (6): {"status":"success","product_id":20715,"sku":"FORHDWASH5M","message":"Product updated successfully"}
2021-02-17T01:34:20+00:00 INFO (6): {"status":"success","product_id":20716,"sku":"FORHDWASH6M","message":"Product updated successfully"}
2021-02-17T01:34:24+00:00 INFO (6): {"status":"success","product_id":20717,"sku":"FORHDWASH8M","message":"Product updated successfully"}
2021-02-17T01:34:28+00:00 INFO (6): {"status":"success","product_id":23574,"sku":"FORSQPL5010M","message":"Product updated successfully"}
2021-02-17T01:34:32+00:00 INFO (6): {"status":"success","product_id":23575,"sku":"FORSQPL5012M","message":"Product updated successfully"}
2021-02-17T01:34:35+00:00 INFO (6): {"status":"success","product_id":23576,"sku":"FORSQPL5016M","message":"Product updated successfully"}
2021-02-17T01:34:39+00:00 INFO (6): {"status":"success","product_id":23678,"sku":"FORSW10M","message":"Product updated successfully"}
2021-02-17T01:34:43+00:00 INFO (6): {"status":"success","product_id":23679,"sku":"FORSW12M","message":"Product updated successfully"}
2021-02-17T01:34:47+00:00 INFO (6): {"status":"success","product_id":23680,"sku":"FORSW5M","message":"Product updated successfully"}
2021-02-17T01:34:51+00:00 INFO (6): {"status":"success","product_id":23681,"sku":"FORSW6M","message":"Product updated successfully"}
2021-02-17T01:34:55+00:00 INFO (6): {"status":"success","product_id":23684,"sku":"FORSW8M","message":"Product updated successfully"}
2021-02-17T01:34:59+00:00 INFO (6): {"status":"success","product_id":24341,"sku":"FORWASH10M","message":"Product updated successfully"}
2021-02-17T01:35:03+00:00 INFO (6): {"status":"success","product_id":24342,"sku":"FORWASH12M","message":"Product updated successfully"}
2021-02-17T01:35:06+00:00 INFO (6): {"status":"success","product_id":24342,"sku":"FORWASH12M","message":"Product updated successfully"}
2021-02-17T01:35:07+00:00 INFO (6): {"status":"success","product_id":24343,"sku":"FORWASH16M","message":"Product updated successfully"}
2021-02-17T01:35:10+00:00 INFO (6): {"status":"success","product_id":24343,"sku":"FORWASH16M","message":"Product updated successfully"}
2021-02-17T01:35:11+00:00 INFO (6): {"status":"success","product_id":24344,"sku":"FORWASH20M","message":"Product updated successfully"}
2021-02-17T01:35:14+00:00 INFO (6): {"status":"success","product_id":24344,"sku":"FORWASH20M","message":"Product updated successfully"}
2021-02-17T01:35:15+00:00 INFO (6): {"status":"success","product_id":24345,"sku":"FORWASH3M","message":"Product updated successfully"}
2021-02-17T01:35:17+00:00 INFO (6): {"status":"success","product_id":24345,"sku":"FORWASH3M","message":"Product updated successfully"}
2021-02-17T01:35:18+00:00 INFO (6): {"status":"success","product_id":24346,"sku":"FORWASH4M","message":"Product updated successfully"}
2021-02-17T01:35:21+00:00 INFO (6): {"status":"success","product_id":24346,"sku":"FORWASH4M","message":"Product updated successfully"}
2021-02-17T01:35:22+00:00 INFO (6): {"status":"success","product_id":24347,"sku":"FORWASH5M","message":"Product updated successfully"}
2021-02-17T01:35:25+00:00 INFO (6): {"status":"success","product_id":24347,"sku":"FORWASH5M","message":"Product updated successfully"}
2021-02-17T01:35:26+00:00 INFO (6): {"status":"success","product_id":24348,"sku":"FORWASH6M","message":"Product updated successfully"}
2021-02-17T01:35:30+00:00 INFO (6): {"status":"success","product_id":24348,"sku":"FORWASH6M","message":"Product updated successfully"}
2021-02-17T01:35:31+00:00 INFO (6): {"status":"success","product_id":24349,"sku":"FORWASH8M","message":"Product updated successfully"}
2021-02-17T01:35:34+00:00 INFO (6): {"status":"success","product_id":24349,"sku":"FORWASH8M","message":"Product updated successfully"}
2021-02-17T01:35:35+00:00 INFO (6): {"status":"success","product_id":30886,"sku":"FORRWASH640M","message":"Product updated successfully"}
2021-02-17T01:35:38+00:00 INFO (6): {"status":"success","product_id":30886,"sku":"FORRWASH640M","message":"Product updated successfully"}
2021-02-17T01:35:38+00:00 INFO (6): {"status":"success","product_id":42791,"sku":"MEMWAA14Z","message":"Product updated successfully"}
2021-02-17T01:35:41+00:00 INFO (6): {"status":"success","product_id":42791,"sku":"MEMWAA14Z","message":"Product updated successfully"}
2021-02-17T01:35:41+00:00 INFO (6): {"status":"success","product_id":43354,"sku":"MEMWAR850Z","message":"Product updated successfully"}
2021-02-17T01:35:46+00:00 INFO (6): {"status":"success","product_id":43354,"sku":"MEMWAR850Z","message":"Product updated successfully"}
2021-02-17T01:35:46+00:00 INFO (6): {"status":"success","product_id":42793,"sku":"MEMWAR1238Z","message":"Product updated successfully"}
2021-02-17T01:35:50+00:00 INFO (6): {"status":"success","product_id":42793,"sku":"MEMWAR1238Z","message":"Product updated successfully"}
2021-02-17T01:35:50+00:00 INFO (6): {"status":"success","product_id":42794,"sku":"MEMWAR625Z","message":"Product updated successfully"}
2021-02-17T01:35:53+00:00 INFO (6): {"status":"success","product_id":42794,"sku":"MEMWAR625Z","message":"Product updated successfully"}
2021-02-17T01:35:54+00:00 INFO (6): {"status":"success","product_id":42795,"sku":"MEMWAR825Z","message":"Product updated successfully"}
2021-02-17T01:36:00+00:00 INFO (6): {"status":"success","product_id":42795,"sku":"MEMWAR825Z","message":"Product updated successfully"}
2021-02-17T01:36:02+00:00 INFO (6): {"status":"success","product_id":42937,"sku":"FORDTW50","message":"Product updated successfully"}
2021-02-17T01:36:05+00:00 INFO (6): {"status":"success","product_id":43086,"sku":"MEMWAA10Z","message":"Product updated successfully"}
2021-02-17T01:36:08+00:00 INFO (6): {"status":"success","product_id":43087,"sku":"MEMWAA12Z","message":"Product updated successfully"}
2021-02-17T01:36:08+00:00 INFO (6): {"status":"success","product_id":42937,"sku":"FORDTW50","message":"Product updated successfully"}
2021-02-17T01:36:10+00:00 INFO (6): {"status":"success","product_id":43088,"sku":"MEMWAA16Z","message":"Product updated successfully"}
2021-02-17T01:36:11+00:00 INFO (6): {"status":"success","product_id":43086,"sku":"MEMWAA10Z","message":"Product updated successfully"}
2021-02-17T01:36:12+00:00 INFO (6): {"status":"success","product_id":43089,"sku":"MEMWAA18Z","message":"Product updated successfully"}
2021-02-17T01:36:14+00:00 INFO (6): {"status":"success","product_id":43087,"sku":"MEMWAA12Z","message":"Product updated successfully"}
2021-02-17T01:36:14+00:00 INFO (6): {"status":"success","product_id":43090,"sku":"MEMWAA27Z","message":"Product updated successfully"}
2021-02-17T01:36:17+00:00 INFO (6): {"status":"success","product_id":43091,"sku":"MEMWAA30Z","message":"Product updated successfully"}
2021-02-17T01:36:18+00:00 INFO (6): {"status":"success","product_id":43088,"sku":"MEMWAA16Z","message":"Product updated successfully"}
2021-02-17T01:36:19+00:00 INFO (6): {"status":"success","product_id":43092,"sku":"MEMWAA4Z","message":"Product updated successfully"}
2021-02-17T01:36:21+00:00 INFO (6): {"status":"success","product_id":43089,"sku":"MEMWAA18Z","message":"Product updated successfully"}
2021-02-17T01:36:21+00:00 INFO (6): {"status":"success","product_id":43236,"sku":"MEMWAA20Z","message":"Product updated successfully"}
2021-02-17T01:36:24+00:00 INFO (6): {"status":"success","product_id":43090,"sku":"MEMWAA27Z","message":"Product updated successfully"}
2021-02-17T01:36:24+00:00 INFO (6): {"status":"success","product_id":43339,"sku":"MEMWAA5Z","message":"Product updated successfully"}
2021-02-17T01:36:26+00:00 INFO (6): {"status":"success","product_id":43340,"sku":"MEMWAA6Z","message":"Product updated successfully"}
2021-02-17T01:36:27+00:00 INFO (6): {"status":"success","product_id":43091,"sku":"MEMWAA30Z","message":"Product updated successfully"}
2021-02-17T01:36:30+00:00 INFO (6): {"status":"success","product_id":43092,"sku":"MEMWAA4Z","message":"Product updated successfully"}
2021-02-17T01:36:33+00:00 INFO (6): {"status":"success","product_id":43236,"sku":"MEMWAA20Z","message":"Product updated successfully"}
2021-02-17T01:36:36+00:00 INFO (6): {"status":"success","product_id":43339,"sku":"MEMWAA5Z","message":"Product updated successfully"}
2021-02-17T01:36:39+00:00 INFO (6): {"status":"success","product_id":43340,"sku":"MEMWAA6Z","message":"Product updated successfully"}
2021-02-17T01:36:41+00:00 INFO (6): {"status":"success","product_id":43341,"sku":"MEMWAA8Z","message":"Product updated successfully"}
2021-02-17T01:36:44+00:00 INFO (6): {"status":"success","product_id":43342,"sku":"MEMWAR1025Z","message":"Product updated successfully"}
2021-02-17T01:36:48+00:00 INFO (6): {"status":"success","product_id":43343,"sku":"MEMWAR1030Z","message":"Product updated successfully"}
2021-02-17T01:36:53+00:00 INFO (6): {"status":"success","product_id":43344,"sku":"MEMWAR1038Z","message":"Product updated successfully"}
2021-02-17T01:36:58+00:00 INFO (6): {"status":"success","product_id":43345,"sku":"MEMWAR1250Z","message":"Product updated successfully"}
2021-02-17T01:37:01+00:00 INFO (6): {"status":"success","product_id":43346,"sku":"MEMWAR520Z","message":"Product updated successfully"}
2021-02-17T01:37:05+00:00 INFO (6): {"status":"success","product_id":43347,"sku":"MEMWAR525Z","message":"Product updated successfully"}
2021-02-17T01:37:08+00:00 INFO (6): {"status":"success","product_id":43348,"sku":"MEMWAR620Z","message":"Product updated successfully"}
2021-02-17T01:37:12+00:00 INFO (6): {"status":"success","product_id":43349,"sku":"MEMWAR630Z","message":"Product updated successfully"}
2021-02-17T01:37:16+00:00 INFO (6): {"status":"success","product_id":43350,"sku":"MEMWAR638Z","message":"Product updated successfully"}
2021-02-17T01:37:19+00:00 INFO (6): {"status":"success","product_id":43351,"sku":"MEMWAR650Z","message":"Product updated successfully"}
2021-02-17T01:37:23+00:00 INFO (6): {"status":"success","product_id":43352,"sku":"MEMWAR830Z","message":"Product updated successfully"}
2021-02-17T01:37:27+00:00 INFO (6): {"status":"success","product_id":43353,"sku":"MEMWAR838Z","message":"Product updated successfully"}
2021-02-17T01:37:29+00:00 INFO (6): {"status":"success","product_id":42792,"sku":"MEMWAA24Z","message":"Product updated successfully"}
2021-02-17T01:37:29+00:00 INFO (6): ---------------- END API Cron 17/02/21 01:37:29 ----------------
