2021-03-04T22:25:02+00:00 INFO (6): ---------------- START API Cron 04/03/21 22:25:02 ----------------
2021-03-04T22:25:06+00:00 INFO (6): {"status":"success","product_id":34832,"sku":"ROU31976","message":"Product updated successfully"}
2021-03-04T22:25:10+00:00 INFO (6): {"status":"success","product_id":34834,"sku":"ROU31978","message":"Product updated successfully"}
2021-03-04T22:25:14+00:00 INFO (6): {"status":"success","product_id":40458,"sku":"STA418288","message":"Product updated successfully"}
2021-03-04T22:25:19+00:00 INFO (6): {"status":"success","product_id":40461,"sku":"STA418291","message":"Product updated successfully"}
2021-03-04T22:25:24+00:00 INFO (6): {"status":"success","product_id":34648,"sku":"REC918H","message":"Product updated successfully"}
2021-03-04T22:25:27+00:00 INFO (6): {"status":"success","product_id":34651,"sku":"REC924H","message":"Product updated successfully"}
2021-03-04T22:25:30+00:00 INFO (6): {"status":"success","product_id":34652,"sku":"REC930H","message":"Product updated successfully"}
2021-03-04T22:25:33+00:00 INFO (6): {"status":"success","product_id":34654,"sku":"REC936H","message":"Product updated successfully"}
2021-03-04T22:25:36+00:00 INFO (6): {"status":"success","product_id":34655,"sku":"REC942H","message":"Product updated successfully"}
2021-03-04T22:25:40+00:00 INFO (6): {"status":"success","product_id":34660,"sku":"RECBC918H","message":"Product updated successfully"}
2021-03-04T22:25:43+00:00 INFO (6): {"status":"success","product_id":34727,"sku":"RECBC924H","message":"Product updated successfully"}
2021-03-04T22:25:46+00:00 INFO (6): {"status":"success","product_id":34738,"sku":"RECJ924H","message":"Product updated successfully"}
2021-03-04T22:25:50+00:00 INFO (6): {"status":"success","product_id":34739,"sku":"RECJ930H","message":"Product updated successfully"}
2021-03-04T22:25:53+00:00 INFO (6): {"status":"success","product_id":34740,"sku":"RECJ936H","message":"Product updated successfully"}
2021-03-04T22:25:56+00:00 INFO (6): {"status":"success","product_id":34741,"sku":"RECJ942H","message":"Product updated successfully"}
2021-03-04T22:25:59+00:00 INFO (6): {"status":"success","product_id":40789,"sku":"STB96M224","message":"Product updated successfully"}
2021-03-04T22:26:02+00:00 INFO (6): {"status":"success","product_id":40790,"sku":"STB96M232","message":"Product updated successfully"}
2021-03-04T22:26:07+00:00 INFO (6): {"status":"success","product_id":40791,"sku":"STB96M240","message":"Product updated successfully"}
2021-03-04T22:26:10+00:00 INFO (6): {"status":"success","product_id":40792,"sku":"STB96M248","message":"Product updated successfully"}
2021-03-04T22:26:14+00:00 INFO (6): {"status":"success","product_id":40793,"sku":"STB96M272","message":"Product updated successfully"}
2021-03-04T22:26:17+00:00 INFO (6): {"status":"success","product_id":40794,"sku":"STB96M280","message":"Product updated successfully"}
2021-03-04T22:26:20+00:00 INFO (6): {"status":"success","product_id":40906,"sku":"STBRTYPE100","message":"Product updated successfully"}
2021-03-04T22:26:30+00:00 INFO (6): {"status":"success","product_id":46990,"sku":"BB","message":"Product updated successfully"}
2021-03-04T22:26:39+00:00 INFO (6): {"status":"success","product_id":46991,"sku":"BB-RED-8","message":"Product updated successfully"}
2021-03-04T22:26:48+00:00 INFO (6): {"status":"success","product_id":46992,"sku":"BB-RED-9","message":"Product updated successfully"}
2021-03-04T22:26:56+00:00 INFO (6): {"status":"success","product_id":46993,"sku":"BBBR10","message":"Product updated successfully"}
2021-03-04T22:27:01+00:00 INFO (6): {"status":"success","product_id":34921,"sku":"ROU32620","message":"Product updated successfully"}
2021-03-04T22:27:06+00:00 INFO (6): {"status":"success","product_id":34231,"sku":"ROU64391","message":"Product updated successfully"}
2021-03-04T22:27:09+00:00 INFO (6): {"status":"success","product_id":36101,"sku":"PRM253547","message":"Product updated successfully"}
2021-03-04T22:27:12+00:00 INFO (6): {"status":"success","product_id":36101,"sku":"PRM253547","message":"Product updated successfully"}
2021-03-04T22:27:16+00:00 INFO (6): {"status":"success","product_id":35663,"sku":"MON1378","message":"Product updated successfully"}
2021-03-04T22:27:19+00:00 INFO (6): {"status":"success","product_id":35664,"sku":"MON1379","message":"Product updated successfully"}
2021-03-04T22:27:22+00:00 INFO (6): {"status":"success","product_id":35764,"sku":"MON258","message":"Product updated successfully"}
2021-03-04T22:27:26+00:00 INFO (6): {"status":"success","product_id":21569,"sku":"FCMMODCG","message":"Product updated successfully"}
2021-03-04T22:27:29+00:00 INFO (6): {"status":"success","product_id":35904,"sku":"QMA48M","message":"Product updated successfully"}
2021-03-04T22:27:32+00:00 INFO (6): {"status":"success","product_id":35881,"sku":"PRI6618","message":"Product updated successfully"}
2021-03-04T22:27:35+00:00 INFO (6): {"status":"success","product_id":40097,"sku":"STR565D","message":"Product updated successfully"}
2021-03-04T22:27:38+00:00 INFO (6): {"status":"success","product_id":35639,"sku":"QMA1116","message":"Product updated successfully"}
2021-03-04T22:27:41+00:00 INFO (6): {"status":"success","product_id":35886,"sku":"QMA225M","message":"Product updated successfully"}
2021-03-04T22:27:45+00:00 INFO (6): {"status":"success","product_id":35994,"sku":"PRIN12","message":"Product updated successfully"}
2021-03-04T22:27:48+00:00 INFO (6): {"status":"success","product_id":35656,"sku":"QMA186M","message":"Product updated successfully"}
2021-03-04T22:27:51+00:00 INFO (6): {"status":"success","product_id":35658,"sku":"QMA19M","message":"Product updated successfully"}
2021-03-04T22:27:54+00:00 INFO (6): {"status":"success","product_id":35484,"sku":"QMASQ254","message":"Product updated successfully"}
2021-03-04T22:27:57+00:00 INFO (6): {"status":"success","product_id":35485,"sku":"QMASQ34","message":"Product updated successfully"}
2021-03-04T22:28:01+00:00 INFO (6): {"status":"success","product_id":35642,"sku":"QMA118","message":"Product updated successfully"}
2021-03-04T22:28:04+00:00 INFO (6): {"status":"success","product_id":35957,"sku":"PRI94011","message":"Product updated successfully"}
2021-03-04T22:28:07+00:00 INFO (6): {"status":"success","product_id":35890,"sku":"QMA283M","message":"Product updated successfully"}
2021-03-04T22:28:10+00:00 INFO (6): {"status":"success","product_id":35893,"sku":"QMA31M","message":"Product updated successfully"}
2021-03-04T22:28:13+00:00 INFO (6): {"status":"success","product_id":35897,"sku":"QMA35M","message":"Product updated successfully"}
2021-03-04T22:28:16+00:00 INFO (6): {"status":"success","product_id":35900,"sku":"QMA38","message":"Product updated successfully"}
2021-03-04T22:28:19+00:00 INFO (6): {"status":"success","product_id":35903,"sku":"QMA47M","message":"Product updated successfully"}
2021-03-04T22:28:22+00:00 INFO (6): {"status":"success","product_id":35638,"sku":"QMA10M","message":"Product updated successfully"}
2021-03-04T22:28:25+00:00 INFO (6): {"status":"success","product_id":35640,"sku":"QMA112","message":"Product updated successfully"}
2021-03-04T22:28:28+00:00 INFO (6): {"status":"success","product_id":35641,"sku":"QMA114","message":"Product updated successfully"}
2021-03-04T22:28:30+00:00 INFO (6): {"status":"success","product_id":35643,"sku":"QMA11M","message":"Product updated successfully"}
2021-03-04T22:28:34+00:00 INFO (6): {"status":"success","product_id":35644,"sku":"QMA12","message":"Product updated successfully"}
2021-03-04T22:28:37+00:00 INFO (6): {"status":"success","product_id":35646,"sku":"QMA1316","message":"Product updated successfully"}
2021-03-04T22:28:39+00:00 INFO (6): {"status":"success","product_id":35647,"sku":"QMA134","message":"Product updated successfully"}
2021-03-04T22:28:43+00:00 INFO (6): {"status":"success","product_id":35649,"sku":"QMA14M","message":"Product updated successfully"}
2021-03-04T22:28:46+00:00 INFO (6): {"status":"success","product_id":35650,"sku":"QMA152M","message":"Product updated successfully"}
2021-03-04T22:28:49+00:00 INFO (6): {"status":"success","product_id":35654,"sku":"QMA1716","message":"Product updated successfully"}
2021-03-04T22:28:52+00:00 INFO (6): {"status":"success","product_id":35655,"sku":"QMA175M","message":"Product updated successfully"}
2021-03-04T22:28:55+00:00 INFO (6): {"status":"success","product_id":35657,"sku":"QMA1916","message":"Product updated successfully"}
2021-03-04T22:28:58+00:00 INFO (6): {"status":"success","product_id":35960,"sku":"PRI94016","message":"Product updated successfully"}
2021-03-04T22:29:02+00:00 INFO (6): {"status":"success","product_id":35963,"sku":"PRI94022","message":"Product updated successfully"}
2021-03-04T22:29:05+00:00 INFO (6): {"status":"success","product_id":35966,"sku":"PRI94029","message":"Product updated successfully"}
2021-03-04T22:29:08+00:00 INFO (6): {"status":"success","product_id":35882,"sku":"PRI66316","message":"Product updated successfully"}
2021-03-04T22:29:11+00:00 INFO (6): {"status":"success","product_id":35883,"sku":"PRI66332","message":"Product updated successfully"}
2021-03-04T22:29:15+00:00 INFO (6): {"status":"success","product_id":35884,"sku":"QMA20M","message":"Product updated successfully"}
2021-03-04T22:29:18+00:00 INFO (6): {"status":"success","product_id":35885,"sku":"QMA21M","message":"Product updated successfully"}
2021-03-04T22:29:21+00:00 INFO (6): {"status":"success","product_id":35887,"sku":"QMA24M","message":"Product updated successfully"}
2021-03-04T22:29:24+00:00 INFO (6): {"status":"success","product_id":35889,"sku":"QMA275M","message":"Product updated successfully"}
2021-03-04T22:29:28+00:00 INFO (6): {"status":"success","product_id":35891,"sku":"QMA29M","message":"Product updated successfully"}
2021-03-04T22:29:31+00:00 INFO (6): {"status":"success","product_id":35892,"sku":"QMA30M","message":"Product updated successfully"}
2021-03-04T22:29:34+00:00 INFO (6): {"status":"success","product_id":35894,"sku":"QMA325M","message":"Product updated successfully"}
2021-03-04T22:29:38+00:00 INFO (6): {"status":"success","product_id":35896,"sku":"QMA34M","message":"Product updated successfully"}
2021-03-04T22:29:41+00:00 INFO (6): {"status":"success","product_id":35898,"sku":"QMA375M","message":"Product updated successfully"}
2021-03-04T22:29:44+00:00 INFO (6): {"status":"success","product_id":35899,"sku":"QMA37M","message":"Product updated successfully"}
2021-03-04T22:29:47+00:00 INFO (6): {"status":"success","product_id":35901,"sku":"QMA40M","message":"Product updated successfully"}
2021-03-04T22:29:50+00:00 INFO (6): {"status":"success","product_id":35902,"sku":"QMA45M","message":"Product updated successfully"}
2021-03-04T22:29:53+00:00 INFO (6): {"status":"success","product_id":35906,"sku":"QMA51M","message":"Product updated successfully"}
2021-03-04T22:29:56+00:00 INFO (6): {"status":"success","product_id":35907,"sku":"QMA52M","message":"Product updated successfully"}
2021-03-04T22:29:59+00:00 INFO (6): {"status":"success","product_id":35911,"sku":"QMA60M","message":"Product updated successfully"}
2021-03-04T22:30:02+00:00 INFO (6): {"status":"success","product_id":35912,"sku":"QMA64M","message":"Product updated successfully"}
2021-03-04T22:30:05+00:00 INFO (6): {"status":"success","product_id":35914,"sku":"QMA70M","message":"Product updated successfully"}
2021-03-04T22:30:06+00:00 INFO (6): {"status":"success","product_id":35912,"sku":"QMA64M","message":"Product updated successfully"}
2021-03-04T22:30:08+00:00 INFO (6): {"status":"success","product_id":35915,"sku":"QMA716","message":"Product updated successfully"}
2021-03-04T22:30:09+00:00 INFO (6): {"status":"success","product_id":35914,"sku":"QMA70M","message":"Product updated successfully"}
2021-03-04T22:30:11+00:00 INFO (6): {"status":"success","product_id":35917,"sku":"QMA765M","message":"Product updated successfully"}
2021-03-04T22:30:12+00:00 INFO (6): {"status":"success","product_id":35915,"sku":"QMA716","message":"Product updated successfully"}
2021-03-04T22:30:14+00:00 INFO (6): {"status":"success","product_id":35918,"sku":"QMA78","message":"Product updated successfully"}
2021-03-04T22:30:15+00:00 INFO (6): {"status":"success","product_id":35917,"sku":"QMA765M","message":"Product updated successfully"}
2021-03-04T22:30:17+00:00 INFO (6): {"status":"success","product_id":35922,"sku":"QMASQ19","message":"Product updated successfully"}
2021-03-04T22:30:18+00:00 INFO (6): {"status":"success","product_id":35918,"sku":"QMA78","message":"Product updated successfully"}
2021-03-04T22:30:21+00:00 INFO (6): {"status":"success","product_id":35922,"sku":"QMASQ19","message":"Product updated successfully"}
2021-03-04T22:30:24+00:00 INFO (6): {"status":"success","product_id":35952,"sku":"PRI66532","message":"Product updated successfully"}
2021-03-04T22:30:27+00:00 INFO (6): {"status":"success","product_id":35954,"sku":"PRI94006","message":"Product updated successfully"}
2021-03-04T22:30:30+00:00 INFO (6): {"status":"success","product_id":35955,"sku":"PRI94008","message":"Product updated successfully"}
2021-03-04T22:30:33+00:00 INFO (6): {"status":"success","product_id":35959,"sku":"PRI94014","message":"Product updated successfully"}
2021-03-04T22:30:36+00:00 INFO (6): {"status":"success","product_id":35961,"sku":"PRI94019","message":"Product updated successfully"}
2021-03-04T22:30:39+00:00 INFO (6): {"status":"success","product_id":35962,"sku":"PRI94021","message":"Product updated successfully"}
2021-03-04T22:30:42+00:00 INFO (6): {"status":"success","product_id":35964,"sku":"PRI94024","message":"Product updated successfully"}
2021-03-04T22:30:45+00:00 INFO (6): {"status":"success","product_id":35965,"sku":"PRI94025","message":"Product updated successfully"}
2021-03-04T22:30:48+00:00 INFO (6): {"status":"success","product_id":35968,"sku":"PRI94035","message":"Product updated successfully"}
2021-03-04T22:30:51+00:00 INFO (6): {"status":"success","product_id":35969,"sku":"PRI94044","message":"Product updated successfully"}
2021-03-04T22:30:54+00:00 INFO (6): {"status":"success","product_id":35975,"sku":"PRI99080","message":"Product updated successfully"}
2021-03-04T22:30:57+00:00 INFO (6): {"status":"success","product_id":35978,"sku":"PRI99130","message":"Product updated successfully"}
2021-03-04T22:31:00+00:00 INFO (6): {"status":"success","product_id":35980,"sku":"PRI99160","message":"Product updated successfully"}
2021-03-04T22:31:04+00:00 INFO (6): {"status":"success","product_id":35982,"sku":"PRI99250","message":"Product updated successfully"}
2021-03-04T22:31:07+00:00 INFO (6): {"status":"success","product_id":35985,"sku":"PRIL14","message":"Product updated successfully"}
2021-03-04T22:31:09+00:00 INFO (6): {"status":"success","product_id":35986,"sku":"PRIL18","message":"Product updated successfully"}
2021-03-04T22:31:12+00:00 INFO (6): {"status":"success","product_id":35988,"sku":"PRIL332","message":"Product updated successfully"}
2021-03-04T22:31:15+00:00 INFO (6): {"status":"success","product_id":35989,"sku":"PRIL38","message":"Product updated successfully"}
2021-03-04T22:31:18+00:00 INFO (6): {"status":"success","product_id":35992,"sku":"PRIL564","message":"Product updated successfully"}
2021-03-04T22:31:21+00:00 INFO (6): {"status":"success","product_id":35995,"sku":"PRIN14","message":"Product updated successfully"}
2021-03-04T22:31:24+00:00 INFO (6): {"status":"success","product_id":35996,"sku":"PRIN18","message":"Product updated successfully"}
2021-03-04T22:31:27+00:00 INFO (6): {"status":"success","product_id":35645,"sku":"QMA127M","message":"Product updated successfully"}
2021-03-04T22:31:31+00:00 INFO (6): {"status":"success","product_id":36046,"sku":"PRIN38","message":"Product updated successfully"}
2021-03-04T22:31:33+00:00 INFO (6): {"status":"success","product_id":36047,"sku":"PRIN516","message":"Product updated successfully"}
2021-03-04T22:31:36+00:00 INFO (6): {"status":"success","product_id":36048,"sku":"PRIN532","message":"Product updated successfully"}
2021-03-04T22:31:40+00:00 INFO (6): {"status":"success","product_id":35905,"sku":"QMA50M","message":"Product updated successfully"}
2021-03-04T22:31:43+00:00 INFO (6): {"status":"success","product_id":35984,"sku":"PRIL12","message":"Product updated successfully"}
2021-03-04T22:31:46+00:00 INFO (6): {"status":"success","product_id":35991,"sku":"PRIL532","message":"Product updated successfully"}
2021-03-04T22:31:48+00:00 INFO (6): {"status":"success","product_id":35908,"sku":"QMA54M","message":"Product updated successfully"}
2021-03-04T22:31:51+00:00 INFO (6): {"status":"success","product_id":35913,"sku":"QMA65M","message":"Product updated successfully"}
2021-03-04T22:31:54+00:00 INFO (6): {"status":"success","product_id":35990,"sku":"PRIL516","message":"Product updated successfully"}
2021-03-04T22:31:57+00:00 INFO (6): {"status":"success","product_id":35648,"sku":"QMA138","message":"Product updated successfully"}
2021-03-04T22:32:00+00:00 INFO (6): {"status":"success","product_id":35651,"sku":"QMA158","message":"Product updated successfully"}
2021-03-04T22:32:03+00:00 INFO (6): {"status":"success","product_id":35916,"sku":"QMA75M","message":"Product updated successfully"}
2021-03-04T22:32:06+00:00 INFO (6): {"status":"success","product_id":35919,"sku":"QMA80M","message":"Product updated successfully"}
2021-03-04T22:32:09+00:00 INFO (6): {"status":"success","product_id":35977,"sku":"PRI99110","message":"Product updated successfully"}
2021-03-04T22:32:11+00:00 INFO (6): {"status":"success","product_id":35981,"sku":"PRI99190","message":"Product updated successfully"}
2021-03-04T22:32:14+00:00 INFO (6): {"status":"success","product_id":35652,"sku":"QMA15M","message":"Product updated successfully"}
2021-03-04T22:32:17+00:00 INFO (6): {"status":"success","product_id":40007,"sku":"STR248C","message":"Product updated successfully"}
2021-03-04T22:32:20+00:00 INFO (6): {"status":"success","product_id":40008,"sku":"STR248D","message":"Product updated successfully"}
2021-03-04T22:32:23+00:00 INFO (6): {"status":"success","product_id":40094,"sku":"STR565A","message":"Product updated successfully"}
2021-03-04T22:32:26+00:00 INFO (6): {"status":"success","product_id":40098,"sku":"STR565E","message":"Product updated successfully"}
2021-03-04T22:32:29+00:00 INFO (6): {"status":"success","product_id":35920,"sku":"QMA916","message":"Product updated successfully"}
2021-03-04T22:32:32+00:00 INFO (6): {"status":"success","product_id":35971,"sku":"PRI99030","message":"Product updated successfully"}
2021-03-04T22:32:35+00:00 INFO (6): {"status":"success","product_id":40006,"sku":"STR248B","message":"Product updated successfully"}
2021-03-04T22:32:38+00:00 INFO (6): {"status":"success","product_id":35653,"sku":"QMA16M","message":"Product updated successfully"}
2021-03-04T22:32:41+00:00 INFO (6): {"status":"success","product_id":35880,"sku":"PRI66132","message":"Product updated successfully"}
2021-03-04T22:32:43+00:00 INFO (6): {"status":"success","product_id":35895,"sku":"QMA34","message":"Product updated successfully"}
2021-03-04T22:32:46+00:00 INFO (6): {"status":"success","product_id":35909,"sku":"QMA55M","message":"Product updated successfully"}
2021-03-04T22:32:49+00:00 INFO (6): {"status":"success","product_id":35956,"sku":"PRI94010","message":"Product updated successfully"}
2021-03-04T22:32:52+00:00 INFO (6): {"status":"success","product_id":35970,"sku":"PRI94051","message":"Product updated successfully"}
2021-03-04T22:32:55+00:00 INFO (6): {"status":"success","product_id":35987,"sku":"PRIL316","message":"Product updated successfully"}
2021-03-04T22:32:57+00:00 INFO (6): {"status":"success","product_id":35910,"sku":"QMA58","message":"Product updated successfully"}
2021-03-04T22:33:00+00:00 INFO (6): {"status":"success","product_id":35976,"sku":"PRI99100","message":"Product updated successfully"}
2021-03-04T22:33:03+00:00 INFO (6): {"status":"success","product_id":40009,"sku":"STR248E","message":"Product updated successfully"}
2021-03-04T22:33:08+00:00 INFO (6): {"status":"success","product_id":28267,"sku":"BRIE113755B","message":"Product updated successfully"}
2021-03-04T22:33:11+00:00 INFO (6): {"status":"success","product_id":41570,"sku":"TENM140609","message":"Product updated successfully"}
2021-03-04T22:33:14+00:00 INFO (6): {"status":"success","product_id":32415,"sku":"BRIE117351B","message":"Product updated successfully"}
2021-03-04T22:33:16+00:00 INFO (6): {"status":"success","product_id":39254,"sku":"STW40AD732","message":"Product updated successfully"}
2021-03-04T22:33:19+00:00 INFO (6): {"status":"success","product_id":39259,"sku":"STW40ADL316","message":"Product updated successfully"}
2021-03-04T22:33:22+00:00 INFO (6): {"status":"success","product_id":39502,"sku":"STW44A14","message":"Product updated successfully"}
2021-03-04T22:33:25+00:00 INFO (6): {"status":"success","product_id":39505,"sku":"STW44A332","message":"Product updated successfully"}
2021-03-04T22:33:28+00:00 INFO (6): {"status":"success","product_id":39514,"sku":"STW44K6","message":"Product updated successfully"}
2021-03-04T22:33:30+00:00 INFO (6): {"status":"success","product_id":27714,"sku":"BAH14BB","message":"Product updated successfully"}
2021-03-04T22:33:33+00:00 INFO (6): {"status":"success","product_id":27715,"sku":"BAH14EB2","message":"Product updated successfully"}
2021-03-04T22:33:36+00:00 INFO (6): {"status":"success","product_id":27716,"sku":"BAH14EB4","message":"Product updated successfully"}
2021-03-04T22:33:39+00:00 INFO (6): {"status":"success","product_id":27717,"sku":"BAH14EB6","message":"Product updated successfully"}
2021-03-04T22:33:42+00:00 INFO (6): {"status":"success","product_id":27718,"sku":"BAH14RAT","message":"Product updated successfully"}
2021-03-04T22:33:45+00:00 INFO (6): {"status":"success","product_id":27719,"sku":"BAH14SM10","message":"Product updated successfully"}
2021-03-04T22:33:48+00:00 INFO (6): {"status":"success","product_id":27721,"sku":"BAH14SM12","message":"Product updated successfully"}
2021-03-04T22:33:51+00:00 INFO (6): {"status":"success","product_id":27722,"sku":"BAH14SM13","message":"Product updated successfully"}
2021-03-04T22:33:53+00:00 INFO (6): {"status":"success","product_id":27723,"sku":"BAH14SM14","message":"Product updated successfully"}
2021-03-04T22:33:56+00:00 INFO (6): {"status":"success","product_id":27724,"sku":"BAH14SM4","message":"Product updated successfully"}
2021-03-04T22:33:59+00:00 INFO (6): {"status":"success","product_id":27725,"sku":"BAH14SM5","message":"Product updated successfully"}
2021-03-04T22:34:02+00:00 INFO (6): {"status":"success","product_id":27726,"sku":"BAH14SM6","message":"Product updated successfully"}
2021-03-04T22:34:05+00:00 INFO (6): {"status":"success","product_id":27727,"sku":"BAH14SM7","message":"Product updated successfully"}
2021-03-04T22:34:08+00:00 INFO (6): {"status":"success","product_id":27728,"sku":"BAH14SM8","message":"Product updated successfully"}
2021-03-04T22:34:11+00:00 INFO (6): {"status":"success","product_id":27729,"sku":"BAH14SM9","message":"Product updated successfully"}
2021-03-04T22:34:14+00:00 INFO (6): {"status":"success","product_id":28265,"sku":"BRIE113753B","message":"Product updated successfully"}
2021-03-04T22:34:17+00:00 INFO (6): {"status":"success","product_id":28270,"sku":"BRIE113758B","message":"Product updated successfully"}
2021-03-04T22:34:19+00:00 INFO (6): {"status":"success","product_id":27770,"sku":"BAH14ST","message":"Product updated successfully"}
2021-03-04T22:34:22+00:00 INFO (6): {"status":"success","product_id":28261,"sku":"BRIE113746B","message":"Product updated successfully"}
2021-03-04T22:34:25+00:00 INFO (6): {"status":"success","product_id":28089,"sku":"BRIE113652B","message":"Product updated successfully"}
2021-03-04T22:34:28+00:00 INFO (6): {"status":"success","product_id":27970,"sku":"BAH812014","message":"Product updated successfully"}
2021-03-04T22:34:31+00:00 INFO (6): {"status":"success","product_id":27984,"sku":"BRIE030508B","message":"Product updated successfully"}
2021-03-04T22:34:34+00:00 INFO (6): {"status":"success","product_id":27985,"sku":"BRIE030601B","message":"Product updated successfully"}
2021-03-04T22:34:37+00:00 INFO (6): {"status":"success","product_id":27986,"sku":"BRIE030602B","message":"Product updated successfully"}
2021-03-04T22:34:39+00:00 INFO (6): {"status":"success","product_id":28245,"sku":"BRIE113654B","message":"Product updated successfully"}
2021-03-04T22:34:42+00:00 INFO (6): {"status":"success","product_id":28246,"sku":"BRIE113655B","message":"Product updated successfully"}
2021-03-04T22:35:05+00:00 INFO (6): {"status":"success","product_id":28255,"sku":"BRIE113740B","message":"Product updated successfully"}
2021-03-04T22:35:08+00:00 INFO (6): {"status":"success","product_id":28256,"sku":"BRIE113741B","message":"Product updated successfully"}
2021-03-04T22:35:11+00:00 INFO (6): {"status":"success","product_id":28257,"sku":"BRIE113742B","message":"Product updated successfully"}
2021-03-04T22:35:14+00:00 INFO (6): {"status":"success","product_id":28258,"sku":"BRIE113743B","message":"Product updated successfully"}
2021-03-04T22:35:17+00:00 INFO (6): {"status":"success","product_id":28259,"sku":"BRIE113744B","message":"Product updated successfully"}
2021-03-04T22:35:20+00:00 INFO (6): {"status":"success","product_id":28260,"sku":"BRIE113745B","message":"Product updated successfully"}
2021-03-04T22:35:23+00:00 INFO (6): {"status":"success","product_id":28262,"sku":"BRIE113748B","message":"Product updated successfully"}
2021-03-04T22:35:26+00:00 INFO (6): {"status":"success","product_id":28263,"sku":"BRIE113749B","message":"Product updated successfully"}
2021-03-04T22:35:29+00:00 INFO (6): {"status":"success","product_id":28264,"sku":"BRIE113750B","message":"Product updated successfully"}
2021-03-04T22:35:32+00:00 INFO (6): {"status":"success","product_id":28266,"sku":"BRIE113754B","message":"Product updated successfully"}
2021-03-04T22:35:34+00:00 INFO (6): {"status":"success","product_id":28269,"sku":"BRIE113757B","message":"Product updated successfully"}
2021-03-04T22:35:37+00:00 INFO (6): {"status":"success","product_id":28271,"sku":"BRIE113759B","message":"Product updated successfully"}
2021-03-04T22:35:41+00:00 INFO (6): {"status":"success","product_id":39519,"sku":"STW44KTXT25","message":"Product updated successfully"}
2021-03-04T22:35:44+00:00 INFO (6): {"status":"success","product_id":39323,"sku":"STW40ADL716","message":"Product updated successfully"}
2021-03-04T22:35:47+00:00 INFO (6): {"status":"success","product_id":39241,"sku":"STW4056","message":"Product updated successfully"}
2021-03-04T22:35:49+00:00 INFO (6): {"status":"success","product_id":39174,"sku":"STW40514","message":"Product updated successfully"}
2021-03-04T22:35:52+00:00 INFO (6): {"status":"success","product_id":32217,"sku":"BRIE113760B","message":"Product updated successfully"}
2021-03-04T22:35:55+00:00 INFO (6): {"status":"success","product_id":32219,"sku":"BRIE113762B","message":"Product updated successfully"}
2021-03-04T22:35:58+00:00 INFO (6): {"status":"success","product_id":32220,"sku":"BRIE113771B","message":"Product updated successfully"}
2021-03-04T22:36:01+00:00 INFO (6): {"status":"success","product_id":32221,"sku":"BRIE113772B","message":"Product updated successfully"}
2021-03-04T22:36:03+00:00 INFO (6): {"status":"success","product_id":32410,"sku":"BRIE117296B","message":"Product updated successfully"}
2021-03-04T22:36:06+00:00 INFO (6): {"status":"success","product_id":32411,"sku":"BRIE117297B","message":"Product updated successfully"}
2021-03-04T22:36:09+00:00 INFO (6): {"status":"success","product_id":32412,"sku":"BRIE117298B","message":"Product updated successfully"}
2021-03-04T22:36:12+00:00 INFO (6): {"status":"success","product_id":32413,"sku":"BRIE117299B","message":"Product updated successfully"}
2021-03-04T22:36:15+00:00 INFO (6): {"status":"success","product_id":32414,"sku":"BRIE117350B","message":"Product updated successfully"}
2021-03-04T22:36:18+00:00 INFO (6): {"status":"success","product_id":32417,"sku":"BRIE117353B","message":"Product updated successfully"}
2021-03-04T22:36:20+00:00 INFO (6): {"status":"success","product_id":32418,"sku":"BRIE117354B","message":"Product updated successfully"}
2021-03-04T22:36:23+00:00 INFO (6): {"status":"success","product_id":32419,"sku":"BRIE117355B","message":"Product updated successfully"}
2021-03-04T22:36:26+00:00 INFO (6): {"status":"success","product_id":32420,"sku":"BRIE117356B","message":"Product updated successfully"}
2021-03-04T22:36:29+00:00 INFO (6): {"status":"success","product_id":32421,"sku":"BRIE117360B","message":"Product updated successfully"}
2021-03-04T22:36:32+00:00 INFO (6): {"status":"success","product_id":32700,"sku":"MHT48229014","message":"Product updated successfully"}
2021-03-04T22:36:34+00:00 INFO (6): {"status":"success","product_id":38859,"sku":"STW1111QR","message":"Product updated successfully"}
2021-03-04T22:36:37+00:00 INFO (6): {"status":"success","product_id":39165,"sku":"STW400N","message":"Product updated successfully"}
2021-03-04T22:36:40+00:00 INFO (6): {"status":"success","product_id":39167,"sku":"STW4013","message":"Product updated successfully"}
2021-03-04T22:36:43+00:00 INFO (6): {"status":"success","product_id":39168,"sku":"STW4030","message":"Product updated successfully"}
2021-03-04T22:36:45+00:00 INFO (6): {"status":"success","product_id":39169,"sku":"STW4032","message":"Product updated successfully"}
2021-03-04T22:36:48+00:00 INFO (6): {"status":"success","product_id":39170,"sku":"STW4035","message":"Product updated successfully"}
2021-03-04T22:36:51+00:00 INFO (6): {"status":"success","product_id":39171,"sku":"STW404","message":"Product updated successfully"}
2021-03-04T22:36:54+00:00 INFO (6): {"status":"success","product_id":39172,"sku":"STW4040","message":"Product updated successfully"}
2021-03-04T22:36:56+00:00 INFO (6): {"status":"success","product_id":39173,"sku":"STW40510","message":"Product updated successfully"}
2021-03-04T22:36:59+00:00 INFO (6): {"status":"success","product_id":39237,"sku":"STW4052QR","message":"Product updated successfully"}
2021-03-04T22:37:02+00:00 INFO (6): {"status":"success","product_id":39239,"sku":"STW4054","message":"Product updated successfully"}
2021-03-04T22:37:05+00:00 INFO (6): {"status":"success","product_id":39242,"sku":"STW4056QR","message":"Product updated successfully"}
2021-03-04T22:37:08+00:00 INFO (6): {"status":"success","product_id":39248,"sku":"STW40AD1132","message":"Product updated successfully"}
2021-03-04T22:37:11+00:00 INFO (6): {"status":"success","product_id":39249,"sku":"STW40AD12","message":"Product updated successfully"}
2021-03-04T22:37:13+00:00 INFO (6): {"status":"success","product_id":39250,"sku":"STW40AD14","message":"Product updated successfully"}
2021-03-04T22:37:16+00:00 INFO (6): {"status":"success","product_id":39251,"sku":"STW40AD38","message":"Product updated successfully"}
2021-03-04T22:37:19+00:00 INFO (6): {"status":"success","product_id":39253,"sku":"STW40AD716","message":"Product updated successfully"}
2021-03-04T22:37:22+00:00 INFO (6): {"status":"success","product_id":39255,"sku":"STW40AD916","message":"Product updated successfully"}
2021-03-04T22:37:25+00:00 INFO (6): {"status":"success","product_id":39256,"sku":"STW40AD932","message":"Product updated successfully"}
2021-03-04T22:37:28+00:00 INFO (6): {"status":"success","product_id":39258,"sku":"STW40ADL14","message":"Product updated successfully"}
2021-03-04T22:37:30+00:00 INFO (6): {"status":"success","product_id":39260,"sku":"STW40ADL38","message":"Product updated successfully"}
2021-03-04T22:37:33+00:00 INFO (6): {"status":"success","product_id":39261,"sku":"STW40ADL516","message":"Product updated successfully"}
2021-03-04T22:37:36+00:00 INFO (6): {"status":"success","product_id":39324,"sku":"STW40ADL916","message":"Product updated successfully"}
2021-03-04T22:37:39+00:00 INFO (6): {"status":"success","product_id":39325,"sku":"STW40ADL932","message":"Product updated successfully"}
2021-03-04T22:37:42+00:00 INFO (6): {"status":"success","product_id":39326,"sku":"STW40D10","message":"Product updated successfully"}
2021-03-04T22:37:44+00:00 INFO (6): {"status":"success","product_id":39327,"sku":"STW40D11","message":"Product updated successfully"}
2021-03-04T22:37:47+00:00 INFO (6): {"status":"success","product_id":39328,"sku":"STW40D12","message":"Product updated successfully"}
2021-03-04T22:37:50+00:00 INFO (6): {"status":"success","product_id":39329,"sku":"STW40D13","message":"Product updated successfully"}
2021-03-04T22:37:53+00:00 INFO (6): {"status":"success","product_id":39330,"sku":"STW40D14","message":"Product updated successfully"}
2021-03-04T22:37:56+00:00 INFO (6): {"status":"success","product_id":39331,"sku":"STW40D5","message":"Product updated successfully"}
2021-03-04T22:37:59+00:00 INFO (6): {"status":"success","product_id":39332,"sku":"STW40D55","message":"Product updated successfully"}
2021-03-04T22:38:02+00:00 INFO (6): {"status":"success","product_id":39333,"sku":"STW40D6","message":"Product updated successfully"}
2021-03-04T22:38:04+00:00 INFO (6): {"status":"success","product_id":39334,"sku":"STW40D7","message":"Product updated successfully"}
2021-03-04T22:38:07+00:00 INFO (6): {"status":"success","product_id":39335,"sku":"STW40D8","message":"Product updated successfully"}
2021-03-04T22:38:10+00:00 INFO (6): {"status":"success","product_id":39336,"sku":"STW40D9","message":"Product updated successfully"}
2021-03-04T22:38:13+00:00 INFO (6): {"status":"success","product_id":39338,"sku":"STW40TXE5","message":"Product updated successfully"}
2021-03-04T22:38:15+00:00 INFO (6): {"status":"success","product_id":39339,"sku":"STW40TXE6","message":"Product updated successfully"}
2021-03-04T22:38:18+00:00 INFO (6): {"status":"success","product_id":39343,"sku":"STW4152K","message":"Product updated successfully"}
2021-03-04T22:38:21+00:00 INFO (6): {"status":"success","product_id":39344,"sku":"STW415QR","message":"Product updated successfully"}
2021-03-04T22:38:23+00:00 INFO (6): {"status":"success","product_id":39410,"sku":"STW415SGQR","message":"Product updated successfully"}
2021-03-04T22:38:26+00:00 INFO (6): {"status":"success","product_id":39426,"sku":"STW44013","message":"Product updated successfully"}
2021-03-04T22:38:29+00:00 INFO (6): {"status":"success","product_id":39498,"sku":"STW443","message":"Product updated successfully"}
2021-03-04T22:38:32+00:00 INFO (6): {"status":"success","product_id":39499,"sku":"STW444","message":"Product updated successfully"}
2021-03-04T22:38:35+00:00 INFO (6): {"status":"success","product_id":39500,"sku":"STW445","message":"Product updated successfully"}
2021-03-04T22:38:37+00:00 INFO (6): {"status":"success","product_id":39501,"sku":"STW44A116","message":"Product updated successfully"}
2021-03-04T22:38:40+00:00 INFO (6): {"status":"success","product_id":39503,"sku":"STW44A18","message":"Product updated successfully"}
2021-03-04T22:38:43+00:00 INFO (6): {"status":"success","product_id":39504,"sku":"STW44A316","message":"Product updated successfully"}
2021-03-04T22:38:46+00:00 INFO (6): {"status":"success","product_id":39506,"sku":"STW44A532","message":"Product updated successfully"}
2021-03-04T22:38:48+00:00 INFO (6): {"status":"success","product_id":39507,"sku":"STW44A564","message":"Product updated successfully"}
2021-03-04T22:38:51+00:00 INFO (6): {"status":"success","product_id":39508,"sku":"STW44A732","message":"Product updated successfully"}
2021-03-04T22:38:54+00:00 INFO (6): {"status":"success","product_id":39510,"sku":"STW44A964","message":"Product updated successfully"}
2021-03-04T22:38:57+00:00 INFO (6): {"status":"success","product_id":39511,"sku":"STW44K3","message":"Product updated successfully"}
2021-03-04T22:38:59+00:00 INFO (6): {"status":"success","product_id":39512,"sku":"STW44K4","message":"Product updated successfully"}
2021-03-04T22:39:02+00:00 INFO (6): {"status":"success","product_id":39513,"sku":"STW44K5","message":"Product updated successfully"}
2021-03-04T22:39:05+00:00 INFO (6): {"status":"success","product_id":39515,"sku":"STW44K8","message":"Product updated successfully"}
2021-03-04T22:39:08+00:00 INFO (6): {"status":"success","product_id":39516,"sku":"STW44KTXT10","message":"Product updated successfully"}
2021-03-04T22:39:11+00:00 INFO (6): {"status":"success","product_id":39517,"sku":"STW44KTXT15","message":"Product updated successfully"}
2021-03-04T22:39:13+00:00 INFO (6): {"status":"success","product_id":39518,"sku":"STW44KTXT20","message":"Product updated successfully"}
2021-03-04T22:39:16+00:00 INFO (6): {"status":"success","product_id":39520,"sku":"STW44KTXT27","message":"Product updated successfully"}
2021-03-04T22:39:18+00:00 INFO (6): {"status":"success","product_id":39521,"sku":"STW44KTXT30","message":"Product updated successfully"}
2021-03-04T22:39:21+00:00 INFO (6): {"status":"success","product_id":39670,"sku":"TENM140015","message":"Product updated successfully"}
2021-03-04T22:39:24+00:00 INFO (6): {"status":"success","product_id":39671,"sku":"TENM140020","message":"Product updated successfully"}
2021-03-04T22:39:26+00:00 INFO (6): {"status":"success","product_id":39672,"sku":"TENM140021","message":"Product updated successfully"}
2021-03-04T22:39:30+00:00 INFO (6): {"status":"success","product_id":39673,"sku":"TENM140022","message":"Product updated successfully"}
2021-03-04T22:39:33+00:00 INFO (6): {"status":"success","product_id":39674,"sku":"TENM140023","message":"Product updated successfully"}
2021-03-04T22:39:37+00:00 INFO (6): {"status":"success","product_id":39675,"sku":"TENM140024","message":"Product updated successfully"}
2021-03-04T22:39:40+00:00 INFO (6): {"status":"success","product_id":39676,"sku":"TENM140030","message":"Product updated successfully"}
2021-03-04T22:39:42+00:00 INFO (6): {"status":"success","product_id":39677,"sku":"TENM140036","message":"Product updated successfully"}
2021-03-04T22:40:04+00:00 INFO (6): {"status":"success","product_id":39718,"sku":"STW54010","message":"Product updated successfully"}
2021-03-04T22:40:07+00:00 INFO (6): {"status":"success","product_id":39924,"sku":"TEN140038","message":"Product updated successfully"}
2021-03-04T22:40:10+00:00 INFO (6): {"status":"success","product_id":39985,"sku":"TEN1400FRP","message":"Product updated successfully"}
2021-03-04T22:40:13+00:00 INFO (6): {"status":"success","product_id":40649,"sku":"STA485576","message":"Product updated successfully"}
2021-03-04T22:40:15+00:00 INFO (6): {"status":"success","product_id":39340,"sku":"STW40TXE8","message":"Product updated successfully"}
2021-03-04T22:40:18+00:00 INFO (6): {"status":"success","product_id":39244,"sku":"STW406","message":"Product updated successfully"}
2021-03-04T22:40:21+00:00 INFO (6): {"status":"success","product_id":39925,"sku":"TEN140072N","message":"Product updated successfully"}
2021-03-04T22:40:24+00:00 INFO (6): {"status":"success","product_id":41557,"sku":"TENM140507","message":"Product updated successfully"}
2021-03-04T22:40:26+00:00 INFO (6): {"status":"success","product_id":41563,"sku":"TENM140513","message":"Product updated successfully"}
2021-03-04T22:40:29+00:00 INFO (6): {"status":"success","product_id":41554,"sku":"TENM140505","message":"Product updated successfully"}
2021-03-04T22:40:32+00:00 INFO (6): {"status":"success","product_id":41569,"sku":"TENM140608","message":"Product updated successfully"}
2021-03-04T22:40:35+00:00 INFO (6): {"status":"success","product_id":41555,"sku":"TENM1405055","message":"Product updated successfully"}
2021-03-04T22:40:38+00:00 INFO (6): {"status":"success","product_id":41536,"sku":"TENM140050","message":"Product updated successfully"}
2021-03-04T22:40:41+00:00 INFO (6): {"status":"success","product_id":41537,"sku":"TENM140060","message":"Product updated successfully"}
2021-03-04T22:40:43+00:00 INFO (6): {"status":"success","product_id":41539,"sku":"TENM140107","message":"Product updated successfully"}
2021-03-04T22:40:46+00:00 INFO (6): {"status":"success","product_id":41541,"sku":"TENM140109","message":"Product updated successfully"}
2021-03-04T22:40:49+00:00 INFO (6): {"status":"success","product_id":41542,"sku":"TENM140110","message":"Product updated successfully"}
2021-03-04T22:40:52+00:00 INFO (6): {"status":"success","product_id":41543,"sku":"TENM140111","message":"Product updated successfully"}
2021-03-04T22:40:55+00:00 INFO (6): {"status":"success","product_id":41546,"sku":"TENM140116","message":"Product updated successfully"}
2021-03-04T22:40:57+00:00 INFO (6): {"status":"success","product_id":41547,"sku":"TENM140206","message":"Product updated successfully"}
2021-03-04T22:41:00+00:00 INFO (6): {"status":"success","product_id":41548,"sku":"TENM140208","message":"Product updated successfully"}
2021-03-04T22:41:03+00:00 INFO (6): {"status":"success","product_id":41550,"sku":"TENM140212","message":"Product updated successfully"}
2021-03-04T22:41:06+00:00 INFO (6): {"status":"success","product_id":41551,"sku":"TENM140214","message":"Product updated successfully"}
2021-03-04T22:41:09+00:00 INFO (6): {"status":"success","product_id":41552,"sku":"TENM140216","message":"Product updated successfully"}
2021-03-04T22:41:12+00:00 INFO (6): {"status":"success","product_id":41553,"sku":"TENM140504","message":"Product updated successfully"}
2021-03-04T22:41:15+00:00 INFO (6): {"status":"success","product_id":41556,"sku":"TENM140506","message":"Product updated successfully"}
2021-03-04T22:41:18+00:00 INFO (6): {"status":"success","product_id":41558,"sku":"TENM140508","message":"Product updated successfully"}
2021-03-04T22:41:20+00:00 INFO (6): {"status":"success","product_id":41559,"sku":"TENM140509","message":"Product updated successfully"}
2021-03-04T22:41:23+00:00 INFO (6): {"status":"success","product_id":41560,"sku":"TENM140510","message":"Product updated successfully"}
2021-03-04T22:41:26+00:00 INFO (6): {"status":"success","product_id":41561,"sku":"TENM140511","message":"Product updated successfully"}
2021-03-04T22:41:29+00:00 INFO (6): {"status":"success","product_id":41562,"sku":"TENM140512","message":"Product updated successfully"}
2021-03-04T22:41:31+00:00 INFO (6): {"status":"success","product_id":41564,"sku":"TENM140604","message":"Product updated successfully"}
2021-03-04T22:41:34+00:00 INFO (6): {"status":"success","product_id":41566,"sku":"TENM1406055","message":"Product updated successfully"}
2021-03-04T22:41:37+00:00 INFO (6): {"status":"success","product_id":41568,"sku":"TENM140607","message":"Product updated successfully"}
2021-03-04T22:41:40+00:00 INFO (6): {"status":"success","product_id":41572,"sku":"TENM140611","message":"Product updated successfully"}
2021-03-04T22:41:43+00:00 INFO (6): {"status":"success","product_id":41573,"sku":"TENM140612","message":"Product updated successfully"}
2021-03-04T22:41:45+00:00 INFO (6): {"status":"success","product_id":41574,"sku":"TENM140613","message":"Product updated successfully"}
2021-03-04T22:41:48+00:00 INFO (6): {"status":"success","product_id":41540,"sku":"TENM140108","message":"Product updated successfully"}
2021-03-04T22:41:51+00:00 INFO (6): {"status":"success","product_id":41545,"sku":"TENM140114","message":"Product updated successfully"}
2021-03-04T22:41:54+00:00 INFO (6): {"status":"success","product_id":41549,"sku":"TENM140210","message":"Product updated successfully"}
2021-03-04T22:41:57+00:00 INFO (6): {"status":"success","product_id":41565,"sku":"TENM140605","message":"Product updated successfully"}
2021-03-04T22:41:59+00:00 INFO (6): {"status":"success","product_id":41571,"sku":"TENM140610","message":"Product updated successfully"}
2021-03-04T22:42:02+00:00 INFO (6): {"status":"success","product_id":32218,"sku":"BRIE113761B","message":"Product updated successfully"}
2021-03-04T22:42:05+00:00 INFO (6): {"status":"success","product_id":39166,"sku":"STW4010","message":"Product updated successfully"}
2021-03-04T22:42:08+00:00 INFO (6): {"status":"success","product_id":39257,"sku":"STW40ADL12","message":"Product updated successfully"}
2021-03-04T22:42:10+00:00 INFO (6): {"status":"success","product_id":40652,"sku":"STA486395","message":"Product updated successfully"}
2021-03-04T22:42:13+00:00 INFO (6): {"status":"success","product_id":39176,"sku":"STW4052","message":"Product updated successfully"}
2021-03-04T22:42:16+00:00 INFO (6): {"status":"success","product_id":39252,"sku":"STW40AD516","message":"Product updated successfully"}
2021-03-04T22:42:19+00:00 INFO (6): {"status":"success","product_id":28268,"sku":"BRIE113756B","message":"Product updated successfully"}
2021-03-04T22:42:22+00:00 INFO (6): {"status":"success","product_id":39342,"sku":"STW411N","message":"Product updated successfully"}
2021-03-04T22:42:24+00:00 INFO (6): {"status":"success","product_id":39509,"sku":"STW44A764","message":"Product updated successfully"}
2021-03-04T22:42:27+00:00 INFO (6): {"status":"success","product_id":41544,"sku":"TENM140112","message":"Product updated successfully"}
2021-03-04T22:42:30+00:00 INFO (6): {"status":"success","product_id":41567,"sku":"TENM140606","message":"Product updated successfully"}
2021-03-04T22:42:33+00:00 INFO (6): {"status":"success","product_id":39245,"sku":"STW4080","message":"Product updated successfully"}
2021-03-04T22:42:36+00:00 INFO (6): {"status":"success","product_id":41538,"sku":"TENM140106","message":"Product updated successfully"}
2021-03-04T22:42:38+00:00 INFO (6): {"status":"success","product_id":27720,"sku":"BAH14SM11","message":"Product updated successfully"}
2021-03-04T22:42:41+00:00 INFO (6): {"status":"success","product_id":32416,"sku":"BRIE117352B","message":"Product updated successfully"}
2021-03-04T22:42:44+00:00 INFO (6): {"status":"success","product_id":28518,"sku":"BAH12SM10","message":"Product updated successfully"}
2021-03-04T22:42:47+00:00 INFO (6): {"status":"success","product_id":39664,"sku":"TENM121508C","message":"Product updated successfully"}
2021-03-04T22:42:49+00:00 INFO (6): {"status":"success","product_id":39576,"sku":"TENM120512","message":"Product updated successfully"}
2021-03-04T22:42:52+00:00 INFO (6): {"status":"success","product_id":39795,"sku":"STW546","message":"Product updated successfully"}
2021-03-04T22:42:55+00:00 INFO (6): {"status":"success","product_id":39798,"sku":"STW54A12","message":"Product updated successfully"}
2021-03-04T22:42:58+00:00 INFO (6): {"status":"success","product_id":39802,"sku":"STW54A516","message":"Product updated successfully"}
2021-03-04T22:43:00+00:00 INFO (6): {"status":"success","product_id":39098,"sku":"TENM1205126","message":"Product updated successfully"}
2021-03-04T22:43:03+00:00 INFO (6): {"status":"success","product_id":39106,"sku":"TENM1205166","message":"Product updated successfully"}
2021-03-04T22:43:06+00:00 INFO (6): {"status":"success","product_id":39118,"sku":"TENM1205246","message":"Product updated successfully"}
2021-03-04T22:43:09+00:00 INFO (6): {"status":"success","product_id":39433,"sku":"STW44032","message":"Product updated successfully"}
2021-03-04T22:43:11+00:00 INFO (6): {"status":"success","product_id":39665,"sku":"TENM121509C","message":"Product updated successfully"}
2021-03-04T22:43:14+00:00 INFO (6): {"status":"success","product_id":39669,"sku":"TENM121517C","message":"Product updated successfully"}
2021-03-04T22:43:17+00:00 INFO (6): {"status":"success","product_id":39885,"sku":"STW54TXT45","message":"Product updated successfully"}
2021-03-04T22:43:20+00:00 INFO (6): {"status":"success","product_id":39888,"sku":"STW54TXT60","message":"Product updated successfully"}
2021-03-04T22:43:22+00:00 INFO (6): {"status":"success","product_id":39355,"sku":"TENM1205306","message":"Product updated successfully"}
2021-03-04T22:43:25+00:00 INFO (6): {"status":"success","product_id":32409,"sku":"BRIE117295B","message":"Product updated successfully"}
2021-03-04T22:43:28+00:00 INFO (6): {"status":"success","product_id":27707,"sku":"BAH12SM8","message":"Product updated successfully"}
2021-03-04T22:43:31+00:00 INFO (6): {"status":"success","product_id":27708,"sku":"BAH12SM9","message":"Product updated successfully"}
2021-03-04T22:43:34+00:00 INFO (6): {"status":"success","product_id":27709,"sku":"BAH12ST","message":"Product updated successfully"}
2021-03-04T22:43:36+00:00 INFO (6): {"status":"success","product_id":27710,"sku":"BAH12UJ","message":"Product updated successfully"}
2021-03-04T22:43:39+00:00 INFO (6): {"status":"success","product_id":27711,"sku":"BAH1438A","message":"Product updated successfully"}
2021-03-04T22:43:42+00:00 INFO (6): {"status":"success","product_id":28520,"sku":"BAH12SM12","message":"Product updated successfully"}
2021-03-04T22:43:45+00:00 INFO (6): {"status":"success","product_id":28526,"sku":"BAH12SM19","message":"Product updated successfully"}
2021-03-04T22:43:47+00:00 INFO (6): {"status":"success","product_id":28531,"sku":"BAH12SM30","message":"Product updated successfully"}
2021-03-04T22:43:50+00:00 INFO (6): {"status":"success","product_id":27771,"sku":"BAH14UJ","message":"Product updated successfully"}
2021-03-04T22:43:53+00:00 INFO (6): {"status":"success","product_id":28525,"sku":"BAH12SM18","message":"Product updated successfully"}
2021-03-04T22:43:56+00:00 INFO (6): {"status":"success","product_id":28251,"sku":"BRIE113705B","message":"Product updated successfully"}
2021-03-04T22:43:59+00:00 INFO (6): {"status":"success","product_id":27969,"sku":"BAH812012","message":"Product updated successfully"}
2021-03-04T22:44:02+00:00 INFO (6): {"status":"success","product_id":28129,"sku":"BRIE030605","message":"Product updated successfully"}
2021-03-04T22:44:05+00:00 INFO (6): {"status":"success","product_id":39382,"sku":"TENM120720","message":"Product updated successfully"}
2021-03-04T22:44:07+00:00 INFO (6): {"status":"success","product_id":28248,"sku":"BRIE113702B","message":"Product updated successfully"}
2021-03-04T22:44:10+00:00 INFO (6): {"status":"success","product_id":28249,"sku":"BRIE113703B","message":"Product updated successfully"}
2021-03-04T22:44:13+00:00 INFO (6): {"status":"success","product_id":28250,"sku":"BRIE113704B","message":"Product updated successfully"}
2021-03-04T22:44:16+00:00 INFO (6): {"status":"success","product_id":28252,"sku":"BRIE113706B","message":"Product updated successfully"}
2021-03-04T22:44:19+00:00 INFO (6): {"status":"success","product_id":28253,"sku":"BRIE113707B","message":"Product updated successfully"}
2021-03-04T22:44:21+00:00 INFO (6): {"status":"success","product_id":28254,"sku":"BRIE113710B","message":"Product updated successfully"}
2021-03-04T22:44:24+00:00 INFO (6): {"status":"success","product_id":39701,"sku":"STW50910W","message":"Product updated successfully"}
2021-03-04T22:44:27+00:00 INFO (6): {"status":"success","product_id":39793,"sku":"STW544","message":"Product updated successfully"}
2021-03-04T22:44:30+00:00 INFO (6): {"status":"success","product_id":28304,"sku":"BRIE032702B","message":"Product updated successfully"}
2021-03-04T22:44:32+00:00 INFO (6): {"status":"success","product_id":28305,"sku":"BRIE032709B","message":"Product updated successfully"}
2021-03-04T22:44:35+00:00 INFO (6): {"status":"success","product_id":28306,"sku":"BRIE032801B","message":"Product updated successfully"}
2021-03-04T22:44:38+00:00 INFO (6): {"status":"success","product_id":28307,"sku":"BRIE032802B","message":"Product updated successfully"}
2021-03-04T22:45:05+00:00 INFO (6): {"status":"success","product_id":28308,"sku":"BRIE032803B","message":"Product updated successfully"}
2021-03-04T22:45:08+00:00 INFO (6): {"status":"success","product_id":28309,"sku":"BRIE032804B","message":"Product updated successfully"}
2021-03-04T22:45:11+00:00 INFO (6): {"status":"success","product_id":28310,"sku":"BRIE032805B","message":"Product updated successfully"}
2021-03-04T22:45:14+00:00 INFO (6): {"status":"success","product_id":28311,"sku":"BRIE032808","message":"Product updated successfully"}
2021-03-04T22:45:20+00:00 INFO (6): {"status":"success","product_id":28509,"sku":"BAH1234A","message":"Product updated successfully"}
2021-03-04T22:45:22+00:00 INFO (6): {"status":"success","product_id":28510,"sku":"BAH1238A","message":"Product updated successfully"}
2021-03-04T22:45:25+00:00 INFO (6): {"status":"success","product_id":28511,"sku":"BAH12BB","message":"Product updated successfully"}
2021-03-04T22:45:28+00:00 INFO (6): {"status":"success","product_id":28512,"sku":"BAH12BBL","message":"Product updated successfully"}
2021-03-04T22:45:31+00:00 INFO (6): {"status":"success","product_id":28513,"sku":"BAH12EB10","message":"Product updated successfully"}
2021-03-04T22:45:34+00:00 INFO (6): {"status":"success","product_id":28514,"sku":"BAH12EB3","message":"Product updated successfully"}
2021-03-04T22:45:36+00:00 INFO (6): {"status":"success","product_id":28515,"sku":"BAH12EB5","message":"Product updated successfully"}
2021-03-04T22:45:39+00:00 INFO (6): {"status":"success","product_id":28516,"sku":"BAH12RAT","message":"Product updated successfully"}
2021-03-04T22:45:42+00:00 INFO (6): {"status":"success","product_id":28517,"sku":"BAH12RATQR","message":"Product updated successfully"}
2021-03-04T22:45:45+00:00 INFO (6): {"status":"success","product_id":28519,"sku":"BAH12SM11","message":"Product updated successfully"}
2021-03-04T22:45:47+00:00 INFO (6): {"status":"success","product_id":28521,"sku":"BAH12SM13","message":"Product updated successfully"}
2021-03-04T22:45:50+00:00 INFO (6): {"status":"success","product_id":28523,"sku":"BAH12SM15","message":"Product updated successfully"}
2021-03-04T22:45:53+00:00 INFO (6): {"status":"success","product_id":28524,"sku":"BAH12SM17","message":"Product updated successfully"}
2021-03-04T22:45:55+00:00 INFO (6): {"status":"success","product_id":28527,"sku":"BAH12SM22","message":"Product updated successfully"}
2021-03-04T22:45:58+00:00 INFO (6): {"status":"success","product_id":28528,"sku":"BAH12SM23","message":"Product updated successfully"}
2021-03-04T22:46:01+00:00 INFO (6): {"status":"success","product_id":28530,"sku":"BAH12SM27","message":"Product updated successfully"}
2021-03-04T22:46:04+00:00 INFO (6): {"status":"success","product_id":39083,"sku":"STW2054TXT45","message":"Product updated successfully"}
2021-03-04T22:46:07+00:00 INFO (6): {"status":"success","product_id":38854,"sku":"STW1054TXT60","message":"Product updated successfully"}
2021-03-04T22:46:09+00:00 INFO (6): {"status":"success","product_id":39368,"sku":"TENM120620","message":"Product updated successfully"}
2021-03-04T22:46:12+00:00 INFO (6): {"status":"success","product_id":39658,"sku":"TENM121260C","message":"Product updated successfully"}
2021-03-04T22:46:15+00:00 INFO (6): {"status":"success","product_id":39799,"sku":"STW54A14","message":"Product updated successfully"}
2021-03-04T22:46:18+00:00 INFO (6): {"status":"success","product_id":32310,"sku":"BRIE117081B","message":"Product updated successfully"}
2021-03-04T22:46:20+00:00 INFO (6): {"status":"success","product_id":32362,"sku":"BRIE117278B","message":"Product updated successfully"}
2021-03-04T22:46:23+00:00 INFO (6): {"status":"success","product_id":32365,"sku":"BRIE117281B","message":"Product updated successfully"}
2021-03-04T22:46:26+00:00 INFO (6): {"status":"success","product_id":32370,"sku":"BRIE117286B","message":"Product updated successfully"}
2021-03-04T22:46:29+00:00 INFO (6): {"status":"success","product_id":32373,"sku":"BRIE117289B","message":"Product updated successfully"}
2021-03-04T22:46:31+00:00 INFO (6): {"status":"success","product_id":32240,"sku":"BRIE117051B","message":"Product updated successfully"}
2021-03-04T22:46:34+00:00 INFO (6): {"status":"success","product_id":32242,"sku":"BRIE117053B","message":"Product updated successfully"}
2021-03-04T22:46:37+00:00 INFO (6): {"status":"success","product_id":32243,"sku":"BRIE117054B","message":"Product updated successfully"}
2021-03-04T22:46:40+00:00 INFO (6): {"status":"success","product_id":32245,"sku":"BRIE117056B","message":"Product updated successfully"}
2021-03-04T22:46:42+00:00 INFO (6): {"status":"success","product_id":32290,"sku":"BRIE117057B","message":"Product updated successfully"}
2021-03-04T22:46:45+00:00 INFO (6): {"status":"success","product_id":32291,"sku":"BRIE117058B","message":"Product updated successfully"}
2021-03-04T22:46:48+00:00 INFO (6): {"status":"success","product_id":32292,"sku":"BRIE117059B","message":"Product updated successfully"}
2021-03-04T22:46:51+00:00 INFO (6): {"status":"success","product_id":32293,"sku":"BRIE117060B","message":"Product updated successfully"}
2021-03-04T22:46:54+00:00 INFO (6): {"status":"success","product_id":32294,"sku":"BRIE117061B","message":"Product updated successfully"}
2021-03-04T22:46:56+00:00 INFO (6): {"status":"success","product_id":32295,"sku":"BRIE117062B","message":"Product updated successfully"}
2021-03-04T22:46:59+00:00 INFO (6): {"status":"success","product_id":32296,"sku":"BRIE117063B","message":"Product updated successfully"}
2021-03-04T22:47:02+00:00 INFO (6): {"status":"success","product_id":32297,"sku":"BRIE117064B","message":"Product updated successfully"}
2021-03-04T22:47:05+00:00 INFO (6): {"status":"success","product_id":32298,"sku":"BRIE117065B","message":"Product updated successfully"}
2021-03-04T22:47:08+00:00 INFO (6): {"status":"success","product_id":32299,"sku":"BRIE117067B","message":"Product updated successfully"}
2021-03-04T22:47:10+00:00 INFO (6): {"status":"success","product_id":32300,"sku":"BRIE117068B","message":"Product updated successfully"}
2021-03-04T22:47:13+00:00 INFO (6): {"status":"success","product_id":32301,"sku":"BRIE117069B","message":"Product updated successfully"}
2021-03-04T22:47:16+00:00 INFO (6): {"status":"success","product_id":32302,"sku":"BRIE117073B","message":"Product updated successfully"}
2021-03-04T22:47:19+00:00 INFO (6): {"status":"success","product_id":32303,"sku":"BRIE117074B","message":"Product updated successfully"}
2021-03-04T22:47:21+00:00 INFO (6): {"status":"success","product_id":32305,"sku":"BRIE117076B","message":"Product updated successfully"}
2021-03-04T22:47:24+00:00 INFO (6): {"status":"success","product_id":32306,"sku":"BRIE117077B","message":"Product updated successfully"}
2021-03-04T22:47:27+00:00 INFO (6): {"status":"success","product_id":32308,"sku":"BRIE117079B","message":"Product updated successfully"}
2021-03-04T22:47:30+00:00 INFO (6): {"status":"success","product_id":32309,"sku":"BRIE117080B","message":"Product updated successfully"}
2021-03-04T22:47:33+00:00 INFO (6): {"status":"success","product_id":32311,"sku":"BRIE117082B","message":"Product updated successfully"}
2021-03-04T22:47:35+00:00 INFO (6): {"status":"success","product_id":32241,"sku":"BRIE117052B","message":"Product updated successfully"}
2021-03-04T22:47:38+00:00 INFO (6): {"status":"success","product_id":32244,"sku":"BRIE117055B","message":"Product updated successfully"}
2021-03-04T22:47:41+00:00 INFO (6): {"status":"success","product_id":32304,"sku":"BRIE117075B","message":"Product updated successfully"}
2021-03-04T22:47:44+00:00 INFO (6): {"status":"success","product_id":32355,"sku":"BRIE117083B","message":"Product updated successfully"}
2021-03-04T22:47:47+00:00 INFO (6): {"status":"success","product_id":32356,"sku":"BRIE117084B","message":"Product updated successfully"}
2021-03-04T22:47:49+00:00 INFO (6): {"status":"success","product_id":32357,"sku":"BRIE117085B","message":"Product updated successfully"}
2021-03-04T22:47:52+00:00 INFO (6): {"status":"success","product_id":32360,"sku":"BRIE117261B","message":"Product updated successfully"}
2021-03-04T22:47:55+00:00 INFO (6): {"status":"success","product_id":32363,"sku":"BRIE117279B","message":"Product updated successfully"}
2021-03-04T22:47:58+00:00 INFO (6): {"status":"success","product_id":32364,"sku":"BRIE117280B","message":"Product updated successfully"}
2021-03-04T22:48:00+00:00 INFO (6): {"status":"success","product_id":32366,"sku":"BRIE117282B","message":"Product updated successfully"}
2021-03-04T22:48:03+00:00 INFO (6): {"status":"success","product_id":32367,"sku":"BRIE117283B","message":"Product updated successfully"}
2021-03-04T22:48:06+00:00 INFO (6): {"status":"success","product_id":32368,"sku":"BRIE117284B","message":"Product updated successfully"}
2021-03-04T22:48:09+00:00 INFO (6): {"status":"success","product_id":32369,"sku":"BRIE117285B","message":"Product updated successfully"}
2021-03-04T22:48:12+00:00 INFO (6): {"status":"success","product_id":32371,"sku":"BRIE117287B","message":"Product updated successfully"}
2021-03-04T22:48:14+00:00 INFO (6): {"status":"success","product_id":32372,"sku":"BRIE117288B","message":"Product updated successfully"}
2021-03-04T22:48:17+00:00 INFO (6): {"status":"success","product_id":32374,"sku":"BRIE117290B","message":"Product updated successfully"}
2021-03-04T22:48:20+00:00 INFO (6): {"status":"success","product_id":32375,"sku":"BRIE117291B","message":"Product updated successfully"}
2021-03-04T22:48:23+00:00 INFO (6): {"status":"success","product_id":32376,"sku":"BRIE117292B","message":"Product updated successfully"}
2021-03-04T22:48:25+00:00 INFO (6): {"status":"success","product_id":32307,"sku":"BRIE117078B","message":"Product updated successfully"}
2021-03-04T22:48:28+00:00 INFO (6): {"status":"success","product_id":39243,"sku":"STW4056W","message":"Product updated successfully"}
2021-03-04T22:48:31+00:00 INFO (6): {"status":"success","product_id":39290,"sku":"TENM120021W","message":"Product updated successfully"}
2021-03-04T22:48:34+00:00 INFO (6): {"status":"success","product_id":39358,"sku":"TENM120610","message":"Product updated successfully"}
2021-03-04T22:48:36+00:00 INFO (6): {"status":"success","product_id":39656,"sku":"TENM121230C","message":"Product updated successfully"}
2021-03-04T22:48:39+00:00 INFO (6): {"status":"success","product_id":39105,"sku":"TENM120516","message":"Product updated successfully"}
2021-03-04T22:48:42+00:00 INFO (6): {"status":"success","product_id":38848,"sku":"STW105410","message":"Product updated successfully"}
2021-03-04T22:48:45+00:00 INFO (6): {"status":"success","product_id":38849,"sku":"STW105412","message":"Product updated successfully"}
2021-03-04T22:48:48+00:00 INFO (6): {"status":"success","product_id":38850,"sku":"STW10548K","message":"Product updated successfully"}
2021-03-04T22:48:50+00:00 INFO (6): {"status":"success","product_id":38851,"sku":"STW1054TXT30","message":"Product updated successfully"}
2021-03-04T22:48:53+00:00 INFO (6): {"status":"success","product_id":38852,"sku":"STW1054TXT50","message":"Product updated successfully"}
2021-03-04T22:48:56+00:00 INFO (6): {"status":"success","product_id":38853,"sku":"STW1054TXT55","message":"Product updated successfully"}
2021-03-04T22:48:58+00:00 INFO (6): {"status":"success","product_id":38933,"sku":"STW1311QR","message":"Product updated successfully"}
2021-03-04T22:49:01+00:00 INFO (6): {"status":"success","product_id":39113,"sku":"TENM120520","message":"Product updated successfully"}
2021-03-04T22:49:04+00:00 INFO (6): {"status":"success","product_id":39360,"sku":"TENM120612","message":"Product updated successfully"}
2021-03-04T22:49:07+00:00 INFO (6): {"status":"success","product_id":39079,"sku":"STW205414","message":"Product updated successfully"}
2021-03-04T22:49:09+00:00 INFO (6): {"status":"success","product_id":39080,"sku":"STW20545","message":"Product updated successfully"}
2021-03-04T22:49:12+00:00 INFO (6): {"status":"success","product_id":39082,"sku":"STW2054TXT40","message":"Product updated successfully"}
2021-03-04T22:49:15+00:00 INFO (6): {"status":"success","product_id":39371,"sku":"TENM120624","message":"Product updated successfully"}
2021-03-04T22:49:17+00:00 INFO (6): {"status":"success","product_id":39100,"sku":"TENM1205136","message":"Product updated successfully"}
2021-03-04T22:49:20+00:00 INFO (6): {"status":"success","product_id":39101,"sku":"TENM120514","message":"Product updated successfully"}
2021-03-04T22:49:23+00:00 INFO (6): {"status":"success","product_id":39102,"sku":"TENM1205146","message":"Product updated successfully"}
2021-03-04T22:49:25+00:00 INFO (6): {"status":"success","product_id":39103,"sku":"TENM120515","message":"Product updated successfully"}
2021-03-04T22:49:28+00:00 INFO (6): {"status":"success","product_id":39104,"sku":"TENM1205156","message":"Product updated successfully"}
2021-03-04T22:49:31+00:00 INFO (6): {"status":"success","product_id":39107,"sku":"TENM120517","message":"Product updated successfully"}
2021-03-04T22:49:33+00:00 INFO (6): {"status":"success","product_id":39108,"sku":"TENM1205176","message":"Product updated successfully"}
2021-03-04T22:50:06+00:00 INFO (6): {"status":"success","product_id":39109,"sku":"TENM120518","message":"Product updated successfully"}
2021-03-04T22:50:08+00:00 INFO (6): {"status":"success","product_id":39110,"sku":"TENM1205186","message":"Product updated successfully"}
2021-03-04T22:50:11+00:00 INFO (6): {"status":"success","product_id":39111,"sku":"TENM120519","message":"Product updated successfully"}
2021-03-04T22:50:14+00:00 INFO (6): {"status":"success","product_id":39112,"sku":"TENM1205196","message":"Product updated successfully"}
2021-03-04T22:50:17+00:00 INFO (6): {"status":"success","product_id":39114,"sku":"TENM120521","message":"Product updated successfully"}
2021-03-04T22:50:20+00:00 INFO (6): {"status":"success","product_id":39115,"sku":"TENM120522","message":"Product updated successfully"}
2021-03-04T22:50:22+00:00 INFO (6): {"status":"success","product_id":39117,"sku":"TENM120524","message":"Product updated successfully"}
2021-03-04T22:50:25+00:00 INFO (6): {"status":"success","product_id":39121,"sku":"TENM120528","message":"Product updated successfully"}
2021-03-04T22:50:28+00:00 INFO (6): {"status":"success","product_id":39175,"sku":"STW40514W","message":"Product updated successfully"}
2021-03-04T22:50:31+00:00 INFO (6): {"status":"success","product_id":39561,"sku":"TENM120122","message":"Product updated successfully"}
2021-03-04T22:50:33+00:00 INFO (6): {"status":"success","product_id":39238,"sku":"STW4052W","message":"Product updated successfully"}
2021-03-04T22:50:36+00:00 INFO (6): {"status":"success","product_id":39240,"sku":"STW4054W","message":"Product updated successfully"}
2021-03-04T22:50:39+00:00 INFO (6): {"status":"success","product_id":39246,"sku":"STW409","message":"Product updated successfully"}
2021-03-04T22:50:42+00:00 INFO (6): {"status":"success","product_id":39286,"sku":"TENM120010","message":"Product updated successfully"}
2021-03-04T22:50:45+00:00 INFO (6): {"status":"success","product_id":39287,"sku":"TENM120020","message":"Product updated successfully"}
2021-03-04T22:50:48+00:00 INFO (6): {"status":"success","product_id":39288,"sku":"TENM120020W","message":"Product updated successfully"}
2021-03-04T22:50:50+00:00 INFO (6): {"status":"success","product_id":39289,"sku":"TENM120021","message":"Product updated successfully"}
2021-03-04T22:50:53+00:00 INFO (6): {"status":"success","product_id":39291,"sku":"TENM120022","message":"Product updated successfully"}
2021-03-04T22:50:56+00:00 INFO (6): {"status":"success","product_id":39292,"sku":"TENM120022W","message":"Product updated successfully"}
2021-03-04T22:50:59+00:00 INFO (6): {"status":"success","product_id":39293,"sku":"TENM120023","message":"Product updated successfully"}
2021-03-04T22:51:02+00:00 INFO (6): {"status":"success","product_id":39294,"sku":"TENM120024","message":"Product updated successfully"}
2021-03-04T22:51:05+00:00 INFO (6): {"status":"success","product_id":39295,"sku":"TENM120030","message":"Product updated successfully"}
2021-03-04T22:51:08+00:00 INFO (6): {"status":"success","product_id":39341,"sku":"STW410","message":"Product updated successfully"}
2021-03-04T22:51:10+00:00 INFO (6): {"status":"success","product_id":39354,"sku":"TENM120530","message":"Product updated successfully"}
2021-03-04T22:51:13+00:00 INFO (6): {"status":"success","product_id":39356,"sku":"TENM120532","message":"Product updated successfully"}
2021-03-04T22:51:16+00:00 INFO (6): {"status":"success","product_id":39357,"sku":"TENM1205346","message":"Product updated successfully"}
2021-03-04T22:51:19+00:00 INFO (6): {"status":"success","product_id":39359,"sku":"TENM120611","message":"Product updated successfully"}
2021-03-04T22:51:22+00:00 INFO (6): {"status":"success","product_id":39361,"sku":"TENM120613","message":"Product updated successfully"}
2021-03-04T22:51:24+00:00 INFO (6): {"status":"success","product_id":39362,"sku":"TENM120614","message":"Product updated successfully"}
2021-03-04T22:51:27+00:00 INFO (6): {"status":"success","product_id":39364,"sku":"TENM120616","message":"Product updated successfully"}
2021-03-04T22:51:30+00:00 INFO (6): {"status":"success","product_id":39365,"sku":"TENM120617","message":"Product updated successfully"}
2021-03-04T22:51:33+00:00 INFO (6): {"status":"success","product_id":39366,"sku":"TENM120618","message":"Product updated successfully"}
2021-03-04T22:51:36+00:00 INFO (6): {"status":"success","product_id":39369,"sku":"TENM120621","message":"Product updated successfully"}
2021-03-04T22:51:39+00:00 INFO (6): {"status":"success","product_id":39370,"sku":"TENM120622","message":"Product updated successfully"}
2021-03-04T22:51:41+00:00 INFO (6): {"status":"success","product_id":39372,"sku":"TENM120627","message":"Product updated successfully"}
2021-03-04T22:51:44+00:00 INFO (6): {"status":"success","product_id":39373,"sku":"TENM120630","message":"Product updated successfully"}
2021-03-04T22:51:47+00:00 INFO (6): {"status":"success","product_id":39374,"sku":"TENM120632","message":"Product updated successfully"}
2021-03-04T22:51:49+00:00 INFO (6): {"status":"success","product_id":39376,"sku":"TENM120710","message":"Product updated successfully"}
2021-03-04T22:51:52+00:00 INFO (6): {"status":"success","product_id":39377,"sku":"TENM120711","message":"Product updated successfully"}
2021-03-04T22:51:55+00:00 INFO (6): {"status":"success","product_id":39378,"sku":"TENM120712","message":"Product updated successfully"}
2021-03-04T22:51:57+00:00 INFO (6): {"status":"success","product_id":39379,"sku":"TENM120714","message":"Product updated successfully"}
2021-03-04T22:52:00+00:00 INFO (6): {"status":"success","product_id":39380,"sku":"TENM120716","message":"Product updated successfully"}
2021-03-04T22:52:03+00:00 INFO (6): {"status":"success","product_id":39381,"sku":"TENM120718","message":"Product updated successfully"}
2021-03-04T22:52:06+00:00 INFO (6): {"status":"success","product_id":39432,"sku":"STW44030","message":"Product updated successfully"}
2021-03-04T22:52:09+00:00 INFO (6): {"status":"success","product_id":39434,"sku":"STW44036","message":"Product updated successfully"}
2021-03-04T22:52:11+00:00 INFO (6): {"status":"success","product_id":39565,"sku":"TENM120130","message":"Product updated successfully"}
2021-03-04T22:52:14+00:00 INFO (6): {"status":"success","product_id":39548,"sku":"TENM120037","message":"Product updated successfully"}
2021-03-04T22:52:17+00:00 INFO (6): {"status":"success","product_id":39552,"sku":"TENM120050","message":"Product updated successfully"}
2021-03-04T22:52:19+00:00 INFO (6): {"status":"success","product_id":39553,"sku":"TENM120060","message":"Product updated successfully"}
2021-03-04T22:52:22+00:00 INFO (6): {"status":"success","product_id":39555,"sku":"TENM120080","message":"Product updated successfully"}
2021-03-04T22:52:25+00:00 INFO (6): {"status":"success","product_id":39556,"sku":"TENM120112","message":"Product updated successfully"}
2021-03-04T22:52:28+00:00 INFO (6): {"status":"success","product_id":39557,"sku":"TENM120114","message":"Product updated successfully"}
2021-03-04T22:52:30+00:00 INFO (6): {"status":"success","product_id":39558,"sku":"TENM120116","message":"Product updated successfully"}
2021-03-04T22:52:33+00:00 INFO (6): {"status":"success","product_id":39559,"sku":"TENM120118","message":"Product updated successfully"}
2021-03-04T22:52:36+00:00 INFO (6): {"status":"success","product_id":39562,"sku":"TENM120124","message":"Product updated successfully"}
2021-03-04T22:52:39+00:00 INFO (6): {"status":"success","product_id":39563,"sku":"TENM120126","message":"Product updated successfully"}
2021-03-04T22:52:41+00:00 INFO (6): {"status":"success","product_id":39564,"sku":"TENM120128","message":"Product updated successfully"}
2021-03-04T22:52:44+00:00 INFO (6): {"status":"success","product_id":39566,"sku":"TENM120132","message":"Product updated successfully"}
2021-03-04T22:52:47+00:00 INFO (6): {"status":"success","product_id":39567,"sku":"TENM120134","message":"Product updated successfully"}
2021-03-04T22:52:49+00:00 INFO (6): {"status":"success","product_id":39568,"sku":"TENM120136","message":"Product updated successfully"}
2021-03-04T22:52:52+00:00 INFO (6): {"status":"success","product_id":39570,"sku":"TENM120140","message":"Product updated successfully"}
2021-03-04T22:52:55+00:00 INFO (6): {"status":"success","product_id":39571,"sku":"TENM120508","message":"Product updated successfully"}
2021-03-04T22:52:58+00:00 INFO (6): {"status":"success","product_id":39573,"sku":"TENM120510","message":"Product updated successfully"}
2021-03-04T22:53:01+00:00 INFO (6): {"status":"success","product_id":39575,"sku":"TENM120511","message":"Product updated successfully"}
2021-03-04T22:53:04+00:00 INFO (6): {"status":"success","product_id":39632,"sku":"STW5017","message":"Product updated successfully"}
2021-03-04T22:53:06+00:00 INFO (6): {"status":"success","product_id":39633,"sku":"STW5019","message":"Product updated successfully"}
2021-03-04T22:53:09+00:00 INFO (6): {"status":"success","product_id":39651,"sku":"TENM120724","message":"Product updated successfully"}
2021-03-04T22:53:12+00:00 INFO (6): {"status":"success","product_id":39654,"sku":"TENM121220C","message":"Product updated successfully"}
2021-03-04T22:53:15+00:00 INFO (6): {"status":"success","product_id":39655,"sku":"TENM121225C","message":"Product updated successfully"}
2021-03-04T22:53:18+00:00 INFO (6): {"status":"success","product_id":39657,"sku":"TENM121240C","message":"Product updated successfully"}
2021-03-04T22:53:20+00:00 INFO (6): {"status":"success","product_id":39661,"sku":"TENM121505C","message":"Product updated successfully"}
2021-03-04T22:53:23+00:00 INFO (6): {"status":"success","product_id":39662,"sku":"TENM121506C","message":"Product updated successfully"}
2021-03-04T22:53:26+00:00 INFO (6): {"status":"success","product_id":39663,"sku":"TENM121507C","message":"Product updated successfully"}
2021-03-04T22:53:28+00:00 INFO (6): {"status":"success","product_id":39666,"sku":"TENM121510C","message":"Product updated successfully"}
2021-03-04T22:53:31+00:00 INFO (6): {"status":"success","product_id":39667,"sku":"TENM121512C","message":"Product updated successfully"}
2021-03-04T22:53:34+00:00 INFO (6): {"status":"success","product_id":39668,"sku":"TENM121514C","message":"Product updated successfully"}
2021-03-04T22:53:37+00:00 INFO (6): {"status":"success","product_id":39696,"sku":"STW5030","message":"Product updated successfully"}
2021-03-04T22:53:39+00:00 INFO (6): {"status":"success","product_id":39697,"sku":"STW5040","message":"Product updated successfully"}
2021-03-04T22:53:42+00:00 INFO (6): {"status":"success","product_id":39698,"sku":"STW506","message":"Product updated successfully"}
2021-03-04T22:53:45+00:00 INFO (6): {"status":"success","product_id":39699,"sku":"STW50910","message":"Product updated successfully"}
2021-03-04T22:53:48+00:00 INFO (6): {"status":"success","product_id":39700,"sku":"STW50910QR","message":"Product updated successfully"}
2021-03-04T22:53:50+00:00 INFO (6): {"status":"success","product_id":39702,"sku":"STW5092QR","message":"Product updated successfully"}
2021-03-04T22:53:53+00:00 INFO (6): {"status":"success","product_id":39703,"sku":"STW5095","message":"Product updated successfully"}
2021-03-04T22:53:56+00:00 INFO (6): {"status":"success","product_id":39704,"sku":"STW5095QR","message":"Product updated successfully"}
2021-03-04T22:53:59+00:00 INFO (6): {"status":"success","product_id":39705,"sku":"STW5095W","message":"Product updated successfully"}
2021-03-04T22:54:02+00:00 INFO (6): {"status":"success","product_id":39708,"sku":"STW510","message":"Product updated successfully"}
2021-03-04T22:54:04+00:00 INFO (6): {"status":"success","product_id":39709,"sku":"STW51207210","message":"Product updated successfully"}
2021-03-04T22:54:07+00:00 INFO (6): {"status":"success","product_id":39710,"sku":"STW5122K","message":"Product updated successfully"}
2021-03-04T22:54:10+00:00 INFO (6): {"status":"success","product_id":39711,"sku":"STW513","message":"Product updated successfully"}
2021-03-04T22:54:13+00:00 INFO (6): {"status":"success","product_id":39713,"sku":"STW515N","message":"Product updated successfully"}
2021-03-04T22:54:16+00:00 INFO (6): {"status":"success","product_id":39717,"sku":"STW532N","message":"Product updated successfully"}
2021-03-04T22:54:19+00:00 INFO (6): {"status":"success","product_id":39363,"sku":"TENM120615","message":"Product updated successfully"}
2021-03-04T22:54:22+00:00 INFO (6): {"status":"success","product_id":39788,"sku":"STW5410","message":"Product updated successfully"}
2021-03-04T22:54:25+00:00 INFO (6): {"status":"success","product_id":39789,"sku":"STW5412","message":"Product updated successfully"}
2021-03-04T22:54:27+00:00 INFO (6): {"status":"success","product_id":39790,"sku":"STW5414","message":"Product updated successfully"}
2021-03-04T22:54:30+00:00 INFO (6): {"status":"success","product_id":39791,"sku":"STW5417","message":"Product updated successfully"}
2021-03-04T22:54:33+00:00 INFO (6): {"status":"success","product_id":39792,"sku":"STW5419","message":"Product updated successfully"}
2021-03-04T22:54:36+00:00 INFO (6): {"status":"success","product_id":39794,"sku":"STW545","message":"Product updated successfully"}
2021-03-04T22:54:38+00:00 INFO (6): {"status":"success","product_id":39796,"sku":"STW547","message":"Product updated successfully"}
2021-03-04T22:55:05+00:00 INFO (6): {"status":"success","product_id":39797,"sku":"STW548","message":"Product updated successfully"}
2021-03-04T22:55:07+00:00 INFO (6): {"status":"success","product_id":39800,"sku":"STW54A34","message":"Product updated successfully"}
2021-03-04T22:55:10+00:00 INFO (6): {"status":"success","product_id":39801,"sku":"STW54A38","message":"Product updated successfully"}
2021-03-04T22:55:13+00:00 INFO (6): {"status":"success","product_id":39803,"sku":"STW54A58","message":"Product updated successfully"}
2021-03-04T22:55:16+00:00 INFO (6): {"status":"success","product_id":39804,"sku":"STW54A716","message":"Product updated successfully"}
2021-03-04T22:55:19+00:00 INFO (6): {"status":"success","product_id":39805,"sku":"STW54A732","message":"Product updated successfully"}
2021-03-04T22:55:22+00:00 INFO (6): {"status":"success","product_id":39879,"sku":"STW54CVM10","message":"Product updated successfully"}
2021-03-04T22:55:24+00:00 INFO (6): {"status":"success","product_id":39880,"sku":"STW54CVM12","message":"Product updated successfully"}
2021-03-04T22:55:27+00:00 INFO (6): {"status":"success","product_id":39883,"sku":"STW54TXT30","message":"Product updated successfully"}
2021-03-04T22:55:30+00:00 INFO (6): {"status":"success","product_id":39884,"sku":"STW54TXT40","message":"Product updated successfully"}
2021-03-04T22:55:32+00:00 INFO (6): {"status":"success","product_id":39886,"sku":"STW54TXT50","message":"Product updated successfully"}
2021-03-04T22:55:35+00:00 INFO (6): {"status":"success","product_id":39887,"sku":"STW54TXT55","message":"Product updated successfully"}
2021-03-04T22:55:38+00:00 INFO (6): {"status":"success","product_id":39889,"sku":"STW54XM14","message":"Product updated successfully"}
2021-03-04T22:55:41+00:00 INFO (6): {"status":"success","product_id":39890,"sku":"STW54XM16","message":"Product updated successfully"}
2021-03-04T22:55:43+00:00 INFO (6): {"status":"success","product_id":39915,"sku":"TEN120072N","message":"Product updated successfully"}
2021-03-04T22:55:46+00:00 INFO (6): {"status":"success","product_id":39916,"sku":"TEN1200F","message":"Product updated successfully"}
2021-03-04T22:55:49+00:00 INFO (6): {"status":"success","product_id":39917,"sku":"TEN1200FRP","message":"Product updated successfully"}
2021-03-04T22:55:52+00:00 INFO (6): {"status":"success","product_id":39918,"sku":"TEN1201","message":"Product updated successfully"}
2021-03-04T22:55:54+00:00 INFO (6): {"status":"success","product_id":39919,"sku":"TEN1201A","message":"Product updated successfully"}
2021-03-04T22:55:57+00:00 INFO (6): {"status":"success","product_id":39367,"sku":"TENM120619","message":"Product updated successfully"}
2021-03-04T22:56:00+00:00 INFO (6): {"status":"success","product_id":39569,"sku":"TENM120138","message":"Product updated successfully"}
2021-03-04T22:56:03+00:00 INFO (6): {"status":"success","product_id":39116,"sku":"TENM120523","message":"Product updated successfully"}
2021-03-04T22:56:06+00:00 INFO (6): {"status":"success","product_id":39572,"sku":"TENM120509","message":"Product updated successfully"}
2021-03-04T22:56:09+00:00 INFO (6): {"status":"success","product_id":40654,"sku":"STA486397","message":"Product updated successfully"}
2021-03-04T22:56:12+00:00 INFO (6): {"status":"success","product_id":39554,"sku":"TENM120061","message":"Product updated successfully"}
2021-03-04T22:56:14+00:00 INFO (6): {"status":"success","product_id":32359,"sku":"BRIE117260B","message":"Product updated successfully"}
2021-03-04T22:56:17+00:00 INFO (6): {"status":"success","product_id":39881,"sku":"STW54CVM8","message":"Product updated successfully"}
2021-03-04T22:56:20+00:00 INFO (6): {"status":"success","product_id":28532,"sku":"BAH12SM32","message":"Product updated successfully"}
2021-03-04T22:56:23+00:00 INFO (6): {"status":"success","product_id":39081,"sku":"STW20546","message":"Product updated successfully"}
2021-03-04T22:56:25+00:00 INFO (6): {"status":"success","product_id":39383,"sku":"TENM120722","message":"Product updated successfully"}
2021-03-04T22:56:28+00:00 INFO (6): {"status":"success","product_id":39099,"sku":"TENM120513","message":"Product updated successfully"}
2021-03-04T22:56:31+00:00 INFO (6): {"status":"success","product_id":39120,"sku":"TENM120527","message":"Product updated successfully"}
2021-03-04T22:56:34+00:00 INFO (6): {"status":"success","product_id":28247,"sku":"BRIE113701B","message":"Product updated successfully"}
2021-03-04T22:56:37+00:00 INFO (6): {"status":"success","product_id":28522,"sku":"BAH12SM14","message":"Product updated successfully"}
2021-03-04T22:56:39+00:00 INFO (6): {"status":"success","product_id":39574,"sku":"TENM1205106","message":"Product updated successfully"}
2021-03-04T22:56:42+00:00 INFO (6): {"status":"success","product_id":39712,"sku":"STW514","message":"Product updated successfully"}
2021-03-04T22:56:45+00:00 INFO (6): {"status":"success","product_id":39119,"sku":"TENM120526","message":"Product updated successfully"}
2021-03-04T22:56:48+00:00 INFO (6): {"status":"success","product_id":39296,"sku":"TENM120036","message":"Product updated successfully"}
2021-03-04T22:56:51+00:00 INFO (6): {"status":"success","product_id":39560,"sku":"TENM120120","message":"Product updated successfully"}
2021-03-04T22:56:53+00:00 INFO (6): {"status":"success","product_id":39806,"sku":"STW54A916","message":"Product updated successfully"}
2021-03-04T22:56:56+00:00 INFO (6): {"status":"success","product_id":28529,"sku":"BAH12SM24","message":"Product updated successfully"}
2021-03-04T22:56:59+00:00 INFO (6): {"status":"success","product_id":32361,"sku":"BRIE117264B","message":"Product updated successfully"}
2021-03-04T22:56:59+00:00 INFO (6): ---------------- END API Cron 04/03/21 22:56:59 ----------------
