2021-02-11T11:05:02+00:00 INFO (6): ---------------- START API Cron 11/02/21 11:05:02 ----------------
2021-02-11T11:05:10+00:00 INFO (6): {"status":"success","product_id":42671,"sku":"CB10","message":"Product updated successfully"}
2021-02-11T11:05:21+00:00 INFO (6): {"status":"success","product_id":42672,"sku":"CB8","message":"Product updated successfully"}
2021-02-11T11:05:27+00:00 INFO (6): {"status":"success","product_id":42673,"sku":"CB9","message":"Product updated successfully"}
2021-02-11T11:05:34+00:00 INFO (6): {"status":"success","product_id":42799,"sku":"MEMCAP10100","message":"Product updated successfully"}
2021-02-11T11:05:40+00:00 INFO (6): {"status":"success","product_id":42800,"sku":"MEMCAP10100Z","message":"Product updated successfully"}
2021-02-11T11:05:47+00:00 INFO (6): {"status":"success","product_id":42801,"sku":"MEMCAP10120Z","message":"Product updated successfully"}
2021-02-11T11:05:53+00:00 INFO (6): {"status":"success","product_id":42802,"sku":"MEMCAP1016Z","message":"Product updated successfully"}
2021-02-11T11:05:59+00:00 INFO (6): {"status":"success","product_id":42803,"sku":"MEMCAP1020","message":"Product updated successfully"}
2021-02-11T11:06:06+00:00 INFO (6): {"status":"success","product_id":42804,"sku":"MEMCAP1025","message":"Product updated successfully"}
2021-02-11T11:06:13+00:00 INFO (6): {"status":"success","product_id":42805,"sku":"MEMCAP1030","message":"Product updated successfully"}
2021-02-11T11:06:19+00:00 INFO (6): {"status":"success","product_id":42747,"sku":"MEMCAP1030Z","message":"Product updated successfully"}
2021-02-11T11:06:26+00:00 INFO (6): {"status":"success","product_id":42806,"sku":"MEMCAP1035","message":"Product updated successfully"}
2021-02-11T11:06:32+00:00 INFO (6): {"status":"success","product_id":42807,"sku":"MEMCAP1035Z","message":"Product updated successfully"}
2021-02-11T11:06:39+00:00 INFO (6): {"status":"success","product_id":42808,"sku":"MEMCAP1040","message":"Product updated successfully"}
2021-02-11T11:06:45+00:00 INFO (6): {"status":"success","product_id":42809,"sku":"MEMCAP1040Z","message":"Product updated successfully"}
2021-02-11T11:06:52+00:00 INFO (6): {"status":"success","product_id":42693,"sku":"MEMCAP1045","message":"Product updated successfully"}
2021-02-11T11:06:58+00:00 INFO (6): {"status":"success","product_id":42735,"sku":"MEMCAP1045Z","message":"Product updated successfully"}
2021-02-11T11:07:05+00:00 INFO (6): {"status":"success","product_id":42810,"sku":"MEMCAP1050","message":"Product updated successfully"}
2021-02-11T11:07:11+00:00 INFO (6): {"status":"success","product_id":42811,"sku":"MEMCAP1050Z","message":"Product updated successfully"}
2021-02-11T11:07:18+00:00 INFO (6): {"status":"success","product_id":42812,"sku":"MEMCAP1060","message":"Product updated successfully"}
2021-02-11T11:07:24+00:00 INFO (6): {"status":"success","product_id":42813,"sku":"MEMCAP1060Z","message":"Product updated successfully"}
2021-02-11T11:07:31+00:00 INFO (6): {"status":"success","product_id":42736,"sku":"MEMCAP1065Z","message":"Product updated successfully"}
2021-02-11T11:07:37+00:00 INFO (6): {"status":"success","product_id":42814,"sku":"MEMCAP1070","message":"Product updated successfully"}
2021-02-11T11:07:44+00:00 INFO (6): {"status":"success","product_id":42815,"sku":"MEMCAP1070Z","message":"Product updated successfully"}
2021-02-11T11:07:50+00:00 INFO (6): {"status":"success","product_id":42816,"sku":"MEMCAP1080","message":"Product updated successfully"}
2021-02-11T11:07:57+00:00 INFO (6): {"status":"success","product_id":42817,"sku":"MEMCAP1080Z","message":"Product updated successfully"}
2021-02-11T11:08:03+00:00 INFO (6): {"status":"success","product_id":42760,"sku":"MEMCAP12100","message":"Product updated successfully"}
2021-02-11T11:08:10+00:00 INFO (6): {"status":"success","product_id":42818,"sku":"MEMCAP12100Z","message":"Product updated successfully"}
2021-02-11T11:08:17+00:00 INFO (6): {"status":"success","product_id":42819,"sku":"MEMCAP12110","message":"Product updated successfully"}
2021-02-11T11:08:24+00:00 INFO (6): {"status":"success","product_id":42895,"sku":"MEMCAP12120Z","message":"Product updated successfully"}
2021-02-11T11:08:31+00:00 INFO (6): {"status":"success","product_id":42896,"sku":"MEMCAP12130","message":"Product updated successfully"}
2021-02-11T11:08:38+00:00 INFO (6): {"status":"success","product_id":42897,"sku":"MEMCAP12180","message":"Product updated successfully"}
2021-02-11T11:08:44+00:00 INFO (6): {"status":"success","product_id":42737,"sku":"MEMCAP1225","message":"Product updated successfully"}
2021-02-11T11:08:51+00:00 INFO (6): {"status":"success","product_id":42898,"sku":"MEMCAP1225Z","message":"Product updated successfully"}
2021-02-11T11:08:58+00:00 INFO (6): {"status":"success","product_id":42899,"sku":"MEMCAP1230","message":"Product updated successfully"}
2021-02-11T11:09:05+00:00 INFO (6): {"status":"success","product_id":42900,"sku":"MEMCAP1230Z","message":"Product updated successfully"}
2021-02-11T11:09:12+00:00 INFO (6): {"status":"success","product_id":42901,"sku":"MEMCAP1235","message":"Product updated successfully"}
2021-02-11T11:09:19+00:00 INFO (6): {"status":"success","product_id":42738,"sku":"MEMCAP1235Z","message":"Product updated successfully"}
2021-02-11T11:09:26+00:00 INFO (6): {"status":"success","product_id":42734,"sku":"MEMCAP1240","message":"Product updated successfully"}
2021-02-11T11:09:32+00:00 INFO (6): {"status":"success","product_id":42902,"sku":"MEMCAP1240Z","message":"Product updated successfully"}
2021-02-11T11:09:39+00:00 INFO (6): {"status":"success","product_id":42903,"sku":"MEMCAP1245","message":"Product updated successfully"}
2021-02-11T11:09:46+00:00 INFO (6): {"status":"success","product_id":42904,"sku":"MEMCAP1245Z","message":"Product updated successfully"}
2021-02-11T11:09:53+00:00 INFO (6): {"status":"success","product_id":42905,"sku":"MEMCAP1250","message":"Product updated successfully"}
2021-02-11T11:10:00+00:00 INFO (6): {"status":"success","product_id":42739,"sku":"MEMCAP1250Z","message":"Product updated successfully"}
2021-02-11T11:10:06+00:00 INFO (6): {"status":"success","product_id":42906,"sku":"MEMCAP1255","message":"Product updated successfully"}
2021-02-11T11:10:07+00:00 INFO (6): {"status":"success","product_id":42906,"sku":"MEMCAP1255","message":"Product updated successfully"}
2021-02-11T11:10:11+00:00 INFO (6): {"status":"success","product_id":42907,"sku":"MEMCAP1255Z","message":"Product updated successfully"}
2021-02-11T11:10:13+00:00 INFO (6): {"status":"success","product_id":42907,"sku":"MEMCAP1255Z","message":"Product updated successfully"}
2021-02-11T11:10:17+00:00 INFO (6): {"status":"success","product_id":42908,"sku":"MEMCAP1260","message":"Product updated successfully"}
2021-02-11T11:10:18+00:00 INFO (6): {"status":"success","product_id":42908,"sku":"MEMCAP1260","message":"Product updated successfully"}
2021-02-11T11:10:22+00:00 INFO (6): {"status":"success","product_id":42909,"sku":"MEMCAP1260Z","message":"Product updated successfully"}
2021-02-11T11:10:24+00:00 INFO (6): {"status":"success","product_id":42909,"sku":"MEMCAP1260Z","message":"Product updated successfully"}
2021-02-11T11:10:28+00:00 INFO (6): {"status":"success","product_id":42740,"sku":"MEMCAP1270","message":"Product updated successfully"}
2021-02-11T11:10:29+00:00 INFO (6): {"status":"success","product_id":42740,"sku":"MEMCAP1270","message":"Product updated successfully"}
2021-02-11T11:10:33+00:00 INFO (6): {"status":"success","product_id":42910,"sku":"MEMCAP1270Z","message":"Product updated successfully"}
2021-02-11T11:10:35+00:00 INFO (6): {"status":"success","product_id":42910,"sku":"MEMCAP1270Z","message":"Product updated successfully"}
2021-02-11T11:10:39+00:00 INFO (6): {"status":"success","product_id":42960,"sku":"MEMCAP1280","message":"Product updated successfully"}
2021-02-11T11:10:41+00:00 INFO (6): {"status":"success","product_id":42960,"sku":"MEMCAP1280","message":"Product updated successfully"}
2021-02-11T11:10:45+00:00 INFO (6): {"status":"success","product_id":42961,"sku":"MEMCAP1280Z","message":"Product updated successfully"}
2021-02-11T11:10:46+00:00 INFO (6): {"status":"success","product_id":42961,"sku":"MEMCAP1280Z","message":"Product updated successfully"}
2021-02-11T11:10:51+00:00 INFO (6): {"status":"success","product_id":42741,"sku":"MEMCAP1290","message":"Product updated successfully"}
2021-02-11T11:10:52+00:00 INFO (6): {"status":"success","product_id":42741,"sku":"MEMCAP1290","message":"Product updated successfully"}
2021-02-11T11:10:55+00:00 INFO (6): {"status":"success","product_id":42962,"sku":"MEMCAP1290Z","message":"Product updated successfully"}
2021-02-11T11:10:57+00:00 INFO (6): {"status":"success","product_id":42962,"sku":"MEMCAP1290Z","message":"Product updated successfully"}
2021-02-11T11:11:02+00:00 INFO (6): {"status":"success","product_id":42963,"sku":"MEMCAP16100","message":"Product updated successfully"}
2021-02-11T11:11:02+00:00 INFO (6): {"status":"success","product_id":42963,"sku":"MEMCAP16100","message":"Product updated successfully"}
2021-02-11T11:11:07+00:00 INFO (6): {"status":"success","product_id":42964,"sku":"MEMCAP16100Z","message":"Product updated successfully"}
2021-02-11T11:11:09+00:00 INFO (6): {"status":"success","product_id":42964,"sku":"MEMCAP16100Z","message":"Product updated successfully"}
2021-02-11T11:11:13+00:00 INFO (6): {"status":"success","product_id":42965,"sku":"MEMCAP16110","message":"Product updated successfully"}
2021-02-11T11:11:14+00:00 INFO (6): {"status":"success","product_id":42965,"sku":"MEMCAP16110","message":"Product updated successfully"}
2021-02-11T11:11:18+00:00 INFO (6): {"status":"success","product_id":42966,"sku":"MEMCAP16110Z","message":"Product updated successfully"}
2021-02-11T11:11:20+00:00 INFO (6): {"status":"success","product_id":42966,"sku":"MEMCAP16110Z","message":"Product updated successfully"}
2021-02-11T11:11:24+00:00 INFO (6): {"status":"success","product_id":42742,"sku":"MEMCAP16120","message":"Product updated successfully"}
2021-02-11T11:11:25+00:00 INFO (6): {"status":"success","product_id":42742,"sku":"MEMCAP16120","message":"Product updated successfully"}
2021-02-11T11:11:29+00:00 INFO (6): {"status":"success","product_id":42731,"sku":"MEMCAP16120Z","message":"Product updated successfully"}
2021-02-11T11:11:31+00:00 INFO (6): {"status":"success","product_id":42731,"sku":"MEMCAP16120Z","message":"Product updated successfully"}
2021-02-11T11:11:35+00:00 INFO (6): {"status":"success","product_id":42967,"sku":"MEMCAP16150Z","message":"Product updated successfully"}
2021-02-11T11:11:36+00:00 INFO (6): {"status":"success","product_id":42967,"sku":"MEMCAP16150Z","message":"Product updated successfully"}
2021-02-11T11:11:40+00:00 INFO (6): {"status":"success","product_id":42968,"sku":"MEMCAP1635","message":"Product updated successfully"}
2021-02-11T11:11:42+00:00 INFO (6): {"status":"success","product_id":42968,"sku":"MEMCAP1635","message":"Product updated successfully"}
2021-02-11T11:11:45+00:00 INFO (6): {"status":"success","product_id":42969,"sku":"MEMCAP1640","message":"Product updated successfully"}
2021-02-11T11:11:46+00:00 INFO (6): {"status":"success","product_id":42969,"sku":"MEMCAP1640","message":"Product updated successfully"}
2021-02-11T11:11:50+00:00 INFO (6): {"status":"success","product_id":42970,"sku":"MEMCAP1640Z","message":"Product updated successfully"}
2021-02-11T11:11:52+00:00 INFO (6): {"status":"success","product_id":42970,"sku":"MEMCAP1640Z","message":"Product updated successfully"}
2021-02-11T11:11:56+00:00 INFO (6): {"status":"success","product_id":42743,"sku":"MEMCAP1645Z","message":"Product updated successfully"}
2021-02-11T11:11:57+00:00 INFO (6): {"status":"success","product_id":42743,"sku":"MEMCAP1645Z","message":"Product updated successfully"}
2021-02-11T11:12:00+00:00 INFO (6): {"status":"success","product_id":42971,"sku":"MEMCAP1650","message":"Product updated successfully"}
2021-02-11T11:12:03+00:00 INFO (6): {"status":"success","product_id":42971,"sku":"MEMCAP1650","message":"Product updated successfully"}
2021-02-11T11:12:07+00:00 INFO (6): {"status":"success","product_id":42972,"sku":"MEMCAP1650Z","message":"Product updated successfully"}
2021-02-11T11:12:07+00:00 INFO (6): {"status":"success","product_id":42972,"sku":"MEMCAP1650Z","message":"Product updated successfully"}
2021-02-11T11:12:11+00:00 INFO (6): {"status":"success","product_id":42973,"sku":"MEMCAP1655","message":"Product updated successfully"}
2021-02-11T11:12:13+00:00 INFO (6): {"status":"success","product_id":42973,"sku":"MEMCAP1655","message":"Product updated successfully"}
2021-02-11T11:12:17+00:00 INFO (6): {"status":"success","product_id":42974,"sku":"MEMCAP1660","message":"Product updated successfully"}
2021-02-11T11:12:18+00:00 INFO (6): {"status":"success","product_id":42974,"sku":"MEMCAP1660","message":"Product updated successfully"}
2021-02-11T11:12:22+00:00 INFO (6): {"status":"success","product_id":42744,"sku":"MEMCAP1660Z","message":"Product updated successfully"}
2021-02-11T11:12:24+00:00 INFO (6): {"status":"success","product_id":42744,"sku":"MEMCAP1660Z","message":"Product updated successfully"}
2021-02-11T11:12:28+00:00 INFO (6): {"status":"success","product_id":42975,"sku":"MEMCAP1665","message":"Product updated successfully"}
2021-02-11T11:12:29+00:00 INFO (6): {"status":"success","product_id":42975,"sku":"MEMCAP1665","message":"Product updated successfully"}
2021-02-11T11:12:32+00:00 INFO (6): {"status":"success","product_id":43029,"sku":"MEMCAP1670","message":"Product updated successfully"}
2021-02-11T11:12:34+00:00 INFO (6): {"status":"success","product_id":43029,"sku":"MEMCAP1670","message":"Product updated successfully"}
2021-02-11T11:12:38+00:00 INFO (6): {"status":"success","product_id":43030,"sku":"MEMCAP1670Z","message":"Product updated successfully"}
2021-02-11T11:12:39+00:00 INFO (6): {"status":"success","product_id":43030,"sku":"MEMCAP1670Z","message":"Product updated successfully"}
2021-02-11T11:12:43+00:00 INFO (6): {"status":"success","product_id":42745,"sku":"MEMCAP1675","message":"Product updated successfully"}
2021-02-11T11:12:45+00:00 INFO (6): {"status":"success","product_id":42745,"sku":"MEMCAP1675","message":"Product updated successfully"}
2021-02-11T11:12:49+00:00 INFO (6): {"status":"success","product_id":43031,"sku":"MEMCAP1680","message":"Product updated successfully"}
2021-02-11T11:12:50+00:00 INFO (6): {"status":"success","product_id":43031,"sku":"MEMCAP1680","message":"Product updated successfully"}
2021-02-11T11:12:54+00:00 INFO (6): {"status":"success","product_id":43032,"sku":"MEMCAP1680Z","message":"Product updated successfully"}
2021-02-11T11:12:55+00:00 INFO (6): {"status":"success","product_id":43032,"sku":"MEMCAP1680Z","message":"Product updated successfully"}
2021-02-11T11:12:59+00:00 INFO (6): {"status":"success","product_id":43033,"sku":"MEMCAP1690","message":"Product updated successfully"}
2021-02-11T11:13:01+00:00 INFO (6): {"status":"success","product_id":43033,"sku":"MEMCAP1690","message":"Product updated successfully"}
2021-02-11T11:13:05+00:00 INFO (6): {"status":"success","product_id":43034,"sku":"MEMCAP1690Z","message":"Product updated successfully"}
2021-02-11T11:13:06+00:00 INFO (6): {"status":"success","product_id":43034,"sku":"MEMCAP1690Z","message":"Product updated successfully"}
2021-02-11T11:13:10+00:00 INFO (6): {"status":"success","product_id":42746,"sku":"MEMCAP20100","message":"Product updated successfully"}
2021-02-11T11:13:12+00:00 INFO (6): {"status":"success","product_id":42746,"sku":"MEMCAP20100","message":"Product updated successfully"}
2021-02-11T11:13:16+00:00 INFO (6): {"status":"success","product_id":42733,"sku":"MEMCAP2010Z","message":"Product updated successfully"}
2021-02-11T11:13:17+00:00 INFO (6): {"status":"success","product_id":42733,"sku":"MEMCAP2010Z","message":"Product updated successfully"}
2021-02-11T11:13:21+00:00 INFO (6): {"status":"success","product_id":43035,"sku":"MEMCAP20110","message":"Product updated successfully"}
2021-02-11T11:13:23+00:00 INFO (6): {"status":"success","product_id":43035,"sku":"MEMCAP20110","message":"Product updated successfully"}
2021-02-11T11:13:27+00:00 INFO (6): {"status":"success","product_id":43036,"sku":"MEMCAP20120","message":"Product updated successfully"}
2021-02-11T11:13:27+00:00 INFO (6): {"status":"success","product_id":43036,"sku":"MEMCAP20120","message":"Product updated successfully"}
2021-02-11T11:13:31+00:00 INFO (6): {"status":"success","product_id":43037,"sku":"MEMCAP20150","message":"Product updated successfully"}
2021-02-11T11:13:33+00:00 INFO (6): {"status":"success","product_id":43037,"sku":"MEMCAP20150","message":"Product updated successfully"}
2021-02-11T11:13:37+00:00 INFO (6): {"status":"success","product_id":43038,"sku":"MEMCAP20180","message":"Product updated successfully"}
2021-02-11T11:13:38+00:00 INFO (6): {"status":"success","product_id":43038,"sku":"MEMCAP20180","message":"Product updated successfully"}
2021-02-11T11:13:42+00:00 INFO (6): {"status":"success","product_id":42770,"sku":"MEMCAP2025Z","message":"Product updated successfully"}
2021-02-11T11:13:44+00:00 INFO (6): {"status":"success","product_id":42770,"sku":"MEMCAP2025Z","message":"Product updated successfully"}
2021-02-11T11:13:48+00:00 INFO (6): {"status":"success","product_id":43039,"sku":"MEMCAP2040","message":"Product updated successfully"}
2021-02-11T11:13:49+00:00 INFO (6): {"status":"success","product_id":43039,"sku":"MEMCAP2040","message":"Product updated successfully"}
2021-02-11T11:13:52+00:00 INFO (6): {"status":"success","product_id":43040,"sku":"MEMCAP2050","message":"Product updated successfully"}
2021-02-11T11:13:54+00:00 INFO (6): {"status":"success","product_id":43040,"sku":"MEMCAP2050","message":"Product updated successfully"}
2021-02-11T11:13:58+00:00 INFO (6): {"status":"success","product_id":43041,"sku":"MEMCAP2050Z","message":"Product updated successfully"}
2021-02-11T11:13:59+00:00 INFO (6): {"status":"success","product_id":43041,"sku":"MEMCAP2050Z","message":"Product updated successfully"}
2021-02-11T11:14:04+00:00 INFO (6): {"status":"success","product_id":43042,"sku":"MEMCAP2060","message":"Product updated successfully"}
2021-02-11T11:14:05+00:00 INFO (6): {"status":"success","product_id":43042,"sku":"MEMCAP2060","message":"Product updated successfully"}
2021-02-11T11:14:09+00:00 INFO (6): {"status":"success","product_id":42748,"sku":"MEMCAP2065","message":"Product updated successfully"}
2021-02-11T11:14:10+00:00 INFO (6): {"status":"success","product_id":42748,"sku":"MEMCAP2065","message":"Product updated successfully"}
2021-02-11T11:14:15+00:00 INFO (6): {"status":"success","product_id":43043,"sku":"MEMCAP2070","message":"Product updated successfully"}
2021-02-11T11:14:16+00:00 INFO (6): {"status":"success","product_id":43043,"sku":"MEMCAP2070","message":"Product updated successfully"}
2021-02-11T11:14:20+00:00 INFO (6): {"status":"success","product_id":43044,"sku":"MEMCAP2070Z","message":"Product updated successfully"}
2021-02-11T11:14:22+00:00 INFO (6): {"status":"success","product_id":43044,"sku":"MEMCAP2070Z","message":"Product updated successfully"}
2021-02-11T11:14:25+00:00 INFO (6): {"status":"success","product_id":42843,"sku":"MEMCAP2080","message":"Product updated successfully"}
2021-02-11T11:14:27+00:00 INFO (6): {"status":"success","product_id":42843,"sku":"MEMCAP2080","message":"Product updated successfully"}
2021-02-11T11:14:31+00:00 INFO (6): {"status":"success","product_id":42844,"sku":"MEMCAP2090","message":"Product updated successfully"}
2021-02-11T11:14:32+00:00 INFO (6): {"status":"success","product_id":42844,"sku":"MEMCAP2090","message":"Product updated successfully"}
2021-02-11T11:14:38+00:00 INFO (6): {"status":"success","product_id":42749,"sku":"MEMCAP24100","message":"Product updated successfully"}
2021-02-11T11:14:45+00:00 INFO (6): {"status":"success","product_id":42845,"sku":"MEMCAP24120","message":"Product updated successfully"}
2021-02-11T11:14:51+00:00 INFO (6): {"status":"success","product_id":42846,"sku":"MEMCAP24130","message":"Product updated successfully"}
2021-02-11T11:14:57+00:00 INFO (6): {"status":"success","product_id":42847,"sku":"MEMCAP24140","message":"Product updated successfully"}
2021-02-11T11:15:04+00:00 INFO (6): {"status":"success","product_id":42730,"sku":"MEMCAP24150","message":"Product updated successfully"}
2021-02-11T11:15:04+00:00 INFO (6): {"status":"success","product_id":42730,"sku":"MEMCAP24150","message":"Product updated successfully"}
2021-02-11T11:15:13+00:00 INFO (6): {"status":"success","product_id":42848,"sku":"MEMCAP24180","message":"Product updated successfully"}
2021-02-11T11:15:15+00:00 INFO (6): {"status":"success","product_id":42773,"sku":"MEMCAP2470","message":"Product updated successfully"}
2021-02-11T11:15:15+00:00 INFO (6): {"status":"success","product_id":42773,"sku":"MEMCAP2470","message":"Product updated successfully"}
2021-02-11T11:15:22+00:00 INFO (6): {"status":"success","product_id":42849,"sku":"MEMCAP30100","message":"Product updated successfully"}
2021-02-11T11:15:26+00:00 INFO (6): {"status":"success","product_id":42850,"sku":"MEMCAP30110","message":"Product updated successfully"}
2021-02-11T11:15:27+00:00 INFO (6): {"status":"success","product_id":42850,"sku":"MEMCAP30110","message":"Product updated successfully"}
2021-02-11T11:15:31+00:00 INFO (6): {"status":"success","product_id":42851,"sku":"MEMCAP30120","message":"Product updated successfully"}
2021-02-11T11:15:32+00:00 INFO (6): {"status":"success","product_id":42851,"sku":"MEMCAP30120","message":"Product updated successfully"}
2021-02-11T11:15:36+00:00 INFO (6): {"status":"success","product_id":42852,"sku":"MEMCAP30160","message":"Product updated successfully"}
2021-02-11T11:15:38+00:00 INFO (6): {"status":"success","product_id":42852,"sku":"MEMCAP30160","message":"Product updated successfully"}
2021-02-11T11:15:42+00:00 INFO (6): {"status":"success","product_id":42750,"sku":"MEMCAP30200","message":"Product updated successfully"}
2021-02-11T11:15:43+00:00 INFO (6): {"status":"success","product_id":42750,"sku":"MEMCAP30200","message":"Product updated successfully"}
2021-02-11T11:15:47+00:00 INFO (6): {"status":"success","product_id":42853,"sku":"MEMCAP412Z","message":"Product updated successfully"}
2021-02-11T11:15:49+00:00 INFO (6): {"status":"success","product_id":42853,"sku":"MEMCAP412Z","message":"Product updated successfully"}
2021-02-11T11:15:52+00:00 INFO (6): {"status":"success","product_id":42854,"sku":"MEMCAP420Z","message":"Product updated successfully"}
2021-02-11T11:15:53+00:00 INFO (6): {"status":"success","product_id":42854,"sku":"MEMCAP420Z","message":"Product updated successfully"}
2021-02-11T11:15:57+00:00 INFO (6): {"status":"success","product_id":42855,"sku":"MEMCAP4530Z","message":"Product updated successfully"}
2021-02-11T11:15:59+00:00 INFO (6): {"status":"success","product_id":42855,"sku":"MEMCAP4530Z","message":"Product updated successfully"}
2021-02-11T11:16:03+00:00 INFO (6): {"status":"success","product_id":42856,"sku":"MEMCAP510Z","message":"Product updated successfully"}
2021-02-11T11:16:04+00:00 INFO (6): {"status":"success","product_id":42856,"sku":"MEMCAP510Z","message":"Product updated successfully"}
2021-02-11T11:16:08+00:00 INFO (6): {"status":"success","product_id":42857,"sku":"MEMCAP512Z","message":"Product updated successfully"}
2021-02-11T11:16:10+00:00 INFO (6): {"status":"success","product_id":42857,"sku":"MEMCAP512Z","message":"Product updated successfully"}
2021-02-11T11:16:14+00:00 INFO (6): {"status":"success","product_id":42858,"sku":"MEMCAP516Z","message":"Product updated successfully"}
2021-02-11T11:16:15+00:00 INFO (6): {"status":"success","product_id":42858,"sku":"MEMCAP516Z","message":"Product updated successfully"}
2021-02-11T11:16:18+00:00 INFO (6): {"status":"success","product_id":42751,"sku":"MEMCAP520Z","message":"Product updated successfully"}
2021-02-11T11:16:20+00:00 INFO (6): {"status":"success","product_id":42751,"sku":"MEMCAP520Z","message":"Product updated successfully"}
2021-02-11T11:16:24+00:00 INFO (6): {"status":"success","product_id":42752,"sku":"MEMCAP540Z","message":"Product updated successfully"}
2021-02-11T11:16:25+00:00 INFO (6): {"status":"success","product_id":42752,"sku":"MEMCAP540Z","message":"Product updated successfully"}
2021-02-11T11:16:29+00:00 INFO (6): {"status":"success","product_id":42915,"sku":"MEMCAP610Z","message":"Product updated successfully"}
2021-02-11T11:16:31+00:00 INFO (6): {"status":"success","product_id":42915,"sku":"MEMCAP610Z","message":"Product updated successfully"}
2021-02-11T11:16:35+00:00 INFO (6): {"status":"success","product_id":42916,"sku":"MEMCAP612Z","message":"Product updated successfully"}
2021-02-11T11:16:36+00:00 INFO (6): {"status":"success","product_id":42916,"sku":"MEMCAP612Z","message":"Product updated successfully"}
2021-02-11T11:16:40+00:00 INFO (6): {"status":"success","product_id":42917,"sku":"MEMCAP616","message":"Product updated successfully"}
2021-02-11T11:16:42+00:00 INFO (6): {"status":"success","product_id":42917,"sku":"MEMCAP616","message":"Product updated successfully"}
2021-02-11T11:16:46+00:00 INFO (6): {"status":"success","product_id":42918,"sku":"MEMCAP616Z","message":"Product updated successfully"}
2021-02-11T11:16:47+00:00 INFO (6): {"status":"success","product_id":42918,"sku":"MEMCAP616Z","message":"Product updated successfully"}
2021-02-11T11:16:51+00:00 INFO (6): {"status":"success","product_id":42753,"sku":"MEMCAP620","message":"Product updated successfully"}
2021-02-11T11:16:53+00:00 INFO (6): {"status":"success","product_id":42753,"sku":"MEMCAP620","message":"Product updated successfully"}
2021-02-11T11:16:57+00:00 INFO (6): {"status":"success","product_id":42919,"sku":"MEMCAP620Z","message":"Product updated successfully"}
2021-02-11T11:16:59+00:00 INFO (6): {"status":"success","product_id":42919,"sku":"MEMCAP620Z","message":"Product updated successfully"}
2021-02-11T11:17:03+00:00 INFO (6): {"status":"success","product_id":42920,"sku":"MEMCAP625","message":"Product updated successfully"}
2021-02-11T11:17:05+00:00 INFO (6): {"status":"success","product_id":42920,"sku":"MEMCAP625","message":"Product updated successfully"}
2021-02-11T11:17:10+00:00 INFO (6): {"status":"success","product_id":42921,"sku":"MEMCAP625Z","message":"Product updated successfully"}
2021-02-11T11:17:11+00:00 INFO (6): {"status":"success","product_id":42921,"sku":"MEMCAP625Z","message":"Product updated successfully"}
2021-02-11T11:17:15+00:00 INFO (6): {"status":"success","product_id":42922,"sku":"MEMCAP630","message":"Product updated successfully"}
2021-02-11T11:17:20+00:00 INFO (6): {"status":"success","product_id":42922,"sku":"MEMCAP630","message":"Product updated successfully"}
2021-02-11T11:17:22+00:00 INFO (6): {"status":"success","product_id":42754,"sku":"MEMCAP630Z","message":"Product updated successfully"}
2021-02-11T11:17:22+00:00 INFO (6): {"status":"success","product_id":42754,"sku":"MEMCAP630Z","message":"Product updated successfully"}
2021-02-11T11:17:31+00:00 INFO (6): {"status":"success","product_id":42923,"sku":"MEMCAP635","message":"Product updated successfully"}
2021-02-11T11:17:34+00:00 INFO (6): {"status":"success","product_id":42924,"sku":"MEMCAP635Z","message":"Product updated successfully"}
2021-02-11T11:17:34+00:00 INFO (6): {"status":"success","product_id":42924,"sku":"MEMCAP635Z","message":"Product updated successfully"}
2021-02-11T11:17:44+00:00 INFO (6): {"status":"success","product_id":42925,"sku":"MEMCAP640","message":"Product updated successfully"}
2021-02-11T11:17:46+00:00 INFO (6): {"status":"success","product_id":42926,"sku":"MEMCAP640Z","message":"Product updated successfully"}
2021-02-11T11:17:46+00:00 INFO (6): {"status":"success","product_id":42926,"sku":"MEMCAP640Z","message":"Product updated successfully"}
2021-02-11T11:17:56+00:00 INFO (6): {"status":"success","product_id":42755,"sku":"MEMCAP645Z","message":"Product updated successfully"}
2021-02-11T11:17:58+00:00 INFO (6): {"status":"success","product_id":42927,"sku":"MEMCAP650Z","message":"Product updated successfully"}
2021-02-11T11:17:58+00:00 INFO (6): {"status":"success","product_id":42927,"sku":"MEMCAP650Z","message":"Product updated successfully"}
2021-02-11T11:18:08+00:00 INFO (6): {"status":"success","product_id":42928,"sku":"MEMCAP660","message":"Product updated successfully"}
2021-02-11T11:18:10+00:00 INFO (6): {"status":"success","product_id":42929,"sku":"MEMCAP660Z","message":"Product updated successfully"}
2021-02-11T11:18:10+00:00 INFO (6): {"status":"success","product_id":42929,"sku":"MEMCAP660Z","message":"Product updated successfully"}
2021-02-11T11:18:19+00:00 INFO (6): {"status":"success","product_id":42930,"sku":"MEMCAP670Z","message":"Product updated successfully"}
2021-02-11T11:18:22+00:00 INFO (6): {"status":"success","product_id":42756,"sku":"MEMCAP68Z","message":"Product updated successfully"}
2021-02-11T11:18:22+00:00 INFO (6): {"status":"success","product_id":42756,"sku":"MEMCAP68Z","message":"Product updated successfully"}
2021-02-11T11:18:31+00:00 INFO (6): {"status":"success","product_id":42985,"sku":"MEMCAP8100Z","message":"Product updated successfully"}
2021-02-11T11:18:33+00:00 INFO (6): {"status":"success","product_id":42986,"sku":"MEMCAP812Z","message":"Product updated successfully"}
2021-02-11T11:18:33+00:00 INFO (6): {"status":"success","product_id":42986,"sku":"MEMCAP812Z","message":"Product updated successfully"}
2021-02-11T11:18:42+00:00 INFO (6): {"status":"success","product_id":42987,"sku":"MEMCAP816","message":"Product updated successfully"}
2021-02-11T11:18:45+00:00 INFO (6): {"status":"success","product_id":42988,"sku":"MEMCAP816Z","message":"Product updated successfully"}
2021-02-11T11:18:45+00:00 INFO (6): {"status":"success","product_id":42988,"sku":"MEMCAP816Z","message":"Product updated successfully"}
2021-02-11T11:18:54+00:00 INFO (6): {"status":"success","product_id":42757,"sku":"MEMCAP820","message":"Product updated successfully"}
2021-02-11T11:18:56+00:00 INFO (6): {"status":"success","product_id":42989,"sku":"MEMCAP820Z","message":"Product updated successfully"}
2021-02-11T11:18:56+00:00 INFO (6): {"status":"success","product_id":42989,"sku":"MEMCAP820Z","message":"Product updated successfully"}
2021-02-11T11:19:06+00:00 INFO (6): {"status":"success","product_id":42990,"sku":"MEMCAP825","message":"Product updated successfully"}
2021-02-11T11:19:08+00:00 INFO (6): {"status":"success","product_id":42991,"sku":"MEMCAP825Z","message":"Product updated successfully"}
2021-02-11T11:19:18+00:00 INFO (6): {"status":"success","product_id":42992,"sku":"MEMCAP830","message":"Product updated successfully"}
2021-02-11T11:19:20+00:00 INFO (6): {"status":"success","product_id":42758,"sku":"MEMCAP830Z","message":"Product updated successfully"}
2021-02-11T11:19:20+00:00 INFO (6): {"status":"success","product_id":42758,"sku":"MEMCAP830Z","message":"Product updated successfully"}
2021-02-11T11:19:27+00:00 INFO (6): {"status":"success","product_id":42993,"sku":"MEMCAP835","message":"Product updated successfully"}
2021-02-11T11:19:34+00:00 INFO (6): {"status":"success","product_id":42994,"sku":"MEMCAP835Z","message":"Product updated successfully"}
2021-02-11T11:19:41+00:00 INFO (6): {"status":"success","product_id":42995,"sku":"MEMCAP840","message":"Product updated successfully"}
2021-02-11T11:19:48+00:00 INFO (6): {"status":"success","product_id":42996,"sku":"MEMCAP840Z","message":"Product updated successfully"}
2021-02-11T11:19:55+00:00 INFO (6): {"status":"success","product_id":42759,"sku":"MEMCAP845","message":"Product updated successfully"}
2021-02-11T11:20:02+00:00 INFO (6): {"status":"success","product_id":42997,"sku":"MEMCAP845Z","message":"Product updated successfully"}
2021-02-11T11:20:05+00:00 INFO (6): {"status":"success","product_id":42997,"sku":"MEMCAP845Z","message":"Product updated successfully"}
2021-02-11T11:20:09+00:00 INFO (6): {"status":"success","product_id":42998,"sku":"MEMCAP850","message":"Product updated successfully"}
2021-02-11T11:20:10+00:00 INFO (6): {"status":"success","product_id":42998,"sku":"MEMCAP850","message":"Product updated successfully"}
2021-02-11T11:20:14+00:00 INFO (6): {"status":"success","product_id":42999,"sku":"MEMCAP850Z","message":"Product updated successfully"}
2021-02-11T11:20:17+00:00 INFO (6): {"status":"success","product_id":42999,"sku":"MEMCAP850Z","message":"Product updated successfully"}
2021-02-11T11:20:21+00:00 INFO (6): {"status":"success","product_id":43000,"sku":"MEMCAP855Z","message":"Product updated successfully"}
2021-02-11T11:20:22+00:00 INFO (6): {"status":"success","product_id":43000,"sku":"MEMCAP855Z","message":"Product updated successfully"}
2021-02-11T11:20:26+00:00 INFO (6): {"status":"success","product_id":42732,"sku":"MEMCAP860","message":"Product updated successfully"}
2021-02-11T11:20:28+00:00 INFO (6): {"status":"success","product_id":42732,"sku":"MEMCAP860","message":"Product updated successfully"}
2021-02-11T11:20:32+00:00 INFO (6): {"status":"success","product_id":42771,"sku":"MEMCAP860Z","message":"Product updated successfully"}
2021-02-11T11:20:33+00:00 INFO (6): {"status":"success","product_id":42771,"sku":"MEMCAP860Z","message":"Product updated successfully"}
2021-02-11T11:20:37+00:00 INFO (6): {"status":"success","product_id":42866,"sku":"MEMCAP865Z","message":"Product updated successfully"}
2021-02-11T11:20:39+00:00 INFO (6): {"status":"success","product_id":42866,"sku":"MEMCAP865Z","message":"Product updated successfully"}
2021-02-11T11:20:43+00:00 INFO (6): {"status":"success","product_id":42867,"sku":"MEMCAP870Z","message":"Product updated successfully"}
2021-02-11T11:20:44+00:00 INFO (6): {"status":"success","product_id":42867,"sku":"MEMCAP870Z","message":"Product updated successfully"}
2021-02-11T11:20:49+00:00 INFO (6): {"status":"success","product_id":42761,"sku":"MEMCAP880Z","message":"Product updated successfully"}
2021-02-11T11:20:51+00:00 INFO (6): {"status":"success","product_id":42761,"sku":"MEMCAP880Z","message":"Product updated successfully"}
2021-02-11T11:20:55+00:00 INFO (6): {"status":"success","product_id":43083,"sku":"MEMSCAP416","message":"Product updated successfully"}
2021-02-11T11:20:56+00:00 INFO (6): {"status":"success","product_id":43083,"sku":"MEMSCAP416","message":"Product updated successfully"}
2021-02-11T11:20:59+00:00 INFO (6): {"status":"success","product_id":43084,"sku":"MEMSCAP516","message":"Product updated successfully"}
2021-02-11T11:21:01+00:00 INFO (6): {"status":"success","product_id":43084,"sku":"MEMSCAP516","message":"Product updated successfully"}
2021-02-11T11:21:05+00:00 INFO (6): {"status":"success","product_id":43085,"sku":"MEMSCAP612","message":"Product updated successfully"}
2021-02-11T11:21:05+00:00 INFO (6): ---------------- END API Cron 11/02/21 11:21:05 ----------------
2021-02-11T11:21:06+00:00 INFO (6): {"status":"success","product_id":43085,"sku":"MEMSCAP612","message":"Product updated successfully"}
2021-02-11T11:21:06+00:00 INFO (6): ---------------- END API Cron 11/02/21 11:21:06 ----------------
