2021-02-23T21:15:03+00:00 INFO (6): ---------------- START API Cron 23/02/21 21:15:03 ----------------
2021-02-23T21:15:08+00:00 INFO (6): {"status":"success","product_id":27998,"sku":"ARA400001","message":"Product updated successfully"}
2021-02-23T21:15:13+00:00 INFO (6): {"status":"success","product_id":27999,"sku":"ARA400002","message":"Product updated successfully"}
2021-02-23T21:15:18+00:00 INFO (6): {"status":"success","product_id":28000,"sku":"ARA400003","message":"Product updated successfully"}
2021-02-23T21:15:24+00:00 INFO (6): {"status":"success","product_id":28029,"sku":"ARA400005","message":"Product updated successfully"}
2021-02-23T21:15:29+00:00 INFO (6): {"status":"success","product_id":28031,"sku":"ARA400007","message":"Product updated successfully"}
2021-02-23T21:15:34+00:00 INFO (6): {"status":"success","product_id":28032,"sku":"ARA400008","message":"Product updated successfully"}
2021-02-23T21:15:40+00:00 INFO (6): {"status":"success","product_id":28033,"sku":"ARA400010","message":"Product updated successfully"}
2021-02-23T21:15:45+00:00 INFO (6): {"status":"success","product_id":28034,"sku":"ARA400012","message":"Product updated successfully"}
2021-02-23T21:15:50+00:00 INFO (6): {"status":"success","product_id":28035,"sku":"ARA400013","message":"Product updated successfully"}
2021-02-23T21:15:54+00:00 INFO (6): {"status":"success","product_id":28090,"sku":"ARA400015","message":"Product updated successfully"}
2021-02-23T21:16:02+00:00 INFO (6): {"status":"success","product_id":30651,"sku":"EVBS2RAPIDES","message":"Product updated successfully"}
2021-02-23T21:16:10+00:00 INFO (6): {"status":"success","product_id":30652,"sku":"EVBS2RAPIDET","message":"Product updated successfully"}
2021-02-23T21:16:16+00:00 INFO (6): {"status":"success","product_id":30714,"sku":"EVO30613219","message":"Product updated successfully"}
2021-02-23T21:16:21+00:00 INFO (6): {"status":"success","product_id":30715,"sku":"EVO30613666","message":"Product updated successfully"}
2021-02-23T21:16:26+00:00 INFO (6): {"status":"success","product_id":30716,"sku":"EVO30613667","message":"Product updated successfully"}
2021-02-23T21:16:31+00:00 INFO (6): {"status":"success","product_id":30717,"sku":"EVO30613669","message":"Product updated successfully"}
2021-02-23T21:16:36+00:00 INFO (6): {"status":"success","product_id":30718,"sku":"EVO30613671","message":"Product updated successfully"}
2021-02-23T21:16:41+00:00 INFO (6): {"status":"success","product_id":30719,"sku":"EVO30613707","message":"Product updated successfully"}
2021-02-23T21:16:46+00:00 INFO (6): {"status":"success","product_id":30720,"sku":"EVO808508","message":"Product updated successfully"}
2021-02-23T21:16:51+00:00 INFO (6): {"status":"success","product_id":30721,"sku":"EVO808518","message":"Product updated successfully"}
2021-02-23T21:16:56+00:00 INFO (6): {"status":"success","product_id":30722,"sku":"EVO808522","message":"Product updated successfully"}
2021-02-23T21:17:02+00:00 INFO (6): {"status":"success","product_id":30723,"sku":"EVO808539","message":"Product updated successfully"}
2021-02-23T21:17:07+00:00 INFO (6): {"status":"success","product_id":30724,"sku":"EVO808546","message":"Product updated successfully"}
2021-02-23T21:17:11+00:00 INFO (6): {"status":"success","product_id":30725,"sku":"EVO808553","message":"Product updated successfully"}
2021-02-23T21:17:16+00:00 INFO (6): {"status":"success","product_id":30726,"sku":"EVO808560","message":"Product updated successfully"}
2021-02-23T21:17:21+00:00 INFO (6): {"status":"success","product_id":30727,"sku":"EVOCRHFM","message":"Product updated successfully"}
2021-02-23T21:17:26+00:00 INFO (6): {"status":"success","product_id":33380,"sku":"GRGGES25","message":"Product updated successfully"}
2021-02-23T21:17:30+00:00 INFO (6): {"status":"success","product_id":33382,"sku":"GRGGW214","message":"Product updated successfully"}
2021-02-23T21:17:39+00:00 INFO (6): {"status":"success","product_id":43628,"sku":"UNI1381190","message":"Product updated successfully"}
2021-02-23T21:17:46+00:00 INFO (6): {"status":"success","product_id":45856,"sku":"UNI952558","message":"Product updated successfully"}
2021-02-23T21:17:54+00:00 INFO (6): {"status":"success","product_id":45857,"sku":"UNI964763","message":"Product updated successfully"}
2021-02-23T21:18:03+00:00 INFO (6): {"status":"success","product_id":45858,"sku":"VEL30120","message":"Product updated successfully"}
2021-02-23T21:18:11+00:00 INFO (6): {"status":"success","product_id":45859,"sku":"VEL30121","message":"Product updated successfully"}
2021-02-23T21:18:18+00:00 INFO (6): {"status":"success","product_id":45860,"sku":"VEL30134","message":"Product updated successfully"}
2021-02-23T21:18:25+00:00 INFO (6): {"status":"success","product_id":45861,"sku":"VEL60201","message":"Product updated successfully"}
2021-02-23T21:18:32+00:00 INFO (6): {"status":"success","product_id":45862,"sku":"VEL60202","message":"Product updated successfully"}
2021-02-23T21:18:40+00:00 INFO (6): {"status":"success","product_id":43476,"sku":"VEL60210","message":"Product updated successfully"}
2021-02-23T21:18:47+00:00 INFO (6): {"status":"success","product_id":45863,"sku":"VEL60211","message":"Product updated successfully"}
2021-02-23T21:18:55+00:00 INFO (6): {"status":"success","product_id":45864,"sku":"VEL60219","message":"Product updated successfully"}
2021-02-23T21:19:03+00:00 INFO (6): {"status":"success","product_id":45865,"sku":"VEL60220","message":"Product updated successfully"}
2021-02-23T21:19:11+00:00 INFO (6): {"status":"success","product_id":45866,"sku":"VEL60235","message":"Product updated successfully"}
2021-02-23T21:19:19+00:00 INFO (6): {"status":"success","product_id":43475,"sku":"VEL60236","message":"Product updated successfully"}
2021-02-23T21:19:27+00:00 INFO (6): {"status":"success","product_id":45867,"sku":"VEL60239","message":"Product updated successfully"}
2021-02-23T21:19:35+00:00 INFO (6): {"status":"success","product_id":45868,"sku":"VEL60240","message":"Product updated successfully"}
2021-02-23T21:19:42+00:00 INFO (6): {"status":"success","product_id":45869,"sku":"VEL60241","message":"Product updated successfully"}
2021-02-23T21:19:50+00:00 INFO (6): {"status":"success","product_id":45870,"sku":"VEL60242","message":"Product updated successfully"}
2021-02-23T21:19:57+00:00 INFO (6): {"status":"success","product_id":45871,"sku":"VEL60243","message":"Product updated successfully"}
2021-02-23T21:20:05+00:00 INFO (6): {"status":"success","product_id":43474,"sku":"VEL60244","message":"Product updated successfully"}
2021-02-23T21:20:10+00:00 INFO (6): {"status":"success","product_id":43474,"sku":"VEL60244","message":"Product updated successfully"}
2021-02-23T21:20:14+00:00 INFO (6): {"status":"success","product_id":45872,"sku":"VEL60250","message":"Product updated successfully"}
2021-02-23T21:20:18+00:00 INFO (6): {"status":"success","product_id":45872,"sku":"VEL60250","message":"Product updated successfully"}
2021-02-23T21:20:22+00:00 INFO (6): {"status":"success","product_id":45873,"sku":"VEL60254","message":"Product updated successfully"}
2021-02-23T21:20:26+00:00 INFO (6): {"status":"success","product_id":45873,"sku":"VEL60254","message":"Product updated successfully"}
2021-02-23T21:20:30+00:00 INFO (6): {"status":"success","product_id":45874,"sku":"VEL60327","message":"Product updated successfully"}
2021-02-23T21:20:34+00:00 INFO (6): {"status":"success","product_id":45874,"sku":"VEL60327","message":"Product updated successfully"}
2021-02-23T21:20:40+00:00 INFO (6): {"status":"success","product_id":45875,"sku":"VEL60328","message":"Product updated successfully"}
2021-02-23T21:20:43+00:00 INFO (6): {"status":"success","product_id":45875,"sku":"VEL60328","message":"Product updated successfully"}
2021-02-23T21:20:49+00:00 INFO (6): {"status":"success","product_id":45876,"sku":"VEL60388","message":"Product updated successfully"}
2021-02-23T21:20:49+00:00 INFO (6): {"status":"success","product_id":45876,"sku":"VEL60388","message":"Product updated successfully"}
2021-02-23T21:20:49+00:00 INFO (6): ---------------- END API Cron 23/02/21 21:20:49 ----------------
2021-02-23T21:20:50+00:00 INFO (6): ---------------- END API Cron 23/02/21 21:20:50 ----------------
