2021-03-18T14:05:09+00:00 INFO (6): {"status":"success","product_id":47367,"sku":"142","message":"Product updated successfully"}
2021-03-18T14:05:13+00:00 INFO (6): {"status":"success","product_id":47361,"sku":"ACSV","message":"Product updated successfully"}
2021-03-18T14:05:24+00:00 INFO (6): {"status":"success","product_id":47473,"sku":"AD029","message":"Product updated successfully"}
2021-03-18T14:05:28+00:00 INFO (6): {"status":"success","product_id":47476,"sku":"AD036","message":"Product updated successfully"}
2021-03-18T14:05:33+00:00 INFO (6): {"status":"success","product_id":47371,"sku":"AD040","message":"Product updated successfully"}
2021-03-18T14:05:44+00:00 INFO (6): {"status":"success","product_id":47338,"sku":"AD078","message":"Product updated successfully"}
2021-03-18T14:05:48+00:00 INFO (6): {"status":"success","product_id":47392,"sku":"AD113","message":"Product updated successfully"}
2021-03-18T14:05:51+00:00 INFO (6): {"status":"success","product_id":47481,"sku":"AD115","message":"Product updated successfully"}
2021-03-18T14:05:56+00:00 INFO (6): {"status":"success","product_id":47344,"sku":"AD116","message":"Product updated successfully"}
2021-03-18T14:06:00+00:00 INFO (6): {"status":"success","product_id":47410,"sku":"AD117","message":"Product updated successfully"}
2021-03-18T14:06:04+00:00 INFO (6): {"status":"success","product_id":47469,"sku":"AM001","message":"Product updated successfully"}
2021-03-18T14:06:08+00:00 INFO (6): {"status":"success","product_id":47437,"sku":"AM002","message":"Product updated successfully"}
2021-03-18T14:06:19+00:00 INFO (6): {"status":"success","product_id":47440,"sku":"AM003","message":"Product updated successfully"}
2021-03-18T14:06:22+00:00 INFO (6): {"status":"success","product_id":47434,"sku":"AM004","message":"Product updated successfully"}
2021-03-18T14:06:26+00:00 INFO (6): {"status":"success","product_id":47478,"sku":"AM011","message":"Product updated successfully"}
2021-03-18T14:06:30+00:00 INFO (6): {"status":"success","product_id":47391,"sku":"AQ004","message":"Product updated successfully"}
2021-03-18T14:06:34+00:00 INFO (6): {"status":"success","product_id":47441,"sku":"AQ005","message":"Product updated successfully"}
2021-03-18T14:06:39+00:00 INFO (6): {"status":"success","product_id":47404,"sku":"AQ006","message":"Product updated successfully"}
2021-03-18T14:06:43+00:00 INFO (6): {"status":"success","product_id":47358,"sku":"AQ007","message":"Product updated successfully"}
2021-03-18T14:06:49+00:00 INFO (6): {"status":"success","product_id":47474,"sku":"AQ010","message":"Product updated successfully"}
2021-03-18T14:06:53+00:00 INFO (6): {"status":"success","product_id":47370,"sku":"AQ011","message":"Product updated successfully"}
2021-03-18T14:06:57+00:00 INFO (6): {"status":"success","product_id":47414,"sku":"AQ012","message":"Product updated successfully"}
2021-03-18T14:07:01+00:00 INFO (6): {"status":"success","product_id":47406,"sku":"AQ013","message":"Product updated successfully"}
2021-03-18T14:07:05+00:00 INFO (6): {"status":"success","product_id":47430,"sku":"AQ015","message":"Product updated successfully"}
2021-03-18T14:07:08+00:00 INFO (6): {"status":"success","product_id":47368,"sku":"AQ017","message":"Product updated successfully"}
2021-03-18T14:07:12+00:00 INFO (6): {"status":"success","product_id":47360,"sku":"AQ018","message":"Product updated successfully"}
2021-03-18T14:07:17+00:00 INFO (6): {"status":"success","product_id":47388,"sku":"AQ019","message":"Product updated successfully"}
2021-03-18T14:07:21+00:00 INFO (6): {"status":"success","product_id":47346,"sku":"AQ020","message":"Product updated successfully"}
2021-03-18T14:07:25+00:00 INFO (6): {"status":"success","product_id":47347,"sku":"AQ021","message":"Product updated successfully"}
2021-03-18T14:07:28+00:00 INFO (6): {"status":"success","product_id":47359,"sku":"AQ022","message":"Product updated successfully"}
2021-03-18T14:07:32+00:00 INFO (6): {"status":"success","product_id":47435,"sku":"AQ025","message":"Product updated successfully"}
2021-03-18T14:07:42+00:00 INFO (6): {"status":"success","product_id":47396,"sku":"AQ040","message":"Product updated successfully"}
2021-03-18T14:07:45+00:00 INFO (6): {"status":"success","product_id":47424,"sku":"AQ041","message":"Product updated successfully"}
2021-03-18T14:07:49+00:00 INFO (6): {"status":"success","product_id":47345,"sku":"AQ042","message":"Product updated successfully"}
2021-03-18T14:07:59+00:00 INFO (6): {"status":"success","product_id":47337,"sku":"AQ043","message":"Product updated successfully"}
2021-03-18T14:08:04+00:00 INFO (6): {"status":"success","product_id":47454,"sku":"AQ044","message":"Product updated successfully"}
2021-03-18T14:08:08+00:00 INFO (6): {"status":"success","product_id":47377,"sku":"AQ045","message":"Product updated successfully"}
2021-03-18T14:08:12+00:00 INFO (6): {"status":"success","product_id":47413,"sku":"AQ046","message":"Product updated successfully"}
2021-03-18T14:08:16+00:00 INFO (6): {"status":"success","product_id":47339,"sku":"AQ047","message":"Product updated successfully"}
2021-03-18T14:08:20+00:00 INFO (6): {"status":"success","product_id":47443,"sku":"AQ048","message":"Product updated successfully"}
2021-03-18T14:08:29+00:00 INFO (6): {"status":"success","product_id":47354,"sku":"AQ050","message":"Product updated successfully"}
2021-03-18T14:08:33+00:00 INFO (6): {"status":"success","product_id":47451,"sku":"AQ051","message":"Product updated successfully"}
2021-03-18T14:08:37+00:00 INFO (6): {"status":"success","product_id":47383,"sku":"AQ052","message":"Product updated successfully"}
2021-03-18T14:08:47+00:00 INFO (6): {"status":"success","product_id":47467,"sku":"AQ054","message":"Product updated successfully"}
2021-03-18T14:08:57+00:00 INFO (6): {"status":"success","product_id":47471,"sku":"AQ060","message":"Product updated successfully"}
2021-03-18T14:09:07+00:00 INFO (6): {"status":"success","product_id":47350,"sku":"AQ061","message":"Product updated successfully"}
2021-03-18T14:09:17+00:00 INFO (6): {"status":"success","product_id":47438,"sku":"AQ07","message":"Product updated successfully"}
2021-03-18T14:09:21+00:00 INFO (6): {"status":"success","product_id":47343,"sku":"AQ070","message":"Product updated successfully"}
2021-03-18T14:09:24+00:00 INFO (6): {"status":"success","product_id":47489,"sku":"AQ072","message":"Product updated successfully"}
2021-03-18T14:09:28+00:00 INFO (6): {"status":"success","product_id":47374,"sku":"AQ076","message":"Product updated successfully"}
2021-03-18T14:09:32+00:00 INFO (6): {"status":"success","product_id":47485,"sku":"AQ078","message":"Product updated successfully"}
2021-03-18T14:09:36+00:00 INFO (6): {"status":"success","product_id":47387,"sku":"AQ079","message":"Product updated successfully"}
2021-03-18T14:09:39+00:00 INFO (6): {"status":"success","product_id":47439,"sku":"AQ08","message":"Product updated successfully"}
2021-03-18T14:09:43+00:00 INFO (6): {"status":"success","product_id":47468,"sku":"AQ080","message":"Product updated successfully"}
2021-03-18T14:09:47+00:00 INFO (6): {"status":"success","product_id":47416,"sku":"AQ082","message":"Product updated successfully"}
2021-03-18T14:09:52+00:00 INFO (6): {"status":"success","product_id":47340,"sku":"AQ200","message":"Product updated successfully"}
2021-03-18T14:09:56+00:00 INFO (6): {"status":"success","product_id":47381,"sku":"AQ203","message":"Product updated successfully"}
2021-03-18T14:10:22+00:00 INFO (6): {"status":"success","product_id":47405,"sku":"BAH3834122PB","message":"Product updated successfully"}
2021-03-18T14:10:26+00:00 INFO (6): {"status":"success","product_id":47423,"sku":"BAH383482EL","message":"Product updated successfully"}
2021-03-18T14:10:26+00:00 INFO (6): {"status":"success","product_id":47405,"sku":"BAH3834122PB","message":"Product updated successfully"}
2021-03-18T14:10:30+00:00 INFO (6): {"status":"success","product_id":47423,"sku":"BAH383482EL","message":"Product updated successfully"}
2021-03-18T14:10:30+00:00 INFO (6): {"status":"success","product_id":47408,"sku":"BAHGL","message":"Product updated successfully"}
2021-03-18T14:10:37+00:00 INFO (6): {"status":"success","product_id":47408,"sku":"BAHGL","message":"Product updated successfully"}
2021-03-18T14:10:53+00:00 INFO (6): {"status":"success","product_id":47470,"sku":"BBMEFV8","message":"Product updated successfully"}
2021-03-18T14:10:53+00:00 INFO (6): {"status":"success","product_id":47470,"sku":"BBMEFV8","message":"Product updated successfully"}
2021-03-18T14:10:57+00:00 INFO (6): {"status":"success","product_id":47422,"sku":"BBPUSB","message":"Product updated successfully"}
2021-03-18T14:10:57+00:00 INFO (6): {"status":"success","product_id":47422,"sku":"BBPUSB","message":"Product updated successfully"}
2021-03-18T14:11:00+00:00 INFO (6): {"status":"success","product_id":47488,"sku":"CBJF","message":"Product updated successfully"}
2021-03-18T14:11:00+00:00 INFO (6): {"status":"success","product_id":47488,"sku":"CBJF","message":"Product updated successfully"}
2021-03-18T14:11:04+00:00 INFO (6): {"status":"success","product_id":47389,"sku":"CCCTB","message":"Product updated successfully"}
2021-03-18T14:11:04+00:00 INFO (6): {"status":"success","product_id":47389,"sku":"CCCTB","message":"Product updated successfully"}
2021-03-18T14:11:08+00:00 INFO (6): {"status":"success","product_id":47445,"sku":"CF60BL","message":"Product updated successfully"}
2021-03-18T14:11:12+00:00 INFO (6): {"status":"success","product_id":47459,"sku":"CLCTS","message":"Product updated successfully"}
2021-03-18T14:11:12+00:00 INFO (6): {"status":"success","product_id":47459,"sku":"CLCTS","message":"Product updated successfully"}
2021-03-18T14:11:15+00:00 INFO (6): {"status":"success","product_id":47376,"sku":"CLCTSN","message":"Product updated successfully"}
2021-03-18T14:11:18+00:00 INFO (6): {"status":"success","product_id":47463,"sku":"CLQZSS","message":"Product updated successfully"}
2021-03-18T14:11:18+00:00 INFO (6): {"status":"success","product_id":47463,"sku":"CLQZSS","message":"Product updated successfully"}
2021-03-18T14:11:22+00:00 INFO (6): {"status":"success","product_id":47411,"sku":"DIC650","message":"Product updated successfully"}
2021-03-18T14:11:26+00:00 INFO (6): {"status":"success","product_id":47477,"sku":"EVBFLEXWH","message":"Product updated successfully"}
2021-03-18T14:11:26+00:00 INFO (6): {"status":"success","product_id":47477,"sku":"EVBFLEXWH","message":"Product updated successfully"}
2021-03-18T14:11:30+00:00 INFO (6): {"status":"success","product_id":47400,"sku":"EVOIPDC","message":"Product updated successfully"}
2021-03-18T14:11:34+00:00 INFO (6): {"status":"success","product_id":47447,"sku":"EVOTDBBL","message":"Product updated successfully"}
2021-03-18T14:11:34+00:00 INFO (6): {"status":"success","product_id":47447,"sku":"EVOTDBBL","message":"Product updated successfully"}
2021-03-18T14:11:38+00:00 INFO (6): {"status":"success","product_id":47429,"sku":"EVOTDBBR","message":"Product updated successfully"}
2021-03-18T14:11:41+00:00 INFO (6): {"status":"success","product_id":47464,"sku":"EVOTDBCR","message":"Product updated successfully"}
2021-03-18T14:11:41+00:00 INFO (6): {"status":"success","product_id":47464,"sku":"EVOTDBCR","message":"Product updated successfully"}
2021-03-18T14:11:46+00:00 INFO (6): {"status":"success","product_id":47415,"sku":"EVOTDBGR","message":"Product updated successfully"}
2021-03-18T14:11:49+00:00 INFO (6): {"status":"success","product_id":47351,"sku":"EVOTDBIV","message":"Product updated successfully"}
2021-03-18T14:11:49+00:00 INFO (6): {"status":"success","product_id":47351,"sku":"EVOTDBIV","message":"Product updated successfully"}
2021-03-18T14:11:53+00:00 INFO (6): {"status":"success","product_id":47409,"sku":"EVOTDBWH","message":"Product updated successfully"}
2021-03-18T14:11:56+00:00 INFO (6): {"status":"success","product_id":47490,"sku":"FAIHSKE","message":"Product updated successfully"}
2021-03-18T14:11:57+00:00 INFO (6): {"status":"success","product_id":47490,"sku":"FAIHSKE","message":"Product updated successfully"}
2021-03-18T14:12:01+00:00 INFO (6): {"status":"success","product_id":47402,"sku":"FAIHSKP","message":"Product updated successfully"}
2021-03-18T14:12:01+00:00 INFO (6): {"status":"success","product_id":47402,"sku":"FAIHSKP","message":"Product updated successfully"}
2021-03-18T14:12:05+00:00 INFO (6): {"status":"success","product_id":47363,"sku":"FAITAPEPVCBK","message":"Product updated successfully"}
2021-03-18T14:12:09+00:00 INFO (6): {"status":"success","product_id":47353,"sku":"FAITAPEPVCBL","message":"Product updated successfully"}
2021-03-18T14:12:09+00:00 INFO (6): {"status":"success","product_id":47353,"sku":"FAITAPEPVCBL","message":"Product updated successfully"}
2021-03-18T14:12:12+00:00 INFO (6): {"status":"success","product_id":47417,"sku":"FAITAPEPVCG","message":"Product updated successfully"}
2021-03-18T14:12:16+00:00 INFO (6): {"status":"success","product_id":47484,"sku":"FAITAPEPVCGY","message":"Product updated successfully"}
2021-03-18T14:12:16+00:00 INFO (6): {"status":"success","product_id":47484,"sku":"FAITAPEPVCGY","message":"Product updated successfully"}
2021-03-18T14:12:20+00:00 INFO (6): {"status":"success","product_id":47366,"sku":"FAITAPEPVCR","message":"Product updated successfully"}
2021-03-18T14:12:23+00:00 INFO (6): {"status":"success","product_id":47355,"sku":"FAITAPEPVCW","message":"Product updated successfully"}
2021-03-18T14:12:23+00:00 INFO (6): {"status":"success","product_id":47355,"sku":"FAITAPEPVCW","message":"Product updated successfully"}
2021-03-18T14:12:27+00:00 INFO (6): {"status":"success","product_id":47482,"sku":"FAITAPEPVCY","message":"Product updated successfully"}
2021-03-18T14:12:31+00:00 INFO (6): {"status":"success","product_id":47465,"sku":"GRGOKHF","message":"Product updated successfully"}
2021-03-18T14:12:31+00:00 INFO (6): {"status":"success","product_id":47465,"sku":"GRGOKHF","message":"Product updated successfully"}
2021-03-18T14:12:35+00:00 INFO (6): {"status":"success","product_id":47452,"sku":"GRGOKHF85G","message":"Product updated successfully"}
2021-03-18T14:12:38+00:00 INFO (6): {"status":"success","product_id":47399,"sku":"GRGOKLRCR","message":"Product updated successfully"}
2021-03-18T14:12:39+00:00 INFO (6): {"status":"success","product_id":47399,"sku":"GRGOKLRCR","message":"Product updated successfully"}
2021-03-18T14:12:43+00:00 INFO (6): {"status":"success","product_id":47336,"sku":"GRGOKLRSPF","message":"Product updated successfully"}
2021-03-18T14:12:46+00:00 INFO (6): {"status":"success","product_id":47486,"sku":"GRGOKLRU","message":"Product updated successfully"}
2021-03-18T14:12:47+00:00 INFO (6): {"status":"success","product_id":47486,"sku":"GRGOKLRU","message":"Product updated successfully"}
2021-03-18T14:12:51+00:00 INFO (6): {"status":"success","product_id":47428,"sku":"GRGOKSR190ML","message":"Product updated successfully"}
2021-03-18T14:12:54+00:00 INFO (6): {"status":"success","product_id":47335,"sku":"GRGOKSR325ML","message":"Product updated successfully"}
2021-03-18T14:12:54+00:00 INFO (6): {"status":"success","product_id":47335,"sku":"GRGOKSR325ML","message":"Product updated successfully"}
2021-03-18T14:12:58+00:00 INFO (6): {"status":"success","product_id":47373,"sku":"GRGOKWH","message":"Product updated successfully"}
2021-03-18T14:13:02+00:00 INFO (6): {"status":"success","product_id":47375,"sku":"GRGOKWH85G","message":"Product updated successfully"}
2021-03-18T14:13:02+00:00 INFO (6): {"status":"success","product_id":47375,"sku":"GRGOKWH85G","message":"Product updated successfully"}
2021-03-18T14:13:07+00:00 INFO (6): {"status":"success","product_id":47352,"sku":"IRW1050382","message":"Product updated successfully"}
2021-03-18T14:13:07+00:00 INFO (6): {"status":"success","product_id":47352,"sku":"IRW1050382","message":"Product updated successfully"}
2021-03-18T14:13:11+00:00 INFO (6): {"status":"success","product_id":47433,"sku":"JH001","message":"Product updated successfully"}
2021-03-18T14:13:21+00:00 INFO (6): {"status":"success","product_id":47382,"sku":"KARFJ10C","message":"Product updated successfully"}
2021-03-18T14:13:25+00:00 INFO (6): {"status":"success","product_id":47442,"sku":"KUN125","message":"Product updated successfully"}
2021-03-18T14:13:29+00:00 INFO (6): {"status":"success","product_id":47480,"sku":"KUN130","message":"Product updated successfully"}
2021-03-18T14:13:33+00:00 INFO (6): {"status":"success","product_id":47357,"sku":"KUN140","message":"Product updated successfully"}
2021-03-18T14:13:37+00:00 INFO (6): {"status":"success","product_id":47378,"sku":"KUN145","message":"Product updated successfully"}
2021-03-18T14:13:40+00:00 INFO (6): {"status":"success","product_id":47487,"sku":"OXS","message":"Product updated successfully"}
2021-03-18T14:13:44+00:00 INFO (6): {"status":"success","product_id":47425,"sku":"PA483","message":"Product updated successfully"}
2021-03-18T14:13:48+00:00 INFO (6): {"status":"success","product_id":47462,"sku":"PLCTC380","message":"Product updated successfully"}
2021-03-18T14:13:58+00:00 INFO (6): {"status":"success","product_id":47403,"sku":"PR740","message":"Product updated successfully"}
2021-03-18T14:14:04+00:00 INFO (6): {"status":"success","product_id":47341,"sku":"RBLSS","message":"Product updated successfully"}
2021-03-18T14:14:08+00:00 INFO (6): {"status":"success","product_id":47342,"sku":"RX01","message":"Product updated successfully"}
2021-03-18T14:14:11+00:00 INFO (6): {"status":"success","product_id":47348,"sku":"RX05F","message":"Product updated successfully"}
2021-03-18T14:14:15+00:00 INFO (6): {"status":"success","product_id":47390,"sku":"RX101","message":"Product updated successfully"}
2021-03-18T14:14:19+00:00 INFO (6): {"status":"success","product_id":47449,"sku":"RX50F","message":"Product updated successfully"}
2021-03-18T14:14:33+00:00 INFO (6): {"status":"success","product_id":47436,"sku":"STR161","message":"Product updated successfully"}
2021-03-18T14:15:10+00:00 INFO (6): {"status":"success","product_id":47369,"sku":"TETTSF200","message":"Product updated successfully"}
2021-03-18T14:15:13+00:00 INFO (6): {"status":"success","product_id":47395,"sku":"TOUEGALP10GB","message":"Product updated successfully"}
2021-03-18T14:15:13+00:00 INFO (6): {"status":"success","product_id":47395,"sku":"TOUEGALP10GB","message":"Product updated successfully"}
2021-03-18T14:15:17+00:00 INFO (6): {"status":"success","product_id":47455,"sku":"TS015","message":"Product updated successfully"}
2021-03-18T14:15:20+00:00 INFO (6): {"status":"success","product_id":47384,"sku":"TS12F","message":"Product updated successfully"}
2021-03-18T14:15:21+00:00 INFO (6): {"status":"success","product_id":47384,"sku":"TS12F","message":"Product updated successfully"}
2021-03-18T14:15:24+00:00 INFO (6): {"status":"success","product_id":47372,"sku":"TS14","message":"Product updated successfully"}
2021-03-18T14:15:24+00:00 INFO (6): {"status":"success","product_id":47372,"sku":"TS14","message":"Product updated successfully"}
2021-03-18T14:15:27+00:00 INFO (6): {"status":"success","product_id":47397,"sku":"TS15F","message":"Product updated successfully"}
2021-03-18T14:15:27+00:00 INFO (6): {"status":"success","product_id":47397,"sku":"TS15F","message":"Product updated successfully"}
2021-03-18T14:15:31+00:00 INFO (6): {"status":"success","product_id":47418,"sku":"TS16F","message":"Product updated successfully"}
2021-03-18T14:15:31+00:00 INFO (6): {"status":"success","product_id":47418,"sku":"TS16F","message":"Product updated successfully"}
2021-03-18T14:15:34+00:00 INFO (6): {"status":"success","product_id":47432,"sku":"TS26F","message":"Product updated successfully"}
2021-03-18T14:15:35+00:00 INFO (6): {"status":"success","product_id":47432,"sku":"TS26F","message":"Product updated successfully"}
2021-03-18T14:15:39+00:00 INFO (6): {"status":"success","product_id":47419,"sku":"TS27F","message":"Product updated successfully"}
2021-03-18T14:15:42+00:00 INFO (6): {"status":"success","product_id":47483,"sku":"TS30F","message":"Product updated successfully"}
2021-03-18T14:15:42+00:00 INFO (6): {"status":"success","product_id":47483,"sku":"TS30F","message":"Product updated successfully"}
2021-03-18T14:15:46+00:00 INFO (6): {"status":"success","product_id":47460,"sku":"TS31F","message":"Product updated successfully"}
2021-03-18T14:15:49+00:00 INFO (6): {"status":"success","product_id":47420,"sku":"TWX51801","message":"Product updated successfully"}
2021-03-18T14:15:52+00:00 INFO (6): {"status":"success","product_id":47349,"sku":"TWX53144","message":"Product updated successfully"}
2021-03-18T14:15:52+00:00 INFO (6): {"status":"success","product_id":47349,"sku":"TWX53144","message":"Product updated successfully"}
2021-03-18T14:15:56+00:00 INFO (6): {"status":"success","product_id":47431,"sku":"TWX53145","message":"Product updated successfully"}
2021-03-18T14:16:00+00:00 INFO (6): {"status":"success","product_id":47466,"sku":"TWX53575","message":"Product updated successfully"}
2021-03-18T14:16:00+00:00 INFO (6): {"status":"success","product_id":47466,"sku":"TWX53575","message":"Product updated successfully"}
2021-03-18T14:16:04+00:00 INFO (6): {"status":"success","product_id":47456,"sku":"UA002","message":"Product updated successfully"}
2021-03-18T14:16:08+00:00 INFO (6): {"status":"success","product_id":47393,"sku":"UA009","message":"Product updated successfully"}
2021-03-18T14:16:08+00:00 INFO (6): {"status":"success","product_id":47393,"sku":"UA009","message":"Product updated successfully"}
2021-03-18T14:16:12+00:00 INFO (6): {"status":"success","product_id":47446,"sku":"UNI1415390","message":"Product updated successfully"}
2021-03-18T14:16:12+00:00 INFO (6): {"status":"success","product_id":47446,"sku":"UNI1415390","message":"Product updated successfully"}
2021-03-18T14:16:16+00:00 INFO (6): {"status":"success","product_id":47356,"sku":"VIT337100","message":"Product updated successfully"}
2021-03-18T14:16:20+00:00 INFO (6): {"status":"success","product_id":47475,"sku":"VIT337150","message":"Product updated successfully"}
2021-03-18T14:16:20+00:00 INFO (6): {"status":"success","product_id":47475,"sku":"VIT337150","message":"Product updated successfully"}
2021-03-18T14:16:24+00:00 INFO (6): {"status":"success","product_id":47365,"sku":"VIT337200","message":"Product updated successfully"}
2021-03-18T14:16:27+00:00 INFO (6): {"status":"success","product_id":47401,"sku":"VITBGLOVE012","message":"Product updated successfully"}
2021-03-18T14:16:27+00:00 INFO (6): {"status":"success","product_id":47401,"sku":"VITBGLOVE012","message":"Product updated successfully"}
2021-03-18T14:16:30+00:00 INFO (6): {"status":"success","product_id":47362,"sku":"WCENG","message":"Product updated successfully"}
2021-03-18T14:16:31+00:00 INFO (6): ---------------- END API Cron 18/03/21 14:16:31 ----------------
