2021-02-24T15:13:32+00:00 INFO (6): ---------------- START API Cron 24/02/21 15:13:32 ----------------
2021-02-24T15:13:36+00:00 INFO (6): {"status":"success","product_id":5712,"sku":"27MCP1254","message":"Product updated successfully"}
2021-02-24T15:13:40+00:00 INFO (6): {"status":"success","product_id":5739,"sku":"3MCP854","message":"Product updated successfully"}
2021-02-24T15:13:43+00:00 INFO (6): {"status":"success","product_id":5791,"sku":"4MCP854","message":"Product updated successfully"}
2021-02-24T15:13:44+00:00 INFO (6): {"status":"success","product_id":5712,"sku":"27MCP1254","message":"Product updated successfully"}
2021-02-24T15:13:48+00:00 INFO (6): {"status":"success","product_id":6052,"sku":"20MCP854","message":"Product updated successfully"}
2021-02-24T15:13:49+00:00 INFO (6): {"status":"success","product_id":5739,"sku":"3MCP854","message":"Product updated successfully"}
2021-02-24T15:13:52+00:00 INFO (6): {"status":"success","product_id":42722,"sku":"16MCP1054","message":"Product updated successfully"}
2021-02-24T15:13:53+00:00 INFO (6): {"status":"success","product_id":5791,"sku":"4MCP854","message":"Product updated successfully"}
2021-02-24T15:13:56+00:00 INFO (6): {"status":"success","product_id":5742,"sku":"48MCP854","message":"Product updated successfully"}
2021-02-24T15:13:57+00:00 INFO (6): {"status":"success","product_id":6052,"sku":"20MCP854","message":"Product updated successfully"}
2021-02-24T15:14:00+00:00 INFO (6): {"status":"success","product_id":5815,"sku":"6MCP854","message":"Product updated successfully"}
2021-02-24T15:14:01+00:00 INFO (6): {"status":"success","product_id":42722,"sku":"16MCP1054","message":"Product updated successfully"}
2021-02-24T15:14:04+00:00 INFO (6): {"status":"success","product_id":42723,"sku":"30MCP1054","message":"Product updated successfully"}
2021-02-24T15:14:05+00:00 INFO (6): {"status":"success","product_id":5742,"sku":"48MCP854","message":"Product updated successfully"}
2021-02-24T15:14:08+00:00 INFO (6): {"status":"success","product_id":42725,"sku":"22MFP854","message":"Product updated successfully"}
2021-02-24T15:14:09+00:00 INFO (6): {"status":"success","product_id":5815,"sku":"6MCP854","message":"Product updated successfully"}
2021-02-24T15:14:11+00:00 INFO (6): {"status":"success","product_id":5703,"sku":"24MCP854","message":"Product updated successfully"}
2021-02-24T15:14:12+00:00 INFO (6): {"status":"success","product_id":42723,"sku":"30MCP1054","message":"Product updated successfully"}
2021-02-24T15:14:15+00:00 INFO (6): {"status":"success","product_id":6006,"sku":"12MCP854","message":"Product updated successfully"}
2021-02-24T15:14:16+00:00 INFO (6): {"status":"success","product_id":42725,"sku":"22MFP854","message":"Product updated successfully"}
2021-02-24T15:14:20+00:00 INFO (6): {"status":"success","product_id":5728,"sku":"33MCP854","message":"Product updated successfully"}
2021-02-24T15:14:21+00:00 INFO (6): {"status":"success","product_id":5703,"sku":"24MCP854","message":"Product updated successfully"}
2021-02-24T15:14:24+00:00 INFO (6): {"status":"success","product_id":5732,"sku":"36MCP854","message":"Product updated successfully"}
2021-02-24T15:14:24+00:00 INFO (6): {"status":"success","product_id":6006,"sku":"12MCP854","message":"Product updated successfully"}
2021-02-24T15:14:28+00:00 INFO (6): {"status":"success","product_id":6043,"sku":"18MCP854","message":"Product updated successfully"}
2021-02-24T15:14:28+00:00 INFO (6): {"status":"success","product_id":5728,"sku":"33MCP854","message":"Product updated successfully"}
2021-02-24T15:14:31+00:00 INFO (6): {"status":"success","product_id":5693,"sku":"22MCP854","message":"Product updated successfully"}
2021-02-24T15:14:32+00:00 INFO (6): {"status":"success","product_id":5732,"sku":"36MCP854","message":"Product updated successfully"}
2021-02-24T15:14:36+00:00 INFO (6): {"status":"success","product_id":5723,"sku":"30MCP854","message":"Product updated successfully"}
2021-02-24T15:14:37+00:00 INFO (6): {"status":"success","product_id":6043,"sku":"18MCP854","message":"Product updated successfully"}
2021-02-24T15:14:40+00:00 INFO (6): {"status":"success","product_id":6034,"sku":"16MCP854","message":"Product updated successfully"}
2021-02-24T15:14:41+00:00 INFO (6): {"status":"success","product_id":5693,"sku":"22MCP854","message":"Product updated successfully"}
2021-02-24T15:14:44+00:00 INFO (6): {"status":"success","product_id":5828,"sku":"8MCP854","message":"Product updated successfully"}
2021-02-24T15:14:45+00:00 INFO (6): {"status":"success","product_id":5723,"sku":"30MCP854","message":"Product updated successfully"}
2021-02-24T15:14:49+00:00 INFO (6): {"status":"success","product_id":5823,"sku":"8MCP1054","message":"Product updated successfully"}
2021-02-24T15:14:50+00:00 INFO (6): {"status":"success","product_id":6034,"sku":"16MCP854","message":"Product updated successfully"}
2021-02-24T15:14:53+00:00 INFO (6): {"status":"success","product_id":5714,"sku":"27MCP854","message":"Product updated successfully"}
2021-02-24T15:14:54+00:00 INFO (6): {"status":"success","product_id":5828,"sku":"8MCP854","message":"Product updated successfully"}
2021-02-24T15:14:57+00:00 INFO (6): {"status":"success","product_id":6014,"sku":"14MCP854","message":"Product updated successfully"}
2021-02-24T15:14:58+00:00 INFO (6): {"status":"success","product_id":5823,"sku":"8MCP1054","message":"Product updated successfully"}
2021-02-24T15:15:01+00:00 INFO (6): {"status":"success","product_id":5803,"sku":"5MCP854","message":"Product updated successfully"}
2021-02-24T15:15:02+00:00 INFO (6): {"status":"success","product_id":5714,"sku":"27MCP854","message":"Product updated successfully"}
2021-02-24T15:15:05+00:00 INFO (6): {"status":"success","product_id":5711,"sku":"27MCP1054","message":"Product updated successfully"}
2021-02-24T15:15:06+00:00 INFO (6): {"status":"success","product_id":5711,"sku":"27MCP1054","message":"Product updated successfully"}
2021-02-24T15:15:06+00:00 INFO (6): {"status":"success","product_id":6014,"sku":"14MCP854","message":"Product updated successfully"}
2021-02-24T15:15:09+00:00 INFO (6): {"status":"success","product_id":5994,"sku":"10MCP854","message":"Product updated successfully"}
2021-02-24T15:15:11+00:00 INFO (6): {"status":"success","product_id":5994,"sku":"10MCP854","message":"Product updated successfully"}
2021-02-24T15:15:11+00:00 INFO (6): {"status":"success","product_id":5803,"sku":"5MCP854","message":"Product updated successfully"}
2021-02-24T15:15:13+00:00 INFO (6): {"status":"success","product_id":6002,"sku":"12MCP1054","message":"Product updated successfully"}
2021-02-24T15:15:15+00:00 INFO (6): {"status":"success","product_id":6002,"sku":"12MCP1054","message":"Product updated successfully"}
2021-02-24T15:15:17+00:00 INFO (6): {"status":"success","product_id":5701,"sku":"24MCP4S00","message":"Product updated successfully"}
2021-02-24T15:15:19+00:00 INFO (6): {"status":"success","product_id":5701,"sku":"24MCP4S00","message":"Product updated successfully"}
2021-02-24T15:15:21+00:00 INFO (6): {"status":"success","product_id":5800,"sku":"5MCP4S00","message":"Product updated successfully"}
2021-02-24T15:15:23+00:00 INFO (6): {"status":"success","product_id":5800,"sku":"5MCP4S00","message":"Product updated successfully"}
2021-02-24T15:15:25+00:00 INFO (6): {"status":"success","product_id":5826,"sku":"8MCP4S00","message":"Product updated successfully"}
2021-02-24T15:15:27+00:00 INFO (6): {"status":"success","product_id":5826,"sku":"8MCP4S00","message":"Product updated successfully"}
2021-02-24T15:15:29+00:00 INFO (6): {"status":"success","product_id":5855,"sku":"JUFP4S00","message":"Product updated successfully"}
2021-02-24T15:15:31+00:00 INFO (6): {"status":"success","product_id":5855,"sku":"JUFP4S00","message":"Product updated successfully"}
2021-02-24T15:15:33+00:00 INFO (6): {"status":"success","product_id":5991,"sku":"10MCP2S00","message":"Product updated successfully"}
2021-02-24T15:15:35+00:00 INFO (6): {"status":"success","product_id":5991,"sku":"10MCP2S00","message":"Product updated successfully"}
2021-02-24T15:15:37+00:00 INFO (6): {"status":"success","product_id":6029,"sku":"16MCP4S00","message":"Product updated successfully"}
2021-02-24T15:15:39+00:00 INFO (6): {"status":"success","product_id":6029,"sku":"16MCP4S00","message":"Product updated successfully"}
2021-02-24T15:15:41+00:00 INFO (6): {"status":"success","product_id":6050,"sku":"20MCP4S00","message":"Product updated successfully"}
2021-02-24T15:15:43+00:00 INFO (6): {"status":"success","product_id":6050,"sku":"20MCP4S00","message":"Product updated successfully"}
2021-02-24T15:15:45+00:00 INFO (6): {"status":"success","product_id":5788,"sku":"4MCP2S00","message":"Product updated successfully"}
2021-02-24T15:15:46+00:00 INFO (6): {"status":"success","product_id":5788,"sku":"4MCP2S00","message":"Product updated successfully"}
2021-02-24T15:15:49+00:00 INFO (6): {"status":"success","product_id":5825,"sku":"8MCP2S00","message":"Product updated successfully"}
2021-02-24T15:15:50+00:00 INFO (6): {"status":"success","product_id":5825,"sku":"8MCP2S00","message":"Product updated successfully"}
2021-02-24T15:15:53+00:00 INFO (6): {"status":"success","product_id":5789,"sku":"4MCP4S00","message":"Product updated successfully"}
2021-02-24T15:15:55+00:00 INFO (6): {"status":"success","product_id":5789,"sku":"4MCP4S00","message":"Product updated successfully"}
2021-02-24T15:15:57+00:00 INFO (6): {"status":"success","product_id":5799,"sku":"5MCP2S00","message":"Product updated successfully"}
2021-02-24T15:15:59+00:00 INFO (6): {"status":"success","product_id":5799,"sku":"5MCP2S00","message":"Product updated successfully"}
2021-02-24T15:16:01+00:00 INFO (6): {"status":"success","product_id":5811,"sku":"6MCP2S00","message":"Product updated successfully"}
2021-02-24T15:16:03+00:00 INFO (6): {"status":"success","product_id":5811,"sku":"6MCP2S00","message":"Product updated successfully"}
2021-02-24T15:16:06+00:00 INFO (6): {"status":"success","product_id":6003,"sku":"12MCP2S00","message":"Product updated successfully"}
2021-02-24T15:16:08+00:00 INFO (6): {"status":"success","product_id":6003,"sku":"12MCP2S00","message":"Product updated successfully"}
2021-02-24T15:16:11+00:00 INFO (6): {"status":"success","product_id":6028,"sku":"16MCP2S00","message":"Product updated successfully"}
2021-02-24T15:16:14+00:00 INFO (6): {"status":"success","product_id":6028,"sku":"16MCP2S00","message":"Product updated successfully"}
2021-02-24T15:16:17+00:00 INFO (6): {"status":"success","product_id":5700,"sku":"24MCP2S00","message":"Product updated successfully"}
2021-02-24T15:16:18+00:00 INFO (6): {"status":"success","product_id":5700,"sku":"24MCP2S00","message":"Product updated successfully"}
2021-02-24T15:16:21+00:00 INFO (6): {"status":"success","product_id":6049,"sku":"20MCP2S00","message":"Product updated successfully"}
2021-02-24T15:16:23+00:00 INFO (6): {"status":"success","product_id":6049,"sku":"20MCP2S00","message":"Product updated successfully"}
2021-02-24T15:16:25+00:00 INFO (6): {"status":"success","product_id":5720,"sku":"30MCP2S00","message":"Product updated successfully"}
2021-02-24T15:16:28+00:00 INFO (6): {"status":"success","product_id":5720,"sku":"30MCP2S00","message":"Product updated successfully"}
2021-02-24T15:16:29+00:00 INFO (6): {"status":"success","product_id":5738,"sku":"3MCP4S00","message":"Product updated successfully"}
2021-02-24T15:16:32+00:00 INFO (6): {"status":"success","product_id":5738,"sku":"3MCP4S00","message":"Product updated successfully"}
2021-02-24T15:16:34+00:00 INFO (6): {"status":"success","product_id":6004,"sku":"12MCP4S00","message":"Product updated successfully"}
2021-02-24T15:16:36+00:00 INFO (6): {"status":"success","product_id":6004,"sku":"12MCP4S00","message":"Product updated successfully"}
2021-02-24T15:16:38+00:00 INFO (6): {"status":"success","product_id":5721,"sku":"30MCP4S00","message":"Product updated successfully"}
2021-02-24T15:16:41+00:00 INFO (6): {"status":"success","product_id":5721,"sku":"30MCP4S00","message":"Product updated successfully"}
2021-02-24T15:16:42+00:00 INFO (6): {"status":"success","product_id":5992,"sku":"10MCP4S00","message":"Product updated successfully"}
2021-02-24T15:16:45+00:00 INFO (6): {"status":"success","product_id":5992,"sku":"10MCP4S00","message":"Product updated successfully"}
2021-02-24T15:16:46+00:00 INFO (6): {"status":"success","product_id":5812,"sku":"6MCP4S00","message":"Product updated successfully"}
2021-02-24T15:16:49+00:00 INFO (6): {"status":"success","product_id":5812,"sku":"6MCP4S00","message":"Product updated successfully"}
2021-02-24T15:16:51+00:00 INFO (6): {"status":"success","product_id":5737,"sku":"3MCP2S00","message":"Product updated successfully"}
2021-02-24T15:16:53+00:00 INFO (6): {"status":"success","product_id":5737,"sku":"3MCP2S00","message":"Product updated successfully"}
2021-02-24T15:16:57+00:00 INFO (6): {"status":"success","product_id":5881,"sku":"SWP137","message":"Product updated successfully"}
2021-02-24T15:17:02+00:00 INFO (6): {"status":"success","product_id":5881,"sku":"SWP137","message":"Product updated successfully"}
2021-02-24T15:17:06+00:00 INFO (6): {"status":"success","product_id":5866,"sku":"NUFP100","message":"Product updated successfully"}
2021-02-24T15:17:15+00:00 INFO (6): {"status":"success","product_id":5834,"sku":"EUFP137","message":"Product updated successfully"}
2021-02-24T15:17:17+00:00 INFO (6): {"status":"success","product_id":5866,"sku":"NUFP100","message":"Product updated successfully"}
2021-02-24T15:17:23+00:00 INFO (6): {"status":"success","product_id":5802,"sku":"5MCP837","message":"Product updated successfully"}
2021-02-24T15:17:27+00:00 INFO (6): {"status":"success","product_id":5834,"sku":"EUFP137","message":"Product updated successfully"}
2021-02-24T15:17:28+00:00 INFO (6): {"status":"success","product_id":5787,"sku":"4MCP2018","message":"Product updated successfully"}
2021-02-24T15:17:33+00:00 INFO (6): {"status":"success","product_id":5802,"sku":"5MCP837","message":"Product updated successfully"}
2021-02-24T15:17:35+00:00 INFO (6): {"status":"success","product_id":5699,"sku":"24MCP1000","message":"Product updated successfully"}
2021-02-24T15:17:40+00:00 INFO (6): {"status":"success","product_id":5787,"sku":"4MCP2018","message":"Product updated successfully"}
2021-02-24T15:17:42+00:00 INFO (6): {"status":"success","product_id":5706,"sku":"24MFP1000","message":"Product updated successfully"}
2021-02-24T15:17:46+00:00 INFO (6): {"status":"success","product_id":5699,"sku":"24MCP1000","message":"Product updated successfully"}
2021-02-24T15:17:48+00:00 INFO (6): {"status":"success","product_id":6026,"sku":"16MCP1000","message":"Product updated successfully"}
2021-02-24T15:17:52+00:00 INFO (6): {"status":"success","product_id":5706,"sku":"24MFP1000","message":"Product updated successfully"}
2021-02-24T15:17:54+00:00 INFO (6): {"status":"success","product_id":5810,"sku":"6MCP1037","message":"Product updated successfully"}
2021-02-24T15:17:58+00:00 INFO (6): {"status":"success","product_id":6026,"sku":"16MCP1000","message":"Product updated successfully"}
2021-02-24T15:18:01+00:00 INFO (6): {"status":"success","product_id":5822,"sku":"8MCP1037","message":"Product updated successfully"}
2021-02-24T15:18:05+00:00 INFO (6): {"status":"success","product_id":5810,"sku":"6MCP1037","message":"Product updated successfully"}
2021-02-24T15:18:07+00:00 INFO (6): {"status":"success","product_id":5824,"sku":"8MCP137","message":"Product updated successfully"}
2021-02-24T15:18:11+00:00 INFO (6): {"status":"success","product_id":5822,"sku":"8MCP1037","message":"Product updated successfully"}
2021-02-24T15:18:13+00:00 INFO (6): {"status":"success","product_id":25367,"sku":"18MCP831","message":"Product updated successfully"}
2021-02-24T15:18:16+00:00 INFO (6): {"status":"success","product_id":5824,"sku":"8MCP137","message":"Product updated successfully"}
2021-02-24T15:18:19+00:00 INFO (6): {"status":"success","product_id":6033,"sku":"16MCP837","message":"Product updated successfully"}
2021-02-24T15:18:23+00:00 INFO (6): {"status":"success","product_id":25367,"sku":"18MCP831","message":"Product updated successfully"}
2021-02-24T15:18:26+00:00 INFO (6): {"status":"success","product_id":6041,"sku":"18MCP1000","message":"Product updated successfully"}
2021-02-24T15:18:29+00:00 INFO (6): {"status":"success","product_id":6033,"sku":"16MCP837","message":"Product updated successfully"}
2021-02-24T15:18:32+00:00 INFO (6): {"status":"success","product_id":6038,"sku":"16MFP837","message":"Product updated successfully"}
2021-02-24T15:18:36+00:00 INFO (6): {"status":"success","product_id":6041,"sku":"18MCP1000","message":"Product updated successfully"}
2021-02-24T15:18:39+00:00 INFO (6): {"status":"success","product_id":6037,"sku":"16MFP1206","message":"Product updated successfully"}
2021-02-24T15:18:43+00:00 INFO (6): {"status":"success","product_id":6038,"sku":"16MFP837","message":"Product updated successfully"}
2021-02-24T15:18:46+00:00 INFO (6): {"status":"success","product_id":6032,"sku":"16MCP8106","message":"Product updated successfully"}
2021-02-24T15:18:49+00:00 INFO (6): {"status":"success","product_id":6037,"sku":"16MFP1206","message":"Product updated successfully"}
2021-02-24T15:18:52+00:00 INFO (6): {"status":"success","product_id":6031,"sku":"16MCP803","message":"Product updated successfully"}
2021-02-24T15:18:56+00:00 INFO (6): {"status":"success","product_id":6032,"sku":"16MCP8106","message":"Product updated successfully"}
2021-02-24T15:18:58+00:00 INFO (6): {"status":"success","product_id":6027,"sku":"16MCP10106","message":"Product updated successfully"}
2021-02-24T15:19:03+00:00 INFO (6): {"status":"success","product_id":6031,"sku":"16MCP803","message":"Product updated successfully"}
2021-02-24T15:19:05+00:00 INFO (6): {"status":"success","product_id":5990,"sku":"10MCP1057","message":"Product updated successfully"}
2021-02-24T15:19:09+00:00 INFO (6): {"status":"success","product_id":6027,"sku":"16MCP10106","message":"Product updated successfully"}
2021-02-24T15:19:11+00:00 INFO (6): {"status":"success","product_id":5889,"sku":"WWP137","message":"Product updated successfully"}
2021-02-24T15:19:15+00:00 INFO (6): {"status":"success","product_id":5990,"sku":"10MCP1057","message":"Product updated successfully"}
2021-02-24T15:19:18+00:00 INFO (6): {"status":"success","product_id":5870,"sku":"PHILT112BZ","message":"Product updated successfully"}
2021-02-24T15:19:21+00:00 INFO (6): {"status":"success","product_id":5889,"sku":"WWP137","message":"Product updated successfully"}
2021-02-24T15:19:27+00:00 INFO (6): {"status":"success","product_id":5870,"sku":"PHILT112BZ","message":"Product updated successfully"}
2021-02-24T15:19:31+00:00 INFO (6): {"status":"success","product_id":6005,"sku":"12MCP800","message":"Product updated successfully"}
2021-02-24T15:19:41+00:00 INFO (6): {"status":"success","product_id":6005,"sku":"12MCP800","message":"Product updated successfully"}
2021-02-24T15:19:45+00:00 INFO (6): {"status":"success","product_id":5790,"sku":"4MCP800","message":"Product updated successfully"}
2021-02-24T15:19:55+00:00 INFO (6): {"status":"success","product_id":5790,"sku":"4MCP800","message":"Product updated successfully"}
2021-02-24T15:19:59+00:00 INFO (6): {"status":"success","product_id":5713,"sku":"27MCP800","message":"Product updated successfully"}
2021-02-24T15:20:07+00:00 INFO (6): {"status":"success","product_id":6042,"sku":"18MCP800","message":"Product updated successfully"}
2021-02-24T15:20:10+00:00 INFO (6): {"status":"success","product_id":5713,"sku":"27MCP800","message":"Product updated successfully"}
2021-02-24T15:20:13+00:00 INFO (6): {"status":"success","product_id":6042,"sku":"18MCP800","message":"Product updated successfully"}
2021-02-24T15:20:17+00:00 INFO (6): {"status":"success","product_id":5801,"sku":"5MCP800","message":"Product updated successfully"}
2021-02-24T15:20:22+00:00 INFO (6): {"status":"success","product_id":6042,"sku":"18MCP800","message":"Product updated successfully"}
2021-02-24T15:20:26+00:00 INFO (6): {"status":"success","product_id":5801,"sku":"5MCP800","message":"Product updated successfully"}
2021-02-24T15:20:29+00:00 INFO (6): {"status":"success","product_id":5702,"sku":"24MCP800","message":"Product updated successfully"}
2021-02-24T15:20:34+00:00 INFO (6): {"status":"success","product_id":5801,"sku":"5MCP800","message":"Product updated successfully"}
2021-02-24T15:20:37+00:00 INFO (6): {"status":"success","product_id":5702,"sku":"24MCP800","message":"Product updated successfully"}
2021-02-24T15:20:42+00:00 INFO (6): {"status":"success","product_id":5827,"sku":"8MCP800","message":"Product updated successfully"}
2021-02-24T15:20:47+00:00 INFO (6): {"status":"success","product_id":5702,"sku":"24MCP800","message":"Product updated successfully"}
2021-02-24T15:20:50+00:00 INFO (6): {"status":"success","product_id":5827,"sku":"8MCP800","message":"Product updated successfully"}
2021-02-24T15:20:54+00:00 INFO (6): {"status":"success","product_id":5692,"sku":"22MCP800","message":"Product updated successfully"}
2021-02-24T15:21:00+00:00 INFO (6): {"status":"success","product_id":5827,"sku":"8MCP800","message":"Product updated successfully"}
2021-02-24T15:21:03+00:00 INFO (6): {"status":"success","product_id":5692,"sku":"22MCP800","message":"Product updated successfully"}
2021-02-24T15:21:07+00:00 INFO (6): {"status":"success","product_id":6013,"sku":"14MCP800","message":"Product updated successfully"}
2021-02-24T15:21:13+00:00 INFO (6): {"status":"success","product_id":5692,"sku":"22MCP800","message":"Product updated successfully"}
2021-02-24T15:21:16+00:00 INFO (6): {"status":"success","product_id":6013,"sku":"14MCP800","message":"Product updated successfully"}
2021-02-24T15:21:21+00:00 INFO (6): {"status":"success","product_id":6030,"sku":"16MCP800","message":"Product updated successfully"}
2021-02-24T15:21:25+00:00 INFO (6): {"status":"success","product_id":6013,"sku":"14MCP800","message":"Product updated successfully"}
2021-02-24T15:21:29+00:00 INFO (6): {"status":"success","product_id":6030,"sku":"16MCP800","message":"Product updated successfully"}
2021-02-24T15:21:32+00:00 INFO (6): {"status":"success","product_id":5813,"sku":"6MCP800","message":"Product updated successfully"}
2021-02-24T15:21:38+00:00 INFO (6): {"status":"success","product_id":6030,"sku":"16MCP800","message":"Product updated successfully"}
2021-02-24T15:21:41+00:00 INFO (6): {"status":"success","product_id":5813,"sku":"6MCP800","message":"Product updated successfully"}
2021-02-24T15:21:45+00:00 INFO (6): {"status":"success","product_id":5993,"sku":"10MCP800","message":"Product updated successfully"}
2021-02-24T15:21:49+00:00 INFO (6): {"status":"success","product_id":5813,"sku":"6MCP800","message":"Product updated successfully"}
2021-02-24T15:21:53+00:00 INFO (6): {"status":"success","product_id":5993,"sku":"10MCP800","message":"Product updated successfully"}
2021-02-24T15:21:57+00:00 INFO (6): {"status":"success","product_id":5722,"sku":"30MCP800","message":"Product updated successfully"}
2021-02-24T15:22:02+00:00 INFO (6): {"status":"success","product_id":5993,"sku":"10MCP800","message":"Product updated successfully"}
2021-02-24T15:22:05+00:00 INFO (6): {"status":"success","product_id":5722,"sku":"30MCP800","message":"Product updated successfully"}
2021-02-24T15:22:14+00:00 INFO (6): {"status":"success","product_id":5722,"sku":"30MCP800","message":"Product updated successfully"}
2021-02-24T15:22:18+00:00 INFO (6): {"status":"success","product_id":6051,"sku":"20MCP800","message":"Product updated successfully"}
2021-02-24T15:22:27+00:00 INFO (6): {"status":"success","product_id":6051,"sku":"20MCP800","message":"Product updated successfully"}
2021-02-24T15:22:31+00:00 INFO (6): {"status":"success","product_id":5727,"sku":"33MCP800","message":"Product updated successfully"}
2021-02-24T15:22:41+00:00 INFO (6): {"status":"success","product_id":5727,"sku":"33MCP800","message":"Product updated successfully"}
2021-02-24T15:22:43+00:00 INFO (6): {"status":"success","product_id":5731,"sku":"36MCP800","message":"Product updated successfully"}
2021-02-24T15:22:52+00:00 INFO (6): {"status":"success","product_id":5846,"sku":"GUFP137","message":"Product updated successfully"}
2021-02-24T15:22:52+00:00 INFO (6): ---------------- END API Cron 24/02/21 15:22:52 ----------------
2021-02-24T15:22:53+00:00 INFO (6): {"status":"success","product_id":5731,"sku":"36MCP800","message":"Product updated successfully"}
2021-02-24T15:22:53+00:00 INFO (6): ---------------- END API Cron 24/02/21 15:22:53 ----------------
2021-02-24T15:23:01+00:00 INFO (6): {"status":"success","product_id":5846,"sku":"GUFP137","message":"Product updated successfully"}
2021-02-24T15:23:01+00:00 INFO (6): ---------------- END API Cron 24/02/21 15:23:01 ----------------
