2021-02-23T21:30:02+00:00 INFO (6): ---------------- START API Cron 23/02/21 21:30:02 ----------------
2021-02-23T21:30:13+00:00 INFO (6): {"status":"success","product_id":5712,"sku":"27MCP1254","message":"Product updated successfully"}
2021-02-23T21:30:19+00:00 INFO (6): {"status":"success","product_id":5739,"sku":"3MCP854","message":"Product updated successfully"}
2021-02-23T21:30:24+00:00 INFO (6): {"status":"success","product_id":5791,"sku":"4MCP854","message":"Product updated successfully"}
2021-02-23T21:30:29+00:00 INFO (6): {"status":"success","product_id":6052,"sku":"20MCP854","message":"Product updated successfully"}
2021-02-23T21:30:34+00:00 INFO (6): {"status":"success","product_id":42722,"sku":"16MCP1054","message":"Product updated successfully"}
2021-02-23T21:30:39+00:00 INFO (6): {"status":"success","product_id":5742,"sku":"48MCP854","message":"Product updated successfully"}
2021-02-23T21:30:44+00:00 INFO (6): {"status":"success","product_id":5815,"sku":"6MCP854","message":"Product updated successfully"}
2021-02-23T21:30:49+00:00 INFO (6): {"status":"success","product_id":42723,"sku":"30MCP1054","message":"Product updated successfully"}
2021-02-23T21:30:54+00:00 INFO (6): {"status":"success","product_id":42725,"sku":"22MFP854","message":"Product updated successfully"}
2021-02-23T21:30:59+00:00 INFO (6): {"status":"success","product_id":5703,"sku":"24MCP854","message":"Product updated successfully"}
2021-02-23T21:31:05+00:00 INFO (6): {"status":"success","product_id":6006,"sku":"12MCP854","message":"Product updated successfully"}
2021-02-23T21:31:10+00:00 INFO (6): {"status":"success","product_id":5728,"sku":"33MCP854","message":"Product updated successfully"}
2021-02-23T21:31:15+00:00 INFO (6): {"status":"success","product_id":5732,"sku":"36MCP854","message":"Product updated successfully"}
2021-02-23T21:31:21+00:00 INFO (6): {"status":"success","product_id":6043,"sku":"18MCP854","message":"Product updated successfully"}
2021-02-23T21:31:26+00:00 INFO (6): {"status":"success","product_id":5693,"sku":"22MCP854","message":"Product updated successfully"}
2021-02-23T21:31:32+00:00 INFO (6): {"status":"success","product_id":5723,"sku":"30MCP854","message":"Product updated successfully"}
2021-02-23T21:31:38+00:00 INFO (6): {"status":"success","product_id":6034,"sku":"16MCP854","message":"Product updated successfully"}
2021-02-23T21:31:43+00:00 INFO (6): {"status":"success","product_id":5828,"sku":"8MCP854","message":"Product updated successfully"}
2021-02-23T21:31:48+00:00 INFO (6): {"status":"success","product_id":5823,"sku":"8MCP1054","message":"Product updated successfully"}
2021-02-23T21:31:53+00:00 INFO (6): {"status":"success","product_id":5714,"sku":"27MCP854","message":"Product updated successfully"}
2021-02-23T21:31:58+00:00 INFO (6): {"status":"success","product_id":6014,"sku":"14MCP854","message":"Product updated successfully"}
2021-02-23T21:32:03+00:00 INFO (6): {"status":"success","product_id":5803,"sku":"5MCP854","message":"Product updated successfully"}
2021-02-23T21:32:08+00:00 INFO (6): {"status":"success","product_id":5711,"sku":"27MCP1054","message":"Product updated successfully"}
2021-02-23T21:32:13+00:00 INFO (6): {"status":"success","product_id":5994,"sku":"10MCP854","message":"Product updated successfully"}
2021-02-23T21:32:18+00:00 INFO (6): {"status":"success","product_id":6002,"sku":"12MCP1054","message":"Product updated successfully"}
2021-02-23T21:32:27+00:00 INFO (6): {"status":"success","product_id":5701,"sku":"24MCP4S00","message":"Product updated successfully"}
2021-02-23T21:32:32+00:00 INFO (6): {"status":"success","product_id":5800,"sku":"5MCP4S00","message":"Product updated successfully"}
2021-02-23T21:32:38+00:00 INFO (6): {"status":"success","product_id":5826,"sku":"8MCP4S00","message":"Product updated successfully"}
2021-02-23T21:32:43+00:00 INFO (6): {"status":"success","product_id":5855,"sku":"JUFP4S00","message":"Product updated successfully"}
2021-02-23T21:32:49+00:00 INFO (6): {"status":"success","product_id":5991,"sku":"10MCP2S00","message":"Product updated successfully"}
2021-02-23T21:32:54+00:00 INFO (6): {"status":"success","product_id":6029,"sku":"16MCP4S00","message":"Product updated successfully"}
2021-02-23T21:32:59+00:00 INFO (6): {"status":"success","product_id":6050,"sku":"20MCP4S00","message":"Product updated successfully"}
2021-02-23T21:33:05+00:00 INFO (6): {"status":"success","product_id":5788,"sku":"4MCP2S00","message":"Product updated successfully"}
2021-02-23T21:33:10+00:00 INFO (6): {"status":"success","product_id":5825,"sku":"8MCP2S00","message":"Product updated successfully"}
2021-02-23T21:33:15+00:00 INFO (6): {"status":"success","product_id":5789,"sku":"4MCP4S00","message":"Product updated successfully"}
2021-02-23T21:33:20+00:00 INFO (6): {"status":"success","product_id":5799,"sku":"5MCP2S00","message":"Product updated successfully"}
2021-02-23T21:33:25+00:00 INFO (6): {"status":"success","product_id":5811,"sku":"6MCP2S00","message":"Product updated successfully"}
2021-02-23T21:33:30+00:00 INFO (6): {"status":"success","product_id":6003,"sku":"12MCP2S00","message":"Product updated successfully"}
2021-02-23T21:33:35+00:00 INFO (6): {"status":"success","product_id":6028,"sku":"16MCP2S00","message":"Product updated successfully"}
2021-02-23T21:33:41+00:00 INFO (6): {"status":"success","product_id":5700,"sku":"24MCP2S00","message":"Product updated successfully"}
2021-02-23T21:33:46+00:00 INFO (6): {"status":"success","product_id":6049,"sku":"20MCP2S00","message":"Product updated successfully"}
2021-02-23T21:33:52+00:00 INFO (6): {"status":"success","product_id":5720,"sku":"30MCP2S00","message":"Product updated successfully"}
2021-02-23T21:33:58+00:00 INFO (6): {"status":"success","product_id":5738,"sku":"3MCP4S00","message":"Product updated successfully"}
2021-02-23T21:34:04+00:00 INFO (6): {"status":"success","product_id":6004,"sku":"12MCP4S00","message":"Product updated successfully"}
2021-02-23T21:34:10+00:00 INFO (6): {"status":"success","product_id":5721,"sku":"30MCP4S00","message":"Product updated successfully"}
2021-02-23T21:34:15+00:00 INFO (6): {"status":"success","product_id":5992,"sku":"10MCP4S00","message":"Product updated successfully"}
2021-02-23T21:34:20+00:00 INFO (6): {"status":"success","product_id":5812,"sku":"6MCP4S00","message":"Product updated successfully"}
2021-02-23T21:34:25+00:00 INFO (6): {"status":"success","product_id":5737,"sku":"3MCP2S00","message":"Product updated successfully"}
2021-02-23T21:34:41+00:00 INFO (6): {"status":"success","product_id":5881,"sku":"SWP137","message":"Product updated successfully"}
2021-02-23T21:35:01+00:00 INFO (6): {"status":"success","product_id":5866,"sku":"NUFP100","message":"Product updated successfully"}
2021-02-23T21:35:13+00:00 INFO (6): {"status":"success","product_id":5834,"sku":"EUFP137","message":"Product updated successfully"}
2021-02-23T21:35:16+00:00 INFO (6): {"status":"success","product_id":5834,"sku":"EUFP137","message":"Product updated successfully"}
2021-02-23T21:35:24+00:00 INFO (6): {"status":"success","product_id":5802,"sku":"5MCP837","message":"Product updated successfully"}
2021-02-23T21:35:25+00:00 INFO (6): {"status":"success","product_id":5802,"sku":"5MCP837","message":"Product updated successfully"}
2021-02-23T21:35:30+00:00 INFO (6): {"status":"success","product_id":5787,"sku":"4MCP2018","message":"Product updated successfully"}
2021-02-23T21:35:32+00:00 INFO (6): {"status":"success","product_id":5787,"sku":"4MCP2018","message":"Product updated successfully"}
2021-02-23T21:35:40+00:00 INFO (6): {"status":"success","product_id":5699,"sku":"24MCP1000","message":"Product updated successfully"}
2021-02-23T21:35:41+00:00 INFO (6): {"status":"success","product_id":5699,"sku":"24MCP1000","message":"Product updated successfully"}
2021-02-23T21:35:47+00:00 INFO (6): {"status":"success","product_id":5706,"sku":"24MFP1000","message":"Product updated successfully"}
2021-02-23T21:35:49+00:00 INFO (6): {"status":"success","product_id":5706,"sku":"24MFP1000","message":"Product updated successfully"}
2021-02-23T21:35:56+00:00 INFO (6): {"status":"success","product_id":6026,"sku":"16MCP1000","message":"Product updated successfully"}
2021-02-23T21:35:57+00:00 INFO (6): {"status":"success","product_id":6026,"sku":"16MCP1000","message":"Product updated successfully"}
2021-02-23T21:36:04+00:00 INFO (6): {"status":"success","product_id":5810,"sku":"6MCP1037","message":"Product updated successfully"}
2021-02-23T21:36:05+00:00 INFO (6): {"status":"success","product_id":5810,"sku":"6MCP1037","message":"Product updated successfully"}
2021-02-23T21:36:09+00:00 INFO (6): {"status":"success","product_id":5822,"sku":"8MCP1037","message":"Product updated successfully"}
2021-02-23T21:36:11+00:00 INFO (6): {"status":"success","product_id":5822,"sku":"8MCP1037","message":"Product updated successfully"}
2021-02-23T21:36:19+00:00 INFO (6): {"status":"success","product_id":5824,"sku":"8MCP137","message":"Product updated successfully"}
2021-02-23T21:36:19+00:00 INFO (6): {"status":"success","product_id":5824,"sku":"8MCP137","message":"Product updated successfully"}
2021-02-23T21:36:27+00:00 INFO (6): {"status":"success","product_id":25367,"sku":"18MCP831","message":"Product updated successfully"}
2021-02-23T21:36:28+00:00 INFO (6): {"status":"success","product_id":25367,"sku":"18MCP831","message":"Product updated successfully"}
2021-02-23T21:36:35+00:00 INFO (6): {"status":"success","product_id":6033,"sku":"16MCP837","message":"Product updated successfully"}
2021-02-23T21:36:36+00:00 INFO (6): {"status":"success","product_id":6033,"sku":"16MCP837","message":"Product updated successfully"}
2021-02-23T21:36:42+00:00 INFO (6): {"status":"success","product_id":6041,"sku":"18MCP1000","message":"Product updated successfully"}
2021-02-23T21:36:44+00:00 INFO (6): {"status":"success","product_id":6041,"sku":"18MCP1000","message":"Product updated successfully"}
2021-02-23T21:36:48+00:00 INFO (6): {"status":"success","product_id":6038,"sku":"16MFP837","message":"Product updated successfully"}
2021-02-23T21:36:50+00:00 INFO (6): {"status":"success","product_id":6038,"sku":"16MFP837","message":"Product updated successfully"}
2021-02-23T21:36:57+00:00 INFO (6): {"status":"success","product_id":6037,"sku":"16MFP1206","message":"Product updated successfully"}
2021-02-23T21:36:57+00:00 INFO (6): {"status":"success","product_id":6037,"sku":"16MFP1206","message":"Product updated successfully"}
2021-02-23T21:37:06+00:00 INFO (6): {"status":"success","product_id":6032,"sku":"16MCP8106","message":"Product updated successfully"}
2021-02-23T21:37:07+00:00 INFO (6): {"status":"success","product_id":6032,"sku":"16MCP8106","message":"Product updated successfully"}
2021-02-23T21:37:12+00:00 INFO (6): {"status":"success","product_id":6031,"sku":"16MCP803","message":"Product updated successfully"}
2021-02-23T21:37:14+00:00 INFO (6): {"status":"success","product_id":6031,"sku":"16MCP803","message":"Product updated successfully"}
2021-02-23T21:37:21+00:00 INFO (6): {"status":"success","product_id":6027,"sku":"16MCP10106","message":"Product updated successfully"}
2021-02-23T21:37:21+00:00 INFO (6): {"status":"success","product_id":6027,"sku":"16MCP10106","message":"Product updated successfully"}
2021-02-23T21:37:28+00:00 INFO (6): {"status":"success","product_id":5990,"sku":"10MCP1057","message":"Product updated successfully"}
2021-02-23T21:37:30+00:00 INFO (6): {"status":"success","product_id":5990,"sku":"10MCP1057","message":"Product updated successfully"}
2021-02-23T21:37:34+00:00 INFO (6): {"status":"success","product_id":5889,"sku":"WWP137","message":"Product updated successfully"}
2021-02-23T21:37:36+00:00 INFO (6): {"status":"success","product_id":5889,"sku":"WWP137","message":"Product updated successfully"}
2021-02-23T21:37:41+00:00 INFO (6): {"status":"success","product_id":5870,"sku":"PHILT112BZ","message":"Product updated successfully"}
2021-02-23T21:37:43+00:00 INFO (6): {"status":"success","product_id":5870,"sku":"PHILT112BZ","message":"Product updated successfully"}
2021-02-23T21:37:53+00:00 INFO (6): {"status":"success","product_id":6005,"sku":"12MCP800","message":"Product updated successfully"}
2021-02-23T21:38:01+00:00 INFO (6): {"status":"success","product_id":6005,"sku":"12MCP800","message":"Product updated successfully"}
2021-02-23T21:38:06+00:00 INFO (6): {"status":"success","product_id":5790,"sku":"4MCP800","message":"Product updated successfully"}
2021-02-23T21:38:16+00:00 INFO (6): {"status":"success","product_id":5790,"sku":"4MCP800","message":"Product updated successfully"}
2021-02-23T21:38:21+00:00 INFO (6): {"status":"success","product_id":5713,"sku":"27MCP800","message":"Product updated successfully"}
2021-02-23T21:38:31+00:00 INFO (6): {"status":"success","product_id":5713,"sku":"27MCP800","message":"Product updated successfully"}
2021-02-23T21:38:36+00:00 INFO (6): {"status":"success","product_id":6042,"sku":"18MCP800","message":"Product updated successfully"}
2021-02-23T21:38:46+00:00 INFO (6): {"status":"success","product_id":6042,"sku":"18MCP800","message":"Product updated successfully"}
2021-02-23T21:38:51+00:00 INFO (6): {"status":"success","product_id":5801,"sku":"5MCP800","message":"Product updated successfully"}
2021-02-23T21:39:02+00:00 INFO (6): {"status":"success","product_id":5801,"sku":"5MCP800","message":"Product updated successfully"}
2021-02-23T21:39:06+00:00 INFO (6): {"status":"success","product_id":5702,"sku":"24MCP800","message":"Product updated successfully"}
2021-02-23T21:39:16+00:00 INFO (6): {"status":"success","product_id":5702,"sku":"24MCP800","message":"Product updated successfully"}
2021-02-23T21:39:21+00:00 INFO (6): {"status":"success","product_id":5827,"sku":"8MCP800","message":"Product updated successfully"}
2021-02-23T21:39:31+00:00 INFO (6): {"status":"success","product_id":5827,"sku":"8MCP800","message":"Product updated successfully"}
2021-02-23T21:39:37+00:00 INFO (6): {"status":"success","product_id":5692,"sku":"22MCP800","message":"Product updated successfully"}
2021-02-23T21:39:48+00:00 INFO (6): {"status":"success","product_id":5692,"sku":"22MCP800","message":"Product updated successfully"}
2021-02-23T21:39:54+00:00 INFO (6): {"status":"success","product_id":6013,"sku":"14MCP800","message":"Product updated successfully"}
2021-02-23T21:40:06+00:00 INFO (6): {"status":"success","product_id":6013,"sku":"14MCP800","message":"Product updated successfully"}
2021-02-23T21:40:08+00:00 INFO (6): {"status":"success","product_id":6030,"sku":"16MCP800","message":"Product updated successfully"}
2021-02-23T21:40:19+00:00 INFO (6): {"status":"success","product_id":6030,"sku":"16MCP800","message":"Product updated successfully"}
2021-02-23T21:40:19+00:00 INFO (6): {"status":"success","product_id":6030,"sku":"16MCP800","message":"Product updated successfully"}
2021-02-23T21:40:24+00:00 INFO (6): {"status":"success","product_id":5813,"sku":"6MCP800","message":"Product updated successfully"}
2021-02-23T21:40:35+00:00 INFO (6): {"status":"success","product_id":5813,"sku":"6MCP800","message":"Product updated successfully"}
2021-02-23T21:40:35+00:00 INFO (6): {"status":"success","product_id":5813,"sku":"6MCP800","message":"Product updated successfully"}
2021-02-23T21:40:41+00:00 INFO (6): {"status":"success","product_id":5993,"sku":"10MCP800","message":"Product updated successfully"}
2021-02-23T21:40:53+00:00 INFO (6): {"status":"success","product_id":5993,"sku":"10MCP800","message":"Product updated successfully"}
2021-02-23T21:40:53+00:00 INFO (6): {"status":"success","product_id":5993,"sku":"10MCP800","message":"Product updated successfully"}
2021-02-23T21:40:56+00:00 INFO (6): {"status":"success","product_id":5722,"sku":"30MCP800","message":"Product updated successfully"}
2021-02-23T21:41:12+00:00 INFO (6): {"status":"success","product_id":5722,"sku":"30MCP800","message":"Product updated successfully"}
2021-02-23T21:41:12+00:00 INFO (6): {"status":"success","product_id":5722,"sku":"30MCP800","message":"Product updated successfully"}
2021-02-23T21:41:13+00:00 INFO (6): {"status":"success","product_id":6051,"sku":"20MCP800","message":"Product updated successfully"}
2021-02-23T21:41:29+00:00 INFO (6): {"status":"success","product_id":5727,"sku":"33MCP800","message":"Product updated successfully"}
2021-02-23T21:41:30+00:00 INFO (6): {"status":"success","product_id":6051,"sku":"20MCP800","message":"Product updated successfully"}
2021-02-23T21:41:30+00:00 INFO (6): {"status":"success","product_id":6051,"sku":"20MCP800","message":"Product updated successfully"}
2021-02-23T21:41:44+00:00 INFO (6): {"status":"success","product_id":5731,"sku":"36MCP800","message":"Product updated successfully"}
2021-02-23T21:41:46+00:00 INFO (6): {"status":"success","product_id":5727,"sku":"33MCP800","message":"Product updated successfully"}
2021-02-23T21:41:46+00:00 INFO (6): {"status":"success","product_id":5727,"sku":"33MCP800","message":"Product updated successfully"}
2021-02-23T21:42:00+00:00 INFO (6): {"status":"success","product_id":5846,"sku":"GUFP137","message":"Product updated successfully"}
2021-02-23T21:42:01+00:00 INFO (6): ---------------- END API Cron 23/02/21 21:42:01 ----------------
2021-02-23T21:42:03+00:00 INFO (6): {"status":"success","product_id":5731,"sku":"36MCP800","message":"Product updated successfully"}
2021-02-23T21:42:03+00:00 INFO (6): {"status":"success","product_id":5731,"sku":"36MCP800","message":"Product updated successfully"}
2021-02-23T21:42:03+00:00 INFO (6): ---------------- END API Cron 23/02/21 21:42:03 ----------------
2021-02-23T21:42:03+00:00 INFO (6): ---------------- END API Cron 23/02/21 21:42:03 ----------------
2021-02-23T21:42:17+00:00 INFO (6): {"status":"success","product_id":5846,"sku":"GUFP137","message":"Product updated successfully"}
2021-02-23T21:42:17+00:00 INFO (6): {"status":"success","product_id":5846,"sku":"GUFP137","message":"Product updated successfully"}
2021-02-23T21:42:17+00:00 INFO (6): ---------------- END API Cron 23/02/21 21:42:17 ----------------
2021-02-23T21:42:17+00:00 INFO (6): ---------------- END API Cron 23/02/21 21:42:17 ----------------
