2021-02-24T15:04:17+00:00 INFO (6): ---------------- START API Cron 24/02/21 15:04:17 ----------------
2021-02-24T15:04:17+00:00 INFO (6): ---------------- START API Cron 24/02/21 15:04:17 ----------------
2021-02-24T15:04:18+00:00 INFO (6): ---------------- START API Cron 24/02/21 15:04:18 ----------------
2021-02-24T15:04:22+00:00 INFO (6): {"status":"success","product_id":5712,"sku":"27MCP1254","message":"Product updated successfully"}
2021-02-24T15:04:22+00:00 INFO (6): {"status":"success","product_id":5712,"sku":"27MCP1254","message":"Product updated successfully"}
2021-02-24T15:04:23+00:00 INFO (6): {"status":"success","product_id":5712,"sku":"27MCP1254","message":"Product updated successfully"}
2021-02-24T15:04:27+00:00 INFO (6): {"status":"success","product_id":5739,"sku":"3MCP854","message":"Product updated successfully"}
2021-02-24T15:04:27+00:00 INFO (6): {"status":"success","product_id":5739,"sku":"3MCP854","message":"Product updated successfully"}
2021-02-24T15:04:27+00:00 INFO (6): {"status":"success","product_id":5739,"sku":"3MCP854","message":"Product updated successfully"}
2021-02-24T15:04:32+00:00 INFO (6): {"status":"success","product_id":5791,"sku":"4MCP854","message":"Product updated successfully"}
2021-02-24T15:04:32+00:00 INFO (6): {"status":"success","product_id":5791,"sku":"4MCP854","message":"Product updated successfully"}
2021-02-24T15:04:33+00:00 INFO (6): {"status":"success","product_id":5791,"sku":"4MCP854","message":"Product updated successfully"}
2021-02-24T15:04:36+00:00 INFO (6): {"status":"success","product_id":6052,"sku":"20MCP854","message":"Product updated successfully"}
2021-02-24T15:04:37+00:00 INFO (6): {"status":"success","product_id":6052,"sku":"20MCP854","message":"Product updated successfully"}
2021-02-24T15:04:37+00:00 INFO (6): {"status":"success","product_id":6052,"sku":"20MCP854","message":"Product updated successfully"}
2021-02-24T15:04:40+00:00 INFO (6): {"status":"success","product_id":42722,"sku":"16MCP1054","message":"Product updated successfully"}
2021-02-24T15:04:41+00:00 INFO (6): {"status":"success","product_id":42722,"sku":"16MCP1054","message":"Product updated successfully"}
2021-02-24T15:04:42+00:00 INFO (6): {"status":"success","product_id":42722,"sku":"16MCP1054","message":"Product updated successfully"}
2021-02-24T15:04:44+00:00 INFO (6): {"status":"success","product_id":5742,"sku":"48MCP854","message":"Product updated successfully"}
2021-02-24T15:04:46+00:00 INFO (6): {"status":"success","product_id":5742,"sku":"48MCP854","message":"Product updated successfully"}
2021-02-24T15:04:46+00:00 INFO (6): {"status":"success","product_id":5742,"sku":"48MCP854","message":"Product updated successfully"}
2021-02-24T15:04:49+00:00 INFO (6): {"status":"success","product_id":5815,"sku":"6MCP854","message":"Product updated successfully"}
2021-02-24T15:04:50+00:00 INFO (6): {"status":"success","product_id":5815,"sku":"6MCP854","message":"Product updated successfully"}
2021-02-24T15:04:51+00:00 INFO (6): {"status":"success","product_id":5815,"sku":"6MCP854","message":"Product updated successfully"}
2021-02-24T15:04:54+00:00 INFO (6): {"status":"success","product_id":42723,"sku":"30MCP1054","message":"Product updated successfully"}
2021-02-24T15:04:55+00:00 INFO (6): {"status":"success","product_id":42723,"sku":"30MCP1054","message":"Product updated successfully"}
2021-02-24T15:04:56+00:00 INFO (6): {"status":"success","product_id":42723,"sku":"30MCP1054","message":"Product updated successfully"}
2021-02-24T15:04:58+00:00 INFO (6): {"status":"success","product_id":42725,"sku":"22MFP854","message":"Product updated successfully"}
2021-02-24T15:05:00+00:00 INFO (6): {"status":"success","product_id":42725,"sku":"22MFP854","message":"Product updated successfully"}
2021-02-24T15:05:00+00:00 INFO (6): {"status":"success","product_id":42725,"sku":"22MFP854","message":"Product updated successfully"}
2021-02-24T15:05:03+00:00 INFO (6): {"status":"success","product_id":5703,"sku":"24MCP854","message":"Product updated successfully"}
2021-02-24T15:05:04+00:00 INFO (6): {"status":"success","product_id":5703,"sku":"24MCP854","message":"Product updated successfully"}
2021-02-24T15:05:05+00:00 INFO (6): {"status":"success","product_id":5703,"sku":"24MCP854","message":"Product updated successfully"}
2021-02-24T15:05:08+00:00 INFO (6): {"status":"success","product_id":5703,"sku":"24MCP854","message":"Product updated successfully"}
2021-02-24T15:05:09+00:00 INFO (6): {"status":"success","product_id":6006,"sku":"12MCP854","message":"Product updated successfully"}
2021-02-24T15:05:09+00:00 INFO (6): {"status":"success","product_id":6006,"sku":"12MCP854","message":"Product updated successfully"}
2021-02-24T15:05:09+00:00 INFO (6): {"status":"success","product_id":6006,"sku":"12MCP854","message":"Product updated successfully"}
2021-02-24T15:05:12+00:00 INFO (6): {"status":"success","product_id":6006,"sku":"12MCP854","message":"Product updated successfully"}
2021-02-24T15:05:13+00:00 INFO (6): {"status":"success","product_id":5728,"sku":"33MCP854","message":"Product updated successfully"}
2021-02-24T15:05:13+00:00 INFO (6): {"status":"success","product_id":5728,"sku":"33MCP854","message":"Product updated successfully"}
2021-02-24T15:05:14+00:00 INFO (6): {"status":"success","product_id":5728,"sku":"33MCP854","message":"Product updated successfully"}
2021-02-24T15:05:17+00:00 INFO (6): {"status":"success","product_id":5728,"sku":"33MCP854","message":"Product updated successfully"}
2021-02-24T15:05:17+00:00 INFO (6): {"status":"success","product_id":5732,"sku":"36MCP854","message":"Product updated successfully"}
2021-02-24T15:05:18+00:00 INFO (6): {"status":"success","product_id":5732,"sku":"36MCP854","message":"Product updated successfully"}
2021-02-24T15:05:18+00:00 INFO (6): {"status":"success","product_id":5732,"sku":"36MCP854","message":"Product updated successfully"}
2021-02-24T15:05:22+00:00 INFO (6): {"status":"success","product_id":5732,"sku":"36MCP854","message":"Product updated successfully"}
2021-02-24T15:05:22+00:00 INFO (6): {"status":"success","product_id":6043,"sku":"18MCP854","message":"Product updated successfully"}
2021-02-24T15:05:22+00:00 INFO (6): {"status":"success","product_id":6043,"sku":"18MCP854","message":"Product updated successfully"}
2021-02-24T15:05:23+00:00 INFO (6): {"status":"success","product_id":6043,"sku":"18MCP854","message":"Product updated successfully"}
2021-02-24T15:05:27+00:00 INFO (6): {"status":"success","product_id":6043,"sku":"18MCP854","message":"Product updated successfully"}
2021-02-24T15:05:28+00:00 INFO (6): {"status":"success","product_id":5693,"sku":"22MCP854","message":"Product updated successfully"}
2021-02-24T15:05:28+00:00 INFO (6): {"status":"success","product_id":5693,"sku":"22MCP854","message":"Product updated successfully"}
2021-02-24T15:05:29+00:00 INFO (6): {"status":"success","product_id":5693,"sku":"22MCP854","message":"Product updated successfully"}
2021-02-24T15:05:31+00:00 INFO (6): {"status":"success","product_id":5693,"sku":"22MCP854","message":"Product updated successfully"}
2021-02-24T15:05:32+00:00 INFO (6): {"status":"success","product_id":5723,"sku":"30MCP854","message":"Product updated successfully"}
2021-02-24T15:05:33+00:00 INFO (6): {"status":"success","product_id":5723,"sku":"30MCP854","message":"Product updated successfully"}
2021-02-24T15:05:33+00:00 INFO (6): {"status":"success","product_id":5723,"sku":"30MCP854","message":"Product updated successfully"}
2021-02-24T15:05:36+00:00 INFO (6): {"status":"success","product_id":5723,"sku":"30MCP854","message":"Product updated successfully"}
2021-02-24T15:05:37+00:00 INFO (6): {"status":"success","product_id":6034,"sku":"16MCP854","message":"Product updated successfully"}
2021-02-24T15:05:38+00:00 INFO (6): {"status":"success","product_id":6034,"sku":"16MCP854","message":"Product updated successfully"}
2021-02-24T15:05:38+00:00 INFO (6): {"status":"success","product_id":6034,"sku":"16MCP854","message":"Product updated successfully"}
2021-02-24T15:05:41+00:00 INFO (6): {"status":"success","product_id":6034,"sku":"16MCP854","message":"Product updated successfully"}
2021-02-24T15:05:41+00:00 INFO (6): {"status":"success","product_id":5828,"sku":"8MCP854","message":"Product updated successfully"}
2021-02-24T15:05:43+00:00 INFO (6): {"status":"success","product_id":5828,"sku":"8MCP854","message":"Product updated successfully"}
2021-02-24T15:05:45+00:00 INFO (6): {"status":"success","product_id":5828,"sku":"8MCP854","message":"Product updated successfully"}
2021-02-24T15:05:45+00:00 INFO (6): {"status":"success","product_id":5823,"sku":"8MCP1054","message":"Product updated successfully"}
2021-02-24T15:05:47+00:00 INFO (6): {"status":"success","product_id":5823,"sku":"8MCP1054","message":"Product updated successfully"}
2021-02-24T15:05:49+00:00 INFO (6): {"status":"success","product_id":5823,"sku":"8MCP1054","message":"Product updated successfully"}
2021-02-24T15:05:50+00:00 INFO (6): {"status":"success","product_id":5714,"sku":"27MCP854","message":"Product updated successfully"}
2021-02-24T15:05:51+00:00 INFO (6): {"status":"success","product_id":5714,"sku":"27MCP854","message":"Product updated successfully"}
2021-02-24T15:05:53+00:00 INFO (6): {"status":"success","product_id":5714,"sku":"27MCP854","message":"Product updated successfully"}
2021-02-24T15:05:54+00:00 INFO (6): {"status":"success","product_id":6014,"sku":"14MCP854","message":"Product updated successfully"}
2021-02-24T15:05:55+00:00 INFO (6): {"status":"success","product_id":6014,"sku":"14MCP854","message":"Product updated successfully"}
2021-02-24T15:05:57+00:00 INFO (6): {"status":"success","product_id":6014,"sku":"14MCP854","message":"Product updated successfully"}
2021-02-24T15:05:58+00:00 INFO (6): {"status":"success","product_id":5803,"sku":"5MCP854","message":"Product updated successfully"}
2021-02-24T15:05:59+00:00 INFO (6): {"status":"success","product_id":5803,"sku":"5MCP854","message":"Product updated successfully"}
2021-02-24T15:06:01+00:00 INFO (6): {"status":"success","product_id":5803,"sku":"5MCP854","message":"Product updated successfully"}
2021-02-24T15:06:02+00:00 INFO (6): {"status":"success","product_id":5711,"sku":"27MCP1054","message":"Product updated successfully"}
2021-02-24T15:06:04+00:00 INFO (6): {"status":"success","product_id":5711,"sku":"27MCP1054","message":"Product updated successfully"}
2021-02-24T15:06:05+00:00 INFO (6): {"status":"success","product_id":5711,"sku":"27MCP1054","message":"Product updated successfully"}
2021-02-24T15:06:06+00:00 INFO (6): {"status":"success","product_id":5994,"sku":"10MCP854","message":"Product updated successfully"}
2021-02-24T15:06:08+00:00 INFO (6): {"status":"success","product_id":5994,"sku":"10MCP854","message":"Product updated successfully"}
2021-02-24T15:06:09+00:00 INFO (6): {"status":"success","product_id":5994,"sku":"10MCP854","message":"Product updated successfully"}
2021-02-24T15:06:10+00:00 INFO (6): {"status":"success","product_id":6002,"sku":"12MCP1054","message":"Product updated successfully"}
2021-02-24T15:06:11+00:00 INFO (6): {"status":"success","product_id":6002,"sku":"12MCP1054","message":"Product updated successfully"}
2021-02-24T15:06:14+00:00 INFO (6): {"status":"success","product_id":6002,"sku":"12MCP1054","message":"Product updated successfully"}
2021-02-24T15:06:15+00:00 INFO (6): {"status":"success","product_id":5701,"sku":"24MCP4S00","message":"Product updated successfully"}
2021-02-24T15:06:16+00:00 INFO (6): {"status":"success","product_id":5701,"sku":"24MCP4S00","message":"Product updated successfully"}
2021-02-24T15:06:19+00:00 INFO (6): {"status":"success","product_id":5701,"sku":"24MCP4S00","message":"Product updated successfully"}
2021-02-24T15:06:19+00:00 INFO (6): {"status":"success","product_id":5800,"sku":"5MCP4S00","message":"Product updated successfully"}
2021-02-24T15:06:21+00:00 INFO (6): {"status":"success","product_id":5800,"sku":"5MCP4S00","message":"Product updated successfully"}
2021-02-24T15:06:23+00:00 INFO (6): {"status":"success","product_id":5800,"sku":"5MCP4S00","message":"Product updated successfully"}
2021-02-24T15:06:23+00:00 INFO (6): {"status":"success","product_id":5826,"sku":"8MCP4S00","message":"Product updated successfully"}
2021-02-24T15:06:25+00:00 INFO (6): {"status":"success","product_id":5826,"sku":"8MCP4S00","message":"Product updated successfully"}
2021-02-24T15:06:26+00:00 INFO (6): {"status":"success","product_id":5826,"sku":"8MCP4S00","message":"Product updated successfully"}
2021-02-24T15:06:27+00:00 INFO (6): {"status":"success","product_id":5855,"sku":"JUFP4S00","message":"Product updated successfully"}
2021-02-24T15:06:28+00:00 INFO (6): {"status":"success","product_id":5855,"sku":"JUFP4S00","message":"Product updated successfully"}
2021-02-24T15:06:30+00:00 INFO (6): {"status":"success","product_id":5855,"sku":"JUFP4S00","message":"Product updated successfully"}
2021-02-24T15:06:31+00:00 INFO (6): {"status":"success","product_id":5991,"sku":"10MCP2S00","message":"Product updated successfully"}
2021-02-24T15:06:32+00:00 INFO (6): {"status":"success","product_id":5991,"sku":"10MCP2S00","message":"Product updated successfully"}
2021-02-24T15:06:34+00:00 INFO (6): {"status":"success","product_id":5991,"sku":"10MCP2S00","message":"Product updated successfully"}
2021-02-24T15:06:35+00:00 INFO (6): {"status":"success","product_id":6029,"sku":"16MCP4S00","message":"Product updated successfully"}
2021-02-24T15:06:36+00:00 INFO (6): {"status":"success","product_id":6029,"sku":"16MCP4S00","message":"Product updated successfully"}
2021-02-24T15:06:38+00:00 INFO (6): {"status":"success","product_id":6029,"sku":"16MCP4S00","message":"Product updated successfully"}
2021-02-24T15:06:39+00:00 INFO (6): {"status":"success","product_id":6050,"sku":"20MCP4S00","message":"Product updated successfully"}
2021-02-24T15:06:40+00:00 INFO (6): {"status":"success","product_id":6050,"sku":"20MCP4S00","message":"Product updated successfully"}
2021-02-24T15:06:42+00:00 INFO (6): {"status":"success","product_id":6050,"sku":"20MCP4S00","message":"Product updated successfully"}
2021-02-24T15:06:44+00:00 INFO (6): {"status":"success","product_id":5788,"sku":"4MCP2S00","message":"Product updated successfully"}
2021-02-24T15:06:44+00:00 INFO (6): {"status":"success","product_id":5788,"sku":"4MCP2S00","message":"Product updated successfully"}
2021-02-24T15:06:47+00:00 INFO (6): {"status":"success","product_id":5788,"sku":"4MCP2S00","message":"Product updated successfully"}
2021-02-24T15:06:48+00:00 INFO (6): {"status":"success","product_id":5825,"sku":"8MCP2S00","message":"Product updated successfully"}
2021-02-24T15:06:49+00:00 INFO (6): {"status":"success","product_id":5825,"sku":"8MCP2S00","message":"Product updated successfully"}
2021-02-24T15:06:51+00:00 INFO (6): {"status":"success","product_id":5825,"sku":"8MCP2S00","message":"Product updated successfully"}
2021-02-24T15:06:52+00:00 INFO (6): {"status":"success","product_id":5789,"sku":"4MCP4S00","message":"Product updated successfully"}
2021-02-24T15:06:53+00:00 INFO (6): {"status":"success","product_id":5789,"sku":"4MCP4S00","message":"Product updated successfully"}
2021-02-24T15:06:55+00:00 INFO (6): {"status":"success","product_id":5789,"sku":"4MCP4S00","message":"Product updated successfully"}
2021-02-24T15:06:57+00:00 INFO (6): {"status":"success","product_id":5799,"sku":"5MCP2S00","message":"Product updated successfully"}
2021-02-24T15:06:58+00:00 INFO (6): {"status":"success","product_id":5799,"sku":"5MCP2S00","message":"Product updated successfully"}
2021-02-24T15:06:59+00:00 INFO (6): {"status":"success","product_id":5799,"sku":"5MCP2S00","message":"Product updated successfully"}
2021-02-24T15:07:01+00:00 INFO (6): {"status":"success","product_id":5811,"sku":"6MCP2S00","message":"Product updated successfully"}
2021-02-24T15:07:02+00:00 INFO (6): {"status":"success","product_id":5811,"sku":"6MCP2S00","message":"Product updated successfully"}
2021-02-24T15:07:03+00:00 INFO (6): {"status":"success","product_id":5811,"sku":"6MCP2S00","message":"Product updated successfully"}
2021-02-24T15:07:05+00:00 INFO (6): {"status":"success","product_id":6003,"sku":"12MCP2S00","message":"Product updated successfully"}
2021-02-24T15:07:06+00:00 INFO (6): {"status":"success","product_id":6003,"sku":"12MCP2S00","message":"Product updated successfully"}
2021-02-24T15:07:08+00:00 INFO (6): {"status":"success","product_id":6003,"sku":"12MCP2S00","message":"Product updated successfully"}
2021-02-24T15:07:10+00:00 INFO (6): {"status":"success","product_id":6028,"sku":"16MCP2S00","message":"Product updated successfully"}
2021-02-24T15:07:11+00:00 INFO (6): {"status":"success","product_id":6028,"sku":"16MCP2S00","message":"Product updated successfully"}
2021-02-24T15:07:12+00:00 INFO (6): {"status":"success","product_id":6028,"sku":"16MCP2S00","message":"Product updated successfully"}
2021-02-24T15:07:14+00:00 INFO (6): {"status":"success","product_id":5700,"sku":"24MCP2S00","message":"Product updated successfully"}
2021-02-24T15:07:15+00:00 INFO (6): {"status":"success","product_id":5700,"sku":"24MCP2S00","message":"Product updated successfully"}
2021-02-24T15:07:16+00:00 INFO (6): {"status":"success","product_id":5700,"sku":"24MCP2S00","message":"Product updated successfully"}
2021-02-24T15:07:18+00:00 INFO (6): {"status":"success","product_id":6049,"sku":"20MCP2S00","message":"Product updated successfully"}
2021-02-24T15:07:19+00:00 INFO (6): {"status":"success","product_id":6049,"sku":"20MCP2S00","message":"Product updated successfully"}
2021-02-24T15:07:20+00:00 INFO (6): {"status":"success","product_id":6049,"sku":"20MCP2S00","message":"Product updated successfully"}
2021-02-24T15:07:21+00:00 INFO (6): {"status":"success","product_id":5720,"sku":"30MCP2S00","message":"Product updated successfully"}
2021-02-24T15:07:23+00:00 INFO (6): {"status":"success","product_id":5720,"sku":"30MCP2S00","message":"Product updated successfully"}
2021-02-24T15:07:24+00:00 INFO (6): {"status":"success","product_id":5720,"sku":"30MCP2S00","message":"Product updated successfully"}
2021-02-24T15:07:25+00:00 INFO (6): {"status":"success","product_id":5738,"sku":"3MCP4S00","message":"Product updated successfully"}
2021-02-24T15:07:27+00:00 INFO (6): {"status":"success","product_id":5738,"sku":"3MCP4S00","message":"Product updated successfully"}
2021-02-24T15:07:28+00:00 INFO (6): {"status":"success","product_id":5738,"sku":"3MCP4S00","message":"Product updated successfully"}
2021-02-24T15:07:30+00:00 INFO (6): {"status":"success","product_id":6004,"sku":"12MCP4S00","message":"Product updated successfully"}
2021-02-24T15:07:31+00:00 INFO (6): {"status":"success","product_id":6004,"sku":"12MCP4S00","message":"Product updated successfully"}
2021-02-24T15:07:32+00:00 INFO (6): {"status":"success","product_id":6004,"sku":"12MCP4S00","message":"Product updated successfully"}
2021-02-24T15:07:34+00:00 INFO (6): {"status":"success","product_id":5721,"sku":"30MCP4S00","message":"Product updated successfully"}
2021-02-24T15:07:36+00:00 INFO (6): {"status":"success","product_id":5721,"sku":"30MCP4S00","message":"Product updated successfully"}
2021-02-24T15:07:36+00:00 INFO (6): {"status":"success","product_id":5721,"sku":"30MCP4S00","message":"Product updated successfully"}
2021-02-24T15:07:38+00:00 INFO (6): {"status":"success","product_id":5992,"sku":"10MCP4S00","message":"Product updated successfully"}
2021-02-24T15:07:40+00:00 INFO (6): {"status":"success","product_id":5992,"sku":"10MCP4S00","message":"Product updated successfully"}
2021-02-24T15:07:40+00:00 INFO (6): {"status":"success","product_id":5992,"sku":"10MCP4S00","message":"Product updated successfully"}
2021-02-24T15:07:42+00:00 INFO (6): {"status":"success","product_id":5812,"sku":"6MCP4S00","message":"Product updated successfully"}
2021-02-24T15:07:44+00:00 INFO (6): {"status":"success","product_id":5812,"sku":"6MCP4S00","message":"Product updated successfully"}
2021-02-24T15:07:44+00:00 INFO (6): {"status":"success","product_id":5812,"sku":"6MCP4S00","message":"Product updated successfully"}
2021-02-24T15:07:46+00:00 INFO (6): {"status":"success","product_id":5737,"sku":"3MCP2S00","message":"Product updated successfully"}
2021-02-24T15:07:48+00:00 INFO (6): {"status":"success","product_id":5737,"sku":"3MCP2S00","message":"Product updated successfully"}
2021-02-24T15:07:49+00:00 INFO (6): {"status":"success","product_id":5737,"sku":"3MCP2S00","message":"Product updated successfully"}
2021-02-24T15:07:52+00:00 INFO (6): {"status":"success","product_id":5881,"sku":"SWP137","message":"Product updated successfully"}
2021-02-24T15:07:53+00:00 INFO (6): {"status":"success","product_id":5881,"sku":"SWP137","message":"Product updated successfully"}
2021-02-24T15:07:57+00:00 INFO (6): {"status":"success","product_id":5866,"sku":"NUFP100","message":"Product updated successfully"}
2021-02-24T15:07:57+00:00 INFO (6): {"status":"success","product_id":5881,"sku":"SWP137","message":"Product updated successfully"}
2021-02-24T15:08:01+00:00 INFO (6): {"status":"success","product_id":5866,"sku":"NUFP100","message":"Product updated successfully"}
2021-02-24T15:08:05+00:00 INFO (6): {"status":"success","product_id":5834,"sku":"EUFP137","message":"Product updated successfully"}
2021-02-24T15:08:09+00:00 INFO (6): {"status":"success","product_id":5834,"sku":"EUFP137","message":"Product updated successfully"}
2021-02-24T15:08:11+00:00 INFO (6): {"status":"success","product_id":5802,"sku":"5MCP837","message":"Product updated successfully"}
2021-02-24T15:08:11+00:00 INFO (6): {"status":"success","product_id":5866,"sku":"NUFP100","message":"Product updated successfully"}
2021-02-24T15:08:15+00:00 INFO (6): {"status":"success","product_id":5802,"sku":"5MCP837","message":"Product updated successfully"}
2021-02-24T15:08:17+00:00 INFO (6): {"status":"success","product_id":5787,"sku":"4MCP2018","message":"Product updated successfully"}
2021-02-24T15:08:19+00:00 INFO (6): {"status":"success","product_id":5834,"sku":"EUFP137","message":"Product updated successfully"}
2021-02-24T15:08:21+00:00 INFO (6): {"status":"success","product_id":5787,"sku":"4MCP2018","message":"Product updated successfully"}
2021-02-24T15:08:23+00:00 INFO (6): {"status":"success","product_id":5699,"sku":"24MCP1000","message":"Product updated successfully"}
2021-02-24T15:08:26+00:00 INFO (6): {"status":"success","product_id":5802,"sku":"5MCP837","message":"Product updated successfully"}
2021-02-24T15:08:28+00:00 INFO (6): {"status":"success","product_id":5699,"sku":"24MCP1000","message":"Product updated successfully"}
2021-02-24T15:08:32+00:00 INFO (6): {"status":"success","product_id":5787,"sku":"4MCP2018","message":"Product updated successfully"}
2021-02-24T15:08:33+00:00 INFO (6): {"status":"success","product_id":5706,"sku":"24MFP1000","message":"Product updated successfully"}
2021-02-24T15:08:38+00:00 INFO (6): {"status":"success","product_id":5699,"sku":"24MCP1000","message":"Product updated successfully"}
2021-02-24T15:08:39+00:00 INFO (6): {"status":"success","product_id":6026,"sku":"16MCP1000","message":"Product updated successfully"}
2021-02-24T15:08:43+00:00 INFO (6): {"status":"success","product_id":5706,"sku":"24MFP1000","message":"Product updated successfully"}
2021-02-24T15:08:44+00:00 INFO (6): {"status":"success","product_id":5810,"sku":"6MCP1037","message":"Product updated successfully"}
2021-02-24T15:08:49+00:00 INFO (6): {"status":"success","product_id":6026,"sku":"16MCP1000","message":"Product updated successfully"}
2021-02-24T15:08:50+00:00 INFO (6): {"status":"success","product_id":5822,"sku":"8MCP1037","message":"Product updated successfully"}
2021-02-24T15:08:55+00:00 INFO (6): {"status":"success","product_id":5810,"sku":"6MCP1037","message":"Product updated successfully"}
2021-02-24T15:08:56+00:00 INFO (6): {"status":"success","product_id":5824,"sku":"8MCP137","message":"Product updated successfully"}
2021-02-24T15:09:01+00:00 INFO (6): {"status":"success","product_id":5822,"sku":"8MCP1037","message":"Product updated successfully"}
2021-02-24T15:09:03+00:00 INFO (6): {"status":"success","product_id":25367,"sku":"18MCP831","message":"Product updated successfully"}
2021-02-24T15:09:07+00:00 INFO (6): {"status":"success","product_id":5824,"sku":"8MCP137","message":"Product updated successfully"}
2021-02-24T15:09:08+00:00 INFO (6): {"status":"success","product_id":6033,"sku":"16MCP837","message":"Product updated successfully"}
2021-02-24T15:09:13+00:00 INFO (6): {"status":"success","product_id":25367,"sku":"18MCP831","message":"Product updated successfully"}
2021-02-24T15:09:14+00:00 INFO (6): {"status":"success","product_id":6041,"sku":"18MCP1000","message":"Product updated successfully"}
2021-02-24T15:09:18+00:00 INFO (6): {"status":"success","product_id":6033,"sku":"16MCP837","message":"Product updated successfully"}
2021-02-24T15:09:20+00:00 INFO (6): {"status":"success","product_id":6038,"sku":"16MFP837","message":"Product updated successfully"}
2021-02-24T15:09:24+00:00 INFO (6): {"status":"success","product_id":6041,"sku":"18MCP1000","message":"Product updated successfully"}
2021-02-24T15:09:26+00:00 INFO (6): {"status":"success","product_id":6037,"sku":"16MFP1206","message":"Product updated successfully"}
2021-02-24T15:09:30+00:00 INFO (6): {"status":"success","product_id":6038,"sku":"16MFP837","message":"Product updated successfully"}
2021-02-24T15:09:31+00:00 INFO (6): {"status":"success","product_id":6032,"sku":"16MCP8106","message":"Product updated successfully"}
2021-02-24T15:09:36+00:00 INFO (6): {"status":"success","product_id":6037,"sku":"16MFP1206","message":"Product updated successfully"}
2021-02-24T15:09:37+00:00 INFO (6): {"status":"success","product_id":6031,"sku":"16MCP803","message":"Product updated successfully"}
2021-02-24T15:09:42+00:00 INFO (6): {"status":"success","product_id":6032,"sku":"16MCP8106","message":"Product updated successfully"}
2021-02-24T15:09:44+00:00 INFO (6): {"status":"success","product_id":6027,"sku":"16MCP10106","message":"Product updated successfully"}
2021-02-24T15:09:48+00:00 INFO (6): {"status":"success","product_id":6031,"sku":"16MCP803","message":"Product updated successfully"}
2021-02-24T15:09:50+00:00 INFO (6): {"status":"success","product_id":5990,"sku":"10MCP1057","message":"Product updated successfully"}
2021-02-24T15:09:53+00:00 INFO (6): {"status":"success","product_id":6027,"sku":"16MCP10106","message":"Product updated successfully"}
2021-02-24T15:09:55+00:00 INFO (6): {"status":"success","product_id":5889,"sku":"WWP137","message":"Product updated successfully"}
2021-02-24T15:09:59+00:00 INFO (6): {"status":"success","product_id":5990,"sku":"10MCP1057","message":"Product updated successfully"}
2021-02-24T15:10:01+00:00 INFO (6): {"status":"success","product_id":5870,"sku":"PHILT112BZ","message":"Product updated successfully"}
2021-02-24T15:10:04+00:00 INFO (6): {"status":"success","product_id":5889,"sku":"WWP137","message":"Product updated successfully"}
2021-02-24T15:10:06+00:00 INFO (6): {"status":"success","product_id":6005,"sku":"12MCP800","message":"Product updated successfully"}
2021-02-24T15:10:10+00:00 INFO (6): {"status":"success","product_id":5870,"sku":"PHILT112BZ","message":"Product updated successfully"}
2021-02-24T15:10:15+00:00 INFO (6): {"status":"success","product_id":6005,"sku":"12MCP800","message":"Product updated successfully"}
2021-02-24T15:10:19+00:00 INFO (6): {"status":"success","product_id":5790,"sku":"4MCP800","message":"Product updated successfully"}
2021-02-24T15:10:23+00:00 INFO (6): {"status":"success","product_id":6005,"sku":"12MCP800","message":"Product updated successfully"}
2021-02-24T15:10:27+00:00 INFO (6): {"status":"success","product_id":5790,"sku":"4MCP800","message":"Product updated successfully"}
2021-02-24T15:10:31+00:00 INFO (6): {"status":"success","product_id":5713,"sku":"27MCP800","message":"Product updated successfully"}
2021-02-24T15:10:36+00:00 INFO (6): {"status":"success","product_id":5790,"sku":"4MCP800","message":"Product updated successfully"}
2021-02-24T15:10:40+00:00 INFO (6): {"status":"success","product_id":5713,"sku":"27MCP800","message":"Product updated successfully"}
2021-02-24T15:10:43+00:00 INFO (6): {"status":"success","product_id":6042,"sku":"18MCP800","message":"Product updated successfully"}
2021-02-24T15:10:49+00:00 INFO (6): {"status":"success","product_id":5713,"sku":"27MCP800","message":"Product updated successfully"}
2021-02-24T15:10:54+00:00 INFO (6): {"status":"success","product_id":6042,"sku":"18MCP800","message":"Product updated successfully"}
2021-02-24T15:10:57+00:00 INFO (6): {"status":"success","product_id":5801,"sku":"5MCP800","message":"Product updated successfully"}
2021-02-24T15:11:02+00:00 INFO (6): {"status":"success","product_id":6042,"sku":"18MCP800","message":"Product updated successfully"}
2021-02-24T15:11:06+00:00 INFO (6): {"status":"success","product_id":5801,"sku":"5MCP800","message":"Product updated successfully"}
2021-02-24T15:11:09+00:00 INFO (6): {"status":"success","product_id":5702,"sku":"24MCP800","message":"Product updated successfully"}
2021-02-24T15:11:14+00:00 INFO (6): {"status":"success","product_id":5801,"sku":"5MCP800","message":"Product updated successfully"}
2021-02-24T15:11:18+00:00 INFO (6): {"status":"success","product_id":5702,"sku":"24MCP800","message":"Product updated successfully"}
2021-02-24T15:11:21+00:00 INFO (6): {"status":"success","product_id":5827,"sku":"8MCP800","message":"Product updated successfully"}
2021-02-24T15:11:26+00:00 INFO (6): {"status":"success","product_id":5702,"sku":"24MCP800","message":"Product updated successfully"}
2021-02-24T15:11:30+00:00 INFO (6): {"status":"success","product_id":5827,"sku":"8MCP800","message":"Product updated successfully"}
2021-02-24T15:11:33+00:00 INFO (6): {"status":"success","product_id":5692,"sku":"22MCP800","message":"Product updated successfully"}
2021-02-24T15:11:39+00:00 INFO (6): {"status":"success","product_id":5827,"sku":"8MCP800","message":"Product updated successfully"}
2021-02-24T15:11:43+00:00 INFO (6): {"status":"success","product_id":5692,"sku":"22MCP800","message":"Product updated successfully"}
2021-02-24T15:11:46+00:00 INFO (6): {"status":"success","product_id":6013,"sku":"14MCP800","message":"Product updated successfully"}
2021-02-24T15:11:51+00:00 INFO (6): {"status":"success","product_id":5692,"sku":"22MCP800","message":"Product updated successfully"}
2021-02-24T15:11:55+00:00 INFO (6): {"status":"success","product_id":6013,"sku":"14MCP800","message":"Product updated successfully"}
2021-02-24T15:11:59+00:00 INFO (6): {"status":"success","product_id":6030,"sku":"16MCP800","message":"Product updated successfully"}
2021-02-24T15:12:04+00:00 INFO (6): {"status":"success","product_id":6013,"sku":"14MCP800","message":"Product updated successfully"}
2021-02-24T15:12:08+00:00 INFO (6): {"status":"success","product_id":6030,"sku":"16MCP800","message":"Product updated successfully"}
2021-02-24T15:12:13+00:00 INFO (6): {"status":"success","product_id":5813,"sku":"6MCP800","message":"Product updated successfully"}
2021-02-24T15:12:17+00:00 INFO (6): {"status":"success","product_id":6030,"sku":"16MCP800","message":"Product updated successfully"}
2021-02-24T15:12:21+00:00 INFO (6): {"status":"success","product_id":5813,"sku":"6MCP800","message":"Product updated successfully"}
2021-02-24T15:12:29+00:00 INFO (6): {"status":"success","product_id":5813,"sku":"6MCP800","message":"Product updated successfully"}
2021-02-24T15:12:33+00:00 INFO (6): {"status":"success","product_id":5993,"sku":"10MCP800","message":"Product updated successfully"}
2021-02-24T15:12:41+00:00 INFO (6): {"status":"success","product_id":5993,"sku":"10MCP800","message":"Product updated successfully"}
2021-02-24T15:12:45+00:00 INFO (6): {"status":"success","product_id":5722,"sku":"30MCP800","message":"Product updated successfully"}
2021-02-24T15:12:53+00:00 INFO (6): {"status":"success","product_id":5722,"sku":"30MCP800","message":"Product updated successfully"}
2021-02-24T15:12:57+00:00 INFO (6): {"status":"success","product_id":6051,"sku":"20MCP800","message":"Product updated successfully"}
2021-02-24T15:13:06+00:00 INFO (6): {"status":"success","product_id":6051,"sku":"20MCP800","message":"Product updated successfully"}
2021-02-24T15:13:10+00:00 INFO (6): {"status":"success","product_id":5727,"sku":"33MCP800","message":"Product updated successfully"}
2021-02-24T15:13:18+00:00 INFO (6): {"status":"success","product_id":5727,"sku":"33MCP800","message":"Product updated successfully"}
2021-02-24T15:13:22+00:00 INFO (6): {"status":"success","product_id":5731,"sku":"36MCP800","message":"Product updated successfully"}
2021-02-24T15:13:32+00:00 INFO (6): {"status":"success","product_id":5846,"sku":"GUFP137","message":"Product updated successfully"}
2021-02-24T15:13:32+00:00 INFO (6): {"status":"success","product_id":5731,"sku":"36MCP800","message":"Product updated successfully"}
2021-02-24T15:13:32+00:00 INFO (6): ---------------- END API Cron 24/02/21 15:13:32 ----------------
2021-02-24T15:13:32+00:00 INFO (6): ---------------- END API Cron 24/02/21 15:13:32 ----------------
2021-02-24T15:13:41+00:00 INFO (6): {"status":"success","product_id":5846,"sku":"GUFP137","message":"Product updated successfully"}
2021-02-24T15:13:41+00:00 INFO (6): ---------------- END API Cron 24/02/21 15:13:41 ----------------
