2021-02-17T10:30:07+00:00 INFO (6): {"status":"success","product_id":10523,"sku":"ARCPH043A","message":"Product updated successfully"}
2021-02-17T10:30:11+00:00 INFO (6): {"status":"success","product_id":10524,"sku":"ARCPHCO520","message":"Product updated successfully"}
2021-02-17T10:30:14+00:00 INFO (6): {"status":"success","product_id":13597,"sku":"BOLRUSHPCSP","message":"Product updated successfully"}
2021-02-17T10:30:17+00:00 INFO (6): {"status":"success","product_id":13598,"sku":"BOLRUSHPPSF","message":"Product updated successfully"}
2021-02-17T10:30:21+00:00 INFO (6): {"status":"success","product_id":13599,"sku":"BOLRUSHPPSI","message":"Product updated successfully"}
2021-02-17T10:30:24+00:00 INFO (6): {"status":"success","product_id":13600,"sku":"BOLRUSHPSF","message":"Product updated successfully"}
2021-02-17T10:30:27+00:00 INFO (6): {"status":"success","product_id":13601,"sku":"BOLRUSHPSI","message":"Product updated successfully"}
2021-02-17T10:30:31+00:00 INFO (6): {"status":"success","product_id":13602,"sku":"BOLRUSHPTWI","message":"Product updated successfully"}
2021-02-17T10:30:33+00:00 INFO (6): {"status":"success","product_id":13603,"sku":"BOLRUSHTWI","message":"Product updated successfully"}
2021-02-17T10:30:35+00:00 INFO (6): {"status":"success","product_id":13604,"sku":"BOLRXPACK","message":"Product updated successfully"}
2021-02-17T10:30:38+00:00 INFO (6): {"status":"success","product_id":13605,"sku":"BOLSILEXPSF","message":"Product updated successfully"}
2021-02-17T10:30:40+00:00 INFO (6): {"status":"success","product_id":13606,"sku":"BOLSILEXPSI","message":"Product updated successfully"}
2021-02-17T10:30:45+00:00 INFO (6): {"status":"success","product_id":13607,"sku":"BOLSILPCSP","message":"Product updated successfully"}
2021-02-17T10:30:48+00:00 INFO (6): {"status":"success","product_id":13614,"sku":"BRK660MBX","message":"Product updated successfully"}
2021-02-17T10:30:52+00:00 INFO (6): {"status":"success","product_id":13615,"sku":"BRK670MBX","message":"Product updated successfully"}
2021-02-17T10:30:56+00:00 INFO (6): {"status":"success","product_id":13616,"sku":"BRK690MBX","message":"Product updated successfully"}
2021-02-17T10:30:58+00:00 INFO (6): {"status":"success","product_id":13617,"sku":"BRKCO4000EN","message":"Product updated successfully"}
2021-02-17T10:31:01+00:00 INFO (6): {"status":"success","product_id":13618,"sku":"BRKCO850MBXI","message":"Product updated successfully"}
2021-02-17T10:31:05+00:00 INFO (6): {"status":"success","product_id":13619,"sku":"BRKCO850MRLI","message":"Product updated successfully"}
2021-02-17T10:31:08+00:00 INFO (6): {"status":"success","product_id":13657,"sku":"BOLSILPPSF","message":"Product updated successfully"}
2021-02-17T10:31:11+00:00 INFO (6): {"status":"success","product_id":13658,"sku":"BOLSILPPSI","message":"Product updated successfully"}
2021-02-17T10:31:14+00:00 INFO (6): {"status":"success","product_id":13659,"sku":"BOLSILPSF","message":"Product updated successfully"}
2021-02-17T10:31:16+00:00 INFO (6): {"status":"success","product_id":13660,"sku":"BOLSILPSI","message":"Product updated successfully"}
2021-02-17T10:31:19+00:00 INFO (6): {"status":"success","product_id":13661,"sku":"BOLSLAESP","message":"Product updated successfully"}
2021-02-17T10:31:21+00:00 INFO (6): {"status":"success","product_id":13662,"sku":"BOLSLAHIVI","message":"Product updated successfully"}
2021-02-17T10:31:24+00:00 INFO (6): {"status":"success","product_id":13663,"sku":"BOLSLAPCSP","message":"Product updated successfully"}
2021-02-17T10:31:28+00:00 INFO (6): {"status":"success","product_id":13664,"sku":"BOLSLAPPSF","message":"Product updated successfully"}
2021-02-17T10:31:32+00:00 INFO (6): {"status":"success","product_id":13665,"sku":"BOLSLAPPSI","message":"Product updated successfully"}
2021-02-17T10:31:34+00:00 INFO (6): {"status":"success","product_id":13666,"sku":"BOLSLAPSF","message":"Product updated successfully"}
2021-02-17T10:31:37+00:00 INFO (6): {"status":"success","product_id":13667,"sku":"BOLSLAPSI","message":"Product updated successfully"}
2021-02-17T10:31:40+00:00 INFO (6): {"status":"success","product_id":13668,"sku":"BOLSLAPSJ","message":"Product updated successfully"}
2021-02-17T10:31:43+00:00 INFO (6): {"status":"success","product_id":13669,"sku":"BOLTRACPSF","message":"Product updated successfully"}
2021-02-17T10:31:47+00:00 INFO (6): {"status":"success","product_id":13670,"sku":"BOLTRACPSI","message":"Product updated successfully"}
2021-02-17T10:31:51+00:00 INFO (6): {"status":"success","product_id":13740,"sku":"BOLTRACPSJ","message":"Product updated successfully"}
2021-02-17T10:31:54+00:00 INFO (6): {"status":"success","product_id":13741,"sku":"BOLTRYOCSP","message":"Product updated successfully"}
2021-02-17T10:31:58+00:00 INFO (6): {"status":"success","product_id":13742,"sku":"BOLTRYOFLASH","message":"Product updated successfully"}
2021-02-17T10:32:01+00:00 INFO (6): {"status":"success","product_id":13743,"sku":"BOLTRYOPSF","message":"Product updated successfully"}
2021-02-17T10:32:05+00:00 INFO (6): {"status":"success","product_id":13744,"sku":"BOLTRYOPSI","message":"Product updated successfully"}
2021-02-17T10:32:08+00:00 INFO (6): {"status":"success","product_id":14630,"sku":"BOLCOBPSI","message":"Product updated successfully"}
2021-02-17T10:32:11+00:00 INFO (6): {"status":"success","product_id":14631,"sku":"BOLCOBPSJ","message":"Product updated successfully"}
2021-02-17T10:32:14+00:00 INFO (6): {"status":"success","product_id":14632,"sku":"BOLCONTESP","message":"Product updated successfully"}
2021-02-17T10:32:17+00:00 INFO (6): {"status":"success","product_id":14633,"sku":"BOLCONTPOL","message":"Product updated successfully"}
2021-02-17T10:32:20+00:00 INFO (6): {"status":"success","product_id":14634,"sku":"BOLCONTPSF","message":"Product updated successfully"}
2021-02-17T10:32:23+00:00 INFO (6): {"status":"success","product_id":14635,"sku":"BOLCONTPSI","message":"Product updated successfully"}
2021-02-17T10:32:26+00:00 INFO (6): {"status":"success","product_id":14636,"sku":"BOLCOVARSI","message":"Product updated successfully"}
2021-02-17T10:32:29+00:00 INFO (6): {"status":"success","product_id":14637,"sku":"BOLCOVERSI","message":"Product updated successfully"}
2021-02-17T10:32:31+00:00 INFO (6): {"status":"success","product_id":14638,"sku":"BOLILUPSF","message":"Product updated successfully"}
2021-02-17T10:32:34+00:00 INFO (6): {"status":"success","product_id":14639,"sku":"BOLILUPSI","message":"Product updated successfully"}
2021-02-17T10:32:36+00:00 INFO (6): {"status":"success","product_id":14640,"sku":"BOLIRIDPSI15","message":"Product updated successfully"}
2021-02-17T10:32:38+00:00 INFO (6): {"status":"success","product_id":14641,"sku":"BOLIRIDPSI2","message":"Product updated successfully"}
2021-02-17T10:32:41+00:00 INFO (6): {"status":"success","product_id":14717,"sku":"BOLIRIDPSI25","message":"Product updated successfully"}
2021-02-17T10:32:44+00:00 INFO (6): {"status":"success","product_id":14718,"sku":"BOLIRIPDSI3","message":"Product updated successfully"}
2021-02-17T10:32:47+00:00 INFO (6): {"status":"success","product_id":14719,"sku":"BOLIRIPSF","message":"Product updated successfully"}
2021-02-17T10:32:50+00:00 INFO (6): {"status":"success","product_id":14720,"sku":"BOLIRIPSI","message":"Product updated successfully"}
2021-02-17T10:32:54+00:00 INFO (6): {"status":"success","product_id":14721,"sku":"BOLIRITWI","message":"Product updated successfully"}
2021-02-17T10:32:56+00:00 INFO (6): {"status":"success","product_id":14722,"sku":"BOLKITCOBRA","message":"Product updated successfully"}
2021-02-17T10:33:00+00:00 INFO (6): {"status":"success","product_id":14723,"sku":"BOLMERCSP","message":"Product updated successfully"}
2021-02-17T10:33:03+00:00 INFO (6): {"status":"success","product_id":14724,"sku":"BOLMERPSF","message":"Product updated successfully"}
2021-02-17T10:33:06+00:00 INFO (6): {"status":"success","product_id":14725,"sku":"BOLOVLITLPSI","message":"Product updated successfully"}
2021-02-17T10:33:10+00:00 INFO (6): {"status":"success","product_id":14726,"sku":"BOLPILOPCSP","message":"Product updated successfully"}
2021-02-17T10:33:13+00:00 INFO (6): {"status":"success","product_id":14727,"sku":"BOLPILOPPSF","message":"Product updated successfully"}
2021-02-17T10:33:17+00:00 INFO (6): {"status":"success","product_id":14728,"sku":"BOLPILOPSI","message":"Product updated successfully"}
2021-02-17T10:33:20+00:00 INFO (6): {"status":"success","product_id":14729,"sku":"BOLRUSHDPI","message":"Product updated successfully"}
2021-02-17T10:33:22+00:00 INFO (6): {"status":"success","product_id":14730,"sku":"BOLRUSHKITFS","message":"Product updated successfully"}
2021-02-17T10:33:25+00:00 INFO (6): {"status":"success","product_id":15189,"sku":"BOLATOAPSI","message":"Product updated successfully"}
2021-02-17T10:33:29+00:00 INFO (6): {"status":"success","product_id":15191,"sku":"BOLATOEPSI","message":"Product updated successfully"}
2021-02-17T10:33:32+00:00 INFO (6): {"status":"success","product_id":15192,"sku":"BOLATOFAPSI","message":"Product updated successfully"}
2021-02-17T10:33:35+00:00 INFO (6): {"status":"success","product_id":15193,"sku":"BOLATOV","message":"Product updated successfully"}
2021-02-17T10:33:38+00:00 INFO (6): {"status":"success","product_id":15194,"sku":"BOLB100","message":"Product updated successfully"}
2021-02-17T10:33:41+00:00 INFO (6): {"status":"success","product_id":15195,"sku":"BOLB200","message":"Product updated successfully"}
2021-02-17T10:33:44+00:00 INFO (6): {"status":"success","product_id":15196,"sku":"BOLB410","message":"Product updated successfully"}
2021-02-17T10:33:46+00:00 INFO (6): {"status":"success","product_id":15381,"sku":"BOLB500","message":"Product updated successfully"}
2021-02-17T10:33:49+00:00 INFO (6): {"status":"success","product_id":15382,"sku":"BOLBANCI","message":"Product updated successfully"}
2021-02-17T10:33:52+00:00 INFO (6): {"status":"success","product_id":15384,"sku":"BOLBANPSF","message":"Product updated successfully"}
2021-02-17T10:33:54+00:00 INFO (6): {"status":"success","product_id":15385,"sku":"BOLBANPSJ","message":"Product updated successfully"}
2021-02-17T10:33:56+00:00 INFO (6): {"status":"success","product_id":15386,"sku":"BOLBAXCSP","message":"Product updated successfully"}
2021-02-17T10:34:00+00:00 INFO (6): {"status":"success","product_id":15387,"sku":"BOLBAXPSF","message":"Product updated successfully"}
2021-02-17T10:34:03+00:00 INFO (6): {"status":"success","product_id":15388,"sku":"BOLBAXPSI","message":"Product updated successfully"}
2021-02-17T10:34:06+00:00 INFO (6): {"status":"success","product_id":15389,"sku":"BOLBL20PI","message":"Product updated successfully"}
2021-02-17T10:34:08+00:00 INFO (6): {"status":"success","product_id":15390,"sku":"BOLCOBESP","message":"Product updated successfully"}
2021-02-17T10:34:11+00:00 INFO (6): {"status":"success","product_id":15391,"sku":"BOLCOBFSPSI","message":"Product updated successfully"}
2021-02-17T10:34:14+00:00 INFO (6): {"status":"success","product_id":15392,"sku":"BOLCOBFTPSI","message":"Product updated successfully"}
2021-02-17T10:34:17+00:00 INFO (6): {"status":"success","product_id":15393,"sku":"BOLCOBHDPI","message":"Product updated successfully"}
2021-02-17T10:34:21+00:00 INFO (6): {"status":"success","product_id":15394,"sku":"BOLCOBPSF","message":"Product updated successfully"}
2021-02-17T10:34:24+00:00 INFO (6): {"status":"success","product_id":17683,"sku":"DEWGOGGLE","message":"Product updated successfully"}
2021-02-17T10:34:27+00:00 INFO (6): {"status":"success","product_id":17916,"sku":"DEWSGCPC","message":"Product updated successfully"}
2021-02-17T10:34:30+00:00 INFO (6): {"status":"success","product_id":17917,"sku":"DEWSGCPS","message":"Product updated successfully"}
2021-02-17T10:34:33+00:00 INFO (6): {"status":"success","product_id":17918,"sku":"DEWSGPC","message":"Product updated successfully"}
2021-02-17T10:34:37+00:00 INFO (6): {"status":"success","product_id":18009,"sku":"DEWSGPS","message":"Product updated successfully"}
2021-02-17T10:34:41+00:00 INFO (6): {"status":"success","product_id":18011,"sku":"DEWSGRFC","message":"Product updated successfully"}
2021-02-17T10:34:45+00:00 INFO (6): {"status":"success","product_id":18012,"sku":"DEWSGRFFM","message":"Product updated successfully"}
2021-02-17T10:34:49+00:00 INFO (6): {"status":"success","product_id":18013,"sku":"DEWSGRFS","message":"Product updated successfully"}
2021-02-17T10:34:52+00:00 INFO (6): {"status":"success","product_id":18014,"sku":"DEWSGRS","message":"Product updated successfully"}
2021-02-17T10:34:56+00:00 INFO (6): {"status":"success","product_id":19168,"sku":"FIRSA700LUKX","message":"Product updated successfully"}
2021-02-17T10:34:59+00:00 INFO (6): {"status":"success","product_id":19169,"sku":"FIRSA700UKX5","message":"Product updated successfully"}
2021-02-17T10:35:03+00:00 INFO (6): {"status":"success","product_id":19170,"sku":"FIRSCO5UK","message":"Product updated successfully"}
2021-02-17T10:35:06+00:00 INFO (6): {"status":"success","product_id":19170,"sku":"FIRSCO5UK","message":"Product updated successfully"}
2021-02-17T10:35:06+00:00 INFO (6): {"status":"success","product_id":20871,"sku":"FIR2107735","message":"Product updated successfully"}
2021-02-17T10:35:09+00:00 INFO (6): {"status":"success","product_id":20871,"sku":"FIR2107735","message":"Product updated successfully"}
2021-02-17T10:35:10+00:00 INFO (6): {"status":"success","product_id":20872,"sku":"FIRAF400UK","message":"Product updated successfully"}
2021-02-17T10:35:13+00:00 INFO (6): {"status":"success","product_id":20872,"sku":"FIRAF400UK","message":"Product updated successfully"}
2021-02-17T10:35:14+00:00 INFO (6): {"status":"success","product_id":20875,"sku":"FIRHA300CBUK","message":"Product updated successfully"}
2021-02-17T10:35:16+00:00 INFO (6): {"status":"success","product_id":20875,"sku":"FIRHA300CBUK","message":"Product updated successfully"}
2021-02-17T10:35:17+00:00 INFO (6): {"status":"success","product_id":20876,"sku":"FIRSA300UKX5","message":"Product updated successfully"}
2021-02-17T10:35:20+00:00 INFO (6): {"status":"success","product_id":20876,"sku":"FIRSA300UKX5","message":"Product updated successfully"}
2021-02-17T10:35:23+00:00 INFO (6): {"status":"success","product_id":20877,"sku":"FIRSA302UK","message":"Product updated successfully"}
2021-02-17T10:35:26+00:00 INFO (6): {"status":"success","product_id":23385,"sku":"KID29D","message":"Product updated successfully"}
2021-02-17T10:35:29+00:00 INFO (6): {"status":"success","product_id":23386,"sku":"KID29HD","message":"Product updated successfully"}
2021-02-17T10:35:32+00:00 INFO (6): {"status":"success","product_id":23387,"sku":"KID4MCO","message":"Product updated successfully"}
2021-02-17T10:35:35+00:00 INFO (6): {"status":"success","product_id":23388,"sku":"KID4MDCO","message":"Product updated successfully"}
2021-02-17T10:35:38+00:00 INFO (6): {"status":"success","product_id":23389,"sku":"KID5COLSB","message":"Product updated successfully"}
2021-02-17T10:35:40+00:00 INFO (6): {"status":"success","product_id":23390,"sku":"KIDFB1","message":"Product updated successfully"}
2021-02-17T10:35:43+00:00 INFO (6): {"status":"success","product_id":23391,"sku":"KIDK10C","message":"Product updated successfully"}
2021-02-17T10:35:46+00:00 INFO (6): {"status":"success","product_id":23393,"sku":"KIDKS1KG","message":"Product updated successfully"}
2021-02-17T10:35:49+00:00 INFO (6): {"status":"success","product_id":23394,"sku":"KIDWFPV","message":"Product updated successfully"}
2021-02-17T10:35:51+00:00 INFO (6): {"status":"success","product_id":25292,"sku":"MOL5120","message":"Product updated successfully"}
2021-02-17T10:35:54+00:00 INFO (6): {"status":"success","product_id":25373,"sku":"MOL5230","message":"Product updated successfully"}
2021-02-17T10:35:56+00:00 INFO (6): {"status":"success","product_id":25374,"sku":"MOL5330","message":"Product updated successfully"}
2021-02-17T10:35:59+00:00 INFO (6): {"status":"success","product_id":25375,"sku":"MOL5430","message":"Product updated successfully"}
2021-02-17T10:36:02+00:00 INFO (6): {"status":"success","product_id":25376,"sku":"MOL598401","message":"Product updated successfully"}
2021-02-17T10:36:05+00:00 INFO (6): {"status":"success","product_id":25377,"sku":"MOL6110","message":"Product updated successfully"}
2021-02-17T10:36:07+00:00 INFO (6): {"status":"success","product_id":25378,"sku":"MOL6120","message":"Product updated successfully"}
2021-02-17T10:36:10+00:00 INFO (6): {"status":"success","product_id":25379,"sku":"MOL6130","message":"Product updated successfully"}
2021-02-17T10:36:13+00:00 INFO (6): {"status":"success","product_id":25380,"sku":"MOL6140","message":"Product updated successfully"}
2021-02-17T10:36:15+00:00 INFO (6): {"status":"success","product_id":25381,"sku":"MOL6200","message":"Product updated successfully"}
2021-02-17T10:36:19+00:00 INFO (6): {"status":"success","product_id":25382,"sku":"MOL6400","message":"Product updated successfully"}
2021-02-17T10:36:23+00:00 INFO (6): {"status":"success","product_id":25383,"sku":"MOL6401","message":"Product updated successfully"}
2021-02-17T10:36:26+00:00 INFO (6): {"status":"success","product_id":25384,"sku":"MOL641101","message":"Product updated successfully"}
2021-02-17T10:36:29+00:00 INFO (6): {"status":"success","product_id":25385,"sku":"MOL6441","message":"Product updated successfully"}
2021-02-17T10:36:33+00:00 INFO (6): {"status":"success","product_id":25386,"sku":"MOL6451","message":"Product updated successfully"}
2021-02-17T10:36:37+00:00 INFO (6): {"status":"success","product_id":25454,"sku":"MOL6700","message":"Product updated successfully"}
2021-02-17T10:36:40+00:00 INFO (6): {"status":"success","product_id":25455,"sku":"MOL6810","message":"Product updated successfully"}
2021-02-17T10:36:43+00:00 INFO (6): {"status":"success","product_id":25456,"sku":"MOL6825","message":"Product updated successfully"}
2021-02-17T10:36:46+00:00 INFO (6): {"status":"success","product_id":25457,"sku":"MOL6900","message":"Product updated successfully"}
2021-02-17T10:36:48+00:00 INFO (6): {"status":"success","product_id":25458,"sku":"MOL7002","message":"Product updated successfully"}
2021-02-17T10:36:50+00:00 INFO (6): {"status":"success","product_id":25459,"sku":"MOL703201","message":"Product updated successfully"}
2021-02-17T10:36:53+00:00 INFO (6): {"status":"success","product_id":25460,"sku":"MOL7060","message":"Product updated successfully"}
2021-02-17T10:36:56+00:00 INFO (6): {"status":"success","product_id":25461,"sku":"MOL712202","message":"Product updated successfully"}
2021-02-17T10:36:58+00:00 INFO (6): {"status":"success","product_id":25462,"sku":"MOL723202","message":"Product updated successfully"}
2021-02-17T10:37:00+00:00 INFO (6): {"status":"success","product_id":25463,"sku":"MOL743202","message":"Product updated successfully"}
2021-02-17T10:37:03+00:00 INFO (6): {"status":"success","product_id":25464,"sku":"MOL7625","message":"Product updated successfully"}
2021-02-17T10:37:06+00:00 INFO (6): {"status":"success","product_id":25465,"sku":"MOL7812","message":"Product updated successfully"}
2021-02-17T10:37:09+00:00 INFO (6): {"status":"success","product_id":25466,"sku":"MOL808001","message":"Product updated successfully"}
2021-02-17T10:37:11+00:00 INFO (6): {"status":"success","product_id":25467,"sku":"MOL890001","message":"Product updated successfully"}
2021-02-17T10:37:15+00:00 INFO (6): {"status":"success","product_id":25468,"sku":"MOL9002","message":"Product updated successfully"}
2021-02-17T10:37:18+00:00 INFO (6): {"status":"success","product_id":25538,"sku":"MOL9030","message":"Product updated successfully"}
2021-02-17T10:37:21+00:00 INFO (6): {"status":"success","product_id":25539,"sku":"MOL9120122","message":"Product updated successfully"}
2021-02-17T10:37:24+00:00 INFO (6): {"status":"success","product_id":25540,"sku":"MOL9230122","message":"Product updated successfully"}
2021-02-17T10:37:28+00:00 INFO (6): {"status":"success","product_id":25541,"sku":"MOL9400","message":"Product updated successfully"}
2021-02-17T10:37:33+00:00 INFO (6): {"status":"success","product_id":25542,"sku":"MOL9430","message":"Product updated successfully"}
2021-02-17T10:37:36+00:00 INFO (6): {"status":"success","product_id":25543,"sku":"MOL9430122","message":"Product updated successfully"}
2021-02-17T10:37:39+00:00 INFO (6): {"status":"success","product_id":25544,"sku":"MOL943201","message":"Product updated successfully"}
2021-02-17T10:37:43+00:00 INFO (6): {"status":"success","product_id":29094,"sku":"FM4","message":"Product updated successfully"}
2021-02-17T10:37:46+00:00 INFO (6): {"status":"success","product_id":29195,"sku":"RKRFF4000","message":"Product updated successfully"}
2021-02-17T10:37:49+00:00 INFO (6): {"status":"success","product_id":30901,"sku":"DEWSGCPIO","message":"Product updated successfully"}
2021-02-17T10:37:51+00:00 INFO (6): {"status":"success","product_id":31325,"sku":"EVB2BARRD500","message":"Product updated successfully"}
2021-02-17T10:37:54+00:00 INFO (6): {"status":"success","product_id":31382,"sku":"EVB2HAZRD","message":"Product updated successfully"}
2021-02-17T10:37:57+00:00 INFO (6): {"status":"success","product_id":31383,"sku":"EVB2HAZYW","message":"Product updated successfully"}
2021-02-17T10:38:00+00:00 INFO (6): {"status":"success","product_id":31671,"sku":"BRK760MBX","message":"Product updated successfully"}
2021-02-17T10:38:04+00:00 INFO (6): {"status":"success","product_id":31672,"sku":"BRK760MRL","message":"Product updated successfully"}
2021-02-17T10:38:08+00:00 INFO (6): {"status":"success","product_id":31696,"sku":"BRK770MBX","message":"Product updated successfully"}
2021-02-17T10:38:12+00:00 INFO (6): {"status":"success","product_id":31697,"sku":"BRK770MRL","message":"Product updated successfully"}
2021-02-17T10:38:17+00:00 INFO (6): {"status":"success","product_id":31698,"sku":"BRK790MBX","message":"Product updated successfully"}
2021-02-17T10:38:22+00:00 INFO (6): {"status":"success","product_id":31699,"sku":"BRK790MRL","message":"Product updated successfully"}
2021-02-17T10:38:28+00:00 INFO (6): {"status":"success","product_id":32896,"sku":"KUN1005","message":"Product updated successfully"}
2021-02-17T10:38:30+00:00 INFO (6): {"status":"success","product_id":32897,"sku":"KUN1020","message":"Product updated successfully"}
2021-02-17T10:38:33+00:00 INFO (6): {"status":"success","product_id":32935,"sku":"KUN1025","message":"Product updated successfully"}
2021-02-17T10:38:36+00:00 INFO (6): {"status":"success","product_id":33415,"sku":"KIDK30C","message":"Product updated successfully"}
2021-02-17T10:38:39+00:00 INFO (6): {"status":"success","product_id":33417,"sku":"KIDKSPD2G","message":"Product updated successfully"}
2021-02-17T10:38:41+00:00 INFO (6): {"status":"success","product_id":33516,"sku":"KID10LLCO","message":"Product updated successfully"}
2021-02-17T10:38:44+00:00 INFO (6): {"status":"success","product_id":33641,"sku":"KID10LLDCO","message":"Product updated successfully"}
2021-02-17T10:38:47+00:00 INFO (6): {"status":"success","product_id":33642,"sku":"KID10SCO","message":"Product updated successfully"}
2021-02-17T10:38:50+00:00 INFO (6): {"status":"success","product_id":33643,"sku":"KID7COC","message":"Product updated successfully"}
2021-02-17T10:38:52+00:00 INFO (6): {"status":"success","product_id":33644,"sku":"KID7DCOC","message":"Product updated successfully"}
2021-02-17T10:38:55+00:00 INFO (6): {"status":"success","product_id":33645,"sku":"KIDK20C","message":"Product updated successfully"}
2021-02-17T10:38:58+00:00 INFO (6): {"status":"success","product_id":34125,"sku":"RNKSGCLEAR","message":"Product updated successfully"}
2021-02-17T10:39:01+00:00 INFO (6): {"status":"success","product_id":35500,"sku":"MOL10301","message":"Product updated successfully"}
2021-02-17T10:39:03+00:00 INFO (6): {"status":"success","product_id":35501,"sku":"MOL236012","message":"Product updated successfully"}
2021-02-17T10:39:06+00:00 INFO (6): {"status":"success","product_id":35502,"sku":"MOL2365","message":"Product updated successfully"}
2021-02-17T10:39:09+00:00 INFO (6): {"status":"success","product_id":35503,"sku":"MOL2405","message":"Product updated successfully"}
2021-02-17T10:39:13+00:00 INFO (6): {"status":"success","product_id":35504,"sku":"MOL240555","message":"Product updated successfully"}
2021-02-17T10:39:15+00:00 INFO (6): {"status":"success","product_id":35505,"sku":"MOL2475","message":"Product updated successfully"}
2021-02-17T10:39:18+00:00 INFO (6): {"status":"success","product_id":35506,"sku":"MOL2485","message":"Product updated successfully"}
2021-02-17T10:39:21+00:00 INFO (6): {"status":"success","product_id":35507,"sku":"MOL2495","message":"Product updated successfully"}
2021-02-17T10:39:23+00:00 INFO (6): {"status":"success","product_id":35508,"sku":"MOL2505","message":"Product updated successfully"}
2021-02-17T10:39:27+00:00 INFO (6): {"status":"success","product_id":35509,"sku":"MOL2555","message":"Product updated successfully"}
2021-02-17T10:39:30+00:00 INFO (6): {"status":"success","product_id":35571,"sku":"MOL255555","message":"Product updated successfully"}
2021-02-17T10:39:34+00:00 INFO (6): {"status":"success","product_id":35572,"sku":"MOL330801","message":"Product updated successfully"}
2021-02-17T10:39:37+00:00 INFO (6): {"status":"success","product_id":35573,"sku":"MOL3405","message":"Product updated successfully"}
2021-02-17T10:39:42+00:00 INFO (6): {"status":"success","product_id":35574,"sku":"MOL340512","message":"Product updated successfully"}
2021-02-17T10:39:45+00:00 INFO (6): {"status":"success","product_id":35575,"sku":"MOL340801","message":"Product updated successfully"}
2021-02-17T10:39:48+00:00 INFO (6): {"status":"success","product_id":35576,"sku":"MOL399401","message":"Product updated successfully"}
2021-02-17T10:39:53+00:00 INFO (6): {"status":"success","product_id":36224,"sku":"MISBARRIER1","message":"Product updated successfully"}
2021-02-17T10:39:57+00:00 INFO (6): {"status":"success","product_id":36414,"sku":"SCAPPEGDV","message":"Product updated successfully"}
2021-02-17T10:40:05+00:00 INFO (6): {"status":"success","product_id":36415,"sku":"SCAPPEGIDV","message":"Product updated successfully"}
2021-02-17T10:40:08+00:00 INFO (6): {"status":"success","product_id":36415,"sku":"SCAPPEGIDV","message":"Product updated successfully"}
2021-02-17T10:40:09+00:00 INFO (6): {"status":"success","product_id":36416,"sku":"SCAPPEGMV","message":"Product updated successfully"}
2021-02-17T10:40:11+00:00 INFO (6): {"status":"success","product_id":36416,"sku":"SCAPPEGMV","message":"Product updated successfully"}
2021-02-17T10:40:12+00:00 INFO (6): {"status":"success","product_id":36635,"sku":"SCAWWDOL56","message":"Product updated successfully"}
2021-02-17T10:40:15+00:00 INFO (6): {"status":"success","product_id":36635,"sku":"SCAWWDOL56","message":"Product updated successfully"}
2021-02-17T10:40:16+00:00 INFO (6): {"status":"success","product_id":36688,"sku":"SCAWWDOM","message":"Product updated successfully"}
2021-02-17T10:40:18+00:00 INFO (6): {"status":"success","product_id":36688,"sku":"SCAWWDOM","message":"Product updated successfully"}
2021-02-17T10:40:20+00:00 INFO (6): {"status":"success","product_id":36689,"sku":"SCAWWDOM56","message":"Product updated successfully"}
2021-02-17T10:40:22+00:00 INFO (6): {"status":"success","product_id":36689,"sku":"SCAWWDOM56","message":"Product updated successfully"}
2021-02-17T10:40:23+00:00 INFO (6): {"status":"success","product_id":36690,"sku":"SCAWWDOXL","message":"Product updated successfully"}
2021-02-17T10:40:26+00:00 INFO (6): {"status":"success","product_id":36690,"sku":"SCAWWDOXL","message":"Product updated successfully"}
2021-02-17T10:40:30+00:00 INFO (6): {"status":"success","product_id":36691,"sku":"SCAWWDOXL56","message":"Product updated successfully"}
2021-02-17T10:40:33+00:00 INFO (6): {"status":"success","product_id":36693,"sku":"SCAWWDOXXL56","message":"Product updated successfully"}
2021-02-17T10:40:36+00:00 INFO (6): {"status":"success","product_id":37470,"sku":"SCA13729","message":"Product updated successfully"}
2021-02-17T10:40:38+00:00 INFO (6): {"status":"success","product_id":37471,"sku":"SCA13751","message":"Product updated successfully"}
2021-02-17T10:40:40+00:00 INFO (6): {"status":"success","product_id":37472,"sku":"SCA13974","message":"Product updated successfully"}
2021-02-17T10:40:43+00:00 INFO (6): {"status":"success","product_id":37473,"sku":"SCA1451","message":"Product updated successfully"}
2021-02-17T10:40:45+00:00 INFO (6): {"status":"success","product_id":37474,"sku":"SCA1503","message":"Product updated successfully"}
2021-02-17T10:40:48+00:00 INFO (6): {"status":"success","product_id":37475,"sku":"SCA1504","message":"Product updated successfully"}
2021-02-17T10:40:50+00:00 INFO (6): {"status":"success","product_id":37476,"sku":"SCA1505","message":"Product updated successfully"}
2021-02-17T10:40:53+00:00 INFO (6): {"status":"success","product_id":37477,"sku":"SCA1506","message":"Product updated successfully"}
2021-02-17T10:40:56+00:00 INFO (6): {"status":"success","product_id":37478,"sku":"SCA1507","message":"Product updated successfully"}
2021-02-17T10:40:58+00:00 INFO (6): {"status":"success","product_id":37479,"sku":"SCA1513","message":"Product updated successfully"}
2021-02-17T10:41:01+00:00 INFO (6): {"status":"success","product_id":38281,"sku":"SCA0002","message":"Product updated successfully"}
2021-02-17T10:41:03+00:00 INFO (6): {"status":"success","product_id":38282,"sku":"SCA0005","message":"Product updated successfully"}
2021-02-17T10:41:06+00:00 INFO (6): {"status":"success","product_id":38283,"sku":"SCA0007","message":"Product updated successfully"}
2021-02-17T10:41:10+00:00 INFO (6): {"status":"success","product_id":38284,"sku":"SCA0016","message":"Product updated successfully"}
2021-02-17T10:41:12+00:00 INFO (6): {"status":"success","product_id":38285,"sku":"SCA0022","message":"Product updated successfully"}
2021-02-17T10:41:16+00:00 INFO (6): {"status":"success","product_id":39839,"sku":"STNF2LB","message":"Product updated successfully"}
2021-02-17T10:41:19+00:00 INFO (6): {"status":"success","product_id":39840,"sku":"STNF2W","message":"Product updated successfully"}
2021-02-17T10:41:22+00:00 INFO (6): {"status":"success","product_id":39841,"sku":"STNF3","message":"Product updated successfully"}
2021-02-17T10:41:26+00:00 INFO (6): {"status":"success","product_id":39842,"sku":"STNF4","message":"Product updated successfully"}
2021-02-17T10:41:29+00:00 INFO (6): {"status":"success","product_id":39843,"sku":"STNF6","message":"Product updated successfully"}
2021-02-17T10:41:32+00:00 INFO (6): {"status":"success","product_id":39844,"sku":"STNL1","message":"Product updated successfully"}
2021-02-17T10:41:35+00:00 INFO (6): {"status":"success","product_id":39845,"sku":"STNL112","message":"Product updated successfully"}
2021-02-17T10:41:38+00:00 INFO (6): {"status":"success","product_id":39846,"sku":"STNL1LB","message":"Product updated successfully"}
2021-02-17T10:41:41+00:00 INFO (6): {"status":"success","product_id":39847,"sku":"STNL1W","message":"Product updated successfully"}
2021-02-17T10:41:45+00:00 INFO (6): {"status":"success","product_id":39848,"sku":"STNL2","message":"Product updated successfully"}
2021-02-17T10:41:49+00:00 INFO (6): {"status":"success","product_id":39849,"sku":"STNL212","message":"Product updated successfully"}
2021-02-17T10:41:52+00:00 INFO (6): {"status":"success","product_id":39850,"sku":"STNL2LB","message":"Product updated successfully"}
2021-02-17T10:41:55+00:00 INFO (6): {"status":"success","product_id":39851,"sku":"STNL2W","message":"Product updated successfully"}
2021-02-17T10:41:58+00:00 INFO (6): {"status":"success","product_id":39852,"sku":"STNL3","message":"Product updated successfully"}
2021-02-17T10:42:01+00:00 INFO (6): {"status":"success","product_id":39853,"sku":"STNL4","message":"Product updated successfully"}
2021-02-17T10:42:05+00:00 INFO (6): {"status":"success","product_id":39854,"sku":"STNL6","message":"Product updated successfully"}
2021-02-17T10:42:07+00:00 INFO (6): {"status":"success","product_id":43025,"sku":"MHT932471352","message":"Product updated successfully"}
2021-02-17T10:42:11+00:00 INFO (6): {"status":"success","product_id":43026,"sku":"MHT932471353","message":"Product updated successfully"}
2021-02-17T10:42:15+00:00 INFO (6): {"status":"success","product_id":46677,"sku":"MHT932471433","message":"Product updated successfully"}
2021-02-17T10:42:19+00:00 INFO (6): {"status":"success","product_id":46678,"sku":"MHT932471434","message":"Product updated successfully"}
2021-02-17T10:42:23+00:00 INFO (6): {"status":"success","product_id":43027,"sku":"SCAPPEEARDP","message":"Product updated successfully"}
2021-02-17T10:42:26+00:00 INFO (6): {"status":"success","product_id":43028,"sku":"SCAPPEMK50N","message":"Product updated successfully"}
2021-02-17T10:42:29+00:00 INFO (6): {"status":"success","product_id":43045,"sku":"SCAPPEP2MG","message":"Product updated successfully"}
2021-02-17T10:42:32+00:00 INFO (6): {"status":"success","product_id":43046,"sku":"SCAPPEP2OFFV","message":"Product updated successfully"}
2021-02-17T10:42:36+00:00 INFO (6): {"status":"success","product_id":43047,"sku":"SCAPPEP2OMV","message":"Product updated successfully"}
2021-02-17T10:42:39+00:00 INFO (6): {"status":"success","product_id":43048,"sku":"SCAPPEP3FFV","message":"Product updated successfully"}
2021-02-17T10:42:43+00:00 INFO (6): {"status":"success","product_id":43049,"sku":"SCAPPEVISL10","message":"Product updated successfully"}
2021-02-17T10:42:48+00:00 INFO (6): {"status":"success","product_id":41690,"sku":"SW001","message":"Product updated successfully"}
2021-02-17T10:42:52+00:00 INFO (6): {"status":"success","product_id":41689,"sku":"SS990","message":"Product updated successfully"}
2021-02-17T10:42:56+00:00 INFO (6): {"status":"success","product_id":41687,"sku":"GD900","message":"Product updated successfully"}
2021-02-17T10:42:59+00:00 INFO (6): {"status":"success","product_id":41688,"sku":"PR796","message":"Product updated successfully"}
2021-02-17T10:43:03+00:00 INFO (6): {"status":"success","product_id":42166,"sku":"GD901","message":"Product updated successfully"}
2021-02-17T10:43:09+00:00 INFO (6): {"status":"success","product_id":42295,"sku":"RG198BLUE","message":"Product updated successfully"}
2021-02-17T10:43:15+00:00 INFO (6): {"status":"success","product_id":42296,"sku":"RG199BLUE","message":"Product updated successfully"}
2021-02-17T10:43:20+00:00 INFO (6): {"status":"success","product_id":42305,"sku":"RV01XWHIT","message":"Product updated successfully"}
2021-02-17T10:43:26+00:00 INFO (6): {"status":"success","product_id":42306,"sku":"RV04XBLUE","message":"Product updated successfully"}
2021-02-17T10:43:31+00:00 INFO (6): {"status":"success","product_id":42271,"sku":"MX001","message":"Product updated successfully"}
2021-02-17T10:43:39+00:00 INFO (6): {"status":"success","product_id":42307,"sku":"RV09","message":"Product updated successfully"}
2021-02-17T10:43:43+00:00 INFO (6): {"status":"success","product_id":42607,"sku":"XQ003","message":"Product updated successfully"}
2021-02-17T10:43:48+00:00 INFO (6): {"status":"success","product_id":42308,"sku":"RV15X","message":"Product updated successfully"}
2021-02-17T10:43:52+00:00 INFO (6): {"status":"success","product_id":42608,"sku":"XQ005","message":"Product updated successfully"}
2021-02-17T10:43:57+00:00 INFO (6): {"status":"success","product_id":41705,"sku":"BE951","message":"Product updated successfully"}
2021-02-17T10:44:00+00:00 INFO (6): {"status":"success","product_id":42676,"sku":"BS001","message":"Product updated successfully"}
2021-02-17T10:44:06+00:00 INFO (6): {"status":"success","product_id":42677,"sku":"BS002C","message":"Product updated successfully"}
2021-02-17T10:44:09+00:00 INFO (6): {"status":"success","product_id":42678,"sku":"BS005","message":"Product updated successfully"}
2021-02-17T10:44:12+00:00 INFO (6): {"status":"success","product_id":42679,"sku":"M900","message":"Product updated successfully"}
2021-02-17T10:44:14+00:00 INFO (6): {"status":"success","product_id":42680,"sku":"CPA4","message":"Product updated successfully"}
2021-02-17T10:44:18+00:00 INFO (6): {"status":"success","product_id":42681,"sku":"BS004","message":"Product updated successfully"}
2021-02-17T10:44:21+00:00 INFO (6): {"status":"success","product_id":42682,"sku":"DA","message":"Product updated successfully"}
2021-02-17T10:44:26+00:00 INFO (6): {"status":"success","product_id":42400,"sku":"UA900BK","message":"Product updated successfully"}
2021-02-17T10:44:33+00:00 INFO (6): {"status":"success","product_id":42684,"sku":"ANWH20111","message":"Product updated successfully"}
2021-02-17T10:44:36+00:00 INFO (6): {"status":"success","product_id":42685,"sku":"PAHW","message":"Product updated successfully"}
2021-02-17T10:44:45+00:00 INFO (6): {"status":"success","product_id":42686,"sku":"CM0004","message":"Product updated successfully"}
2021-02-17T10:44:52+00:00 INFO (6): {"status":"success","product_id":42687,"sku":"CM0126","message":"Product updated successfully"}
2021-02-17T10:44:55+00:00 INFO (6): {"status":"success","product_id":42688,"sku":"CMA48","message":"Product updated successfully"}
2021-02-17T10:44:58+00:00 INFO (6): {"status":"success","product_id":42691,"sku":"DESCW","message":"Product updated successfully"}
2021-02-17T10:45:01+00:00 INFO (6): {"status":"success","product_id":41695,"sku":"ANWH15","message":"Product updated successfully"}
2021-02-17T10:45:05+00:00 INFO (6): {"status":"success","product_id":42714,"sku":"VIT331061","message":"Product updated successfully"}
2021-02-17T10:45:21+00:00 INFO (6): {"status":"success","product_id":42060,"sku":"FFP2","message":"Product updated successfully"}
2021-02-17T10:45:21+00:00 INFO (6): {"status":"success","product_id":42060,"sku":"FFP2","message":"Product updated successfully"}
2021-02-17T10:45:38+00:00 INFO (6): {"status":"success","product_id":42061,"sku":"FFP3","message":"Product updated successfully"}
2021-02-17T10:45:38+00:00 INFO (6): {"status":"success","product_id":42061,"sku":"FFP3","message":"Product updated successfully"}
2021-02-17T10:45:42+00:00 INFO (6): {"status":"success","product_id":42727,"sku":"M9432","message":"Product updated successfully"}
2021-02-17T10:45:42+00:00 INFO (6): {"status":"success","product_id":42727,"sku":"M9432","message":"Product updated successfully"}
2021-02-17T10:45:46+00:00 INFO (6): {"status":"success","product_id":42728,"sku":"M9995","message":"Product updated successfully"}
2021-02-17T10:45:48+00:00 INFO (6): {"status":"success","product_id":42729,"sku":"VIT333150","message":"Product updated successfully"}
2021-02-17T10:45:49+00:00 INFO (6): {"status":"success","product_id":42729,"sku":"VIT333150","message":"Product updated successfully"}
2021-02-17T10:45:52+00:00 INFO (6): {"status":"success","product_id":42820,"sku":"TREAIRP1","message":"Product updated successfully"}
2021-02-17T10:45:54+00:00 INFO (6): {"status":"success","product_id":42821,"sku":"TREAIRPRO","message":"Product updated successfully"}
2021-02-17T10:45:54+00:00 INFO (6): {"status":"success","product_id":42821,"sku":"TREAIRPRO","message":"Product updated successfully"}
2021-02-17T10:45:57+00:00 INFO (6): {"status":"success","product_id":42838,"sku":"TRESTEALTH","message":"Product updated successfully"}
2021-02-17T10:46:00+00:00 INFO (6): {"status":"success","product_id":42839,"sku":"TRESTEALTH1","message":"Product updated successfully"}
2021-02-17T10:46:00+00:00 INFO (6): {"status":"success","product_id":42839,"sku":"TRESTEALTH1","message":"Product updated successfully"}
2021-02-17T10:46:04+00:00 INFO (6): {"status":"success","product_id":42840,"sku":"TRESTEALTH3","message":"Product updated successfully"}
2021-02-17T10:46:06+00:00 INFO (6): {"status":"success","product_id":42537,"sku":"VIT331003","message":"Product updated successfully"}
2021-02-17T10:46:06+00:00 INFO (6): {"status":"success","product_id":42537,"sku":"VIT331003","message":"Product updated successfully"}
2021-02-17T10:46:10+00:00 INFO (6): {"status":"success","product_id":42841,"sku":"VIT331011","message":"Product updated successfully"}
2021-02-17T10:46:13+00:00 INFO (6): {"status":"success","product_id":42842,"sku":"VIT331041","message":"Product updated successfully"}
2021-02-17T10:46:17+00:00 INFO (6): {"status":"success","product_id":42859,"sku":"VIT331241","message":"Product updated successfully"}
2021-02-17T10:46:17+00:00 INFO (6): {"status":"success","product_id":42859,"sku":"VIT331241","message":"Product updated successfully"}
2021-02-17T10:46:20+00:00 INFO (6): {"status":"success","product_id":42860,"sku":"VIT332100","message":"Product updated successfully"}
2021-02-17T10:46:23+00:00 INFO (6): {"status":"success","product_id":42861,"sku":"VIT332102","message":"Product updated successfully"}
2021-02-17T10:46:26+00:00 INFO (6): {"status":"success","product_id":42862,"sku":"VIT332104","message":"Product updated successfully"}
2021-02-17T10:46:30+00:00 INFO (6): {"status":"success","product_id":42863,"sku":"VIT332108","message":"Product updated successfully"}
2021-02-17T10:46:33+00:00 INFO (6): {"status":"success","product_id":42883,"sku":"VIT333100","message":"Product updated successfully"}
2021-02-17T10:46:37+00:00 INFO (6): {"status":"success","product_id":42884,"sku":"VIT333120","message":"Product updated successfully"}
2021-02-17T10:46:40+00:00 INFO (6): {"status":"success","product_id":42885,"sku":"VIT333130","message":"Product updated successfully"}
2021-02-17T10:46:43+00:00 INFO (6): {"status":"success","product_id":42886,"sku":"VIT333140","message":"Product updated successfully"}
2021-02-17T10:46:47+00:00 INFO (6): {"status":"success","product_id":42887,"sku":"VIT334100","message":"Product updated successfully"}
2021-02-17T10:46:50+00:00 INFO (6): {"status":"success","product_id":42888,"sku":"VIT334105","message":"Product updated successfully"}
2021-02-17T10:46:53+00:00 INFO (6): {"status":"success","product_id":42889,"sku":"VIT334130","message":"Product updated successfully"}
2021-02-17T10:46:56+00:00 INFO (6): {"status":"success","product_id":42890,"sku":"VIT334150","message":"Product updated successfully"}
2021-02-17T10:47:05+00:00 INFO (6): {"status":"success","product_id":42891,"sku":"VIT336100","message":"Product updated successfully"}
2021-02-17T10:47:08+00:00 INFO (6): {"status":"success","product_id":46663,"sku":"VITS10105","message":"Product updated successfully"}
2021-02-17T10:47:11+00:00 INFO (6): {"status":"success","product_id":42932,"sku":"VITS10205","message":"Product updated successfully"}
2021-02-17T10:47:14+00:00 INFO (6): {"status":"success","product_id":42933,"sku":"VITS10305","message":"Product updated successfully"}
2021-02-17T10:47:17+00:00 INFO (6): {"status":"success","product_id":46664,"sku":"VITS10405","message":"Product updated successfully"}
2021-02-17T10:47:20+00:00 INFO (6): {"status":"success","product_id":46665,"sku":"VITS20208","message":"Product updated successfully"}
2021-02-17T10:47:23+00:00 INFO (6): {"status":"success","product_id":43024,"sku":"MHT932471351","message":"Product updated successfully"}
2021-02-17T10:47:23+00:00 INFO (6): ---------------- END API Cron 17/02/21 10:47:23 ----------------
