2021-02-11T14:05:02+00:00 INFO (6): ---------------- START API Cron 11/02/21 14:05:02 ----------------
2021-02-11T14:05:04+00:00 INFO (6): {"status":"success","product_id":12917,"sku":"B12M16Z","message":"Product updated successfully"}
2021-02-11T14:05:05+00:00 INFO (6): {"status":"success","product_id":11988,"sku":"B12M40","message":"Product updated successfully"}
2021-02-11T14:05:07+00:00 INFO (6): {"status":"success","product_id":12927,"sku":"B12M65Z","message":"Product updated successfully"}
2021-02-11T14:05:08+00:00 INFO (6): {"status":"success","product_id":10751,"sku":"B14F12","message":"Product updated successfully"}
2021-02-11T14:05:10+00:00 INFO (6): {"status":"success","product_id":13505,"sku":"B3M16","message":"Product updated successfully"}
2021-02-11T14:05:11+00:00 INFO (6): {"status":"success","product_id":12708,"sku":"B5M10Z","message":"Product updated successfully"}
2021-02-11T14:05:13+00:00 INFO (6): {"status":"success","product_id":11751,"sku":"B5M30","message":"Product updated successfully"}
2021-02-11T14:05:15+00:00 INFO (6): {"status":"success","product_id":12812,"sku":"B6M70Z","message":"Product updated successfully"}
2021-02-11T14:05:16+00:00 INFO (6): {"status":"success","product_id":8195,"sku":"C1.4M6A4","message":"Product updated successfully"}
2021-02-11T14:05:18+00:00 INFO (6): {"status":"success","product_id":4124,"sku":"C1.6M12","message":"Product updated successfully"}
2021-02-11T14:05:19+00:00 INFO (6): {"status":"success","product_id":4720,"sku":"C1.6M6","message":"Product updated successfully"}
2021-02-11T14:05:21+00:00 INFO (6): {"status":"success","product_id":8576,"sku":"C10F314","message":"Product updated successfully"}
2021-02-11T14:05:22+00:00 INFO (6): {"status":"success","product_id":7898,"sku":"C10M14A480","message":"Product updated successfully"}
2021-02-11T14:05:24+00:00 INFO (6): {"status":"success","product_id":5057,"sku":"C10MF30Z","message":"Product updated successfully"}
2021-02-11T14:05:25+00:00 INFO (6): {"status":"success","product_id":8409,"sku":"C12F212","message":"Product updated successfully"}
2021-02-11T14:05:26+00:00 INFO (6): {"status":"success","product_id":9103,"sku":"C12M130A4","message":"Product updated successfully"}
2021-02-11T14:05:28+00:00 INFO (6): {"status":"success","product_id":25808,"sku":"C12M140A4","message":"Product updated successfully"}
2021-02-11T14:05:29+00:00 INFO (6): {"status":"success","product_id":25926,"sku":"C12M260A2","message":"Product updated successfully"}
2021-02-11T14:05:31+00:00 INFO (6): {"status":"success","product_id":9099,"sku":"C12M95A4","message":"Product updated successfully"}
2021-02-11T14:05:32+00:00 INFO (6): {"status":"success","product_id":13131,"sku":"C12W114","message":"Product updated successfully"}
2021-02-11T14:05:34+00:00 INFO (6): {"status":"success","product_id":8514,"sku":"C14C412","message":"Product updated successfully"}
2021-02-11T14:05:35+00:00 INFO (6): {"status":"success","product_id":25165,"sku":"C14M120Z","message":"Product updated successfully"}
2021-02-11T14:05:37+00:00 INFO (6): {"status":"success","product_id":9960,"sku":"C14M150A2","message":"Product updated successfully"}
2021-02-11T14:05:38+00:00 INFO (6): {"status":"success","product_id":9946,"sku":"C14M50A2","message":"Product updated successfully"}
2021-02-11T14:05:40+00:00 INFO (6): {"status":"success","product_id":4602,"sku":"C16M110","message":"Product updated successfully"}
2021-02-11T14:05:41+00:00 INFO (6): {"status":"success","product_id":9374,"sku":"C16M35A4","message":"Product updated successfully"}
2021-02-11T14:05:43+00:00 INFO (6): {"status":"success","product_id":4391,"sku":"C18M160","message":"Product updated successfully"}
2021-02-11T14:05:44+00:00 INFO (6): {"status":"success","product_id":7860,"sku":"C20M120A2","message":"Product updated successfully"}
2021-02-11T14:05:46+00:00 INFO (6): {"status":"success","product_id":7862,"sku":"C20M140A2","message":"Product updated successfully"}
2021-02-11T14:05:47+00:00 INFO (6): {"status":"success","product_id":7727,"sku":"C20M40A2","message":"Product updated successfully"}
2021-02-11T14:05:49+00:00 INFO (6): {"status":"success","product_id":4498,"sku":"C22M110","message":"Product updated successfully"}
2021-02-11T14:05:50+00:00 INFO (6): {"status":"success","product_id":4499,"sku":"C22M280","message":"Product updated successfully"}
2021-02-11T14:05:52+00:00 INFO (6): {"status":"success","product_id":8049,"sku":"C27M170A2","message":"Product updated successfully"}
2021-02-11T14:05:53+00:00 INFO (6): {"status":"success","product_id":8050,"sku":"C27M180A2","message":"Product updated successfully"}
2021-02-11T14:05:54+00:00 INFO (6): {"status":"success","product_id":8040,"sku":"C27M85A2","message":"Product updated successfully"}
2021-02-11T14:05:56+00:00 INFO (6): {"status":"success","product_id":8173,"sku":"C30M60A2","message":"Product updated successfully"}
2021-02-11T14:05:57+00:00 INFO (6): {"status":"success","product_id":9843,"sku":"C30M80A4","message":"Product updated successfully"}
2021-02-11T14:05:59+00:00 INFO (6): {"status":"success","product_id":13246,"sku":"C34W314","message":"Product updated successfully"}
2021-02-11T14:06:00+00:00 INFO (6): {"status":"success","product_id":11584,"sku":"C358F234","message":"Product updated successfully"}
2021-02-11T14:06:02+00:00 INFO (6): {"status":"success","product_id":10225,"sku":"C378C3","message":"Product updated successfully"}
2021-02-11T14:06:03+00:00 INFO (6): {"status":"success","product_id":13115,"sku":"C38B78","message":"Product updated successfully"}
2021-02-11T14:06:04+00:00 INFO (6): {"status":"success","product_id":41510,"sku":"C38C14","message":"Product updated successfully"}
2021-02-11T14:06:06+00:00 INFO (6): {"status":"success","product_id":8397,"sku":"C38F214","message":"Product updated successfully"}
2021-02-11T14:06:07+00:00 INFO (6): {"status":"success","product_id":25709,"sku":"C38F314","message":"Product updated successfully"}
2021-02-11T14:06:09+00:00 INFO (6): {"status":"success","product_id":13024,"sku":"C38W3","message":"Product updated successfully"}
2021-02-11T14:06:10+00:00 INFO (6): {"status":"success","product_id":8349,"sku":"C3M6A4","message":"Product updated successfully"}
2021-02-11T14:06:12+00:00 INFO (6): {"status":"success","product_id":13366,"sku":"C4A12","message":"Product updated successfully"}
2021-02-11T14:06:13+00:00 INFO (6): {"status":"success","product_id":24933,"sku":"C4M35","message":"Product updated successfully"}
2021-02-11T14:06:15+00:00 INFO (6): {"status":"success","product_id":4915,"sku":"C4M6Z","message":"Product updated successfully"}
2021-02-11T14:06:16+00:00 INFO (6): {"status":"success","product_id":9199,"sku":"C4M90A2","message":"Product updated successfully"}
2021-02-11T14:06:18+00:00 INFO (6): {"status":"success","product_id":13001,"sku":"C516W1","message":"Product updated successfully"}
2021-02-11T14:06:19+00:00 INFO (6): {"status":"success","product_id":9309,"sku":"C5C14","message":"Product updated successfully"}
2021-02-11T14:06:20+00:00 INFO (6): {"status":"success","product_id":8555,"sku":"C5F14","message":"Product updated successfully"}
2021-02-11T14:06:22+00:00 INFO (6): {"status":"success","product_id":8557,"sku":"C5F58","message":"Product updated successfully"}
2021-02-11T14:06:23+00:00 INFO (6): {"status":"success","product_id":10063,"sku":"C6114C612","message":"Product updated successfully"}
2021-02-11T14:06:24+00:00 INFO (6): {"status":"success","product_id":8987,"sku":"C6134C12","message":"Product updated successfully"}
2021-02-11T14:06:26+00:00 INFO (6): {"status":"success","product_id":8956,"sku":"C61C13","message":"Product updated successfully"}
2021-02-11T14:06:27+00:00 INFO (6): {"status":"success","product_id":8991,"sku":"C61F3","message":"Product updated successfully"}
2021-02-11T14:06:28+00:00 INFO (6): {"status":"success","product_id":8815,"sku":"C634C712","message":"Product updated successfully"}
2021-02-11T14:06:30+00:00 INFO (6): {"status":"success","product_id":9007,"sku":"C634F314","message":"Product updated successfully"}
2021-02-11T14:06:31+00:00 INFO (6): {"status":"success","product_id":9468,"sku":"C6516C2","message":"Product updated successfully"}
2021-02-11T14:06:33+00:00 INFO (6): {"status":"success","product_id":25699,"sku":"C6516C334","message":"Product updated successfully"}
2021-02-11T14:06:34+00:00 INFO (6): {"status":"success","product_id":8527,"sku":"C6516C5","message":"Product updated successfully"}
2021-02-11T14:06:36+00:00 INFO (6): {"status":"success","product_id":8274,"sku":"C6516F1","message":"Product updated successfully"}
2021-02-11T14:06:37+00:00 INFO (6): {"status":"success","product_id":41218,"sku":"C6516F214Z","message":"Product updated successfully"}
2021-02-11T14:06:38+00:00 INFO (6): {"status":"success","product_id":8873,"sku":"C658F214","message":"Product updated successfully"}
2021-02-11T14:06:40+00:00 INFO (6): {"status":"success","product_id":13385,"sku":"C66C38Z","message":"Product updated successfully"}
2021-02-11T14:06:41+00:00 INFO (6): {"status":"success","product_id":8400,"sku":"C6716F1","message":"Product updated successfully"}
2021-02-11T14:06:43+00:00 INFO (6): {"status":"success","product_id":8833,"sku":"C678C20","message":"Product updated successfully"}
2021-02-11T14:06:44+00:00 INFO (6): {"status":"success","product_id":13364,"sku":"C6A1","message":"Product updated successfully"}
2021-02-11T14:06:45+00:00 INFO (6): {"status":"success","product_id":13357,"sku":"C6A516","message":"Product updated successfully"}
2021-02-11T14:06:47+00:00 INFO (6): {"status":"success","product_id":13363,"sku":"C6A78","message":"Product updated successfully"}
2021-02-11T14:06:48+00:00 INFO (6): {"status":"success","product_id":24937,"sku":"C6M35","message":"Product updated successfully"}
2021-02-11T14:06:50+00:00 INFO (6): {"status":"success","product_id":13257,"sku":"C78B4","message":"Product updated successfully"}
2021-02-11T14:06:51+00:00 INFO (6): {"status":"success","product_id":4810,"sku":"C812M20Z","message":"Product updated successfully"}
2021-02-11T14:06:52+00:00 INFO (6): {"status":"success","product_id":4853,"sku":"C820M150Z","message":"Product updated successfully"}
2021-02-11T14:06:54+00:00 INFO (6): {"status":"success","product_id":4462,"sku":"C86M45Z","message":"Product updated successfully"}
2021-02-11T14:06:55+00:00 INFO (6): {"status":"success","product_id":24958,"sku":"C86M65Z","message":"Product updated successfully"}
2021-02-11T14:06:57+00:00 INFO (6): {"status":"success","product_id":4208,"sku":"C8M180","message":"Product updated successfully"}
2021-02-11T14:06:58+00:00 INFO (6): {"status":"success","product_id":9484,"sku":"C8M18A2","message":"Product updated successfully"}
2021-02-11T14:07:00+00:00 INFO (6): {"status":"success","product_id":4076,"sku":"C8M75","message":"Product updated successfully"}
2021-02-11T14:07:01+00:00 INFO (6): {"status":"success","product_id":9415,"sku":"CL6M16","message":"Product updated successfully"}
2021-02-11T14:07:03+00:00 INFO (6): {"status":"success","product_id":2181,"sku":"H10M8M110","message":"Product updated successfully"}
2021-02-11T14:07:10+00:00 INFO (6): {"status":"success","product_id":1760,"sku":"H12C38C434","message":"Product updated successfully"}
2021-02-11T14:07:11+00:00 INFO (6): {"status":"success","product_id":1751,"sku":"H12C38C58","message":"Product updated successfully"}
2021-02-11T14:07:13+00:00 INFO (6): {"status":"success","product_id":2200,"sku":"H12M10M110","message":"Product updated successfully"}
2021-02-11T14:07:19+00:00 INFO (6): {"status":"success","product_id":1724,"sku":"H14C1024C1","message":"Product updated successfully"}
2021-02-11T14:07:20+00:00 INFO (6): {"status":"success","product_id":1725,"sku":"H14C1024C114","message":"Product updated successfully"}
2021-02-11T14:07:26+00:00 INFO (6): {"status":"success","product_id":1721,"sku":"H14C1024C12","message":"Product updated successfully"}
2021-02-11T14:07:27+00:00 INFO (6): {"status":"success","product_id":2236,"sku":"H14C1024C14","message":"Product updated successfully"}
2021-02-11T14:07:34+00:00 INFO (6): {"status":"success","product_id":1723,"sku":"H14C1024C34","message":"Product updated successfully"}
2021-02-11T14:07:35+00:00 INFO (6): {"status":"success","product_id":26190,"sku":"H14C1024C516","message":"Product updated successfully"}
2021-02-11T14:07:41+00:00 INFO (6): {"status":"success","product_id":1722,"sku":"H14C1024C58","message":"Product updated successfully"}
2021-02-11T14:07:43+00:00 INFO (6): {"status":"success","product_id":1945,"sku":"H14F1032F1","message":"Product updated successfully"}
2021-02-11T14:07:44+00:00 INFO (6): {"status":"success","product_id":1938,"sku":"H1C34C112","message":"Product updated successfully"}
2021-02-11T14:07:50+00:00 INFO (6): {"status":"success","product_id":1942,"sku":"H1C34C212","message":"Product updated successfully"}
2021-02-11T14:07:52+00:00 INFO (6): {"status":"success","product_id":1943,"sku":"H1C34C3","message":"Product updated successfully"}
2021-02-11T14:07:53+00:00 INFO (6): {"status":"success","product_id":1936,"sku":"H34C58C114","message":"Product updated successfully"}
2021-02-11T14:07:55+00:00 INFO (6): {"status":"success","product_id":1944,"sku":"H34C58C12","message":"Product updated successfully"}
2021-02-11T14:07:56+00:00 INFO (6): {"status":"success","product_id":2115,"sku":"H34C58C134","message":"Product updated successfully"}
2021-02-11T14:10:04+00:00 INFO (6): {"status":"success","product_id":2124,"sku":"H34C58C4","message":"Product updated successfully"}
2021-02-11T14:10:05+00:00 INFO (6): {"status":"success","product_id":1748,"sku":"H38C516C312","message":"Product updated successfully"}
2021-02-11T14:10:12+00:00 INFO (6): {"status":"success","product_id":1747,"sku":"H38C516C314","message":"Product updated successfully"}
2021-02-11T14:10:14+00:00 INFO (6): {"status":"success","product_id":26173,"sku":"H38C516C34","message":"Product updated successfully"}
2021-02-11T14:10:21+00:00 INFO (6): {"status":"success","product_id":1735,"sku":"H38C516C38","message":"Product updated successfully"}
2021-02-11T14:10:22+00:00 INFO (6): {"status":"success","product_id":1929,"sku":"H38C516C412","message":"Product updated successfully"}
2021-02-11T14:10:28+00:00 INFO (6): {"status":"success","product_id":1737,"sku":"H38C516C58","message":"Product updated successfully"}
2021-02-11T14:10:30+00:00 INFO (6): {"status":"success","product_id":1732,"sku":"H516C14C112","message":"Product updated successfully"}
2021-02-11T14:10:36+00:00 INFO (6): {"status":"success","product_id":1731,"sku":"H516C14C114","message":"Product updated successfully"}
2021-02-11T14:10:38+00:00 INFO (6): {"status":"success","product_id":1733,"sku":"H516C14C134","message":"Product updated successfully"}
2021-02-11T14:10:40+00:00 INFO (6): {"status":"success","product_id":1734,"sku":"H516C14C2","message":"Product updated successfully"}
2021-02-11T14:10:46+00:00 INFO (6): {"status":"success","product_id":1926,"sku":"H516C14C3","message":"Product updated successfully"}
2021-02-11T14:10:48+00:00 INFO (6): {"status":"success","product_id":1729,"sku":"H516C14C34","message":"Product updated successfully"}
2021-02-11T14:10:54+00:00 INFO (6): {"status":"success","product_id":1727,"sku":"H516C14C38","message":"Product updated successfully"}
2021-02-11T14:11:00+00:00 INFO (6): {"status":"success","product_id":1763,"sku":"H58C12C112","message":"Product updated successfully"}
2021-02-11T14:11:02+00:00 INFO (6): {"status":"success","product_id":1930,"sku":"H58C12C12","message":"Product updated successfully"}
2021-02-11T14:11:08+00:00 INFO (6): {"status":"success","product_id":1764,"sku":"H58C12C134","message":"Product updated successfully"}
2021-02-11T14:11:10+00:00 INFO (6): {"status":"success","product_id":26175,"sku":"H58C12C212","message":"Product updated successfully"}
2021-02-11T14:11:17+00:00 INFO (6): {"status":"success","product_id":1766,"sku":"H58C12C214","message":"Product updated successfully"}
2021-02-11T14:11:18+00:00 INFO (6): {"status":"success","product_id":1768,"sku":"H58C12C3","message":"Product updated successfully"}
2021-02-11T14:11:25+00:00 INFO (6): {"status":"success","product_id":1770,"sku":"H58C12C312","message":"Product updated successfully"}
2021-02-11T14:11:27+00:00 INFO (6): {"status":"success","product_id":2106,"sku":"H58C12C334","message":"Product updated successfully"}
2021-02-11T14:11:29+00:00 INFO (6): {"status":"success","product_id":1932,"sku":"H58C12C34","message":"Product updated successfully"}
2021-02-11T14:11:30+00:00 INFO (6): {"status":"success","product_id":2161,"sku":"H8M6M75","message":"Product updated successfully"}
2021-02-11T14:11:32+00:00 INFO (6): {"status":"success","product_id":29017,"sku":"HKB4C58","message":"Product updated successfully"}
2021-02-11T14:11:34+00:00 INFO (6): {"status":"success","product_id":41328,"sku":"HKB6C1","message":"Product updated successfully"}
2021-02-11T14:11:36+00:00 INFO (6): {"status":"success","product_id":41311,"sku":"HKC0F18","message":"Product updated successfully"}
2021-02-11T14:11:38+00:00 INFO (6): {"status":"success","product_id":6186,"sku":"HKC10C2","message":"Product updated successfully"}
2021-02-11T14:11:39+00:00 INFO (6): {"status":"success","product_id":6371,"sku":"HKC12C58","message":"Product updated successfully"}
2021-02-11T14:11:41+00:00 INFO (6): {"status":"success","product_id":6453,"sku":"HKC12C9","message":"Product updated successfully"}
2021-02-11T14:11:43+00:00 INFO (6): {"status":"success","product_id":25435,"sku":"HKC12F6","message":"Product updated successfully"}
2021-02-11T14:11:44+00:00 INFO (6): {"status":"success","product_id":31746,"sku":"HKC12M15","message":"Product updated successfully"}
2021-02-11T14:11:46+00:00 INFO (6): {"status":"success","product_id":5681,"sku":"HKC20M30","message":"Product updated successfully"}
2021-02-11T14:11:48+00:00 INFO (6): {"status":"success","product_id":25362,"sku":"HKC30M110","message":"Product updated successfully"}
2021-02-11T14:11:50+00:00 INFO (6): {"status":"success","product_id":6982,"sku":"HKC34F6","message":"Product updated successfully"}
2021-02-11T14:11:52+00:00 INFO (6): {"status":"success","product_id":5949,"sku":"HKC36M300","message":"Product updated successfully"}
2021-02-11T14:11:53+00:00 INFO (6): {"status":"success","product_id":41253,"sku":"HKC36M460","message":"Product updated successfully"}
2021-02-11T14:11:55+00:00 INFO (6): {"status":"success","product_id":6288,"sku":"HKC38C212","message":"Product updated successfully"}
2021-02-11T14:11:57+00:00 INFO (6): {"status":"success","product_id":6462,"sku":"HKC58C234","message":"Product updated successfully"}
2021-02-11T14:11:58+00:00 INFO (6): {"status":"success","product_id":6464,"sku":"HKC58C314","message":"Product updated successfully"}
2021-02-11T14:12:00+00:00 INFO (6): {"status":"success","product_id":5555,"sku":"HKC6M100","message":"Product updated successfully"}
2021-02-11T14:12:02+00:00 INFO (6): {"status":"success","product_id":28948,"sku":"HKCL38C1","message":"Product updated successfully"}
2021-02-11T14:12:04+00:00 INFO (6): {"status":"success","product_id":30549,"sku":"HKK4M25","message":"Product updated successfully"}
2021-02-11T14:12:06+00:00 INFO (6): {"status":"success","product_id":29744,"sku":"HKK516C212","message":"Product updated successfully"}
2021-02-11T14:12:07+00:00 INFO (6): {"status":"success","product_id":29942,"sku":"HKSF3M6","message":"Product updated successfully"}
2021-02-11T14:12:09+00:00 INFO (6): {"status":"success","product_id":30108,"sku":"HKSP10C1","message":"Product updated successfully"}
2021-02-11T14:12:11+00:00 INFO (6): {"status":"success","product_id":29594,"sku":"HKSP5C14","message":"Product updated successfully"}
2021-02-11T14:12:13+00:00 INFO (6): {"status":"success","product_id":41382,"sku":"HKSP5C34","message":"Product updated successfully"}
2021-02-11T14:12:14+00:00 INFO (6): {"status":"success","product_id":28848,"sku":"HKSP6M16","message":"Product updated successfully"}
2021-02-11T14:12:16+00:00 INFO (6): {"status":"success","product_id":29436,"sku":"HKSP716C114","message":"Product updated successfully"}
2021-02-11T14:12:18+00:00 INFO (6): {"status":"success","product_id":28854,"sku":"HKSP8M20","message":"Product updated successfully"}
2021-02-11T14:12:25+00:00 INFO (6): {"status":"success","product_id":1379,"sku":"K0F1","message":"Product updated successfully"}
2021-02-11T14:12:26+00:00 INFO (6): {"status":"success","product_id":1238,"sku":"K0F38","message":"Product updated successfully"}
2021-02-11T14:12:33+00:00 INFO (6): {"status":"success","product_id":1374,"sku":"K0F516","message":"Product updated successfully"}
2021-02-11T14:12:35+00:00 INFO (6): {"status":"success","product_id":1273,"sku":"K10C112","message":"Product updated successfully"}
2021-02-11T14:12:37+00:00 INFO (6): {"status":"success","product_id":1807,"sku":"K10C112Z","message":"Product updated successfully"}
2021-02-11T14:12:38+00:00 INFO (6): {"status":"success","product_id":1806,"sku":"K10C114Z","message":"Product updated successfully"}
2021-02-11T14:12:40+00:00 INFO (6): {"status":"success","product_id":1268,"sku":"K10C12","message":"Product updated successfully"}
2021-02-11T14:12:42+00:00 INFO (6): {"status":"success","product_id":1409,"sku":"K10C134","message":"Product updated successfully"}
2021-02-11T14:12:43+00:00 INFO (6): {"status":"success","product_id":1405,"sku":"K10C14","message":"Product updated successfully"}
2021-02-11T14:12:45+00:00 INFO (6): {"status":"success","product_id":1410,"sku":"K10C2","message":"Product updated successfully"}
2021-02-11T14:12:47+00:00 INFO (6): {"status":"success","product_id":1270,"sku":"K10C34","message":"Product updated successfully"}
2021-02-11T14:12:49+00:00 INFO (6): {"status":"success","product_id":1804,"sku":"K10C38Z","message":"Product updated successfully"}
2021-02-11T14:12:50+00:00 INFO (6): {"status":"success","product_id":1406,"sku":"K10C516","message":"Product updated successfully"}
2021-02-11T14:12:52+00:00 INFO (6): {"status":"success","product_id":1269,"sku":"K10C58","message":"Product updated successfully"}
2021-02-11T14:12:54+00:00 INFO (6): {"status":"success","product_id":1805,"sku":"K10C58Z","message":"Product updated successfully"}
2021-02-11T14:12:55+00:00 INFO (6): {"status":"success","product_id":1407,"sku":"K10C716","message":"Product updated successfully"}
2021-02-11T14:12:57+00:00 INFO (6): {"status":"success","product_id":1408,"sku":"K10C78","message":"Product updated successfully"}
2021-02-11T14:12:59+00:00 INFO (6): {"status":"success","product_id":1277,"sku":"K10F1","message":"Product updated successfully"}
2021-02-11T14:13:00+00:00 INFO (6): {"status":"success","product_id":1279,"sku":"K10F112","message":"Product updated successfully"}
2021-02-11T14:13:02+00:00 INFO (6): {"status":"success","product_id":1278,"sku":"K10F114","message":"Product updated successfully"}
2021-02-11T14:13:04+00:00 INFO (6): {"status":"success","product_id":1275,"sku":"K10F12","message":"Product updated successfully"}
2021-02-11T14:13:06+00:00 INFO (6): {"status":"success","product_id":1809,"sku":"K10F12Z","message":"Product updated successfully"}
2021-02-11T14:13:08+00:00 INFO (6): {"status":"success","product_id":1415,"sku":"K10F134","message":"Product updated successfully"}
2021-02-11T14:13:10+00:00 INFO (6): {"status":"success","product_id":1411,"sku":"K10F14","message":"Product updated successfully"}
2021-02-11T14:13:11+00:00 INFO (6): {"status":"success","product_id":1810,"sku":"K10F1Z","message":"Product updated successfully"}
2021-02-11T14:13:13+00:00 INFO (6): {"status":"success","product_id":1416,"sku":"K10F2","message":"Product updated successfully"}
2021-02-11T14:13:15+00:00 INFO (6): {"status":"success","product_id":1417,"sku":"K10F212","message":"Product updated successfully"}
2021-02-11T14:13:16+00:00 INFO (6): {"status":"success","product_id":1418,"sku":"K10F3","message":"Product updated successfully"}
2021-02-11T14:13:18+00:00 INFO (6): {"status":"success","product_id":1276,"sku":"K10F34","message":"Product updated successfully"}
2021-02-11T14:13:20+00:00 INFO (6): {"status":"success","product_id":1274,"sku":"K10F38","message":"Product updated successfully"}
2021-02-11T14:13:22+00:00 INFO (6): {"status":"success","product_id":1412,"sku":"K10F516","message":"Product updated successfully"}
2021-02-11T14:13:23+00:00 INFO (6): {"status":"success","product_id":1900,"sku":"K10M20Z","message":"Product updated successfully"}
2021-02-11T14:13:25+00:00 INFO (6): {"status":"success","product_id":1557,"sku":"K10M22","message":"Product updated successfully"}
2021-02-11T14:13:27+00:00 INFO (6): {"status":"success","product_id":1558,"sku":"K10M25","message":"Product updated successfully"}
2021-02-11T14:13:28+00:00 INFO (6): {"status":"success","product_id":1559,"sku":"K10M30","message":"Product updated successfully"}
2021-02-11T14:13:35+00:00 INFO (6): {"status":"success","product_id":1902,"sku":"K10M35Z","message":"Product updated successfully"}
2021-02-11T14:13:37+00:00 INFO (6): {"status":"success","product_id":1903,"sku":"K10M40Z","message":"Product updated successfully"}
2021-02-11T14:13:44+00:00 INFO (6): {"status":"success","product_id":1562,"sku":"K10M45","message":"Product updated successfully"}
2021-02-11T14:13:45+00:00 INFO (6): {"status":"success","product_id":1563,"sku":"K10M50","message":"Product updated successfully"}
2021-02-11T14:13:47+00:00 INFO (6): {"status":"success","product_id":1905,"sku":"K10M50Z","message":"Product updated successfully"}
2021-02-11T14:13:49+00:00 INFO (6): {"status":"success","product_id":1564,"sku":"K10M55","message":"Product updated successfully"}
2021-02-11T14:13:51+00:00 INFO (6): {"status":"success","product_id":1906,"sku":"K10M55Z","message":"Product updated successfully"}
2021-02-11T14:13:52+00:00 INFO (6): {"status":"success","product_id":1565,"sku":"K10M60","message":"Product updated successfully"}
2021-02-11T14:13:54+00:00 INFO (6): {"status":"success","product_id":1566,"sku":"K10M65","message":"Product updated successfully"}
2021-02-11T14:14:01+00:00 INFO (6): {"status":"success","product_id":1908,"sku":"K10M70Z","message":"Product updated successfully"}
2021-02-11T14:14:03+00:00 INFO (6): {"status":"success","product_id":1909,"sku":"K10M75Z","message":"Product updated successfully"}
2021-02-11T14:14:11+00:00 INFO (6): {"status":"success","product_id":1569,"sku":"K10M80","message":"Product updated successfully"}
2021-02-11T14:14:13+00:00 INFO (6): {"status":"success","product_id":19049,"sku":"K10M90","message":"Product updated successfully"}
2021-02-11T14:14:19+00:00 INFO (6): {"status":"success","product_id":1911,"sku":"K10M90Z","message":"Product updated successfully"}
2021-02-11T14:15:03+00:00 INFO (6): {"status":"success","product_id":1786,"sku":"K12B112","message":"Product updated successfully"}
2021-02-11T14:15:10+00:00 INFO (6): {"status":"success","product_id":1787,"sku":"K12B134","message":"Product updated successfully"}
2021-02-11T14:15:12+00:00 INFO (6): {"status":"success","product_id":1784,"sku":"K12B78","message":"Product updated successfully"}
2021-02-11T14:15:24+00:00 INFO (6): {"status":"success","product_id":1331,"sku":"K12C1","message":"Product updated successfully"}
2021-02-11T14:15:26+00:00 INFO (6): {"status":"success","product_id":1332,"sku":"K12C114","message":"Product updated successfully"}
2021-02-11T14:15:28+00:00 INFO (6): {"status":"success","product_id":1823,"sku":"K12C114Z","message":"Product updated successfully"}
2021-02-11T14:15:29+00:00 INFO (6): {"status":"success","product_id":1334,"sku":"K12C134","message":"Product updated successfully"}
2021-02-11T14:15:36+00:00 INFO (6): {"status":"success","product_id":1668,"sku":"K12M120Z","message":"Product updated successfully"}
2021-02-11T14:15:38+00:00 INFO (6): {"status":"success","product_id":1365,"sku":"K12M140","message":"Product updated successfully"}
2021-02-11T14:15:44+00:00 INFO (6): {"status":"success","product_id":1366,"sku":"K12M150","message":"Product updated successfully"}
2021-02-11T14:15:46+00:00 INFO (6): {"status":"success","product_id":1574,"sku":"K12M16","message":"Product updated successfully"}
2021-02-11T14:15:53+00:00 INFO (6): {"status":"success","product_id":1367,"sku":"K12M160","message":"Product updated successfully"}
2021-02-11T14:15:54+00:00 INFO (6): {"status":"success","product_id":1575,"sku":"K12M18","message":"Product updated successfully"}
2021-02-11T14:16:01+00:00 INFO (6): {"status":"success","product_id":1368,"sku":"K12M180","message":"Product updated successfully"}
2021-02-11T14:16:03+00:00 INFO (6): {"status":"success","product_id":1915,"sku":"K12M20Z","message":"Product updated successfully"}
2021-02-11T14:16:18+00:00 INFO (6): {"status":"success","product_id":1577,"sku":"K12M22","message":"Product updated successfully"}
2021-02-11T14:16:20+00:00 INFO (6): {"status":"success","product_id":1916,"sku":"K12M25Z","message":"Product updated successfully"}
2021-02-11T14:16:26+00:00 INFO (6): {"status":"success","product_id":1579,"sku":"K12M30","message":"Product updated successfully"}
2021-02-11T14:16:27+00:00 INFO (6): {"status":"success","product_id":1580,"sku":"K12M35","message":"Product updated successfully"}
2021-02-11T14:16:29+00:00 INFO (6): {"status":"success","product_id":1582,"sku":"K12M45","message":"Product updated successfully"}
2021-02-11T14:16:31+00:00 INFO (6): {"status":"success","product_id":1583,"sku":"K12M55","message":"Product updated successfully"}
2021-02-11T14:16:32+00:00 INFO (6): {"status":"success","product_id":1584,"sku":"K12M60","message":"Product updated successfully"}
2021-02-11T14:16:34+00:00 INFO (6): {"status":"success","product_id":1585,"sku":"K12M65","message":"Product updated successfully"}
2021-02-11T14:16:35+00:00 INFO (6): {"status":"success","product_id":1586,"sku":"K12M70","message":"Product updated successfully"}
2021-02-11T14:16:42+00:00 INFO (6): {"status":"success","product_id":1287,"sku":"K14C134","message":"Product updated successfully"}
2021-02-11T14:16:43+00:00 INFO (6): {"status":"success","product_id":1288,"sku":"K14C2","message":"Product updated successfully"}
2021-02-11T14:16:49+00:00 INFO (6): {"status":"success","product_id":1421,"sku":"K14C212","message":"Product updated successfully"}
2021-02-11T14:16:51+00:00 INFO (6): {"status":"success","product_id":26104,"sku":"K14C234","message":"Product updated successfully"}
2021-02-11T14:16:52+00:00 INFO (6): {"status":"success","product_id":1283,"sku":"K14C34","message":"Product updated successfully"}
2021-02-11T14:16:54+00:00 INFO (6): {"status":"success","product_id":1813,"sku":"K14C34Z","message":"Product updated successfully"}
2021-02-11T14:16:55+00:00 INFO (6): {"status":"success","product_id":1280,"sku":"K14C38","message":"Product updated successfully"}
2021-02-11T14:16:57+00:00 INFO (6): {"status":"success","product_id":1423,"sku":"K14C4","message":"Product updated successfully"}
2021-02-11T14:16:58+00:00 INFO (6): {"status":"success","product_id":1282,"sku":"K14C58","message":"Product updated successfully"}
2021-02-11T14:17:00+00:00 INFO (6): {"status":"success","product_id":1812,"sku":"K14C58Z","message":"Product updated successfully"}
2021-02-11T14:17:01+00:00 INFO (6): {"status":"success","product_id":1419,"sku":"K14C78","message":"Product updated successfully"}
2021-02-11T14:17:03+00:00 INFO (6): {"status":"success","product_id":1292,"sku":"K14F1","message":"Product updated successfully"}
2021-02-11T14:17:05+00:00 INFO (6): {"status":"success","product_id":1294,"sku":"K14F112","message":"Product updated successfully"}
2021-02-11T14:17:06+00:00 INFO (6): {"status":"success","product_id":1293,"sku":"K14F114","message":"Product updated successfully"}
2021-02-11T14:17:08+00:00 INFO (6): {"status":"success","product_id":1290,"sku":"K14F12","message":"Product updated successfully"}
2021-02-11T14:17:09+00:00 INFO (6): {"status":"success","product_id":1425,"sku":"K14F2","message":"Product updated successfully"}
2021-02-11T14:17:11+00:00 INFO (6): {"status":"success","product_id":1426,"sku":"K14F212","message":"Product updated successfully"}
2021-02-11T14:17:13+00:00 INFO (6): {"status":"success","product_id":1427,"sku":"K14F3","message":"Product updated successfully"}
2021-02-11T14:17:14+00:00 INFO (6): {"status":"success","product_id":1289,"sku":"K14F38","message":"Product updated successfully"}
2021-02-11T14:17:16+00:00 INFO (6): {"status":"success","product_id":1291,"sku":"K14F58","message":"Product updated successfully"}
2021-02-11T14:17:18+00:00 INFO (6): {"status":"success","product_id":1422,"sku":"K14F78","message":"Product updated successfully"}
2021-02-11T14:17:19+00:00 INFO (6): {"status":"success","product_id":1604,"sku":"K14M100","message":"Product updated successfully"}
2021-02-11T14:17:21+00:00 INFO (6): {"status":"success","product_id":1369,"sku":"K14M120","message":"Product updated successfully"}
2021-02-11T14:17:22+00:00 INFO (6): {"status":"success","product_id":1605,"sku":"K14M130","message":"Product updated successfully"}
2021-02-11T14:17:24+00:00 INFO (6): {"status":"success","product_id":1370,"sku":"K14M140","message":"Product updated successfully"}
2021-02-11T14:17:26+00:00 INFO (6): {"status":"success","product_id":1593,"sku":"K14M25","message":"Product updated successfully"}
2021-02-11T14:17:27+00:00 INFO (6): {"status":"success","product_id":1670,"sku":"K14M25Z","message":"Product updated successfully"}
2021-02-11T14:17:29+00:00 INFO (6): {"status":"success","product_id":1594,"sku":"K14M30","message":"Product updated successfully"}
2021-02-11T14:17:30+00:00 INFO (6): {"status":"success","product_id":1595,"sku":"K14M35","message":"Product updated successfully"}
2021-02-11T14:17:32+00:00 INFO (6): {"status":"success","product_id":1596,"sku":"K14M40","message":"Product updated successfully"}
2021-02-11T14:17:34+00:00 INFO (6): {"status":"success","product_id":1672,"sku":"K14M40Z","message":"Product updated successfully"}
2021-02-11T14:17:35+00:00 INFO (6): {"status":"success","product_id":1619,"sku":"K16M110","message":"Product updated successfully"}
2021-02-11T14:17:37+00:00 INFO (6): {"status":"success","product_id":1692,"sku":"K16M110Z","message":"Product updated successfully"}
2021-02-11T14:17:43+00:00 INFO (6): {"status":"success","product_id":1621,"sku":"K16M130","message":"Product updated successfully"}
2021-02-11T14:17:45+00:00 INFO (6): {"status":"success","product_id":1622,"sku":"K16M140","message":"Product updated successfully"}
2021-02-11T14:17:51+00:00 INFO (6): {"status":"success","product_id":1694,"sku":"K16M140Z","message":"Product updated successfully"}
2021-02-11T14:17:52+00:00 INFO (6): {"status":"success","product_id":1695,"sku":"K16M150Z","message":"Product updated successfully"}
2021-02-11T14:17:59+00:00 INFO (6): {"status":"success","product_id":1624,"sku":"K16M160","message":"Product updated successfully"}
2021-02-11T14:18:00+00:00 INFO (6): {"status":"success","product_id":1719,"sku":"K16M170Z","message":"Product updated successfully"}
2021-02-11T14:18:02+00:00 INFO (6): {"status":"success","product_id":1625,"sku":"K16M180","message":"Product updated successfully"}
2021-02-11T14:18:03+00:00 INFO (6): {"status":"success","product_id":1626,"sku":"K16M200","message":"Product updated successfully"}
2021-02-11T14:18:05+00:00 INFO (6): {"status":"success","product_id":1627,"sku":"K16M220","message":"Product updated successfully"}
2021-02-11T14:18:07+00:00 INFO (6): {"status":"success","product_id":1628,"sku":"K16M240","message":"Product updated successfully"}
2021-02-11T14:18:08+00:00 INFO (6): {"status":"success","product_id":1606,"sku":"K16M25","message":"Product updated successfully"}
2021-02-11T14:18:10+00:00 INFO (6): {"status":"success","product_id":1607,"sku":"K16M30","message":"Product updated successfully"}
2021-02-11T14:18:11+00:00 INFO (6): {"status":"success","product_id":1679,"sku":"K16M30Z","message":"Product updated successfully"}
2021-02-11T14:18:13+00:00 INFO (6): {"status":"success","product_id":1608,"sku":"K16M35","message":"Product updated successfully"}
2021-02-11T14:18:15+00:00 INFO (6): {"status":"success","product_id":1680,"sku":"K16M35Z","message":"Product updated successfully"}
2021-02-11T14:18:16+00:00 INFO (6): {"status":"success","product_id":1609,"sku":"K16M40","message":"Product updated successfully"}
2021-02-11T14:18:18+00:00 INFO (6): {"status":"success","product_id":1681,"sku":"K16M40Z","message":"Product updated successfully"}
2021-02-11T14:18:19+00:00 INFO (6): {"status":"success","product_id":1610,"sku":"K16M45","message":"Product updated successfully"}
2021-02-11T14:18:21+00:00 INFO (6): {"status":"success","product_id":1611,"sku":"K16M50","message":"Product updated successfully"}
2021-02-11T14:18:22+00:00 INFO (6): {"status":"success","product_id":1683,"sku":"K16M50Z","message":"Product updated successfully"}
2021-02-11T14:18:24+00:00 INFO (6): {"status":"success","product_id":1612,"sku":"K16M55","message":"Product updated successfully"}
2021-02-11T14:18:26+00:00 INFO (6): {"status":"success","product_id":1684,"sku":"K16M55Z","message":"Product updated successfully"}
2021-02-11T14:18:27+00:00 INFO (6): {"status":"success","product_id":1613,"sku":"K16M60","message":"Product updated successfully"}
2021-02-11T14:18:29+00:00 INFO (6): {"status":"success","product_id":1685,"sku":"K16M60Z","message":"Product updated successfully"}
2021-02-11T14:18:30+00:00 INFO (6): {"status":"success","product_id":1614,"sku":"K16M65","message":"Product updated successfully"}
2021-02-11T14:18:32+00:00 INFO (6): {"status":"success","product_id":1686,"sku":"K16M65Z","message":"Product updated successfully"}
2021-02-11T14:18:34+00:00 INFO (6): {"status":"success","product_id":1615,"sku":"K16M70","message":"Product updated successfully"}
2021-02-11T14:18:35+00:00 INFO (6): {"status":"success","product_id":1616,"sku":"K16M75","message":"Product updated successfully"}
2021-02-11T14:18:37+00:00 INFO (6): {"status":"success","product_id":1688,"sku":"K16M75Z","message":"Product updated successfully"}
2021-02-11T14:18:39+00:00 INFO (6): {"status":"success","product_id":1617,"sku":"K16M80","message":"Product updated successfully"}
2021-02-11T14:18:45+00:00 INFO (6): {"status":"success","product_id":1618,"sku":"K16M90","message":"Product updated successfully"}
2021-02-11T14:18:47+00:00 INFO (6): {"status":"success","product_id":1707,"sku":"K20M100Z","message":"Product updated successfully"}
2021-02-11T14:18:48+00:00 INFO (6): {"status":"success","product_id":1642,"sku":"K20M110","message":"Product updated successfully"}
2021-02-11T14:18:50+00:00 INFO (6): {"status":"success","product_id":1708,"sku":"K20M110Z","message":"Product updated successfully"}
2021-02-11T14:18:52+00:00 INFO (6): {"status":"success","product_id":1643,"sku":"K20M120","message":"Product updated successfully"}
2021-02-11T14:18:53+00:00 INFO (6): {"status":"success","product_id":1644,"sku":"K20M130","message":"Product updated successfully"}
2021-02-11T14:18:55+00:00 INFO (6): {"status":"success","product_id":1710,"sku":"K20M130Z","message":"Product updated successfully"}
2021-02-11T14:18:56+00:00 INFO (6): {"status":"success","product_id":1645,"sku":"K20M140","message":"Product updated successfully"}
2021-02-11T14:18:58+00:00 INFO (6): {"status":"success","product_id":1646,"sku":"K20M150","message":"Product updated successfully"}
2021-02-11T14:19:00+00:00 INFO (6): {"status":"success","product_id":1647,"sku":"K20M160","message":"Product updated successfully"}
2021-02-11T14:19:02+00:00 INFO (6): {"status":"success","product_id":1629,"sku":"K20M30","message":"Product updated successfully"}
2021-02-11T14:19:04+00:00 INFO (6): {"status":"success","product_id":1630,"sku":"K20M35","message":"Product updated successfully"}
2021-02-11T14:19:06+00:00 INFO (6): {"status":"success","product_id":1698,"sku":"K20M40Z","message":"Product updated successfully"}
2021-02-11T14:20:04+00:00 INFO (6): {"status":"success","product_id":1632,"sku":"K20M45","message":"Product updated successfully"}
2021-02-11T14:20:06+00:00 INFO (6): {"status":"success","product_id":1633,"sku":"K20M50","message":"Product updated successfully"}
2021-02-11T14:20:07+00:00 INFO (6): {"status":"success","product_id":1634,"sku":"K20M55","message":"Product updated successfully"}
2021-02-11T14:20:09+00:00 INFO (6): {"status":"success","product_id":1702,"sku":"K20M60Z","message":"Product updated successfully"}
2021-02-11T14:20:10+00:00 INFO (6): {"status":"success","product_id":1636,"sku":"K20M65","message":"Product updated successfully"}
2021-02-11T14:20:12+00:00 INFO (6): {"status":"success","product_id":1637,"sku":"K20M70","message":"Product updated successfully"}
2021-02-11T14:20:14+00:00 INFO (6): {"status":"success","product_id":1704,"sku":"K20M70Z","message":"Product updated successfully"}
2021-02-11T14:20:15+00:00 INFO (6): {"status":"success","product_id":1638,"sku":"K20M75","message":"Product updated successfully"}
2021-02-11T14:20:18+00:00 INFO (6): {"status":"success","product_id":1639,"sku":"K20M80","message":"Product updated successfully"}
2021-02-11T14:20:19+00:00 INFO (6): {"status":"success","product_id":1640,"sku":"K20M90","message":"Product updated successfully"}
2021-02-11T14:20:21+00:00 INFO (6): {"status":"success","product_id":1658,"sku":"K24M120","message":"Product updated successfully"}
2021-02-11T14:20:23+00:00 INFO (6): {"status":"success","product_id":1372,"sku":"K24M75","message":"Product updated successfully"}
2021-02-11T14:20:31+00:00 INFO (6): {"status":"success","product_id":1655,"sku":"K24M90","message":"Product updated successfully"}
2021-02-11T14:20:32+00:00 INFO (6): {"status":"success","product_id":1244,"sku":"K2C14","message":"Product updated successfully"}
2021-02-11T14:20:34+00:00 INFO (6): {"status":"success","product_id":1489,"sku":"K2C18","message":"Product updated successfully"}
2021-02-11T14:20:36+00:00 INFO (6): {"status":"success","product_id":1243,"sku":"K2C316","message":"Product updated successfully"}
2021-02-11T14:20:37+00:00 INFO (6): {"status":"success","product_id":1245,"sku":"K2C38","message":"Product updated successfully"}
2021-02-11T14:20:39+00:00 INFO (6): {"status":"success","product_id":1179,"sku":"K2M10","message":"Product updated successfully"}
2021-02-11T14:20:40+00:00 INFO (6): {"status":"success","product_id":1497,"sku":"K316B38","message":"Product updated successfully"}
2021-02-11T14:20:41+00:00 INFO (6): {"status":"success","product_id":1496,"sku":"K316B516","message":"Product updated successfully"}
2021-02-11T14:20:48+00:00 INFO (6): {"status":"success","product_id":1494,"sku":"K316W58","message":"Product updated successfully"}
2021-02-11T14:20:50+00:00 INFO (6): {"status":"success","product_id":1351,"sku":"K34C112","message":"Product updated successfully"}
2021-02-11T14:20:58+00:00 INFO (6): {"status":"success","product_id":1350,"sku":"K34C114","message":"Product updated successfully"}
2021-02-11T14:20:59+00:00 INFO (6): {"status":"success","product_id":1353,"sku":"K34C2","message":"Product updated successfully"}
2021-02-11T14:21:07+00:00 INFO (6): {"status":"success","product_id":1355,"sku":"K34C212","message":"Product updated successfully"}
2021-02-11T14:21:08+00:00 INFO (6): {"status":"success","product_id":1356,"sku":"K34C3","message":"Product updated successfully"}
2021-02-11T14:21:14+00:00 INFO (6): {"status":"success","product_id":1477,"sku":"K34C312","message":"Product updated successfully"}
2021-02-11T14:21:17+00:00 INFO (6): {"status":"success","product_id":1479,"sku":"K34C412","message":"Product updated successfully"}
2021-02-11T14:21:23+00:00 INFO (6): {"status":"success","product_id":1480,"sku":"K34C5","message":"Product updated successfully"}
2021-02-11T14:21:25+00:00 INFO (6): {"status":"success","product_id":17781,"sku":"K34W114","message":"Product updated successfully"}
2021-02-11T14:21:27+00:00 INFO (6): {"status":"success","product_id":1312,"sku":"K38C1","message":"Product updated successfully"}
2021-02-11T14:21:29+00:00 INFO (6): {"status":"success","product_id":1314,"sku":"K38C112","message":"Product updated successfully"}
2021-02-11T14:21:30+00:00 INFO (6): {"status":"success","product_id":1313,"sku":"K38C114","message":"Product updated successfully"}
2021-02-11T14:21:32+00:00 INFO (6): {"status":"success","product_id":1449,"sku":"K38F212","message":"Product updated successfully"}
2021-02-11T14:21:33+00:00 INFO (6): {"status":"success","product_id":1450,"sku":"K38F3","message":"Product updated successfully"}
2021-02-11T14:21:35+00:00 INFO (6): {"status":"success","product_id":1320,"sku":"K38F34","message":"Product updated successfully"}
2021-02-11T14:21:37+00:00 INFO (6): {"status":"success","product_id":1319,"sku":"K38F58","message":"Product updated successfully"}
2021-02-11T14:21:38+00:00 INFO (6): {"status":"success","product_id":1445,"sku":"K38F78","message":"Product updated successfully"}
2021-02-11T14:21:40+00:00 INFO (6): {"status":"success","product_id":1515,"sku":"K38W2","message":"Product updated successfully"}
2021-02-11T14:21:47+00:00 INFO (6): {"status":"success","product_id":1247,"sku":"K3C316","message":"Product updated successfully"}
2021-02-11T14:21:49+00:00 INFO (6): {"status":"success","product_id":1165,"sku":"K3M10","message":"Product updated successfully"}
2021-02-11T14:21:50+00:00 INFO (6): {"status":"success","product_id":1167,"sku":"K3M12","message":"Product updated successfully"}
2021-02-11T14:21:51+00:00 INFO (6): {"status":"success","product_id":1168,"sku":"K3M15","message":"Product updated successfully"}
2021-02-11T14:21:53+00:00 INFO (6): {"status":"success","product_id":1169,"sku":"K3M16","message":"Product updated successfully"}
2021-02-11T14:21:54+00:00 INFO (6): {"status":"success","product_id":1170,"sku":"K3M18","message":"Product updated successfully"}
2021-02-11T14:21:56+00:00 INFO (6): {"status":"success","product_id":1171,"sku":"K3M20","message":"Product updated successfully"}
2021-02-11T14:21:57+00:00 INFO (6): {"status":"success","product_id":1173,"sku":"K3M25","message":"Product updated successfully"}
2021-02-11T14:21:59+00:00 INFO (6): {"status":"success","product_id":1175,"sku":"K3M30","message":"Product updated successfully"}
2021-02-11T14:22:01+00:00 INFO (6): {"status":"success","product_id":1172,"sku":"K3M35","message":"Product updated successfully"}
2021-02-11T14:22:03+00:00 INFO (6): {"status":"success","product_id":1184,"sku":"K4M16","message":"Product updated successfully"}
2021-02-11T14:22:05+00:00 INFO (6): {"status":"success","product_id":1837,"sku":"K4M16Z","message":"Product updated successfully"}
2021-02-11T14:22:07+00:00 INFO (6): {"status":"success","product_id":1185,"sku":"K4M18","message":"Product updated successfully"}
2021-02-11T14:22:08+00:00 INFO (6): {"status":"success","product_id":1186,"sku":"K4M20","message":"Product updated successfully"}
2021-02-11T14:22:10+00:00 INFO (6): {"status":"success","product_id":1190,"sku":"K4M40","message":"Product updated successfully"}
2021-02-11T14:22:12+00:00 INFO (6): {"status":"success","product_id":1223,"sku":"K4M50","message":"Product updated successfully"}
2021-02-11T14:22:14+00:00 INFO (6): {"status":"success","product_id":1862,"sku":"K4M50Z","message":"Product updated successfully"}
2021-02-11T14:22:15+00:00 INFO (6): {"status":"success","product_id":1192,"sku":"K4M55","message":"Product updated successfully"}
2021-02-11T14:22:17+00:00 INFO (6): {"status":"success","product_id":1193,"sku":"K4M60","message":"Product updated successfully"}
2021-02-11T14:22:19+00:00 INFO (6): {"status":"success","product_id":1512,"sku":"K516B34","message":"Product updated successfully"}
2021-02-11T14:22:21+00:00 INFO (6): {"status":"success","product_id":1298,"sku":"K516C1","message":"Product updated successfully"}
2021-02-11T14:22:23+00:00 INFO (6): {"status":"success","product_id":1300,"sku":"K516C112","message":"Product updated successfully"}
2021-02-11T14:22:24+00:00 INFO (6): {"status":"success","product_id":1299,"sku":"K516C114","message":"Product updated successfully"}
2021-02-11T14:22:26+00:00 INFO (6): {"status":"success","product_id":1429,"sku":"K516C118","message":"Product updated successfully"}
2021-02-11T14:22:27+00:00 INFO (6): {"status":"success","product_id":1295,"sku":"K516C12","message":"Product updated successfully"}
2021-02-11T14:22:34+00:00 INFO (6): {"status":"success","product_id":1301,"sku":"K516C2","message":"Product updated successfully"}
2021-02-11T14:22:35+00:00 INFO (6): {"status":"success","product_id":1302,"sku":"K516C214","message":"Product updated successfully"}
2021-02-11T14:22:37+00:00 INFO (6): {"status":"success","product_id":1344,"sku":"K58C114","message":"Product updated successfully"}
2021-02-11T14:22:43+00:00 INFO (6): {"status":"success","product_id":1346,"sku":"K58C134","message":"Product updated successfully"}
2021-02-11T14:22:45+00:00 INFO (6): {"status":"success","product_id":26099,"sku":"K58C212","message":"Product updated successfully"}
2021-02-11T14:22:51+00:00 INFO (6): {"status":"success","product_id":1348,"sku":"K58C214","message":"Product updated successfully"}
2021-02-11T14:22:53+00:00 INFO (6): {"status":"success","product_id":1349,"sku":"K58C3","message":"Product updated successfully"}
2021-02-11T14:22:59+00:00 INFO (6): {"status":"success","product_id":1467,"sku":"K58C312","message":"Product updated successfully"}
2021-02-11T14:23:01+00:00 INFO (6): {"status":"success","product_id":1493,"sku":"K58C7","message":"Product updated successfully"}
2021-02-11T14:23:08+00:00 INFO (6): {"status":"success","product_id":1469,"sku":"K58F114","message":"Product updated successfully"}
2021-02-11T14:23:09+00:00 INFO (6): {"status":"success","product_id":1472,"sku":"K58F2","message":"Product updated successfully"}
2021-02-11T14:23:16+00:00 INFO (6): {"status":"success","product_id":1473,"sku":"K58F212","message":"Product updated successfully"}
2021-02-11T14:23:17+00:00 INFO (6): {"status":"success","product_id":1474,"sku":"K58F3","message":"Product updated successfully"}
2021-02-11T14:23:19+00:00 INFO (6): {"status":"success","product_id":1256,"sku":"K5C12","message":"Product updated successfully"}
2021-02-11T14:23:20+00:00 INFO (6): {"status":"success","product_id":1254,"sku":"K5C14","message":"Product updated successfully"}
2021-02-11T14:23:22+00:00 INFO (6): {"status":"success","product_id":1258,"sku":"K5C34","message":"Product updated successfully"}
2021-02-11T14:23:24+00:00 INFO (6): {"status":"success","product_id":1255,"sku":"K5C38","message":"Product updated successfully"}
2021-02-11T14:23:26+00:00 INFO (6): {"status":"success","product_id":1257,"sku":"K5C58","message":"Product updated successfully"}
2021-02-11T14:23:27+00:00 INFO (6): {"status":"success","product_id":1384,"sku":"K5F1","message":"Product updated successfully"}
2021-02-11T14:23:29+00:00 INFO (6): {"status":"success","product_id":1200,"sku":"K5M10","message":"Product updated successfully"}
2021-02-11T14:23:31+00:00 INFO (6): {"status":"success","product_id":1220,"sku":"K5M100","message":"Product updated successfully"}
2021-02-11T14:23:32+00:00 INFO (6): {"status":"success","product_id":1202,"sku":"K5M12","message":"Product updated successfully"}
2021-02-11T14:23:34+00:00 INFO (6): {"status":"success","product_id":1203,"sku":"K5M14","message":"Product updated successfully"}
2021-02-11T14:23:35+00:00 INFO (6): {"status":"success","product_id":1199,"sku":"K5M15","message":"Product updated successfully"}
2021-02-11T14:23:37+00:00 INFO (6): {"status":"success","product_id":1204,"sku":"K5M16","message":"Product updated successfully"}
2021-02-11T14:23:38+00:00 INFO (6): {"status":"success","product_id":1206,"sku":"K5M20","message":"Product updated successfully"}
2021-02-11T14:23:45+00:00 INFO (6): {"status":"success","product_id":1217,"sku":"K5M80","message":"Product updated successfully"}
2021-02-11T14:23:47+00:00 INFO (6): {"status":"success","product_id":26179,"sku":"K5M8Z","message":"Product updated successfully"}
2021-02-11T14:23:49+00:00 INFO (6): {"status":"success","product_id":1219,"sku":"K5M90","message":"Product updated successfully"}
2021-02-11T14:23:50+00:00 INFO (6): {"status":"success","product_id":26102,"sku":"K6C112","message":"Product updated successfully"}
2021-02-11T14:23:56+00:00 INFO (6): {"status":"success","product_id":1260,"sku":"K6C12","message":"Product updated successfully"}
2021-02-11T14:23:58+00:00 INFO (6): {"status":"success","product_id":26092,"sku":"K6C14","message":"Product updated successfully"}
2021-02-11T14:24:04+00:00 INFO (6): {"status":"success","product_id":1390,"sku":"K6C2","message":"Product updated successfully"}
2021-02-11T14:24:06+00:00 INFO (6): {"status":"success","product_id":1262,"sku":"K6C34","message":"Product updated successfully"}
2021-02-11T14:24:13+00:00 INFO (6): {"status":"success","product_id":1259,"sku":"K6C38","message":"Product updated successfully"}
2021-02-11T14:24:14+00:00 INFO (6): {"status":"success","product_id":1386,"sku":"K6C516","message":"Product updated successfully"}
2021-02-11T14:25:08+00:00 INFO (6): {"status":"success","product_id":1261,"sku":"K6C58","message":"Product updated successfully"}
2021-02-11T14:25:09+00:00 INFO (6): {"status":"success","product_id":1388,"sku":"K6C78","message":"Product updated successfully"}
2021-02-11T14:25:16+00:00 INFO (6): {"status":"success","product_id":1393,"sku":"K6F12","message":"Product updated successfully"}
2021-02-11T14:25:17+00:00 INFO (6): {"status":"success","product_id":1394,"sku":"K6F34","message":"Product updated successfully"}
2021-02-11T14:25:23+00:00 INFO (6): {"status":"success","product_id":1392,"sku":"K6F38","message":"Product updated successfully"}
2021-02-11T14:25:25+00:00 INFO (6): {"status":"success","product_id":1524,"sku":"K6M100","message":"Product updated successfully"}
2021-02-11T14:25:27+00:00 INFO (6): {"status":"success","product_id":1224,"sku":"K6M12","message":"Product updated successfully"}
2021-02-11T14:25:28+00:00 INFO (6): {"status":"success","product_id":1526,"sku":"K6M120","message":"Product updated successfully"}
2021-02-11T14:25:30+00:00 INFO (6): {"status":"success","product_id":1225,"sku":"K6M14","message":"Product updated successfully"}
2021-02-11T14:25:32+00:00 INFO (6): {"status":"success","product_id":1229,"sku":"K6M15","message":"Product updated successfully"}
2021-02-11T14:25:33+00:00 INFO (6): {"status":"success","product_id":1226,"sku":"K6M16","message":"Product updated successfully"}
2021-02-11T14:25:35+00:00 INFO (6): {"status":"success","product_id":1221,"sku":"K6M8","message":"Product updated successfully"}
2021-02-11T14:25:37+00:00 INFO (6): {"status":"success","product_id":1522,"sku":"K6M85","message":"Product updated successfully"}
2021-02-11T14:25:43+00:00 INFO (6): {"status":"success","product_id":1325,"sku":"K716C1","message":"Product updated successfully"}
2021-02-11T14:25:45+00:00 INFO (6): {"status":"success","product_id":1326,"sku":"K716C114","message":"Product updated successfully"}
2021-02-11T14:25:51+00:00 INFO (6): {"status":"success","product_id":1328,"sku":"K716C134","message":"Product updated successfully"}
2021-02-11T14:25:52+00:00 INFO (6): {"status":"success","product_id":1324,"sku":"K716C34","message":"Product updated successfully"}
2021-02-11T14:25:59+00:00 INFO (6): {"status":"success","product_id":1456,"sku":"K716C78","message":"Product updated successfully"}
2021-02-11T14:26:00+00:00 INFO (6): {"status":"success","product_id":1453,"sku":"K716F112","message":"Product updated successfully"}
2021-02-11T14:26:08+00:00 INFO (6): {"status":"success","product_id":1452,"sku":"K716F114","message":"Product updated successfully"}
2021-02-11T14:26:09+00:00 INFO (6): {"status":"success","product_id":1455,"sku":"K716F2","message":"Product updated successfully"}
2021-02-11T14:26:15+00:00 INFO (6): {"status":"success","product_id":1457,"sku":"K716F212","message":"Product updated successfully"}
2021-02-11T14:26:17+00:00 INFO (6): {"status":"success","product_id":1481,"sku":"K78C3","message":"Product updated successfully"}
2021-02-11T14:26:23+00:00 INFO (6): {"status":"success","product_id":1482,"sku":"K78C4","message":"Product updated successfully"}
2021-02-11T14:26:25+00:00 INFO (6): {"status":"success","product_id":26176,"sku":"K78W334","message":"Product updated successfully"}
2021-02-11T14:26:26+00:00 INFO (6): {"status":"success","product_id":1267,"sku":"K8C1","message":"Product updated successfully"}
2021-02-11T14:26:28+00:00 INFO (6): {"status":"success","product_id":1264,"sku":"K8C12","message":"Product updated successfully"}
2021-02-11T14:26:30+00:00 INFO (6): {"status":"success","product_id":1395,"sku":"K8C14","message":"Product updated successfully"}
2021-02-11T14:26:31+00:00 INFO (6): {"status":"success","product_id":1400,"sku":"K8C2","message":"Product updated successfully"}
2021-02-11T14:26:33+00:00 INFO (6): {"status":"success","product_id":1266,"sku":"K8C34","message":"Product updated successfully"}
2021-02-11T14:26:34+00:00 INFO (6): {"status":"success","product_id":1263,"sku":"K8C38","message":"Product updated successfully"}
2021-02-11T14:26:36+00:00 INFO (6): {"status":"success","product_id":1532,"sku":"K8M18","message":"Product updated successfully"}
2021-02-11T14:26:37+00:00 INFO (6): {"status":"success","product_id":1533,"sku":"K8M20","message":"Product updated successfully"}
2021-02-11T14:26:39+00:00 INFO (6): {"status":"success","product_id":1537,"sku":"K8M35","message":"Product updated successfully"}
2021-02-11T14:26:40+00:00 INFO (6): {"status":"success","product_id":1538,"sku":"K8M40","message":"Product updated successfully"}
2021-02-11T14:26:42+00:00 INFO (6): {"status":"success","product_id":1541,"sku":"K8M60","message":"Product updated successfully"}
2021-02-11T14:26:43+00:00 INFO (6): {"status":"success","product_id":1542,"sku":"K8M70","message":"Product updated successfully"}
2021-02-11T14:26:45+00:00 INFO (6): {"status":"success","product_id":1548,"sku":"K8M90","message":"Product updated successfully"}
2021-02-11T14:26:46+00:00 INFO (6): {"status":"success","product_id":10373,"sku":"SC5C316","message":"Product updated successfully"}
2021-02-11T14:26:48+00:00 INFO (6): {"status":"success","product_id":10221,"sku":"SF14C516","message":"Product updated successfully"}
2021-02-11T14:26:50+00:00 INFO (6): {"status":"success","product_id":9571,"sku":"SP0F316","message":"Product updated successfully"}
2021-02-11T14:26:51+00:00 INFO (6): {"status":"success","product_id":41235,"sku":"SP38W2","message":"Product updated successfully"}
2021-02-11T14:26:53+00:00 INFO (6): {"status":"success","product_id":11839,"sku":"SP516F212","message":"Product updated successfully"}
2021-02-11T14:26:54+00:00 INFO (6): {"status":"success","product_id":12531,"sku":"SQD78C3","message":"Product updated successfully"}
2021-02-11T14:26:56+00:00 INFO (6): {"status":"success","product_id":7294,"sku":"UC12C12","message":"Product updated successfully"}
2021-02-11T14:26:57+00:00 INFO (6): {"status":"success","product_id":5368,"sku":"UC14M80","message":"Product updated successfully"}
2021-02-11T14:26:59+00:00 INFO (6): {"status":"success","product_id":5186,"sku":"UC1W2","message":"Product updated successfully"}
2021-02-11T14:27:00+00:00 INFO (6): {"status":"success","product_id":5112,"sku":"UC30M180","message":"Product updated successfully"}
2021-02-11T14:27:03+00:00 INFO (6): {"status":"success","product_id":7422,"sku":"UC34C112","message":"Product updated successfully"}
2021-02-11T14:27:04+00:00 INFO (6): {"status":"success","product_id":25242,"sku":"UC36M280","message":"Product updated successfully"}
2021-02-11T14:27:06+00:00 INFO (6): {"status":"success","product_id":5159,"sku":"UC38W34","message":"Product updated successfully"}
2021-02-11T14:27:07+00:00 INFO (6): {"status":"success","product_id":5091,"sku":"UC4M6","message":"Product updated successfully"}
2021-02-11T14:27:09+00:00 INFO (6): {"status":"success","product_id":7253,"sku":"UC516C212","message":"Product updated successfully"}
2021-02-11T14:27:10+00:00 INFO (6): {"status":"success","product_id":30183,"sku":"USK6C316","message":"Product updated successfully"}
2021-02-11T14:27:11+00:00 INFO (6): ---------------- END API Cron 11/02/21 14:27:11 ----------------
