2021-02-11T11:30:01+00:00 INFO (6): ---------------- START API Cron 11/02/21 11:30:01 ----------------
2021-02-11T11:30:04+00:00 INFO (6): {"status":"success","product_id":42671,"sku":"CB10","message":"Product updated successfully"}
2021-02-11T11:30:11+00:00 INFO (6): {"status":"success","product_id":42672,"sku":"CB8","message":"Product updated successfully"}
2021-02-11T11:30:13+00:00 INFO (6): {"status":"success","product_id":42673,"sku":"CB9","message":"Product updated successfully"}
2021-02-11T11:30:15+00:00 INFO (6): {"status":"success","product_id":42799,"sku":"MEMCAP10100","message":"Product updated successfully"}
2021-02-11T11:30:17+00:00 INFO (6): {"status":"success","product_id":42800,"sku":"MEMCAP10100Z","message":"Product updated successfully"}
2021-02-11T11:30:20+00:00 INFO (6): {"status":"success","product_id":42801,"sku":"MEMCAP10120Z","message":"Product updated successfully"}
2021-02-11T11:30:22+00:00 INFO (6): {"status":"success","product_id":42802,"sku":"MEMCAP1016Z","message":"Product updated successfully"}
2021-02-11T11:30:25+00:00 INFO (6): {"status":"success","product_id":42803,"sku":"MEMCAP1020","message":"Product updated successfully"}
2021-02-11T11:30:27+00:00 INFO (6): {"status":"success","product_id":42804,"sku":"MEMCAP1025","message":"Product updated successfully"}
2021-02-11T11:30:29+00:00 INFO (6): {"status":"success","product_id":42805,"sku":"MEMCAP1030","message":"Product updated successfully"}
2021-02-11T11:30:31+00:00 INFO (6): {"status":"success","product_id":42747,"sku":"MEMCAP1030Z","message":"Product updated successfully"}
2021-02-11T11:30:34+00:00 INFO (6): {"status":"success","product_id":42806,"sku":"MEMCAP1035","message":"Product updated successfully"}
2021-02-11T11:30:36+00:00 INFO (6): {"status":"success","product_id":42807,"sku":"MEMCAP1035Z","message":"Product updated successfully"}
2021-02-11T11:30:38+00:00 INFO (6): {"status":"success","product_id":42808,"sku":"MEMCAP1040","message":"Product updated successfully"}
2021-02-11T11:30:40+00:00 INFO (6): {"status":"success","product_id":42809,"sku":"MEMCAP1040Z","message":"Product updated successfully"}
2021-02-11T11:30:43+00:00 INFO (6): {"status":"success","product_id":42693,"sku":"MEMCAP1045","message":"Product updated successfully"}
2021-02-11T11:30:45+00:00 INFO (6): {"status":"success","product_id":42735,"sku":"MEMCAP1045Z","message":"Product updated successfully"}
2021-02-11T11:30:48+00:00 INFO (6): {"status":"success","product_id":42810,"sku":"MEMCAP1050","message":"Product updated successfully"}
2021-02-11T11:30:50+00:00 INFO (6): {"status":"success","product_id":42811,"sku":"MEMCAP1050Z","message":"Product updated successfully"}
2021-02-11T11:30:53+00:00 INFO (6): {"status":"success","product_id":42812,"sku":"MEMCAP1060","message":"Product updated successfully"}
2021-02-11T11:30:55+00:00 INFO (6): {"status":"success","product_id":42813,"sku":"MEMCAP1060Z","message":"Product updated successfully"}
2021-02-11T11:30:57+00:00 INFO (6): {"status":"success","product_id":42736,"sku":"MEMCAP1065Z","message":"Product updated successfully"}
2021-02-11T11:30:59+00:00 INFO (6): {"status":"success","product_id":42814,"sku":"MEMCAP1070","message":"Product updated successfully"}
2021-02-11T11:31:02+00:00 INFO (6): {"status":"success","product_id":42815,"sku":"MEMCAP1070Z","message":"Product updated successfully"}
2021-02-11T11:31:05+00:00 INFO (6): {"status":"success","product_id":42816,"sku":"MEMCAP1080","message":"Product updated successfully"}
2021-02-11T11:31:07+00:00 INFO (6): {"status":"success","product_id":42817,"sku":"MEMCAP1080Z","message":"Product updated successfully"}
2021-02-11T11:31:09+00:00 INFO (6): {"status":"success","product_id":42760,"sku":"MEMCAP12100","message":"Product updated successfully"}
2021-02-11T11:31:12+00:00 INFO (6): {"status":"success","product_id":42818,"sku":"MEMCAP12100Z","message":"Product updated successfully"}
2021-02-11T11:31:14+00:00 INFO (6): {"status":"success","product_id":42819,"sku":"MEMCAP12110","message":"Product updated successfully"}
2021-02-11T11:31:16+00:00 INFO (6): {"status":"success","product_id":42895,"sku":"MEMCAP12120Z","message":"Product updated successfully"}
2021-02-11T11:31:19+00:00 INFO (6): {"status":"success","product_id":42896,"sku":"MEMCAP12130","message":"Product updated successfully"}
2021-02-11T11:31:21+00:00 INFO (6): {"status":"success","product_id":42897,"sku":"MEMCAP12180","message":"Product updated successfully"}
2021-02-11T11:31:23+00:00 INFO (6): {"status":"success","product_id":42737,"sku":"MEMCAP1225","message":"Product updated successfully"}
2021-02-11T11:31:25+00:00 INFO (6): {"status":"success","product_id":42898,"sku":"MEMCAP1225Z","message":"Product updated successfully"}
2021-02-11T11:31:27+00:00 INFO (6): {"status":"success","product_id":42899,"sku":"MEMCAP1230","message":"Product updated successfully"}
2021-02-11T11:31:30+00:00 INFO (6): {"status":"success","product_id":42900,"sku":"MEMCAP1230Z","message":"Product updated successfully"}
2021-02-11T11:31:32+00:00 INFO (6): {"status":"success","product_id":42901,"sku":"MEMCAP1235","message":"Product updated successfully"}
2021-02-11T11:31:34+00:00 INFO (6): {"status":"success","product_id":42738,"sku":"MEMCAP1235Z","message":"Product updated successfully"}
2021-02-11T11:31:37+00:00 INFO (6): {"status":"success","product_id":42734,"sku":"MEMCAP1240","message":"Product updated successfully"}
2021-02-11T11:31:39+00:00 INFO (6): {"status":"success","product_id":42902,"sku":"MEMCAP1240Z","message":"Product updated successfully"}
2021-02-11T11:31:41+00:00 INFO (6): {"status":"success","product_id":42903,"sku":"MEMCAP1245","message":"Product updated successfully"}
2021-02-11T11:31:43+00:00 INFO (6): {"status":"success","product_id":42904,"sku":"MEMCAP1245Z","message":"Product updated successfully"}
2021-02-11T11:31:46+00:00 INFO (6): {"status":"success","product_id":42905,"sku":"MEMCAP1250","message":"Product updated successfully"}
2021-02-11T11:31:48+00:00 INFO (6): {"status":"success","product_id":42739,"sku":"MEMCAP1250Z","message":"Product updated successfully"}
2021-02-11T11:31:50+00:00 INFO (6): {"status":"success","product_id":42906,"sku":"MEMCAP1255","message":"Product updated successfully"}
2021-02-11T11:31:53+00:00 INFO (6): {"status":"success","product_id":42907,"sku":"MEMCAP1255Z","message":"Product updated successfully"}
2021-02-11T11:31:55+00:00 INFO (6): {"status":"success","product_id":42908,"sku":"MEMCAP1260","message":"Product updated successfully"}
2021-02-11T11:31:57+00:00 INFO (6): {"status":"success","product_id":42909,"sku":"MEMCAP1260Z","message":"Product updated successfully"}
2021-02-11T11:31:59+00:00 INFO (6): {"status":"success","product_id":42740,"sku":"MEMCAP1270","message":"Product updated successfully"}
2021-02-11T11:32:01+00:00 INFO (6): {"status":"success","product_id":42910,"sku":"MEMCAP1270Z","message":"Product updated successfully"}
2021-02-11T11:32:04+00:00 INFO (6): {"status":"success","product_id":42960,"sku":"MEMCAP1280","message":"Product updated successfully"}
2021-02-11T11:32:06+00:00 INFO (6): {"status":"success","product_id":42961,"sku":"MEMCAP1280Z","message":"Product updated successfully"}
2021-02-11T11:32:09+00:00 INFO (6): {"status":"success","product_id":42741,"sku":"MEMCAP1290","message":"Product updated successfully"}
2021-02-11T11:32:11+00:00 INFO (6): {"status":"success","product_id":42962,"sku":"MEMCAP1290Z","message":"Product updated successfully"}
2021-02-11T11:32:13+00:00 INFO (6): {"status":"success","product_id":42963,"sku":"MEMCAP16100","message":"Product updated successfully"}
2021-02-11T11:32:16+00:00 INFO (6): {"status":"success","product_id":42964,"sku":"MEMCAP16100Z","message":"Product updated successfully"}
2021-02-11T11:32:18+00:00 INFO (6): {"status":"success","product_id":42965,"sku":"MEMCAP16110","message":"Product updated successfully"}
2021-02-11T11:32:20+00:00 INFO (6): {"status":"success","product_id":42966,"sku":"MEMCAP16110Z","message":"Product updated successfully"}
2021-02-11T11:32:22+00:00 INFO (6): {"status":"success","product_id":42742,"sku":"MEMCAP16120","message":"Product updated successfully"}
2021-02-11T11:32:25+00:00 INFO (6): {"status":"success","product_id":42731,"sku":"MEMCAP16120Z","message":"Product updated successfully"}
2021-02-11T11:32:27+00:00 INFO (6): {"status":"success","product_id":42967,"sku":"MEMCAP16150Z","message":"Product updated successfully"}
2021-02-11T11:32:29+00:00 INFO (6): {"status":"success","product_id":42968,"sku":"MEMCAP1635","message":"Product updated successfully"}
2021-02-11T11:32:32+00:00 INFO (6): {"status":"success","product_id":42969,"sku":"MEMCAP1640","message":"Product updated successfully"}
2021-02-11T11:32:34+00:00 INFO (6): {"status":"success","product_id":42970,"sku":"MEMCAP1640Z","message":"Product updated successfully"}
2021-02-11T11:32:36+00:00 INFO (6): {"status":"success","product_id":42743,"sku":"MEMCAP1645Z","message":"Product updated successfully"}
2021-02-11T11:32:39+00:00 INFO (6): {"status":"success","product_id":42971,"sku":"MEMCAP1650","message":"Product updated successfully"}
2021-02-11T11:32:41+00:00 INFO (6): {"status":"success","product_id":42972,"sku":"MEMCAP1650Z","message":"Product updated successfully"}
2021-02-11T11:32:43+00:00 INFO (6): {"status":"success","product_id":42973,"sku":"MEMCAP1655","message":"Product updated successfully"}
2021-02-11T11:32:46+00:00 INFO (6): {"status":"success","product_id":42974,"sku":"MEMCAP1660","message":"Product updated successfully"}
2021-02-11T11:32:48+00:00 INFO (6): {"status":"success","product_id":42744,"sku":"MEMCAP1660Z","message":"Product updated successfully"}
2021-02-11T11:32:50+00:00 INFO (6): {"status":"success","product_id":42975,"sku":"MEMCAP1665","message":"Product updated successfully"}
2021-02-11T11:32:52+00:00 INFO (6): {"status":"success","product_id":43029,"sku":"MEMCAP1670","message":"Product updated successfully"}
2021-02-11T11:32:54+00:00 INFO (6): {"status":"success","product_id":43030,"sku":"MEMCAP1670Z","message":"Product updated successfully"}
2021-02-11T11:32:57+00:00 INFO (6): {"status":"success","product_id":42745,"sku":"MEMCAP1675","message":"Product updated successfully"}
2021-02-11T11:32:59+00:00 INFO (6): {"status":"success","product_id":43031,"sku":"MEMCAP1680","message":"Product updated successfully"}
2021-02-11T11:33:01+00:00 INFO (6): {"status":"success","product_id":43032,"sku":"MEMCAP1680Z","message":"Product updated successfully"}
2021-02-11T11:33:04+00:00 INFO (6): {"status":"success","product_id":43033,"sku":"MEMCAP1690","message":"Product updated successfully"}
2021-02-11T11:33:06+00:00 INFO (6): {"status":"success","product_id":43034,"sku":"MEMCAP1690Z","message":"Product updated successfully"}
2021-02-11T11:33:08+00:00 INFO (6): {"status":"success","product_id":42746,"sku":"MEMCAP20100","message":"Product updated successfully"}
2021-02-11T11:33:11+00:00 INFO (6): {"status":"success","product_id":42733,"sku":"MEMCAP2010Z","message":"Product updated successfully"}
2021-02-11T11:33:13+00:00 INFO (6): {"status":"success","product_id":43035,"sku":"MEMCAP20110","message":"Product updated successfully"}
2021-02-11T11:33:15+00:00 INFO (6): {"status":"success","product_id":43036,"sku":"MEMCAP20120","message":"Product updated successfully"}
2021-02-11T11:33:17+00:00 INFO (6): {"status":"success","product_id":43037,"sku":"MEMCAP20150","message":"Product updated successfully"}
2021-02-11T11:33:20+00:00 INFO (6): {"status":"success","product_id":43038,"sku":"MEMCAP20180","message":"Product updated successfully"}
2021-02-11T11:33:22+00:00 INFO (6): {"status":"success","product_id":42770,"sku":"MEMCAP2025Z","message":"Product updated successfully"}
2021-02-11T11:33:24+00:00 INFO (6): {"status":"success","product_id":43039,"sku":"MEMCAP2040","message":"Product updated successfully"}
2021-02-11T11:33:26+00:00 INFO (6): {"status":"success","product_id":43040,"sku":"MEMCAP2050","message":"Product updated successfully"}
2021-02-11T11:33:29+00:00 INFO (6): {"status":"success","product_id":43041,"sku":"MEMCAP2050Z","message":"Product updated successfully"}
2021-02-11T11:33:31+00:00 INFO (6): {"status":"success","product_id":43042,"sku":"MEMCAP2060","message":"Product updated successfully"}
2021-02-11T11:33:33+00:00 INFO (6): {"status":"success","product_id":42748,"sku":"MEMCAP2065","message":"Product updated successfully"}
2021-02-11T11:33:36+00:00 INFO (6): {"status":"success","product_id":43043,"sku":"MEMCAP2070","message":"Product updated successfully"}
2021-02-11T11:33:38+00:00 INFO (6): {"status":"success","product_id":43044,"sku":"MEMCAP2070Z","message":"Product updated successfully"}
2021-02-11T11:33:40+00:00 INFO (6): {"status":"success","product_id":42843,"sku":"MEMCAP2080","message":"Product updated successfully"}
2021-02-11T11:33:43+00:00 INFO (6): {"status":"success","product_id":42844,"sku":"MEMCAP2090","message":"Product updated successfully"}
2021-02-11T11:35:04+00:00 INFO (6): {"status":"success","product_id":42749,"sku":"MEMCAP24100","message":"Product updated successfully"}
2021-02-11T11:35:06+00:00 INFO (6): {"status":"success","product_id":42845,"sku":"MEMCAP24120","message":"Product updated successfully"}
2021-02-11T11:35:09+00:00 INFO (6): {"status":"success","product_id":42846,"sku":"MEMCAP24130","message":"Product updated successfully"}
2021-02-11T11:35:11+00:00 INFO (6): {"status":"success","product_id":42847,"sku":"MEMCAP24140","message":"Product updated successfully"}
2021-02-11T11:35:13+00:00 INFO (6): {"status":"success","product_id":42730,"sku":"MEMCAP24150","message":"Product updated successfully"}
2021-02-11T11:35:16+00:00 INFO (6): {"status":"success","product_id":42848,"sku":"MEMCAP24180","message":"Product updated successfully"}
2021-02-11T11:35:18+00:00 INFO (6): {"status":"success","product_id":42773,"sku":"MEMCAP2470","message":"Product updated successfully"}
2021-02-11T11:35:20+00:00 INFO (6): {"status":"success","product_id":42849,"sku":"MEMCAP30100","message":"Product updated successfully"}
2021-02-11T11:35:23+00:00 INFO (6): {"status":"success","product_id":42850,"sku":"MEMCAP30110","message":"Product updated successfully"}
2021-02-11T11:35:25+00:00 INFO (6): {"status":"success","product_id":42851,"sku":"MEMCAP30120","message":"Product updated successfully"}
2021-02-11T11:35:27+00:00 INFO (6): {"status":"success","product_id":42852,"sku":"MEMCAP30160","message":"Product updated successfully"}
2021-02-11T11:35:29+00:00 INFO (6): {"status":"success","product_id":42750,"sku":"MEMCAP30200","message":"Product updated successfully"}
2021-02-11T11:35:32+00:00 INFO (6): {"status":"success","product_id":42853,"sku":"MEMCAP412Z","message":"Product updated successfully"}
2021-02-11T11:35:34+00:00 INFO (6): {"status":"success","product_id":42854,"sku":"MEMCAP420Z","message":"Product updated successfully"}
2021-02-11T11:35:36+00:00 INFO (6): {"status":"success","product_id":42855,"sku":"MEMCAP4530Z","message":"Product updated successfully"}
2021-02-11T11:35:39+00:00 INFO (6): {"status":"success","product_id":42856,"sku":"MEMCAP510Z","message":"Product updated successfully"}
2021-02-11T11:35:41+00:00 INFO (6): {"status":"success","product_id":42857,"sku":"MEMCAP512Z","message":"Product updated successfully"}
2021-02-11T11:35:43+00:00 INFO (6): {"status":"success","product_id":42858,"sku":"MEMCAP516Z","message":"Product updated successfully"}
2021-02-11T11:35:46+00:00 INFO (6): {"status":"success","product_id":42751,"sku":"MEMCAP520Z","message":"Product updated successfully"}
2021-02-11T11:35:48+00:00 INFO (6): {"status":"success","product_id":42752,"sku":"MEMCAP540Z","message":"Product updated successfully"}
2021-02-11T11:35:50+00:00 INFO (6): {"status":"success","product_id":42915,"sku":"MEMCAP610Z","message":"Product updated successfully"}
2021-02-11T11:35:52+00:00 INFO (6): {"status":"success","product_id":42916,"sku":"MEMCAP612Z","message":"Product updated successfully"}
2021-02-11T11:35:54+00:00 INFO (6): {"status":"success","product_id":42917,"sku":"MEMCAP616","message":"Product updated successfully"}
2021-02-11T11:35:57+00:00 INFO (6): {"status":"success","product_id":42918,"sku":"MEMCAP616Z","message":"Product updated successfully"}
2021-02-11T11:35:59+00:00 INFO (6): {"status":"success","product_id":42753,"sku":"MEMCAP620","message":"Product updated successfully"}
2021-02-11T11:36:02+00:00 INFO (6): {"status":"success","product_id":42919,"sku":"MEMCAP620Z","message":"Product updated successfully"}
2021-02-11T11:36:04+00:00 INFO (6): {"status":"success","product_id":42920,"sku":"MEMCAP625","message":"Product updated successfully"}
2021-02-11T11:36:07+00:00 INFO (6): {"status":"success","product_id":42921,"sku":"MEMCAP625Z","message":"Product updated successfully"}
2021-02-11T11:36:09+00:00 INFO (6): {"status":"success","product_id":42922,"sku":"MEMCAP630","message":"Product updated successfully"}
2021-02-11T11:36:12+00:00 INFO (6): {"status":"success","product_id":42754,"sku":"MEMCAP630Z","message":"Product updated successfully"}
2021-02-11T11:36:14+00:00 INFO (6): {"status":"success","product_id":42923,"sku":"MEMCAP635","message":"Product updated successfully"}
2021-02-11T11:36:16+00:00 INFO (6): {"status":"success","product_id":42924,"sku":"MEMCAP635Z","message":"Product updated successfully"}
2021-02-11T11:36:18+00:00 INFO (6): {"status":"success","product_id":42925,"sku":"MEMCAP640","message":"Product updated successfully"}
2021-02-11T11:36:21+00:00 INFO (6): {"status":"success","product_id":42926,"sku":"MEMCAP640Z","message":"Product updated successfully"}
2021-02-11T11:36:23+00:00 INFO (6): {"status":"success","product_id":42755,"sku":"MEMCAP645Z","message":"Product updated successfully"}
2021-02-11T11:36:26+00:00 INFO (6): {"status":"success","product_id":42927,"sku":"MEMCAP650Z","message":"Product updated successfully"}
2021-02-11T11:36:28+00:00 INFO (6): {"status":"success","product_id":42928,"sku":"MEMCAP660","message":"Product updated successfully"}
2021-02-11T11:36:30+00:00 INFO (6): {"status":"success","product_id":42929,"sku":"MEMCAP660Z","message":"Product updated successfully"}
2021-02-11T11:36:33+00:00 INFO (6): {"status":"success","product_id":42930,"sku":"MEMCAP670Z","message":"Product updated successfully"}
2021-02-11T11:36:35+00:00 INFO (6): {"status":"success","product_id":42756,"sku":"MEMCAP68Z","message":"Product updated successfully"}
2021-02-11T11:36:38+00:00 INFO (6): {"status":"success","product_id":42985,"sku":"MEMCAP8100Z","message":"Product updated successfully"}
2021-02-11T11:36:40+00:00 INFO (6): {"status":"success","product_id":42986,"sku":"MEMCAP812Z","message":"Product updated successfully"}
2021-02-11T11:36:42+00:00 INFO (6): {"status":"success","product_id":42987,"sku":"MEMCAP816","message":"Product updated successfully"}
2021-02-11T11:36:44+00:00 INFO (6): {"status":"success","product_id":42988,"sku":"MEMCAP816Z","message":"Product updated successfully"}
2021-02-11T11:36:47+00:00 INFO (6): {"status":"success","product_id":42757,"sku":"MEMCAP820","message":"Product updated successfully"}
2021-02-11T11:36:49+00:00 INFO (6): {"status":"success","product_id":42989,"sku":"MEMCAP820Z","message":"Product updated successfully"}
2021-02-11T11:36:51+00:00 INFO (6): {"status":"success","product_id":42990,"sku":"MEMCAP825","message":"Product updated successfully"}
2021-02-11T11:36:53+00:00 INFO (6): {"status":"success","product_id":42991,"sku":"MEMCAP825Z","message":"Product updated successfully"}
2021-02-11T11:36:56+00:00 INFO (6): {"status":"success","product_id":42992,"sku":"MEMCAP830","message":"Product updated successfully"}
2021-02-11T11:36:58+00:00 INFO (6): {"status":"success","product_id":42758,"sku":"MEMCAP830Z","message":"Product updated successfully"}
2021-02-11T11:37:00+00:00 INFO (6): {"status":"success","product_id":42993,"sku":"MEMCAP835","message":"Product updated successfully"}
2021-02-11T11:37:03+00:00 INFO (6): {"status":"success","product_id":42994,"sku":"MEMCAP835Z","message":"Product updated successfully"}
2021-02-11T11:37:05+00:00 INFO (6): {"status":"success","product_id":42995,"sku":"MEMCAP840","message":"Product updated successfully"}
2021-02-11T11:37:08+00:00 INFO (6): {"status":"success","product_id":42996,"sku":"MEMCAP840Z","message":"Product updated successfully"}
2021-02-11T11:37:10+00:00 INFO (6): {"status":"success","product_id":42759,"sku":"MEMCAP845","message":"Product updated successfully"}
2021-02-11T11:37:12+00:00 INFO (6): {"status":"success","product_id":42997,"sku":"MEMCAP845Z","message":"Product updated successfully"}
2021-02-11T11:37:14+00:00 INFO (6): {"status":"success","product_id":42998,"sku":"MEMCAP850","message":"Product updated successfully"}
2021-02-11T11:37:17+00:00 INFO (6): {"status":"success","product_id":42999,"sku":"MEMCAP850Z","message":"Product updated successfully"}
2021-02-11T11:37:19+00:00 INFO (6): {"status":"success","product_id":43000,"sku":"MEMCAP855Z","message":"Product updated successfully"}
2021-02-11T11:37:21+00:00 INFO (6): {"status":"success","product_id":42732,"sku":"MEMCAP860","message":"Product updated successfully"}
2021-02-11T11:37:24+00:00 INFO (6): {"status":"success","product_id":42771,"sku":"MEMCAP860Z","message":"Product updated successfully"}
2021-02-11T11:37:26+00:00 INFO (6): {"status":"success","product_id":42866,"sku":"MEMCAP865Z","message":"Product updated successfully"}
2021-02-11T11:37:28+00:00 INFO (6): {"status":"success","product_id":42867,"sku":"MEMCAP870Z","message":"Product updated successfully"}
2021-02-11T11:37:31+00:00 INFO (6): {"status":"success","product_id":42761,"sku":"MEMCAP880Z","message":"Product updated successfully"}
2021-02-11T11:37:33+00:00 INFO (6): {"status":"success","product_id":43083,"sku":"MEMSCAP416","message":"Product updated successfully"}
2021-02-11T11:37:36+00:00 INFO (6): {"status":"success","product_id":43084,"sku":"MEMSCAP516","message":"Product updated successfully"}
2021-02-11T11:37:38+00:00 INFO (6): {"status":"success","product_id":43085,"sku":"MEMSCAP612","message":"Product updated successfully"}
2021-02-11T11:37:38+00:00 INFO (6): ---------------- END API Cron 11/02/21 11:37:38 ----------------
