2021-02-08T15:05:02+00:00 INFO (6): ---------------- START API Cron 08/02/21 15:05:02 ----------------
2021-02-08T15:05:05+00:00 INFO (6): {"status":"success","product_id":41705,"sku":"BE951","message":"Product updated successfully"}
2021-02-08T15:05:06+00:00 INFO (6): {"status":"success","product_id":15189,"sku":"BOLATOAPSI","message":"Product updated successfully"}
2021-02-08T15:05:08+00:00 INFO (6): {"status":"success","product_id":15191,"sku":"BOLATOEPSI","message":"Product updated successfully"}
2021-02-08T15:05:10+00:00 INFO (6): {"status":"success","product_id":15192,"sku":"BOLATOFAPSI","message":"Product updated successfully"}
2021-02-08T15:05:12+00:00 INFO (6): {"status":"success","product_id":15193,"sku":"BOLATOV","message":"Product updated successfully"}
2021-02-08T15:05:14+00:00 INFO (6): {"status":"success","product_id":15194,"sku":"BOLB100","message":"Product updated successfully"}
2021-02-08T15:05:16+00:00 INFO (6): {"status":"success","product_id":15195,"sku":"BOLB200","message":"Product updated successfully"}
2021-02-08T15:05:18+00:00 INFO (6): {"status":"success","product_id":15196,"sku":"BOLB410","message":"Product updated successfully"}
2021-02-08T15:05:21+00:00 INFO (6): {"status":"success","product_id":15381,"sku":"BOLB500","message":"Product updated successfully"}
2021-02-08T15:05:25+00:00 INFO (6): {"status":"success","product_id":15382,"sku":"BOLBANCI","message":"Product updated successfully"}
2021-02-08T15:05:28+00:00 INFO (6): {"status":"success","product_id":15384,"sku":"BOLBANPSF","message":"Product updated successfully"}
2021-02-08T15:05:30+00:00 INFO (6): {"status":"success","product_id":15385,"sku":"BOLBANPSJ","message":"Product updated successfully"}
2021-02-08T15:05:33+00:00 INFO (6): {"status":"success","product_id":15386,"sku":"BOLBAXCSP","message":"Product updated successfully"}
2021-02-08T15:05:34+00:00 INFO (6): {"status":"success","product_id":15387,"sku":"BOLBAXPSF","message":"Product updated successfully"}
2021-02-08T15:05:36+00:00 INFO (6): {"status":"success","product_id":15388,"sku":"BOLBAXPSI","message":"Product updated successfully"}
2021-02-08T15:05:45+00:00 INFO (6): {"status":"success","product_id":15389,"sku":"BOLBL20PI","message":"Product updated successfully"}
2021-02-08T15:05:48+00:00 INFO (6): {"status":"success","product_id":15390,"sku":"BOLCOBESP","message":"Product updated successfully"}
2021-02-08T15:05:50+00:00 INFO (6): {"status":"success","product_id":15391,"sku":"BOLCOBFSPSI","message":"Product updated successfully"}
2021-02-08T15:05:51+00:00 INFO (6): {"status":"success","product_id":15392,"sku":"BOLCOBFTPSI","message":"Product updated successfully"}
2021-02-08T15:05:54+00:00 INFO (6): {"status":"success","product_id":15393,"sku":"BOLCOBHDPI","message":"Product updated successfully"}
2021-02-08T15:05:56+00:00 INFO (6): {"status":"success","product_id":15394,"sku":"BOLCOBPSF","message":"Product updated successfully"}
2021-02-08T15:05:58+00:00 INFO (6): {"status":"success","product_id":14630,"sku":"BOLCOBPSI","message":"Product updated successfully"}
2021-02-08T15:06:01+00:00 INFO (6): {"status":"success","product_id":14631,"sku":"BOLCOBPSJ","message":"Product updated successfully"}
2021-02-08T15:06:03+00:00 INFO (6): {"status":"success","product_id":14632,"sku":"BOLCONTESP","message":"Product updated successfully"}
2021-02-08T15:06:07+00:00 INFO (6): {"status":"success","product_id":14633,"sku":"BOLCONTPOL","message":"Product updated successfully"}
2021-02-08T15:06:09+00:00 INFO (6): {"status":"success","product_id":14634,"sku":"BOLCONTPSF","message":"Product updated successfully"}
2021-02-08T15:06:10+00:00 INFO (6): {"status":"success","product_id":14635,"sku":"BOLCONTPSI","message":"Product updated successfully"}
2021-02-08T15:06:13+00:00 INFO (6): {"status":"success","product_id":14636,"sku":"BOLCOVARSI","message":"Product updated successfully"}
2021-02-08T15:06:16+00:00 INFO (6): {"status":"success","product_id":14637,"sku":"BOLCOVERSI","message":"Product updated successfully"}
2021-02-08T15:06:18+00:00 INFO (6): {"status":"success","product_id":14638,"sku":"BOLILUPSF","message":"Product updated successfully"}
2021-02-08T15:06:21+00:00 INFO (6): {"status":"success","product_id":14639,"sku":"BOLILUPSI","message":"Product updated successfully"}
2021-02-08T15:06:23+00:00 INFO (6): {"status":"success","product_id":14640,"sku":"BOLIRIDPSI15","message":"Product updated successfully"}
2021-02-08T15:06:25+00:00 INFO (6): {"status":"success","product_id":14641,"sku":"BOLIRIDPSI2","message":"Product updated successfully"}
2021-02-08T15:06:28+00:00 INFO (6): {"status":"success","product_id":14717,"sku":"BOLIRIDPSI25","message":"Product updated successfully"}
2021-02-08T15:06:30+00:00 INFO (6): {"status":"success","product_id":14718,"sku":"BOLIRIPDSI3","message":"Product updated successfully"}
2021-02-08T15:06:33+00:00 INFO (6): {"status":"success","product_id":14719,"sku":"BOLIRIPSF","message":"Product updated successfully"}
2021-02-08T15:06:35+00:00 INFO (6): {"status":"success","product_id":14720,"sku":"BOLIRIPSI","message":"Product updated successfully"}
2021-02-08T15:06:37+00:00 INFO (6): {"status":"success","product_id":14721,"sku":"BOLIRITWI","message":"Product updated successfully"}
2021-02-08T15:06:39+00:00 INFO (6): {"status":"success","product_id":14722,"sku":"BOLKITCOBRA","message":"Product updated successfully"}
2021-02-08T15:06:41+00:00 INFO (6): {"status":"success","product_id":14723,"sku":"BOLMERCSP","message":"Product updated successfully"}
2021-02-08T15:06:43+00:00 INFO (6): {"status":"success","product_id":14724,"sku":"BOLMERPSF","message":"Product updated successfully"}
2021-02-08T15:06:45+00:00 INFO (6): {"status":"success","product_id":14725,"sku":"BOLOVLITLPSI","message":"Product updated successfully"}
2021-02-08T15:06:46+00:00 INFO (6): {"status":"success","product_id":14726,"sku":"BOLPILOPCSP","message":"Product updated successfully"}
2021-02-08T15:06:48+00:00 INFO (6): {"status":"success","product_id":14727,"sku":"BOLPILOPPSF","message":"Product updated successfully"}
2021-02-08T15:06:49+00:00 INFO (6): {"status":"success","product_id":14728,"sku":"BOLPILOPSI","message":"Product updated successfully"}
2021-02-08T15:06:52+00:00 INFO (6): {"status":"success","product_id":14729,"sku":"BOLRUSHDPI","message":"Product updated successfully"}
2021-02-08T15:06:56+00:00 INFO (6): {"status":"success","product_id":14730,"sku":"BOLRUSHKITFS","message":"Product updated successfully"}
2021-02-08T15:07:00+00:00 INFO (6): {"status":"success","product_id":17683,"sku":"DEWGOGGLE","message":"Product updated successfully"}
2021-02-08T15:07:01+00:00 INFO (6): {"status":"success","product_id":17916,"sku":"DEWSGCPC","message":"Product updated successfully"}
2021-02-08T15:07:03+00:00 INFO (6): {"status":"success","product_id":30901,"sku":"DEWSGCPIO","message":"Product updated successfully"}
2021-02-08T15:07:05+00:00 INFO (6): {"status":"success","product_id":17917,"sku":"DEWSGCPS","message":"Product updated successfully"}
2021-02-08T15:07:06+00:00 INFO (6): {"status":"success","product_id":17918,"sku":"DEWSGPC","message":"Product updated successfully"}
2021-02-08T15:07:09+00:00 INFO (6): {"status":"success","product_id":18009,"sku":"DEWSGPS","message":"Product updated successfully"}
2021-02-08T15:07:11+00:00 INFO (6): {"status":"success","product_id":18011,"sku":"DEWSGRFC","message":"Product updated successfully"}
2021-02-08T15:07:14+00:00 INFO (6): {"status":"success","product_id":18012,"sku":"DEWSGRFFM","message":"Product updated successfully"}
2021-02-08T15:07:15+00:00 INFO (6): {"status":"success","product_id":18013,"sku":"DEWSGRFS","message":"Product updated successfully"}
2021-02-08T15:07:17+00:00 INFO (6): {"status":"success","product_id":18014,"sku":"DEWSGRS","message":"Product updated successfully"}
2021-02-08T15:07:29+00:00 INFO (6): {"status":"success","product_id":17440,"sku":"FAIBRBASS11","message":"Product updated successfully"}
2021-02-08T15:07:34+00:00 INFO (6): {"status":"success","product_id":17516,"sku":"FAIBRCHURN","message":"Product updated successfully"}
2021-02-08T15:07:36+00:00 INFO (6): {"status":"success","product_id":17517,"sku":"FAIBRCOCO11","message":"Product updated successfully"}
2021-02-08T15:07:41+00:00 INFO (6): {"status":"success","product_id":16290,"sku":"FAIBRSQUE18","message":"Product updated successfully"}
2021-02-08T15:07:43+00:00 INFO (6): {"status":"success","product_id":16291,"sku":"FAIBRSQUE24","message":"Product updated successfully"}
2021-02-08T15:07:50+00:00 INFO (6): {"status":"success","product_id":16768,"sku":"FAILITPICK","message":"Product updated successfully"}
2021-02-08T15:07:55+00:00 INFO (6): {"status":"success","product_id":17405,"sku":"FAIPATKIT","message":"Product updated successfully"}
2021-02-08T15:07:56+00:00 INFO (6): {"status":"success","product_id":17406,"sku":"FAIPATPOLE","message":"Product updated successfully"}
2021-02-08T15:07:59+00:00 INFO (6): {"status":"success","product_id":42060,"sku":"FFP2","message":"Product updated successfully"}
2021-02-08T15:08:01+00:00 INFO (6): {"status":"success","product_id":42061,"sku":"FFP3","message":"Product updated successfully"}
2021-02-08T15:08:06+00:00 INFO (6): {"status":"success","product_id":29094,"sku":"FM4","message":"Product updated successfully"}
2021-02-08T15:08:13+00:00 INFO (6): {"status":"success","product_id":20736,"sku":"FORHTB10100M","message":"Product updated successfully"}
2021-02-08T15:08:15+00:00 INFO (6): {"status":"success","product_id":20739,"sku":"FORHTB10150M","message":"Product updated successfully"}
2021-02-08T15:08:17+00:00 INFO (6): {"status":"success","product_id":20740,"sku":"FORHTB1050M","message":"Product updated successfully"}
2021-02-08T15:08:20+00:00 INFO (6): {"status":"success","product_id":20822,"sku":"FORHTB1075M","message":"Product updated successfully"}
2021-02-08T15:08:22+00:00 INFO (6): {"status":"success","product_id":20823,"sku":"FORHTB1080M","message":"Product updated successfully"}
2021-02-08T15:08:25+00:00 INFO (6): {"status":"success","product_id":20825,"sku":"FORHTB12130M","message":"Product updated successfully"}
2021-02-08T15:08:26+00:00 INFO (6): {"status":"success","product_id":20826,"sku":"FORHTB12150M","message":"Product updated successfully"}
2021-02-08T15:08:29+00:00 INFO (6): {"status":"success","product_id":20828,"sku":"FORHTB1270M","message":"Product updated successfully"}
2021-02-08T15:08:31+00:00 INFO (6): {"status":"success","product_id":20829,"sku":"FORHTB650M","message":"Product updated successfully"}
2021-02-08T15:08:33+00:00 INFO (6): {"status":"success","product_id":20830,"sku":"FORHTB660M","message":"Product updated successfully"}
2021-02-08T15:08:35+00:00 INFO (6): {"status":"success","product_id":20831,"sku":"FORHTB8100M","message":"Product updated successfully"}
2021-02-08T15:08:38+00:00 INFO (6): {"status":"success","product_id":20832,"sku":"FORHTB830M","message":"Product updated successfully"}
2021-02-08T15:08:39+00:00 INFO (6): {"status":"success","product_id":20834,"sku":"FORHTB850M","message":"Product updated successfully"}
2021-02-08T15:08:42+00:00 INFO (6): {"status":"success","product_id":20835,"sku":"FORHTB860M","message":"Product updated successfully"}
2021-02-08T15:08:46+00:00 INFO (6): {"status":"success","product_id":41687,"sku":"GD900","message":"Product updated successfully"}
2021-02-08T15:08:48+00:00 INFO (6): {"status":"success","product_id":42166,"sku":"GD901","message":"Product updated successfully"}
2021-02-08T15:09:00+00:00 INFO (6): {"status":"success","product_id":2873,"sku":"HS1010M16","message":"Product updated successfully"}
2021-02-08T15:09:11+00:00 INFO (6): {"status":"success","product_id":12544,"sku":"HS1010M16Z","message":"Product updated successfully"}
2021-02-08T15:09:17+00:00 INFO (6): {"status":"success","product_id":2874,"sku":"HS1010M20","message":"Product updated successfully"}
2021-02-08T15:09:23+00:00 INFO (6): {"status":"success","product_id":12545,"sku":"HS1010M20Z","message":"Product updated successfully"}
2021-02-08T15:09:30+00:00 INFO (6): {"status":"success","product_id":26273,"sku":"HS1010M25","message":"Product updated successfully"}
2021-02-08T15:09:40+00:00 INFO (6): {"status":"success","product_id":12546,"sku":"HS1010M25Z","message":"Product updated successfully"}
2021-02-08T15:09:48+00:00 INFO (6): {"status":"success","product_id":2558,"sku":"HS1010M30","message":"Product updated successfully"}
2021-02-08T15:09:57+00:00 INFO (6): {"status":"success","product_id":12547,"sku":"HS1010M30Z","message":"Product updated successfully"}
2021-02-08T15:10:05+00:00 INFO (6): {"status":"success","product_id":2559,"sku":"HS1010M35","message":"Product updated successfully"}
2021-02-08T15:10:05+00:00 INFO (6): {"status":"success","product_id":2559,"sku":"HS1010M35","message":"Product updated successfully"}
2021-02-08T15:10:13+00:00 INFO (6): {"status":"success","product_id":12548,"sku":"HS1010M35Z","message":"Product updated successfully"}
2021-02-08T15:10:20+00:00 INFO (6): {"status":"success","product_id":12549,"sku":"HS1010M40Z","message":"Product updated successfully"}
2021-02-08T15:10:20+00:00 INFO (6): {"status":"success","product_id":12549,"sku":"HS1010M40Z","message":"Product updated successfully"}
2021-02-08T15:10:29+00:00 INFO (6): {"status":"success","product_id":2829,"sku":"HS1010M45","message":"Product updated successfully"}
2021-02-08T15:10:29+00:00 INFO (6): {"status":"success","product_id":12660,"sku":"HS1010M45Z","message":"Product updated successfully"}
2021-02-08T15:10:31+00:00 INFO (6): {"status":"success","product_id":12660,"sku":"HS1010M45Z","message":"Product updated successfully"}
2021-02-08T15:10:37+00:00 INFO (6): {"status":"success","product_id":2830,"sku":"HS1010M50","message":"Product updated successfully"}
2021-02-08T15:10:43+00:00 INFO (6): {"status":"success","product_id":12661,"sku":"HS1010M50Z","message":"Product updated successfully"}
2021-02-08T15:10:51+00:00 INFO (6): {"status":"success","product_id":2831,"sku":"HS1010M55","message":"Product updated successfully"}
2021-02-08T15:10:57+00:00 INFO (6): {"status":"success","product_id":2832,"sku":"HS1010M70","message":"Product updated successfully"}
2021-02-08T15:11:06+00:00 INFO (6): {"status":"success","product_id":2833,"sku":"HS1010M90","message":"Product updated successfully"}
2021-02-08T15:11:14+00:00 INFO (6): {"status":"success","product_id":2841,"sku":"HS1012M100","message":"Product updated successfully"}
2021-02-08T15:11:22+00:00 INFO (6): {"status":"success","product_id":2560,"sku":"HS1012M20","message":"Product updated successfully"}
2021-02-08T15:11:30+00:00 INFO (6): {"status":"success","product_id":41273,"sku":"HS1012M20Z","message":"Product updated successfully"}
2021-02-08T15:11:37+00:00 INFO (6): {"status":"success","product_id":2561,"sku":"HS1012M25","message":"Product updated successfully"}
2021-02-08T15:11:43+00:00 INFO (6): {"status":"success","product_id":12550,"sku":"HS1012M25Z","message":"Product updated successfully"}
2021-02-08T15:11:49+00:00 INFO (6): {"status":"success","product_id":2562,"sku":"HS1012M30","message":"Product updated successfully"}
2021-02-08T15:11:55+00:00 INFO (6): {"status":"success","product_id":12551,"sku":"HS1012M30Z","message":"Product updated successfully"}
2021-02-08T15:12:01+00:00 INFO (6): {"status":"success","product_id":2563,"sku":"HS1012M35","message":"Product updated successfully"}
2021-02-08T15:12:08+00:00 INFO (6): {"status":"success","product_id":12552,"sku":"HS1012M35Z","message":"Product updated successfully"}
2021-02-08T15:12:15+00:00 INFO (6): {"status":"success","product_id":2834,"sku":"HS1012M40","message":"Product updated successfully"}
2021-02-08T15:12:23+00:00 INFO (6): {"status":"success","product_id":12666,"sku":"HS1012M40Z","message":"Product updated successfully"}
2021-02-08T15:12:32+00:00 INFO (6): {"status":"success","product_id":26270,"sku":"HS1012M45","message":"Product updated successfully"}
2021-02-08T15:12:40+00:00 INFO (6): {"status":"success","product_id":12553,"sku":"HS1012M45Z","message":"Product updated successfully"}
2021-02-08T15:12:47+00:00 INFO (6): {"status":"success","product_id":2835,"sku":"HS1012M50","message":"Product updated successfully"}
2021-02-08T15:12:55+00:00 INFO (6): {"status":"success","product_id":2836,"sku":"HS1012M55","message":"Product updated successfully"}
2021-02-08T15:13:01+00:00 INFO (6): {"status":"success","product_id":2837,"sku":"HS1012M60","message":"Product updated successfully"}
2021-02-08T15:13:07+00:00 INFO (6): {"status":"success","product_id":2838,"sku":"HS1012M65","message":"Product updated successfully"}
2021-02-08T15:13:14+00:00 INFO (6): {"status":"success","product_id":2839,"sku":"HS1012M70","message":"Product updated successfully"}
2021-02-08T15:13:20+00:00 INFO (6): {"status":"success","product_id":2840,"sku":"HS1012M80","message":"Product updated successfully"}
2021-02-08T15:13:27+00:00 INFO (6): {"status":"success","product_id":12649,"sku":"HS1014M25Z","message":"Product updated successfully"}
2021-02-08T15:13:34+00:00 INFO (6): {"status":"success","product_id":2572,"sku":"HS1014M30","message":"Product updated successfully"}
2021-02-08T15:13:44+00:00 INFO (6): {"status":"success","product_id":12650,"sku":"HS1014M30Z","message":"Product updated successfully"}
2021-02-08T15:13:51+00:00 INFO (6): {"status":"success","product_id":2573,"sku":"HS1014M35","message":"Product updated successfully"}
2021-02-08T15:13:58+00:00 INFO (6): {"status":"success","product_id":41277,"sku":"HS1014M35Z","message":"Product updated successfully"}
2021-02-08T15:14:05+00:00 INFO (6): {"status":"success","product_id":2574,"sku":"HS1014M40","message":"Product updated successfully"}
2021-02-08T15:14:11+00:00 INFO (6): {"status":"success","product_id":12651,"sku":"HS1014M40Z","message":"Product updated successfully"}
2021-02-08T15:14:18+00:00 INFO (6): {"status":"success","product_id":2859,"sku":"HS1014M45","message":"Product updated successfully"}
2021-02-08T15:14:26+00:00 INFO (6): {"status":"success","product_id":12554,"sku":"HS1014M45Z","message":"Product updated successfully"}
2021-02-08T15:14:32+00:00 INFO (6): {"status":"success","product_id":26271,"sku":"HS1014M50","message":"Product updated successfully"}
2021-02-08T15:14:39+00:00 INFO (6): {"status":"success","product_id":12652,"sku":"HS1014M50Z","message":"Product updated successfully"}
2021-02-08T15:14:46+00:00 INFO (6): {"status":"success","product_id":12653,"sku":"HS1014M55Z","message":"Product updated successfully"}
2021-02-08T15:14:55+00:00 INFO (6): {"status":"success","product_id":2856,"sku":"HS1014M60","message":"Product updated successfully"}
2021-02-08T15:15:02+00:00 INFO (6): {"status":"success","product_id":2857,"sku":"HS1014M70","message":"Product updated successfully"}
2021-02-08T15:15:03+00:00 INFO (6): {"status":"success","product_id":2857,"sku":"HS1014M70","message":"Product updated successfully"}
2021-02-08T15:15:05+00:00 INFO (6): {"status":"success","product_id":12635,"sku":"HS1016M140Z","message":"Product updated successfully"}
2021-02-08T15:15:11+00:00 INFO (6): {"status":"success","product_id":12635,"sku":"HS1016M140Z","message":"Product updated successfully"}
2021-02-08T15:15:16+00:00 INFO (6): {"status":"success","product_id":2860,"sku":"HS1016M25","message":"Product updated successfully"}
2021-02-08T15:15:17+00:00 INFO (6): {"status":"success","product_id":2860,"sku":"HS1016M25","message":"Product updated successfully"}
2021-02-08T15:15:18+00:00 INFO (6): {"status":"success","product_id":2845,"sku":"HS1016M30","message":"Product updated successfully"}
2021-02-08T15:15:22+00:00 INFO (6): {"status":"success","product_id":2845,"sku":"HS1016M30","message":"Product updated successfully"}
2021-02-08T15:15:26+00:00 INFO (6): {"status":"success","product_id":41274,"sku":"HS1016M30Z","message":"Product updated successfully"}
2021-02-08T15:15:27+00:00 INFO (6): {"status":"success","product_id":41274,"sku":"HS1016M30Z","message":"Product updated successfully"}
2021-02-08T15:15:29+00:00 INFO (6): {"status":"success","product_id":2846,"sku":"HS1016M35","message":"Product updated successfully"}
2021-02-08T15:15:33+00:00 INFO (6): {"status":"success","product_id":2846,"sku":"HS1016M35","message":"Product updated successfully"}
2021-02-08T15:15:34+00:00 INFO (6): {"status":"success","product_id":12667,"sku":"HS1016M35Z","message":"Product updated successfully"}
2021-02-08T15:15:39+00:00 INFO (6): {"status":"success","product_id":12667,"sku":"HS1016M35Z","message":"Product updated successfully"}
2021-02-08T15:15:44+00:00 INFO (6): {"status":"success","product_id":2564,"sku":"HS1016M40","message":"Product updated successfully"}
2021-02-08T15:15:45+00:00 INFO (6): {"status":"success","product_id":2564,"sku":"HS1016M40","message":"Product updated successfully"}
2021-02-08T15:15:47+00:00 INFO (6): {"status":"success","product_id":12630,"sku":"HS1016M40Z","message":"Product updated successfully"}
2021-02-08T15:15:51+00:00 INFO (6): {"status":"success","product_id":12630,"sku":"HS1016M40Z","message":"Product updated successfully"}
2021-02-08T15:15:55+00:00 INFO (6): {"status":"success","product_id":2565,"sku":"HS1016M45","message":"Product updated successfully"}
2021-02-08T15:15:57+00:00 INFO (6): {"status":"success","product_id":2565,"sku":"HS1016M45","message":"Product updated successfully"}
2021-02-08T15:16:00+00:00 INFO (6): {"status":"success","product_id":12631,"sku":"HS1016M45Z","message":"Product updated successfully"}
2021-02-08T15:16:06+00:00 INFO (6): {"status":"success","product_id":12631,"sku":"HS1016M45Z","message":"Product updated successfully"}
2021-02-08T15:16:10+00:00 INFO (6): {"status":"success","product_id":2842,"sku":"HS1016M50","message":"Product updated successfully"}
2021-02-08T15:16:11+00:00 INFO (6): {"status":"success","product_id":2842,"sku":"HS1016M50","message":"Product updated successfully"}
2021-02-08T15:16:13+00:00 INFO (6): {"status":"success","product_id":12632,"sku":"HS1016M50Z","message":"Product updated successfully"}
2021-02-08T15:16:18+00:00 INFO (6): {"status":"success","product_id":12632,"sku":"HS1016M50Z","message":"Product updated successfully"}
2021-02-08T15:16:21+00:00 INFO (6): {"status":"success","product_id":2861,"sku":"HS1016M55","message":"Product updated successfully"}
2021-02-08T15:16:23+00:00 INFO (6): {"status":"success","product_id":2861,"sku":"HS1016M55","message":"Product updated successfully"}
2021-02-08T15:16:26+00:00 INFO (6): {"status":"success","product_id":12633,"sku":"HS1016M55Z","message":"Product updated successfully"}
2021-02-08T15:16:31+00:00 INFO (6): {"status":"success","product_id":12633,"sku":"HS1016M55Z","message":"Product updated successfully"}
2021-02-08T15:16:35+00:00 INFO (6): {"status":"success","product_id":2843,"sku":"HS1016M60","message":"Product updated successfully"}
2021-02-08T15:16:36+00:00 INFO (6): {"status":"success","product_id":2843,"sku":"HS1016M60","message":"Product updated successfully"}
2021-02-08T15:16:38+00:00 INFO (6): {"status":"success","product_id":12634,"sku":"HS1016M60Z","message":"Product updated successfully"}
2021-02-08T15:16:42+00:00 INFO (6): {"status":"success","product_id":12634,"sku":"HS1016M60Z","message":"Product updated successfully"}
2021-02-08T15:16:46+00:00 INFO (6): {"status":"success","product_id":2844,"sku":"HS1016M80","message":"Product updated successfully"}
2021-02-08T15:16:47+00:00 INFO (6): {"status":"success","product_id":2844,"sku":"HS1016M80","message":"Product updated successfully"}
2021-02-08T15:16:49+00:00 INFO (6): {"status":"success","product_id":12654,"sku":"HS1018M30Z","message":"Product updated successfully"}
2021-02-08T15:16:54+00:00 INFO (6): {"status":"success","product_id":12654,"sku":"HS1018M30Z","message":"Product updated successfully"}
2021-02-08T15:16:58+00:00 INFO (6): {"status":"success","product_id":12655,"sku":"HS1018M35Z","message":"Product updated successfully"}
2021-02-08T15:16:59+00:00 INFO (6): {"status":"success","product_id":12655,"sku":"HS1018M35Z","message":"Product updated successfully"}
2021-02-08T15:17:00+00:00 INFO (6): {"status":"success","product_id":41278,"sku":"HS1018M40Z","message":"Product updated successfully"}
2021-02-08T15:17:04+00:00 INFO (6): {"status":"success","product_id":41278,"sku":"HS1018M40Z","message":"Product updated successfully"}
2021-02-08T15:17:10+00:00 INFO (6): {"status":"success","product_id":12656,"sku":"HS1018M45Z","message":"Product updated successfully"}
2021-02-08T15:17:11+00:00 INFO (6): {"status":"success","product_id":12656,"sku":"HS1018M45Z","message":"Product updated successfully"}
2021-02-08T15:17:13+00:00 INFO (6): {"status":"success","product_id":12657,"sku":"HS1018M50Z","message":"Product updated successfully"}
2021-02-08T15:17:16+00:00 INFO (6): {"status":"success","product_id":12657,"sku":"HS1018M50Z","message":"Product updated successfully"}
2021-02-08T15:17:21+00:00 INFO (6): {"status":"success","product_id":12658,"sku":"HS1018M60Z","message":"Product updated successfully"}
2021-02-08T15:17:22+00:00 INFO (6): {"status":"success","product_id":12658,"sku":"HS1018M60Z","message":"Product updated successfully"}
2021-02-08T15:17:24+00:00 INFO (6): {"status":"success","product_id":2850,"sku":"HS1020M100","message":"Product updated successfully"}
2021-02-08T15:17:29+00:00 INFO (6): {"status":"success","product_id":2850,"sku":"HS1020M100","message":"Product updated successfully"}
2021-02-08T15:17:33+00:00 INFO (6): {"status":"success","product_id":12644,"sku":"HS1020M130Z","message":"Product updated successfully"}
2021-02-08T15:17:34+00:00 INFO (6): {"status":"success","product_id":12644,"sku":"HS1020M130Z","message":"Product updated successfully"}
2021-02-08T15:17:36+00:00 INFO (6): {"status":"success","product_id":2851,"sku":"HS1020M140","message":"Product updated successfully"}
2021-02-08T15:17:41+00:00 INFO (6): {"status":"success","product_id":2851,"sku":"HS1020M140","message":"Product updated successfully"}
2021-02-08T15:17:45+00:00 INFO (6): {"status":"success","product_id":12636,"sku":"HS1020M30Z","message":"Product updated successfully"}
2021-02-08T15:17:46+00:00 INFO (6): {"status":"success","product_id":12636,"sku":"HS1020M30Z","message":"Product updated successfully"}
2021-02-08T15:17:49+00:00 INFO (6): {"status":"success","product_id":12637,"sku":"HS1020M35Z","message":"Product updated successfully"}
2021-02-08T15:17:53+00:00 INFO (6): {"status":"success","product_id":12637,"sku":"HS1020M35Z","message":"Product updated successfully"}
2021-02-08T15:17:57+00:00 INFO (6): {"status":"success","product_id":2566,"sku":"HS1020M40","message":"Product updated successfully"}
2021-02-08T15:17:58+00:00 INFO (6): {"status":"success","product_id":2566,"sku":"HS1020M40","message":"Product updated successfully"}
2021-02-08T15:18:00+00:00 INFO (6): {"status":"success","product_id":12638,"sku":"HS1020M40Z","message":"Product updated successfully"}
2021-02-08T15:18:05+00:00 INFO (6): {"status":"success","product_id":12638,"sku":"HS1020M40Z","message":"Product updated successfully"}
2021-02-08T15:18:10+00:00 INFO (6): {"status":"success","product_id":2567,"sku":"HS1020M45","message":"Product updated successfully"}
2021-02-08T15:18:11+00:00 INFO (6): {"status":"success","product_id":2567,"sku":"HS1020M45","message":"Product updated successfully"}
2021-02-08T15:18:14+00:00 INFO (6): {"status":"success","product_id":12639,"sku":"HS1020M45Z","message":"Product updated successfully"}
2021-02-08T15:18:18+00:00 INFO (6): {"status":"success","product_id":12639,"sku":"HS1020M45Z","message":"Product updated successfully"}
2021-02-08T15:18:22+00:00 INFO (6): {"status":"success","product_id":2568,"sku":"HS1020M50","message":"Product updated successfully"}
2021-02-08T15:18:23+00:00 INFO (6): {"status":"success","product_id":2568,"sku":"HS1020M50","message":"Product updated successfully"}
2021-02-08T15:18:25+00:00 INFO (6): {"status":"success","product_id":12640,"sku":"HS1020M50Z","message":"Product updated successfully"}
2021-02-08T15:18:30+00:00 INFO (6): {"status":"success","product_id":12640,"sku":"HS1020M50Z","message":"Product updated successfully"}
2021-02-08T15:18:34+00:00 INFO (6): {"status":"success","product_id":2862,"sku":"HS1020M55","message":"Product updated successfully"}
2021-02-08T15:18:35+00:00 INFO (6): {"status":"success","product_id":2862,"sku":"HS1020M55","message":"Product updated successfully"}
2021-02-08T15:18:38+00:00 INFO (6): {"status":"success","product_id":12642,"sku":"HS1020M55Z","message":"Product updated successfully"}
2021-02-08T15:18:42+00:00 INFO (6): {"status":"success","product_id":12642,"sku":"HS1020M55Z","message":"Product updated successfully"}
2021-02-08T15:18:46+00:00 INFO (6): {"status":"success","product_id":2569,"sku":"HS1020M60","message":"Product updated successfully"}
2021-02-08T15:18:47+00:00 INFO (6): {"status":"success","product_id":2569,"sku":"HS1020M60","message":"Product updated successfully"}
2021-02-08T15:18:49+00:00 INFO (6): {"status":"success","product_id":12641,"sku":"HS1020M60Z","message":"Product updated successfully"}
2021-02-08T15:18:53+00:00 INFO (6): {"status":"success","product_id":12641,"sku":"HS1020M60Z","message":"Product updated successfully"}
2021-02-08T15:18:58+00:00 INFO (6): {"status":"success","product_id":2863,"sku":"HS1020M65","message":"Product updated successfully"}
2021-02-08T15:19:00+00:00 INFO (6): {"status":"success","product_id":2863,"sku":"HS1020M65","message":"Product updated successfully"}
2021-02-08T15:19:02+00:00 INFO (6): {"status":"success","product_id":2847,"sku":"HS1020M70","message":"Product updated successfully"}
2021-02-08T15:19:07+00:00 INFO (6): {"status":"success","product_id":2847,"sku":"HS1020M70","message":"Product updated successfully"}
2021-02-08T15:19:11+00:00 INFO (6): {"status":"success","product_id":12643,"sku":"HS1020M70Z","message":"Product updated successfully"}
2021-02-08T15:19:12+00:00 INFO (6): {"status":"success","product_id":12643,"sku":"HS1020M70Z","message":"Product updated successfully"}
2021-02-08T15:19:13+00:00 INFO (6): {"status":"success","product_id":2848,"sku":"HS1020M80","message":"Product updated successfully"}
2021-02-08T15:19:18+00:00 INFO (6): {"status":"success","product_id":2848,"sku":"HS1020M80","message":"Product updated successfully"}
2021-02-08T15:19:23+00:00 INFO (6): {"status":"success","product_id":2849,"sku":"HS1020M90","message":"Product updated successfully"}
2021-02-08T15:19:25+00:00 INFO (6): {"status":"success","product_id":2849,"sku":"HS1020M90","message":"Product updated successfully"}
2021-02-08T15:19:27+00:00 INFO (6): {"status":"success","product_id":41279,"sku":"HS1022M30Z","message":"Product updated successfully"}
2021-02-08T15:19:31+00:00 INFO (6): {"status":"success","product_id":41279,"sku":"HS1022M30Z","message":"Product updated successfully"}
2021-02-08T15:19:36+00:00 INFO (6): {"status":"success","product_id":12662,"sku":"HS1022M35Z","message":"Product updated successfully"}
2021-02-08T15:19:37+00:00 INFO (6): {"status":"success","product_id":12662,"sku":"HS1022M35Z","message":"Product updated successfully"}
2021-02-08T15:19:38+00:00 INFO (6): {"status":"success","product_id":12663,"sku":"HS1022M40Z","message":"Product updated successfully"}
2021-02-08T15:19:42+00:00 INFO (6): {"status":"success","product_id":12663,"sku":"HS1022M40Z","message":"Product updated successfully"}
2021-02-08T15:19:46+00:00 INFO (6): {"status":"success","product_id":12664,"sku":"HS1022M45Z","message":"Product updated successfully"}
2021-02-08T15:19:47+00:00 INFO (6): {"status":"success","product_id":12664,"sku":"HS1022M45Z","message":"Product updated successfully"}
2021-02-08T15:19:49+00:00 INFO (6): {"status":"success","product_id":12665,"sku":"HS1022M50Z","message":"Product updated successfully"}
2021-02-08T15:19:53+00:00 INFO (6): {"status":"success","product_id":12665,"sku":"HS1022M50Z","message":"Product updated successfully"}
2021-02-08T15:19:57+00:00 INFO (6): {"status":"success","product_id":2854,"sku":"HS1024M100","message":"Product updated successfully"}
2021-02-08T15:19:58+00:00 INFO (6): {"status":"success","product_id":2854,"sku":"HS1024M100","message":"Product updated successfully"}
2021-02-08T15:20:01+00:00 INFO (6): {"status":"success","product_id":2855,"sku":"HS1024M120","message":"Product updated successfully"}
2021-02-08T15:20:05+00:00 INFO (6): {"status":"success","product_id":2855,"sku":"HS1024M120","message":"Product updated successfully"}
2021-02-08T15:20:10+00:00 INFO (6): {"status":"success","product_id":41276,"sku":"HS1024M40Z","message":"Product updated successfully"}
2021-02-08T15:20:11+00:00 INFO (6): {"status":"success","product_id":41276,"sku":"HS1024M40Z","message":"Product updated successfully"}
2021-02-08T15:20:14+00:00 INFO (6): {"status":"success","product_id":2575,"sku":"HS1024M50","message":"Product updated successfully"}
2021-02-08T15:20:18+00:00 INFO (6): {"status":"success","product_id":12645,"sku":"HS1024M50Z","message":"Product updated successfully"}
2021-02-08T15:20:20+00:00 INFO (6): {"status":"success","product_id":2575,"sku":"HS1024M50","message":"Product updated successfully"}
2021-02-08T15:20:20+00:00 INFO (6): {"status":"success","product_id":12645,"sku":"HS1024M50Z","message":"Product updated successfully"}
2021-02-08T15:20:22+00:00 INFO (6): {"status":"success","product_id":12645,"sku":"HS1024M50Z","message":"Product updated successfully"}
2021-02-08T15:20:22+00:00 INFO (6): {"status":"success","product_id":2864,"sku":"HS1024M55","message":"Product updated successfully"}
2021-02-08T15:20:26+00:00 INFO (6): {"status":"success","product_id":2864,"sku":"HS1024M55","message":"Product updated successfully"}
2021-02-08T15:20:28+00:00 INFO (6): {"status":"success","product_id":2864,"sku":"HS1024M55","message":"Product updated successfully"}
2021-02-08T15:20:34+00:00 INFO (6): {"status":"success","product_id":2570,"sku":"HS1024M60","message":"Product updated successfully"}
2021-02-08T15:20:34+00:00 INFO (6): {"status":"success","product_id":2570,"sku":"HS1024M60","message":"Product updated successfully"}
2021-02-08T15:20:35+00:00 INFO (6): {"status":"success","product_id":2570,"sku":"HS1024M60","message":"Product updated successfully"}
2021-02-08T15:20:37+00:00 INFO (6): {"status":"success","product_id":12646,"sku":"HS1024M60Z","message":"Product updated successfully"}
2021-02-08T15:20:44+00:00 INFO (6): {"status":"success","product_id":12646,"sku":"HS1024M60Z","message":"Product updated successfully"}
2021-02-08T15:20:46+00:00 INFO (6): {"status":"success","product_id":26272,"sku":"HS1024M65","message":"Product updated successfully"}
2021-02-08T15:20:50+00:00 INFO (6): {"status":"success","product_id":26272,"sku":"HS1024M65","message":"Product updated successfully"}
2021-02-08T15:20:54+00:00 INFO (6): {"status":"success","product_id":2571,"sku":"HS1024M70","message":"Product updated successfully"}
2021-02-08T15:20:55+00:00 INFO (6): {"status":"success","product_id":2571,"sku":"HS1024M70","message":"Product updated successfully"}
2021-02-08T15:20:57+00:00 INFO (6): {"status":"success","product_id":12647,"sku":"HS1024M70Z","message":"Product updated successfully"}
2021-02-08T15:21:01+00:00 INFO (6): {"status":"success","product_id":12647,"sku":"HS1024M70Z","message":"Product updated successfully"}
2021-02-08T15:21:06+00:00 INFO (6): {"status":"success","product_id":2865,"sku":"HS1024M75","message":"Product updated successfully"}
2021-02-08T15:21:07+00:00 INFO (6): {"status":"success","product_id":2865,"sku":"HS1024M75","message":"Product updated successfully"}
2021-02-08T15:21:09+00:00 INFO (6): {"status":"success","product_id":2852,"sku":"HS1024M80","message":"Product updated successfully"}
2021-02-08T15:21:13+00:00 INFO (6): {"status":"success","product_id":2852,"sku":"HS1024M80","message":"Product updated successfully"}
2021-02-08T15:21:17+00:00 INFO (6): {"status":"success","product_id":12648,"sku":"HS1024M80Z","message":"Product updated successfully"}
2021-02-08T15:21:18+00:00 INFO (6): {"status":"success","product_id":12648,"sku":"HS1024M80Z","message":"Product updated successfully"}
2021-02-08T15:21:19+00:00 INFO (6): {"status":"success","product_id":2853,"sku":"HS1024M90","message":"Product updated successfully"}
2021-02-08T15:21:24+00:00 INFO (6): {"status":"success","product_id":2853,"sku":"HS1024M90","message":"Product updated successfully"}
2021-02-08T15:21:28+00:00 INFO (6): {"status":"success","product_id":2858,"sku":"HS105M20","message":"Product updated successfully"}
2021-02-08T15:21:30+00:00 INFO (6): {"status":"success","product_id":2858,"sku":"HS105M20","message":"Product updated successfully"}
2021-02-08T15:21:31+00:00 INFO (6): {"status":"success","product_id":2866,"sku":"HS106M16","message":"Product updated successfully"}
2021-02-08T15:21:35+00:00 INFO (6): {"status":"success","product_id":2866,"sku":"HS106M16","message":"Product updated successfully"}
2021-02-08T15:21:43+00:00 INFO (6): {"status":"success","product_id":12537,"sku":"HS106M16Z","message":"Product updated successfully"}
2021-02-08T15:21:45+00:00 INFO (6): {"status":"success","product_id":12537,"sku":"HS106M16Z","message":"Product updated successfully"}
2021-02-08T15:21:48+00:00 INFO (6): {"status":"success","product_id":12538,"sku":"HS106M18Z","message":"Product updated successfully"}
2021-02-08T15:21:54+00:00 INFO (6): {"status":"success","product_id":12538,"sku":"HS106M18Z","message":"Product updated successfully"}
2021-02-08T15:21:58+00:00 INFO (6): {"status":"success","product_id":2867,"sku":"HS106M20","message":"Product updated successfully"}
2021-02-08T15:22:00+00:00 INFO (6): {"status":"success","product_id":2867,"sku":"HS106M20","message":"Product updated successfully"}
2021-02-08T15:22:01+00:00 INFO (6): {"status":"success","product_id":12539,"sku":"HS106M20Z","message":"Product updated successfully"}
2021-02-08T15:22:06+00:00 INFO (6): {"status":"success","product_id":12539,"sku":"HS106M20Z","message":"Product updated successfully"}
2021-02-08T15:22:09+00:00 INFO (6): {"status":"success","product_id":2868,"sku":"HS106M25","message":"Product updated successfully"}
2021-02-08T15:22:11+00:00 INFO (6): {"status":"success","product_id":2868,"sku":"HS106M25","message":"Product updated successfully"}
2021-02-08T15:22:12+00:00 INFO (6): {"status":"success","product_id":12540,"sku":"HS106M25Z","message":"Product updated successfully"}
2021-02-08T15:22:16+00:00 INFO (6): {"status":"success","product_id":12540,"sku":"HS106M25Z","message":"Product updated successfully"}
2021-02-08T15:22:21+00:00 INFO (6): {"status":"success","product_id":2827,"sku":"HS108M12","message":"Product updated successfully"}
2021-02-08T15:22:22+00:00 INFO (6): {"status":"success","product_id":2827,"sku":"HS108M12","message":"Product updated successfully"}
2021-02-08T15:22:25+00:00 INFO (6): {"status":"success","product_id":2869,"sku":"HS108M16","message":"Product updated successfully"}
2021-02-08T15:22:29+00:00 INFO (6): {"status":"success","product_id":2869,"sku":"HS108M16","message":"Product updated successfully"}
2021-02-08T15:22:33+00:00 INFO (6): {"status":"success","product_id":12541,"sku":"HS108M16Z","message":"Product updated successfully"}
2021-02-08T15:22:34+00:00 INFO (6): {"status":"success","product_id":12541,"sku":"HS108M16Z","message":"Product updated successfully"}
2021-02-08T15:22:36+00:00 INFO (6): {"status":"success","product_id":2870,"sku":"HS108M20","message":"Product updated successfully"}
2021-02-08T15:22:39+00:00 INFO (6): {"status":"success","product_id":2870,"sku":"HS108M20","message":"Product updated successfully"}
2021-02-08T15:22:45+00:00 INFO (6): {"status":"success","product_id":12542,"sku":"HS108M20Z","message":"Product updated successfully"}
2021-02-08T15:22:45+00:00 INFO (6): {"status":"success","product_id":12542,"sku":"HS108M20Z","message":"Product updated successfully"}
2021-02-08T15:22:48+00:00 INFO (6): {"status":"success","product_id":2871,"sku":"HS108M25","message":"Product updated successfully"}
2021-02-08T15:22:52+00:00 INFO (6): {"status":"success","product_id":2871,"sku":"HS108M25","message":"Product updated successfully"}
2021-02-08T15:22:57+00:00 INFO (6): {"status":"success","product_id":12543,"sku":"HS108M25Z","message":"Product updated successfully"}
2021-02-08T15:22:58+00:00 INFO (6): {"status":"success","product_id":12543,"sku":"HS108M25Z","message":"Product updated successfully"}
2021-02-08T15:23:01+00:00 INFO (6): {"status":"success","product_id":2872,"sku":"HS108M30","message":"Product updated successfully"}
2021-02-08T15:23:07+00:00 INFO (6): {"status":"success","product_id":2872,"sku":"HS108M30","message":"Product updated successfully"}
2021-02-08T15:23:12+00:00 INFO (6): {"status":"success","product_id":41272,"sku":"HS108M30Z","message":"Product updated successfully"}
2021-02-08T15:23:12+00:00 INFO (6): {"status":"success","product_id":41272,"sku":"HS108M30Z","message":"Product updated successfully"}
2021-02-08T15:23:14+00:00 INFO (6): {"status":"success","product_id":2822,"sku":"HS108M35","message":"Product updated successfully"}
2021-02-08T15:23:19+00:00 INFO (6): {"status":"success","product_id":2822,"sku":"HS108M35","message":"Product updated successfully"}
2021-02-08T15:23:24+00:00 INFO (6): {"status":"success","product_id":12378,"sku":"HS108M35Z","message":"Product updated successfully"}
2021-02-08T15:23:25+00:00 INFO (6): {"status":"success","product_id":12378,"sku":"HS108M35Z","message":"Product updated successfully"}
2021-02-08T15:23:27+00:00 INFO (6): {"status":"success","product_id":2823,"sku":"HS108M40","message":"Product updated successfully"}
2021-02-08T15:23:31+00:00 INFO (6): {"status":"success","product_id":2823,"sku":"HS108M40","message":"Product updated successfully"}
2021-02-08T15:23:35+00:00 INFO (6): {"status":"success","product_id":12659,"sku":"HS108M40Z","message":"Product updated successfully"}
2021-02-08T15:23:36+00:00 INFO (6): {"status":"success","product_id":12659,"sku":"HS108M40Z","message":"Product updated successfully"}
2021-02-08T15:23:38+00:00 INFO (6): {"status":"success","product_id":2824,"sku":"HS108M45","message":"Product updated successfully"}
2021-02-08T15:23:42+00:00 INFO (6): {"status":"success","product_id":2824,"sku":"HS108M45","message":"Product updated successfully"}
2021-02-08T15:23:46+00:00 INFO (6): {"status":"success","product_id":2825,"sku":"HS108M50","message":"Product updated successfully"}
2021-02-08T15:23:47+00:00 INFO (6): {"status":"success","product_id":2825,"sku":"HS108M50","message":"Product updated successfully"}
2021-02-08T15:23:49+00:00 INFO (6): {"status":"success","product_id":2826,"sku":"HS108M70","message":"Product updated successfully"}
2021-02-08T15:23:52+00:00 INFO (6): {"status":"success","product_id":2826,"sku":"HS108M70","message":"Product updated successfully"}
2021-02-08T15:23:55+00:00 INFO (6): {"status":"success","product_id":32896,"sku":"KUN1005","message":"Product updated successfully"}
2021-02-08T15:23:57+00:00 INFO (6): {"status":"success","product_id":32896,"sku":"KUN1005","message":"Product updated successfully"}
2021-02-08T15:23:59+00:00 INFO (6): {"status":"success","product_id":32897,"sku":"KUN1020","message":"Product updated successfully"}
2021-02-08T15:24:01+00:00 INFO (6): {"status":"success","product_id":32897,"sku":"KUN1020","message":"Product updated successfully"}
2021-02-08T15:24:03+00:00 INFO (6): {"status":"success","product_id":32935,"sku":"KUN1025","message":"Product updated successfully"}
2021-02-08T15:24:05+00:00 INFO (6): {"status":"success","product_id":32935,"sku":"KUN1025","message":"Product updated successfully"}
2021-02-08T15:24:10+00:00 INFO (6): {"status":"success","product_id":35500,"sku":"MOL10301","message":"Product updated successfully"}
2021-02-08T15:24:11+00:00 INFO (6): {"status":"success","product_id":35500,"sku":"MOL10301","message":"Product updated successfully"}
2021-02-08T15:24:15+00:00 INFO (6): {"status":"success","product_id":35501,"sku":"MOL236012","message":"Product updated successfully"}
2021-02-08T15:24:16+00:00 INFO (6): {"status":"success","product_id":35501,"sku":"MOL236012","message":"Product updated successfully"}
2021-02-08T15:24:18+00:00 INFO (6): {"status":"success","product_id":35502,"sku":"MOL2365","message":"Product updated successfully"}
2021-02-08T15:24:19+00:00 INFO (6): {"status":"success","product_id":35502,"sku":"MOL2365","message":"Product updated successfully"}
2021-02-08T15:24:26+00:00 INFO (6): {"status":"success","product_id":35503,"sku":"MOL2405","message":"Product updated successfully"}
2021-02-08T15:24:27+00:00 INFO (6): {"status":"success","product_id":35503,"sku":"MOL2405","message":"Product updated successfully"}
2021-02-08T15:24:29+00:00 INFO (6): {"status":"success","product_id":35505,"sku":"MOL2475","message":"Product updated successfully"}
2021-02-08T15:24:30+00:00 INFO (6): {"status":"success","product_id":35505,"sku":"MOL2475","message":"Product updated successfully"}
2021-02-08T15:24:31+00:00 INFO (6): {"status":"success","product_id":35506,"sku":"MOL2485","message":"Product updated successfully"}
2021-02-08T15:24:32+00:00 INFO (6): {"status":"success","product_id":35506,"sku":"MOL2485","message":"Product updated successfully"}
2021-02-08T15:24:34+00:00 INFO (6): {"status":"success","product_id":35507,"sku":"MOL2495","message":"Product updated successfully"}
2021-02-08T15:24:34+00:00 INFO (6): {"status":"success","product_id":35507,"sku":"MOL2495","message":"Product updated successfully"}
2021-02-08T15:24:41+00:00 INFO (6): {"status":"success","product_id":35508,"sku":"MOL2505","message":"Product updated successfully"}
2021-02-08T15:24:43+00:00 INFO (6): {"status":"success","product_id":35508,"sku":"MOL2505","message":"Product updated successfully"}
2021-02-08T15:24:44+00:00 INFO (6): {"status":"success","product_id":35509,"sku":"MOL2555","message":"Product updated successfully"}
2021-02-08T15:24:45+00:00 INFO (6): {"status":"success","product_id":35509,"sku":"MOL2555","message":"Product updated successfully"}
2021-02-08T15:24:47+00:00 INFO (6): {"status":"success","product_id":35572,"sku":"MOL330801","message":"Product updated successfully"}
2021-02-08T15:24:49+00:00 INFO (6): {"status":"success","product_id":35573,"sku":"MOL3405","message":"Product updated successfully"}
2021-02-08T15:24:52+00:00 INFO (6): {"status":"success","product_id":35574,"sku":"MOL340512","message":"Product updated successfully"}
2021-02-08T15:24:55+00:00 INFO (6): {"status":"success","product_id":35575,"sku":"MOL340801","message":"Product updated successfully"}
2021-02-08T15:24:58+00:00 INFO (6): {"status":"success","product_id":35576,"sku":"MOL399401","message":"Product updated successfully"}
2021-02-08T15:25:13+00:00 INFO (6): {"status":"success","product_id":25292,"sku":"MOL5120","message":"Product updated successfully"}
2021-02-08T15:25:16+00:00 INFO (6): {"status":"success","product_id":25373,"sku":"MOL5230","message":"Product updated successfully"}
2021-02-08T15:25:17+00:00 INFO (6): {"status":"success","product_id":25373,"sku":"MOL5230","message":"Product updated successfully"}
2021-02-08T15:25:19+00:00 INFO (6): {"status":"success","product_id":25374,"sku":"MOL5330","message":"Product updated successfully"}
2021-02-08T15:25:20+00:00 INFO (6): {"status":"success","product_id":25374,"sku":"MOL5330","message":"Product updated successfully"}
2021-02-08T15:25:23+00:00 INFO (6): {"status":"success","product_id":25375,"sku":"MOL5430","message":"Product updated successfully"}
2021-02-08T15:25:24+00:00 INFO (6): {"status":"success","product_id":25375,"sku":"MOL5430","message":"Product updated successfully"}
2021-02-08T15:25:27+00:00 INFO (6): {"status":"success","product_id":25376,"sku":"MOL598401","message":"Product updated successfully"}
2021-02-08T15:25:27+00:00 INFO (6): {"status":"success","product_id":25376,"sku":"MOL598401","message":"Product updated successfully"}
2021-02-08T15:25:34+00:00 INFO (6): {"status":"success","product_id":25377,"sku":"MOL6110","message":"Product updated successfully"}
2021-02-08T15:25:37+00:00 INFO (6): {"status":"success","product_id":25378,"sku":"MOL6120","message":"Product updated successfully"}
2021-02-08T15:25:40+00:00 INFO (6): {"status":"success","product_id":25379,"sku":"MOL6130","message":"Product updated successfully"}
2021-02-08T15:25:42+00:00 INFO (6): {"status":"success","product_id":25380,"sku":"MOL6140","message":"Product updated successfully"}
2021-02-08T15:25:46+00:00 INFO (6): {"status":"success","product_id":25381,"sku":"MOL6200","message":"Product updated successfully"}
2021-02-08T15:25:47+00:00 INFO (6): {"status":"success","product_id":25382,"sku":"MOL6400","message":"Product updated successfully"}
2021-02-08T15:25:49+00:00 INFO (6): {"status":"success","product_id":25383,"sku":"MOL6401","message":"Product updated successfully"}
2021-02-08T15:25:51+00:00 INFO (6): {"status":"success","product_id":25384,"sku":"MOL641101","message":"Product updated successfully"}
2021-02-08T15:25:53+00:00 INFO (6): {"status":"success","product_id":25385,"sku":"MOL6441","message":"Product updated successfully"}
2021-02-08T15:25:56+00:00 INFO (6): {"status":"success","product_id":25386,"sku":"MOL6451","message":"Product updated successfully"}
2021-02-08T15:25:58+00:00 INFO (6): {"status":"success","product_id":25454,"sku":"MOL6700","message":"Product updated successfully"}
2021-02-08T15:26:00+00:00 INFO (6): {"status":"success","product_id":25455,"sku":"MOL6810","message":"Product updated successfully"}
2021-02-08T15:26:01+00:00 INFO (6): {"status":"success","product_id":25456,"sku":"MOL6825","message":"Product updated successfully"}
2021-02-08T15:26:04+00:00 INFO (6): {"status":"success","product_id":25457,"sku":"MOL6900","message":"Product updated successfully"}
2021-02-08T15:26:07+00:00 INFO (6): {"status":"success","product_id":25458,"sku":"MOL7002","message":"Product updated successfully"}
2021-02-08T15:26:09+00:00 INFO (6): {"status":"success","product_id":25459,"sku":"MOL703201","message":"Product updated successfully"}
2021-02-08T15:26:12+00:00 INFO (6): {"status":"success","product_id":25460,"sku":"MOL7060","message":"Product updated successfully"}
2021-02-08T15:26:14+00:00 INFO (6): {"status":"success","product_id":25461,"sku":"MOL712202","message":"Product updated successfully"}
2021-02-08T15:26:17+00:00 INFO (6): {"status":"success","product_id":25462,"sku":"MOL723202","message":"Product updated successfully"}
2021-02-08T15:26:20+00:00 INFO (6): {"status":"success","product_id":25463,"sku":"MOL743202","message":"Product updated successfully"}
2021-02-08T15:26:23+00:00 INFO (6): {"status":"success","product_id":25464,"sku":"MOL7625","message":"Product updated successfully"}
2021-02-08T15:26:25+00:00 INFO (6): {"status":"success","product_id":25465,"sku":"MOL7812","message":"Product updated successfully"}
2021-02-08T15:26:27+00:00 INFO (6): {"status":"success","product_id":25466,"sku":"MOL808001","message":"Product updated successfully"}
2021-02-08T15:26:30+00:00 INFO (6): {"status":"success","product_id":25467,"sku":"MOL890001","message":"Product updated successfully"}
2021-02-08T15:26:32+00:00 INFO (6): {"status":"success","product_id":25468,"sku":"MOL9002","message":"Product updated successfully"}
2021-02-08T15:26:34+00:00 INFO (6): {"status":"success","product_id":25538,"sku":"MOL9030","message":"Product updated successfully"}
2021-02-08T15:26:36+00:00 INFO (6): {"status":"success","product_id":25539,"sku":"MOL9120122","message":"Product updated successfully"}
2021-02-08T15:26:38+00:00 INFO (6): {"status":"success","product_id":25540,"sku":"MOL9230122","message":"Product updated successfully"}
2021-02-08T15:26:41+00:00 INFO (6): {"status":"success","product_id":25541,"sku":"MOL9400","message":"Product updated successfully"}
2021-02-08T15:26:43+00:00 INFO (6): {"status":"success","product_id":25542,"sku":"MOL9430","message":"Product updated successfully"}
2021-02-08T15:26:45+00:00 INFO (6): {"status":"success","product_id":25543,"sku":"MOL9430122","message":"Product updated successfully"}
2021-02-08T15:26:47+00:00 INFO (6): {"status":"success","product_id":25544,"sku":"MOL943201","message":"Product updated successfully"}
2021-02-08T15:26:50+00:00 INFO (6): {"status":"success","product_id":42271,"sku":"MX001","message":"Product updated successfully"}
2021-02-08T15:26:59+00:00 INFO (6): {"status":"success","product_id":36338,"sku":"PLABJP700","message":"Product updated successfully"}
2021-02-08T15:27:01+00:00 INFO (6): {"status":"success","product_id":36339,"sku":"PLABJP735","message":"Product updated successfully"}
2021-02-08T15:27:05+00:00 INFO (6): {"status":"success","product_id":36340,"sku":"PLABP539","message":"Product updated successfully"}
2021-02-08T15:27:08+00:00 INFO (6): {"status":"success","product_id":36345,"sku":"PLADR106","message":"Product updated successfully"}
2021-02-08T15:27:11+00:00 INFO (6): {"status":"success","product_id":36346,"sku":"PLADR308","message":"Product updated successfully"}
2021-02-08T15:27:18+00:00 INFO (6): {"status":"success","product_id":36353,"sku":"PLAHMSS005","message":"Product updated successfully"}
2021-02-08T15:27:21+00:00 INFO (6): {"status":"success","product_id":36354,"sku":"PLAHNSS010","message":"Product updated successfully"}
2021-02-08T15:27:23+00:00 INFO (6): {"status":"success","product_id":35212,"sku":"PLAHWHS010","message":"Product updated successfully"}
2021-02-08T15:30:05+00:00 INFO (6): {"status":"success","product_id":35213,"sku":"PLAHWR100","message":"Product updated successfully"}
2021-02-08T15:30:07+00:00 INFO (6): {"status":"success","product_id":35214,"sku":"PLAHWRS010","message":"Product updated successfully"}
2021-02-08T15:30:10+00:00 INFO (6): {"status":"success","product_id":35215,"sku":"PLAHWST005","message":"Product updated successfully"}
2021-02-08T15:30:14+00:00 INFO (6): {"status":"success","product_id":35216,"sku":"PLAHWST010","message":"Product updated successfully"}
2021-02-08T15:30:17+00:00 INFO (6): {"status":"success","product_id":35217,"sku":"PLAHWSTS05","message":"Product updated successfully"}
2021-02-08T15:30:23+00:00 INFO (6): {"status":"success","product_id":35218,"sku":"PLAKBA106","message":"Product updated successfully"}
2021-02-08T15:30:25+00:00 INFO (6): {"status":"success","product_id":35219,"sku":"PLAKBR112","message":"Product updated successfully"}
2021-02-08T15:30:31+00:00 INFO (6): {"status":"success","product_id":35220,"sku":"PLAKCB105","message":"Product updated successfully"}
2021-02-08T15:30:35+00:00 INFO (6): {"status":"success","product_id":35221,"sku":"PLAKGG109","message":"Product updated successfully"}
2021-02-08T15:30:37+00:00 INFO (6): {"status":"success","product_id":35222,"sku":"PLAKHD110","message":"Product updated successfully"}
2021-02-08T15:30:40+00:00 INFO (6): {"status":"success","product_id":35223,"sku":"PLAKMI102","message":"Product updated successfully"}
2021-02-08T15:30:44+00:00 INFO (6): {"status":"success","product_id":35224,"sku":"PLAKMIX150","message":"Product updated successfully"}
2021-02-08T15:30:47+00:00 INFO (6): {"status":"success","product_id":35225,"sku":"PLAKOD108","message":"Product updated successfully"}
2021-02-08T15:30:51+00:00 INFO (6): {"status":"success","product_id":35226,"sku":"PLAKPE107","message":"Product updated successfully"}
2021-02-08T15:30:54+00:00 INFO (6): {"status":"success","product_id":35227,"sku":"PLAKRA111","message":"Product updated successfully"}
2021-02-08T15:30:57+00:00 INFO (6): {"status":"success","product_id":35228,"sku":"PLAKSH101","message":"Product updated successfully"}
2021-02-08T15:31:00+00:00 INFO (6): {"status":"success","product_id":35281,"sku":"PLAKSW150","message":"Product updated successfully"}
2021-02-08T15:31:04+00:00 INFO (6): {"status":"success","product_id":35282,"sku":"PLAKTVH104","message":"Product updated successfully"}
2021-02-08T15:31:07+00:00 INFO (6): {"status":"success","product_id":35283,"sku":"PLAKTVS103","message":"Product updated successfully"}
2021-02-08T15:31:10+00:00 INFO (6): {"status":"success","product_id":35284,"sku":"PLAMFA500","message":"Product updated successfully"}
2021-02-08T15:31:12+00:00 INFO (6): {"status":"success","product_id":35285,"sku":"PLAMFA520","message":"Product updated successfully"}
2021-02-08T15:31:15+00:00 INFO (6): {"status":"success","product_id":35287,"sku":"PLAMSDF255","message":"Product updated successfully"}
2021-02-08T15:31:16+00:00 INFO (6): {"status":"success","product_id":35289,"sku":"PLARP187","message":"Product updated successfully"}
2021-02-08T15:31:18+00:00 INFO (6): {"status":"success","product_id":35291,"sku":"PLASAP505","message":"Product updated successfully"}
2021-02-08T15:31:20+00:00 INFO (6): {"status":"success","product_id":35292,"sku":"PLASBJP551","message":"Product updated successfully"}
2021-02-08T15:31:22+00:00 INFO (6): {"status":"success","product_id":35293,"sku":"PLASBP503","message":"Product updated successfully"}
2021-02-08T15:31:24+00:00 INFO (6): {"status":"success","product_id":35295,"sku":"PLASDR556","message":"Product updated successfully"}
2021-02-08T15:31:26+00:00 INFO (6): {"status":"success","product_id":35296,"sku":"PLASGP550","message":"Product updated successfully"}
2021-02-08T15:31:28+00:00 INFO (6): {"status":"success","product_id":35298,"sku":"PLASRP502","message":"Product updated successfully"}
2021-02-08T15:31:35+00:00 INFO (6): {"status":"success","product_id":35299,"sku":"PLASSCP558","message":"Product updated successfully"}
2021-02-08T15:31:37+00:00 INFO (6): {"status":"success","product_id":35347,"sku":"PLASSTC554","message":"Product updated successfully"}
2021-02-08T15:31:40+00:00 INFO (6): {"status":"success","product_id":35348,"sku":"PLASUTB010","message":"Product updated successfully"}
2021-02-08T15:31:43+00:00 INFO (6): {"status":"success","product_id":35349,"sku":"PLASWRS20","message":"Product updated successfully"}
2021-02-08T15:31:45+00:00 INFO (6): {"status":"success","product_id":35350,"sku":"PLASYP501","message":"Product updated successfully"}
2021-02-08T15:31:54+00:00 INFO (6): {"status":"success","product_id":35351,"sku":"PLAWRB526","message":"Product updated successfully"}
2021-02-08T15:31:57+00:00 INFO (6): {"status":"success","product_id":41688,"sku":"PR796","message":"Product updated successfully"}
2021-02-08T15:32:04+00:00 INFO (6): {"status":"success","product_id":34940,"sku":"RAW21452","message":"Product updated successfully"}
2021-02-08T15:32:11+00:00 INFO (6): {"status":"success","product_id":35015,"sku":"RAW44050","message":"Product updated successfully"}
2021-02-08T15:32:16+00:00 INFO (6): {"status":"success","product_id":35019,"sku":"RAW44100","message":"Product updated successfully"}
2021-02-08T15:32:19+00:00 INFO (6): {"status":"success","product_id":35024,"sku":"RAW44150","message":"Product updated successfully"}
2021-02-08T15:32:24+00:00 INFO (6): {"status":"success","product_id":35120,"sku":"RAW67480","message":"Product updated successfully"}
2021-02-08T15:32:26+00:00 INFO (6): {"status":"success","product_id":35121,"sku":"RAW67484","message":"Product updated successfully"}
2021-02-08T15:32:29+00:00 INFO (6): {"status":"success","product_id":35122,"sku":"RAW67486","message":"Product updated successfully"}
2021-02-08T15:32:31+00:00 INFO (6): {"status":"success","product_id":35123,"sku":"RAW67488","message":"Product updated successfully"}
2021-02-08T15:32:34+00:00 INFO (6): {"status":"success","product_id":42279,"sku":"RAWM1010LB","message":"Product updated successfully"}
2021-02-08T15:32:37+00:00 INFO (6): {"status":"success","product_id":42280,"sku":"RAWM1015PB","message":"Product updated successfully"}
2021-02-08T15:32:39+00:00 INFO (6): {"status":"success","product_id":42281,"sku":"RAWM1025LB","message":"Product updated successfully"}
2021-02-08T15:32:42+00:00 INFO (6): {"status":"success","product_id":42282,"sku":"RAWM1030PB","message":"Product updated successfully"}
2021-02-08T15:32:45+00:00 INFO (6): {"status":"success","product_id":42283,"sku":"RAWM1050LB","message":"Product updated successfully"}
2021-02-08T15:32:47+00:00 INFO (6): {"status":"success","product_id":42284,"sku":"RAWM1060PB","message":"Product updated successfully"}
2021-02-08T15:32:50+00:00 INFO (6): {"status":"success","product_id":42285,"sku":"RAWM1075LB","message":"Product updated successfully"}
2021-02-08T15:32:52+00:00 INFO (6): {"status":"success","product_id":42286,"sku":"RAWM10EYEB","message":"Product updated successfully"}
2021-02-08T15:32:54+00:00 INFO (6): {"status":"success","product_id":42287,"sku":"RAWM1210LB","message":"Product updated successfully"}
2021-02-08T15:32:57+00:00 INFO (6): {"status":"success","product_id":42288,"sku":"RAWM1225LB","message":"Product updated successfully"}
2021-02-08T15:33:00+00:00 INFO (6): {"status":"success","product_id":42289,"sku":"RAWM1230PB","message":"Product updated successfully"}
2021-02-08T15:33:04+00:00 INFO (6): {"status":"success","product_id":42290,"sku":"RAWM1240LB","message":"Product updated successfully"}
2021-02-08T15:33:08+00:00 INFO (6): {"status":"success","product_id":42291,"sku":"RAWM1275PB","message":"Product updated successfully"}
2021-02-08T15:33:11+00:00 INFO (6): {"status":"success","product_id":42292,"sku":"RAWM12EYEB","message":"Product updated successfully"}
2021-02-08T15:33:13+00:00 INFO (6): {"status":"success","product_id":42293,"sku":"RAWM625LB","message":"Product updated successfully"}
2021-02-08T15:33:16+00:00 INFO (6): {"status":"success","product_id":42294,"sku":"RAWM640LB","message":"Product updated successfully"}
2021-02-08T15:33:19+00:00 INFO (6): {"status":"success","product_id":42295,"sku":"RG198BLUE","message":"Product updated successfully"}
2021-02-08T15:33:22+00:00 INFO (6): {"status":"success","product_id":42296,"sku":"RG199BLUE","message":"Product updated successfully"}
2021-02-08T15:33:24+00:00 INFO (6): {"status":"success","product_id":29195,"sku":"RKRFF4000","message":"Product updated successfully"}
2021-02-08T15:33:27+00:00 INFO (6): {"status":"success","product_id":34125,"sku":"RNKSGCLEAR","message":"Product updated successfully"}
2021-02-08T15:33:28+00:00 INFO (6): {"status":"success","product_id":34049,"sku":"ROU52070","message":"Product updated successfully"}
2021-02-08T15:33:30+00:00 INFO (6): {"status":"success","product_id":34051,"sku":"ROU52090","message":"Product updated successfully"}
2021-02-08T15:33:34+00:00 INFO (6): {"status":"success","product_id":42305,"sku":"RV01XWHIT","message":"Product updated successfully"}
2021-02-08T15:33:37+00:00 INFO (6): {"status":"success","product_id":42306,"sku":"RV04XBLUE","message":"Product updated successfully"}
2021-02-08T15:33:41+00:00 INFO (6): {"status":"success","product_id":42307,"sku":"RV09","message":"Product updated successfully"}
2021-02-08T15:33:44+00:00 INFO (6): {"status":"success","product_id":42308,"sku":"RV15X","message":"Product updated successfully"}
2021-02-08T15:33:46+00:00 INFO (6): {"status":"success","product_id":41689,"sku":"SS990","message":"Product updated successfully"}
2021-02-08T15:33:58+00:00 INFO (6): {"status":"success","product_id":40408,"sku":"STA070411","message":"Product updated successfully"}
2021-02-08T15:34:04+00:00 INFO (6): {"status":"success","product_id":40477,"sku":"STA070868","message":"Product updated successfully"}
2021-02-08T15:34:06+00:00 INFO (6): {"status":"success","product_id":40632,"sku":"STA080550","message":"Product updated successfully"}
2021-02-08T15:34:13+00:00 INFO (6): {"status":"success","product_id":40916,"sku":"STA0PHT150","message":"Product updated successfully"}
2021-02-08T15:34:14+00:00 INFO (6): {"status":"success","product_id":40917,"sku":"STA0PHT350","message":"Product updated successfully"}
2021-02-08T15:34:26+00:00 INFO (6): {"status":"success","product_id":40124,"sku":"STA1PAA44","message":"Product updated successfully"}
2021-02-08T15:34:28+00:00 INFO (6): {"status":"success","product_id":40125,"sku":"STA1PAA48","message":"Product updated successfully"}
2021-02-08T15:34:30+00:00 INFO (6): {"status":"success","product_id":40126,"sku":"STA1PAA52","message":"Product updated successfully"}
2021-02-08T15:34:32+00:00 INFO (6): {"status":"success","product_id":40127,"sku":"STA1PAA54","message":"Product updated successfully"}
2021-02-08T15:34:34+00:00 INFO (6): {"status":"success","product_id":40128,"sku":"STA1PAA58","message":"Product updated successfully"}
2021-02-08T15:34:37+00:00 INFO (6): {"status":"success","product_id":40027,"sku":"STV333","message":"Product updated successfully"}
2021-02-08T15:34:39+00:00 INFO (6): {"status":"success","product_id":41690,"sku":"SW001","message":"Product updated successfully"}
2021-02-08T15:34:42+00:00 INFO (6): {"status":"success","product_id":42400,"sku":"UA900BK","message":"Product updated successfully"}
2021-02-08T15:34:54+00:00 INFO (6): {"status":"success","product_id":42401,"sku":"UCRST200","message":"Product updated successfully"}
2021-02-08T15:35:01+00:00 INFO (6): {"status":"success","product_id":42402,"sku":"UCRST400","message":"Product updated successfully"}
2021-02-08T15:35:04+00:00 INFO (6): {"status":"success","product_id":42502,"sku":"UPOP38L","message":"Product updated successfully"}
2021-02-08T15:35:04+00:00 INFO (6): {"status":"success","product_id":42502,"sku":"UPOP38L","message":"Product updated successfully"}
2021-02-08T15:35:06+00:00 INFO (6): {"status":"success","product_id":42503,"sku":"UPOTRAG50","message":"Product updated successfully"}
2021-02-08T15:35:07+00:00 INFO (6): {"status":"success","product_id":42503,"sku":"UPOTRAG50","message":"Product updated successfully"}
2021-02-08T15:35:08+00:00 INFO (6): {"status":"success","product_id":42537,"sku":"VIT331003","message":"Product updated successfully"}
2021-02-08T15:35:09+00:00 INFO (6): {"status":"success","product_id":42537,"sku":"VIT331003","message":"Product updated successfully"}
2021-02-08T15:35:11+00:00 INFO (6): {"status":"success","product_id":42607,"sku":"XQ003","message":"Product updated successfully"}
2021-02-08T15:35:12+00:00 INFO (6): {"status":"success","product_id":42607,"sku":"XQ003","message":"Product updated successfully"}
2021-02-08T15:35:15+00:00 INFO (6): {"status":"success","product_id":42608,"sku":"XQ005","message":"Product updated successfully"}
2021-02-08T15:35:15+00:00 INFO (6): {"status":"success","product_id":42608,"sku":"XQ005","message":"Product updated successfully"}
2021-02-08T15:35:15+00:00 INFO (6): ---------------- END API Cron 08/02/21 15:35:15 ----------------
2021-02-08T15:35:15+00:00 INFO (6): ---------------- END API Cron 08/02/21 15:35:15 ----------------
