2021-02-09T09:10:01+00:00 INFO (6): ---------------- START API Cron 09/02/21 09:10:01 ----------------
2021-02-09T09:10:06+00:00 INFO (6): {"status":"success","product_id":18948,"sku":"DEWDT3601QZ","message":"Product updated successfully"}
2021-02-09T09:10:08+00:00 INFO (6): {"status":"success","product_id":18839,"sku":"DOFFNEA00DOF","message":"Product updated successfully"}
2021-02-09T09:10:10+00:00 INFO (6): {"status":"success","product_id":18925,"sku":"DOFNAB50","message":"Product updated successfully"}
2021-02-09T09:10:12+00:00 INFO (6): {"status":"success","product_id":16678,"sku":"FAIABP125","message":"Product updated successfully"}
2021-02-09T09:10:17+00:00 INFO (6): {"status":"success","product_id":17436,"sku":"FAIBRBAS18","message":"Product updated successfully"}
2021-02-09T09:10:22+00:00 INFO (6): {"status":"success","product_id":17437,"sku":"FAIBRBAS18H","message":"Product updated successfully"}
2021-02-09T09:10:26+00:00 INFO (6): {"status":"success","product_id":17438,"sku":"FAIBRBAS18R","message":"Product updated successfully"}
2021-02-09T09:10:31+00:00 INFO (6): {"status":"success","product_id":17439,"sku":"FAIBRBAS24H","message":"Product updated successfully"}
2021-02-09T09:10:37+00:00 INFO (6): {"status":"success","product_id":17440,"sku":"FAIBRBASS11","message":"Product updated successfully"}
2021-02-09T09:10:41+00:00 INFO (6): {"status":"success","product_id":17505,"sku":"FAIBRBASS12","message":"Product updated successfully"}
2021-02-09T09:10:46+00:00 INFO (6): {"status":"success","product_id":17506,"sku":"FAIBRBASS12H","message":"Product updated successfully"}
2021-02-09T09:10:51+00:00 INFO (6): {"status":"success","product_id":17507,"sku":"FAIBRBASS12R","message":"Product updated successfully"}
2021-02-09T09:10:55+00:00 INFO (6): {"status":"success","product_id":17508,"sku":"FAIBRBASS24","message":"Product updated successfully"}
2021-02-09T09:11:00+00:00 INFO (6): {"status":"success","product_id":17509,"sku":"FAIBRBASS36","message":"Product updated successfully"}
2021-02-09T09:11:06+00:00 INFO (6): {"status":"success","product_id":17510,"sku":"FAIBRBASS36H","message":"Product updated successfully"}
2021-02-09T09:11:10+00:00 INFO (6): {"status":"success","product_id":17511,"sku":"FAIBRBASS9","message":"Product updated successfully"}
2021-02-09T09:11:15+00:00 INFO (6): {"status":"success","product_id":17512,"sku":"FAIBRBC13FL","message":"Product updated successfully"}
2021-02-09T09:11:20+00:00 INFO (6): {"status":"success","product_id":17513,"sku":"FAIBRBC13FLH","message":"Product updated successfully"}
2021-02-09T09:11:24+00:00 INFO (6): {"status":"success","product_id":17514,"sku":"FAIBRBC13SA","message":"Product updated successfully"}
2021-02-09T09:11:29+00:00 INFO (6): {"status":"success","product_id":17515,"sku":"FAIBRBC13SAH","message":"Product updated successfully"}
2021-02-09T09:11:33+00:00 INFO (6): {"status":"success","product_id":17516,"sku":"FAIBRCHURN","message":"Product updated successfully"}
2021-02-09T09:11:35+00:00 INFO (6): {"status":"success","product_id":17517,"sku":"FAIBRCOCO11","message":"Product updated successfully"}
2021-02-09T09:11:39+00:00 INFO (6): {"status":"success","product_id":17518,"sku":"FAIBRCOCO12","message":"Product updated successfully"}
2021-02-09T09:11:44+00:00 INFO (6): {"status":"success","product_id":17519,"sku":"FAIBRCOCO12H","message":"Product updated successfully"}
2021-02-09T09:11:48+00:00 INFO (6): {"status":"success","product_id":17520,"sku":"FAIBRCOCO18","message":"Product updated successfully"}
2021-02-09T09:11:53+00:00 INFO (6): {"status":"success","product_id":17521,"sku":"FAIBRCOCO18H","message":"Product updated successfully"}
2021-02-09T09:11:58+00:00 INFO (6): {"status":"success","product_id":16180,"sku":"FAIBRCOCO24","message":"Product updated successfully"}
2021-02-09T09:12:03+00:00 INFO (6): {"status":"success","product_id":16181,"sku":"FAIBRCOCO24H","message":"Product updated successfully"}
2021-02-09T09:12:08+00:00 INFO (6): {"status":"success","product_id":16182,"sku":"FAIBRCOCO36","message":"Product updated successfully"}
2021-02-09T09:12:13+00:00 INFO (6): {"status":"success","product_id":16183,"sku":"FAIBRCOCO36H","message":"Product updated successfully"}
2021-02-09T09:12:17+00:00 INFO (6): {"status":"success","product_id":16184,"sku":"FAIBRDECKSCR","message":"Product updated successfully"}
2021-02-09T09:12:22+00:00 INFO (6): {"status":"success","product_id":16185,"sku":"FAIBRDUSTPAN","message":"Product updated successfully"}
2021-02-09T09:12:26+00:00 INFO (6): {"status":"success","product_id":16186,"sku":"FAIBRDUSTSET","message":"Product updated successfully"}
2021-02-09T09:12:32+00:00 INFO (6): {"status":"success","product_id":16187,"sku":"FAIBRHANDSCR","message":"Product updated successfully"}
2021-02-09T09:12:36+00:00 INFO (6): {"status":"success","product_id":16188,"sku":"FAIBRHANDSOF","message":"Product updated successfully"}
2021-02-09T09:12:41+00:00 INFO (6): {"status":"success","product_id":16189,"sku":"FAIBRHANDSTI","message":"Product updated successfully"}
2021-02-09T09:12:43+00:00 INFO (6): {"status":"success","product_id":16190,"sku":"FAIBRMOP16","message":"Product updated successfully"}
2021-02-09T09:12:47+00:00 INFO (6): {"status":"success","product_id":16191,"sku":"FAIBRPVC13FL","message":"Product updated successfully"}
2021-02-09T09:12:52+00:00 INFO (6): {"status":"success","product_id":16192,"sku":"FAIBRPVC13H","message":"Product updated successfully"}
2021-02-09T09:12:56+00:00 INFO (6): {"status":"success","product_id":16193,"sku":"FAIBRPVC13SA","message":"Product updated successfully"}
2021-02-09T09:13:01+00:00 INFO (6): {"status":"success","product_id":16194,"sku":"FAIBRPVC13SH","message":"Product updated successfully"}
2021-02-09T09:13:06+00:00 INFO (6): {"status":"success","product_id":16195,"sku":"FAIBRPVC18","message":"Product updated successfully"}
2021-02-09T09:13:10+00:00 INFO (6): {"status":"success","product_id":16196,"sku":"FAIBRPVC18H","message":"Product updated successfully"}
2021-02-09T09:13:15+00:00 INFO (6): {"status":"success","product_id":16197,"sku":"FAIBRPVC18R","message":"Product updated successfully"}
2021-02-09T09:13:19+00:00 INFO (6): {"status":"success","product_id":16198,"sku":"FAIBRPVC24","message":"Product updated successfully"}
2021-02-09T09:13:24+00:00 INFO (6): {"status":"success","product_id":16199,"sku":"FAIBRPVC24H","message":"Product updated successfully"}
2021-02-09T09:13:29+00:00 INFO (6): {"status":"success","product_id":16200,"sku":"FAIBRSOCSADD","message":"Product updated successfully"}
2021-02-09T09:13:34+00:00 INFO (6): {"status":"success","product_id":16288,"sku":"FAIBRSOFT12R","message":"Product updated successfully"}
2021-02-09T09:13:39+00:00 INFO (6): {"status":"success","product_id":16289,"sku":"FAIBRSOFTDIY","message":"Product updated successfully"}
2021-02-09T09:13:44+00:00 INFO (6): {"status":"success","product_id":16290,"sku":"FAIBRSQUE18","message":"Product updated successfully"}
2021-02-09T09:13:45+00:00 INFO (6): {"status":"success","product_id":16291,"sku":"FAIBRSQUE24","message":"Product updated successfully"}
2021-02-09T09:13:50+00:00 INFO (6): {"status":"success","product_id":16292,"sku":"FAIBRSTIF12R","message":"Product updated successfully"}
2021-02-09T09:13:55+00:00 INFO (6): {"status":"success","product_id":16293,"sku":"FAIBRSTSTPL","message":"Product updated successfully"}
2021-02-09T09:14:00+00:00 INFO (6): {"status":"success","product_id":16768,"sku":"FAILITPICK","message":"Product updated successfully"}
2021-02-09T09:14:05+00:00 INFO (6): {"status":"success","product_id":17400,"sku":"FAIP48118TH","message":"Product updated successfully"}
2021-02-09T09:14:10+00:00 INFO (6): {"status":"success","product_id":17401,"sku":"FAIP481516","message":"Product updated successfully"}
2021-02-09T09:14:15+00:00 INFO (6): {"status":"success","product_id":17405,"sku":"FAIPATKIT","message":"Product updated successfully"}
2021-02-09T09:14:17+00:00 INFO (6): {"status":"success","product_id":17406,"sku":"FAIPATPOLE","message":"Product updated successfully"}
2021-02-09T09:14:18+00:00 INFO (6): {"status":"success","product_id":20916,"sku":"FAIPINKEY","message":"Product updated successfully"}
2021-02-09T09:14:23+00:00 INFO (6): {"status":"success","product_id":21680,"sku":"FAIRH48118","message":"Product updated successfully"}
2021-02-09T09:14:27+00:00 INFO (6): {"status":"success","product_id":21681,"sku":"FAIRH54118","message":"Product updated successfully"}
2021-02-09T09:14:32+00:00 INFO (6): {"status":"success","product_id":21682,"sku":"FAIRH60118","message":"Product updated successfully"}
2021-02-09T09:14:37+00:00 INFO (6): {"status":"success","product_id":21683,"sku":"FAIRH601516","message":"Product updated successfully"}
2021-02-09T09:14:42+00:00 INFO (6): {"status":"success","product_id":21684,"sku":"FAIRH72118","message":"Product updated successfully"}
2021-02-09T09:14:43+00:00 INFO (6): {"status":"success","product_id":19280,"sku":"FLE10370","message":"Product updated successfully"}
2021-02-09T09:14:44+00:00 INFO (6): {"status":"success","product_id":19281,"sku":"FLE10371","message":"Product updated successfully"}
2021-02-09T09:14:46+00:00 INFO (6): {"status":"success","product_id":19282,"sku":"FLE10372","message":"Product updated successfully"}
2021-02-09T09:14:47+00:00 INFO (6): {"status":"success","product_id":19283,"sku":"FLE10373","message":"Product updated successfully"}
2021-02-09T09:14:49+00:00 INFO (6): {"status":"success","product_id":19284,"sku":"FLE10374","message":"Product updated successfully"}
2021-02-09T09:14:50+00:00 INFO (6): {"status":"success","product_id":19285,"sku":"FLE11340","message":"Product updated successfully"}
2021-02-09T09:14:51+00:00 INFO (6): {"status":"success","product_id":19286,"sku":"FLE11341","message":"Product updated successfully"}
2021-02-09T09:14:53+00:00 INFO (6): {"status":"success","product_id":19287,"sku":"FLE11342","message":"Product updated successfully"}
2021-02-09T09:14:54+00:00 INFO (6): {"status":"success","product_id":19288,"sku":"FLE11344","message":"Product updated successfully"}
2021-02-09T09:14:55+00:00 INFO (6): {"status":"success","product_id":19289,"sku":"FLE11502","message":"Product updated successfully"}
2021-02-09T09:14:57+00:00 INFO (6): {"status":"success","product_id":19290,"sku":"FLE11513","message":"Product updated successfully"}
2021-02-09T09:14:58+00:00 INFO (6): {"status":"success","product_id":19291,"sku":"FLE11523","message":"Product updated successfully"}
2021-02-09T09:15:00+00:00 INFO (6): {"status":"success","product_id":19292,"sku":"FLE11532","message":"Product updated successfully"}
2021-02-09T09:15:01+00:00 INFO (6): {"status":"success","product_id":19293,"sku":"FLE11713","message":"Product updated successfully"}
2021-02-09T09:15:03+00:00 INFO (6): {"status":"success","product_id":19294,"sku":"FLE11723","message":"Product updated successfully"}
2021-02-09T09:15:03+00:00 INFO (6): {"status":"success","product_id":19293,"sku":"FLE11713","message":"Product updated successfully"}
2021-02-09T09:15:04+00:00 INFO (6): {"status":"success","product_id":19295,"sku":"FLE11732","message":"Product updated successfully"}
2021-02-09T09:15:05+00:00 INFO (6): {"status":"success","product_id":19294,"sku":"FLE11723","message":"Product updated successfully"}
2021-02-09T09:15:06+00:00 INFO (6): {"status":"success","product_id":19296,"sku":"FLE20015","message":"Product updated successfully"}
2021-02-09T09:15:06+00:00 INFO (6): {"status":"success","product_id":19295,"sku":"FLE11732","message":"Product updated successfully"}
2021-02-09T09:15:08+00:00 INFO (6): {"status":"success","product_id":19297,"sku":"FLE20018","message":"Product updated successfully"}
2021-02-09T09:15:08+00:00 INFO (6): {"status":"success","product_id":19296,"sku":"FLE20015","message":"Product updated successfully"}
2021-02-09T09:15:09+00:00 INFO (6): {"status":"success","product_id":19298,"sku":"FLE20020","message":"Product updated successfully"}
2021-02-09T09:15:10+00:00 INFO (6): {"status":"success","product_id":19297,"sku":"FLE20018","message":"Product updated successfully"}
2021-02-09T09:15:11+00:00 INFO (6): {"status":"success","product_id":19299,"sku":"FLE20030","message":"Product updated successfully"}
2021-02-09T09:15:11+00:00 INFO (6): {"status":"success","product_id":19298,"sku":"FLE20020","message":"Product updated successfully"}
2021-02-09T09:15:12+00:00 INFO (6): {"status":"success","product_id":19300,"sku":"FLE20115","message":"Product updated successfully"}
2021-02-09T09:15:13+00:00 INFO (6): {"status":"success","product_id":19299,"sku":"FLE20030","message":"Product updated successfully"}
2021-02-09T09:15:14+00:00 INFO (6): {"status":"success","product_id":19301,"sku":"FLE20210","message":"Product updated successfully"}
2021-02-09T09:15:14+00:00 INFO (6): {"status":"success","product_id":19300,"sku":"FLE20115","message":"Product updated successfully"}
2021-02-09T09:15:15+00:00 INFO (6): {"status":"success","product_id":19302,"sku":"FLE20305","message":"Product updated successfully"}
2021-02-09T09:15:16+00:00 INFO (6): {"status":"success","product_id":19301,"sku":"FLE20210","message":"Product updated successfully"}
2021-02-09T09:15:17+00:00 INFO (6): {"status":"success","product_id":19402,"sku":"FLE20405","message":"Product updated successfully"}
2021-02-09T09:15:17+00:00 INFO (6): {"status":"success","product_id":19302,"sku":"FLE20305","message":"Product updated successfully"}
2021-02-09T09:15:18+00:00 INFO (6): {"status":"success","product_id":19403,"sku":"FLE20510","message":"Product updated successfully"}
2021-02-09T09:15:19+00:00 INFO (6): {"status":"success","product_id":19402,"sku":"FLE20405","message":"Product updated successfully"}
2021-02-09T09:15:20+00:00 INFO (6): {"status":"success","product_id":19404,"sku":"FLE21910","message":"Product updated successfully"}
2021-02-09T09:15:20+00:00 INFO (6): {"status":"success","product_id":19403,"sku":"FLE20510","message":"Product updated successfully"}
2021-02-09T09:15:21+00:00 INFO (6): {"status":"success","product_id":19405,"sku":"FLE21935","message":"Product updated successfully"}
2021-02-09T09:15:21+00:00 INFO (6): {"status":"success","product_id":19404,"sku":"FLE21910","message":"Product updated successfully"}
2021-02-09T09:15:22+00:00 INFO (6): {"status":"success","product_id":19406,"sku":"FLE21940","message":"Product updated successfully"}
2021-02-09T09:15:23+00:00 INFO (6): {"status":"success","product_id":19405,"sku":"FLE21935","message":"Product updated successfully"}
2021-02-09T09:15:24+00:00 INFO (6): {"status":"success","product_id":19407,"sku":"FLE21945","message":"Product updated successfully"}
2021-02-09T09:15:24+00:00 INFO (6): {"status":"success","product_id":19406,"sku":"FLE21940","message":"Product updated successfully"}
2021-02-09T09:15:25+00:00 INFO (6): {"status":"success","product_id":19408,"sku":"FLE24015","message":"Product updated successfully"}
2021-02-09T09:15:26+00:00 INFO (6): {"status":"success","product_id":19407,"sku":"FLE21945","message":"Product updated successfully"}
2021-02-09T09:15:27+00:00 INFO (6): {"status":"success","product_id":19409,"sku":"FLE24030","message":"Product updated successfully"}
2021-02-09T09:15:27+00:00 INFO (6): {"status":"success","product_id":19408,"sku":"FLE24015","message":"Product updated successfully"}
2021-02-09T09:15:28+00:00 INFO (6): {"status":"success","product_id":19410,"sku":"FLE24035","message":"Product updated successfully"}
2021-02-09T09:15:28+00:00 INFO (6): {"status":"success","product_id":19409,"sku":"FLE24030","message":"Product updated successfully"}
2021-02-09T09:15:30+00:00 INFO (6): {"status":"success","product_id":19410,"sku":"FLE24035","message":"Product updated successfully"}
2021-02-09T09:15:31+00:00 INFO (6): {"status":"success","product_id":19411,"sku":"FLE24045","message":"Product updated successfully"}
2021-02-09T09:15:33+00:00 INFO (6): {"status":"success","product_id":19412,"sku":"FLE24060","message":"Product updated successfully"}
2021-02-09T09:15:34+00:00 INFO (6): {"status":"success","product_id":19414,"sku":"FLE24070","message":"Product updated successfully"}
2021-02-09T09:15:35+00:00 INFO (6): {"status":"success","product_id":19415,"sku":"FLE24075","message":"Product updated successfully"}
2021-02-09T09:15:37+00:00 INFO (6): {"status":"success","product_id":19416,"sku":"FLE36040","message":"Product updated successfully"}
2021-02-09T09:15:38+00:00 INFO (6): {"status":"success","product_id":19417,"sku":"FLE36055","message":"Product updated successfully"}
2021-02-09T09:15:40+00:00 INFO (6): {"status":"success","product_id":19418,"sku":"FLE36155","message":"Product updated successfully"}
2021-02-09T09:15:41+00:00 INFO (6): {"status":"success","product_id":19419,"sku":"FLE36170","message":"Product updated successfully"}
2021-02-09T09:15:42+00:00 INFO (6): {"status":"success","product_id":19420,"sku":"FLE36185","message":"Product updated successfully"}
2021-02-09T09:15:44+00:00 INFO (6): {"status":"success","product_id":19421,"sku":"FLE36298","message":"Product updated successfully"}
2021-02-09T09:15:45+00:00 INFO (6): {"status":"success","product_id":19422,"sku":"FLE40005","message":"Product updated successfully"}
2021-02-09T09:15:46+00:00 INFO (6): {"status":"success","product_id":19423,"sku":"FLE40010","message":"Product updated successfully"}
2021-02-09T09:15:48+00:00 INFO (6): {"status":"success","product_id":19424,"sku":"FLE40015","message":"Product updated successfully"}
2021-02-09T09:15:49+00:00 INFO (6): {"status":"success","product_id":19517,"sku":"FLE40025","message":"Product updated successfully"}
2021-02-09T09:15:50+00:00 INFO (6): {"status":"success","product_id":19518,"sku":"FLE40110","message":"Product updated successfully"}
2021-02-09T09:15:52+00:00 INFO (6): {"status":"success","product_id":19519,"sku":"FLE40115","message":"Product updated successfully"}
2021-02-09T09:15:53+00:00 INFO (6): {"status":"success","product_id":19520,"sku":"FLE40120","message":"Product updated successfully"}
2021-02-09T09:15:55+00:00 INFO (6): {"status":"success","product_id":19521,"sku":"FLE40125","message":"Product updated successfully"}
2021-02-09T09:15:56+00:00 INFO (6): {"status":"success","product_id":19522,"sku":"FLE40220","message":"Product updated successfully"}
2021-02-09T09:15:57+00:00 INFO (6): {"status":"success","product_id":19523,"sku":"FLE40225","message":"Product updated successfully"}
2021-02-09T09:15:59+00:00 INFO (6): {"status":"success","product_id":19524,"sku":"FLE40230","message":"Product updated successfully"}
2021-02-09T09:16:00+00:00 INFO (6): {"status":"success","product_id":19525,"sku":"FLE40242","message":"Product updated successfully"}
2021-02-09T09:16:02+00:00 INFO (6): {"status":"success","product_id":19526,"sku":"FLE40510","message":"Product updated successfully"}
2021-02-09T09:16:03+00:00 INFO (6): {"status":"success","product_id":19527,"sku":"FLE44005","message":"Product updated successfully"}
2021-02-09T09:16:05+00:00 INFO (6): {"status":"success","product_id":19528,"sku":"FLE44010","message":"Product updated successfully"}
2021-02-09T09:16:06+00:00 INFO (6): {"status":"success","product_id":19529,"sku":"FLE44015","message":"Product updated successfully"}
2021-02-09T09:16:08+00:00 INFO (6): {"status":"success","product_id":19530,"sku":"FLE44105","message":"Product updated successfully"}
2021-02-09T09:16:09+00:00 INFO (6): {"status":"success","product_id":19531,"sku":"FLE44110","message":"Product updated successfully"}
2021-02-09T09:16:11+00:00 INFO (6): {"status":"success","product_id":19532,"sku":"FLE44115","message":"Product updated successfully"}
2021-02-09T09:16:12+00:00 INFO (6): {"status":"success","product_id":19533,"sku":"FLE44215","message":"Product updated successfully"}
2021-02-09T09:16:14+00:00 INFO (6): {"status":"success","product_id":19534,"sku":"FLE44420","message":"Product updated successfully"}
2021-02-09T09:16:16+00:00 INFO (6): {"status":"success","product_id":19535,"sku":"FLE44430","message":"Product updated successfully"}
2021-02-09T09:16:17+00:00 INFO (6): {"status":"success","product_id":19536,"sku":"FLE44725","message":"Product updated successfully"}
2021-02-09T09:16:19+00:00 INFO (6): {"status":"success","product_id":19537,"sku":"FLE44726","message":"Product updated successfully"}
2021-02-09T09:16:21+00:00 INFO (6): {"status":"success","product_id":19538,"sku":"FLE44735","message":"Product updated successfully"}
2021-02-09T09:16:22+00:00 INFO (6): {"status":"success","product_id":19539,"sku":"FLE44740","message":"Product updated successfully"}
2021-02-09T09:16:23+00:00 INFO (6): {"status":"success","product_id":19540,"sku":"FLE44745","message":"Product updated successfully"}
2021-02-09T09:16:25+00:00 INFO (6): {"status":"success","product_id":19541,"sku":"FLE48115","message":"Product updated successfully"}
2021-02-09T09:16:26+00:00 INFO (6): {"status":"success","product_id":19542,"sku":"FLE48210","message":"Product updated successfully"}
2021-02-09T09:16:28+00:00 INFO (6): {"status":"success","product_id":19543,"sku":"FLE48215","message":"Product updated successfully"}
2021-02-09T09:16:29+00:00 INFO (6): {"status":"success","product_id":19544,"sku":"FLE48220","message":"Product updated successfully"}
2021-02-09T09:16:31+00:00 INFO (6): {"status":"success","product_id":19644,"sku":"FLE48405","message":"Product updated successfully"}
2021-02-09T09:16:32+00:00 INFO (6): {"status":"success","product_id":19645,"sku":"FLE48505","message":"Product updated successfully"}
2021-02-09T09:16:34+00:00 INFO (6): {"status":"success","product_id":19646,"sku":"FLE48510","message":"Product updated successfully"}
2021-02-09T09:16:35+00:00 INFO (6): {"status":"success","product_id":19647,"sku":"FLE48515","message":"Product updated successfully"}
2021-02-09T09:16:36+00:00 INFO (6): {"status":"success","product_id":19648,"sku":"FLE48520","message":"Product updated successfully"}
2021-02-09T09:16:38+00:00 INFO (6): {"status":"success","product_id":19650,"sku":"FLE48610","message":"Product updated successfully"}
2021-02-09T09:16:39+00:00 INFO (6): {"status":"success","product_id":19651,"sku":"FLE52005","message":"Product updated successfully"}
2021-02-09T09:16:40+00:00 INFO (6): {"status":"success","product_id":19652,"sku":"FLEBA310","message":"Product updated successfully"}
2021-02-09T09:16:42+00:00 INFO (6): {"status":"success","product_id":19653,"sku":"FLEBA320","message":"Product updated successfully"}
2021-02-09T09:16:43+00:00 INFO (6): {"status":"success","product_id":19654,"sku":"FLEBA340","message":"Product updated successfully"}
2021-02-09T09:16:45+00:00 INFO (6): {"status":"success","product_id":19655,"sku":"FLEBA360","message":"Product updated successfully"}
2021-02-09T09:16:46+00:00 INFO (6): {"status":"success","product_id":19656,"sku":"FLEBA370","message":"Product updated successfully"}
2021-02-09T09:16:47+00:00 INFO (6): {"status":"success","product_id":19657,"sku":"FLEBA380","message":"Product updated successfully"}
2021-02-09T09:16:49+00:00 INFO (6): {"status":"success","product_id":19658,"sku":"FLELP100C","message":"Product updated successfully"}
2021-02-09T09:16:50+00:00 INFO (6): {"status":"success","product_id":19659,"sku":"FLELP120C","message":"Product updated successfully"}
2021-02-09T09:16:51+00:00 INFO (6): {"status":"success","product_id":20434,"sku":"FLV56833","message":"Product updated successfully"}
2021-02-09T09:16:53+00:00 INFO (6): {"status":"success","product_id":20435,"sku":"FLV56835","message":"Product updated successfully"}
2021-02-09T09:16:54+00:00 INFO (6): {"status":"success","product_id":20436,"sku":"FLV56838","message":"Product updated successfully"}
2021-02-09T09:16:59+00:00 INFO (6): {"status":"success","product_id":24260,"sku":"GORBROOM30B","message":"Product updated successfully"}
2021-02-09T09:17:03+00:00 INFO (6): {"status":"success","product_id":24261,"sku":"GORBROOM30R","message":"Product updated successfully"}
2021-02-09T09:17:08+00:00 INFO (6): {"status":"success","product_id":24262,"sku":"GORBROOM30Y","message":"Product updated successfully"}
2021-02-09T09:17:12+00:00 INFO (6): {"status":"success","product_id":24263,"sku":"GORBROOM50B","message":"Product updated successfully"}
2021-02-09T09:17:17+00:00 INFO (6): {"status":"success","product_id":24264,"sku":"GORBROOM50R","message":"Product updated successfully"}
2021-02-09T09:17:21+00:00 INFO (6): {"status":"success","product_id":24265,"sku":"GORBROOM50Y","message":"Product updated successfully"}
2021-02-09T09:17:26+00:00 INFO (6): {"status":"success","product_id":24266,"sku":"GORHANDLEB","message":"Product updated successfully"}
2021-02-09T09:17:31+00:00 INFO (6): {"status":"success","product_id":24267,"sku":"GORHANDLER","message":"Product updated successfully"}
2021-02-09T09:17:35+00:00 INFO (6): {"status":"success","product_id":24268,"sku":"GORHANDLEY","message":"Product updated successfully"}
2021-02-09T09:17:37+00:00 INFO (6): {"status":"success","product_id":22226,"sku":"JEY2004869","message":"Product updated successfully"}
2021-02-09T09:17:39+00:00 INFO (6): {"status":"success","product_id":22227,"sku":"JEY2004907","message":"Product updated successfully"}
2021-02-09T09:17:41+00:00 INFO (6): {"status":"success","product_id":22228,"sku":"JEY2004908","message":"Product updated successfully"}
2021-02-09T09:17:43+00:00 INFO (6): {"status":"success","product_id":22229,"sku":"JEY2005055","message":"Product updated successfully"}
2021-02-09T09:17:46+00:00 INFO (6): {"status":"success","product_id":22230,"sku":"JEY200975","message":"Product updated successfully"}
2021-02-09T09:17:49+00:00 INFO (6): {"status":"success","product_id":22231,"sku":"JEY570280","message":"Product updated successfully"}
2021-02-09T09:17:51+00:00 INFO (6): {"status":"success","product_id":22232,"sku":"JEY573200","message":"Product updated successfully"}
2021-02-09T09:17:53+00:00 INFO (6): {"status":"success","product_id":22233,"sku":"JEY800270","message":"Product updated successfully"}
2021-02-09T09:17:55+00:00 INFO (6): {"status":"success","product_id":23233,"sku":"KAR62953020","message":"Product updated successfully"}
2021-02-09T09:17:56+00:00 INFO (6): {"status":"success","product_id":23234,"sku":"KAR62957950","message":"Product updated successfully"}
2021-02-09T09:17:58+00:00 INFO (6): {"status":"success","product_id":23312,"sku":"KEW125300428","message":"Product updated successfully"}
2021-02-09T09:17:59+00:00 INFO (6): {"status":"success","product_id":23313,"sku":"KEW125300429","message":"Product updated successfully"}
2021-02-09T09:18:00+00:00 INFO (6): {"status":"success","product_id":23314,"sku":"KEW125300430","message":"Product updated successfully"}
2021-02-09T09:20:04+00:00 INFO (6): {"status":"success","product_id":22150,"sku":"KILBIGK","message":"Product updated successfully"}
2021-02-09T09:20:06+00:00 INFO (6): {"status":"success","product_id":22151,"sku":"KILBKFCREAM","message":"Product updated successfully"}
2021-02-09T09:20:07+00:00 INFO (6): {"status":"success","product_id":22152,"sku":"KILBKFPOWDER","message":"Product updated successfully"}
2021-02-09T09:20:08+00:00 INFO (6): {"status":"success","product_id":22153,"sku":"KILBKFSPRAY","message":"Product updated successfully"}
2021-02-09T09:20:10+00:00 INFO (6): {"status":"success","product_id":22154,"sku":"KILGEL160","message":"Product updated successfully"}
2021-02-09T09:20:12+00:00 INFO (6): {"status":"success","product_id":22155,"sku":"KILIRONSTICK","message":"Product updated successfully"}
2021-02-09T09:20:14+00:00 INFO (6): {"status":"success","product_id":22156,"sku":"KILKB500","message":"Product updated successfully"}
2021-02-09T09:20:15+00:00 INFO (6): {"status":"success","product_id":22157,"sku":"KILKBBATH","message":"Product updated successfully"}
2021-02-09T09:20:17+00:00 INFO (6): {"status":"success","product_id":22158,"sku":"KILKK20","message":"Product updated successfully"}
2021-02-09T09:20:18+00:00 INFO (6): {"status":"success","product_id":22159,"sku":"KILMEGAK","message":"Product updated successfully"}
2021-02-09T09:20:20+00:00 INFO (6): {"status":"success","product_id":22160,"sku":"KILPSPRAY","message":"Product updated successfully"}
2021-02-09T09:20:21+00:00 INFO (6): {"status":"success","product_id":22161,"sku":"KILRHINO","message":"Product updated successfully"}
2021-02-09T09:20:23+00:00 INFO (6): {"status":"success","product_id":22162,"sku":"KILRHINOBATH","message":"Product updated successfully"}
2021-02-09T09:20:25+00:00 INFO (6): {"status":"success","product_id":23247,"sku":"KWB483500","message":"Product updated successfully"}
2021-02-09T09:20:26+00:00 INFO (6): {"status":"success","product_id":22316,"sku":"KWB718111","message":"Product updated successfully"}
2021-02-09T09:20:29+00:00 INFO (6): {"status":"success","product_id":26974,"sku":"LES146201","message":"Product updated successfully"}
2021-02-09T09:20:31+00:00 INFO (6): {"status":"success","product_id":26975,"sku":"LES148101","message":"Product updated successfully"}
2021-02-09T09:20:33+00:00 INFO (6): {"status":"success","product_id":26323,"sku":"MGD145400","message":"Product updated successfully"}
2021-02-09T09:20:35+00:00 INFO (6): {"status":"success","product_id":26324,"sku":"MGD145401","message":"Product updated successfully"}
2021-02-09T09:20:37+00:00 INFO (6): {"status":"success","product_id":26325,"sku":"MGD145402","message":"Product updated successfully"}
2021-02-09T09:20:39+00:00 INFO (6): {"status":"success","product_id":26326,"sku":"MGD145407","message":"Product updated successfully"}
2021-02-09T09:20:41+00:00 INFO (6): {"status":"success","product_id":26327,"sku":"MGD150430","message":"Product updated successfully"}
2021-02-09T09:20:43+00:00 INFO (6): {"status":"success","product_id":26328,"sku":"MGD150444","message":"Product updated successfully"}
2021-02-09T09:20:45+00:00 INFO (6): {"status":"success","product_id":26331,"sku":"MGD150561","message":"Product updated successfully"}
2021-02-09T09:20:47+00:00 INFO (6): {"status":"success","product_id":32960,"sku":"MIL352473","message":"Product updated successfully"}
2021-02-09T09:20:50+00:00 INFO (6): {"status":"success","product_id":24985,"sku":"MPT630832","message":"Product updated successfully"}
2021-02-09T09:20:52+00:00 INFO (6): {"status":"success","product_id":24986,"sku":"MPT631580","message":"Product updated successfully"}
2021-02-09T09:20:54+00:00 INFO (6): {"status":"success","product_id":24842,"sku":"OTO44305","message":"Product updated successfully"}
2021-02-09T09:20:56+00:00 INFO (6): {"status":"success","product_id":24905,"sku":"OTO44578","message":"Product updated successfully"}
2021-02-09T09:20:58+00:00 INFO (6): {"status":"success","product_id":24906,"sku":"OTO44579","message":"Product updated successfully"}
2021-02-09T09:21:00+00:00 INFO (6): {"status":"success","product_id":24907,"sku":"OTO44580","message":"Product updated successfully"}
2021-02-09T09:21:02+00:00 INFO (6): {"status":"success","product_id":24908,"sku":"OTO44637","message":"Product updated successfully"}
2021-02-09T09:21:04+00:00 INFO (6): {"status":"success","product_id":24909,"sku":"OTO44831","message":"Product updated successfully"}
2021-02-09T09:21:07+00:00 INFO (6): {"status":"success","product_id":24910,"sku":"OTO44832","message":"Product updated successfully"}
2021-02-09T09:21:09+00:00 INFO (6): {"status":"success","product_id":24911,"sku":"OTO44835","message":"Product updated successfully"}
2021-02-09T09:21:10+00:00 INFO (6): {"status":"success","product_id":34049,"sku":"ROU52070","message":"Product updated successfully"}
2021-02-09T09:21:12+00:00 INFO (6): {"status":"success","product_id":34051,"sku":"ROU52090","message":"Product updated successfully"}
2021-02-09T09:21:14+00:00 INFO (6): {"status":"success","product_id":38416,"sku":"RUSSO100","message":"Product updated successfully"}
2021-02-09T09:21:16+00:00 INFO (6): {"status":"success","product_id":40027,"sku":"STV333","message":"Product updated successfully"}
2021-02-09T09:21:18+00:00 INFO (6): {"status":"success","product_id":42401,"sku":"UCRST200","message":"Product updated successfully"}
2021-02-09T09:21:21+00:00 INFO (6): {"status":"success","product_id":42402,"sku":"UCRST400","message":"Product updated successfully"}
2021-02-09T09:21:23+00:00 INFO (6): {"status":"success","product_id":42502,"sku":"UPOP38L","message":"Product updated successfully"}
2021-02-09T09:21:25+00:00 INFO (6): {"status":"success","product_id":42503,"sku":"UPOTRAG50","message":"Product updated successfully"}
2021-02-09T09:21:25+00:00 INFO (6): ---------------- END API Cron 09/02/21 09:21:25 ----------------
