2021-01-30T13:20:02+00:00 INFO (6): ---------------- START API Cron 30/01/21 13:20:02 ----------------
2021-01-30T13:20:07+00:00 INFO (6): {"status":"success","product_id":5699,"sku":"24MCP1000","message":"Product updated successfully"}
2021-01-30T13:20:11+00:00 INFO (6): {"status":"success","product_id":5701,"sku":"24MCP4S00","message":"Product updated successfully"}
2021-01-30T13:20:16+00:00 INFO (6): {"status":"success","product_id":5706,"sku":"24MFP1000","message":"Product updated successfully"}
2021-01-30T13:20:21+00:00 INFO (6): {"status":"success","product_id":5712,"sku":"27MCP1254","message":"Product updated successfully"}
2021-01-30T13:20:25+00:00 INFO (6): {"status":"success","product_id":5731,"sku":"36MCP800","message":"Product updated successfully"}
2021-01-30T13:20:26+00:00 INFO (6): {"status":"success","product_id":5790,"sku":"4MCP800","message":"Product updated successfully"}
2021-01-30T13:20:27+00:00 INFO (6): {"status":"success","product_id":5800,"sku":"5MCP4S00","message":"Product updated successfully"}
2021-01-30T13:20:29+00:00 INFO (6): {"status":"success","product_id":5826,"sku":"8MCP4S00","message":"Product updated successfully"}
2021-01-30T13:20:31+00:00 INFO (6): {"status":"success","product_id":5855,"sku":"JUFP4S00","message":"Product updated successfully"}
2021-01-30T13:20:32+00:00 INFO (6): {"status":"success","product_id":5993,"sku":"10MCP800","message":"Product updated successfully"}
2021-01-30T13:20:34+00:00 INFO (6): {"status":"success","product_id":6002,"sku":"12MCP1054","message":"Product updated successfully"}
2021-01-30T13:20:35+00:00 INFO (6): {"status":"success","product_id":6029,"sku":"16MCP4S00","message":"Product updated successfully"}
2021-01-30T13:20:37+00:00 INFO (6): {"status":"success","product_id":6041,"sku":"18MCP1000","message":"Product updated successfully"}
2021-01-30T13:20:41+00:00 INFO (6): {"status":"success","product_id":6042,"sku":"18MCP800","message":"Product updated successfully"}
2021-01-30T13:20:42+00:00 INFO (6): {"status":"success","product_id":6050,"sku":"20MCP4S00","message":"Product updated successfully"}
2021-01-30T13:20:43+00:00 INFO (6): {"status":"success","product_id":5801,"sku":"5MCP800","message":"Product updated successfully"}
2021-01-30T13:20:45+00:00 INFO (6): {"status":"success","product_id":5727,"sku":"33MCP800","message":"Product updated successfully"}
2021-01-30T13:20:46+00:00 INFO (6): {"status":"success","product_id":5788,"sku":"4MCP2S00","message":"Product updated successfully"}
2021-01-30T13:20:47+00:00 INFO (6): {"status":"success","product_id":5825,"sku":"8MCP2S00","message":"Product updated successfully"}
2021-01-30T13:20:49+00:00 INFO (6): {"status":"success","product_id":6051,"sku":"20MCP800","message":"Product updated successfully"}
2021-01-30T13:20:50+00:00 INFO (6): {"status":"success","product_id":5722,"sku":"30MCP800","message":"Product updated successfully"}
2021-01-30T13:20:51+00:00 INFO (6): {"status":"success","product_id":5791,"sku":"4MCP854","message":"Product updated successfully"}
2021-01-30T13:20:52+00:00 INFO (6): {"status":"success","product_id":6052,"sku":"20MCP854","message":"Product updated successfully"}
2021-01-30T13:20:54+00:00 INFO (6): {"status":"success","product_id":5692,"sku":"22MCP800","message":"Product updated successfully"}
2021-01-30T13:20:55+00:00 INFO (6): {"status":"success","product_id":5742,"sku":"48MCP854","message":"Product updated successfully"}
2021-01-30T13:20:56+00:00 INFO (6): {"status":"success","product_id":5789,"sku":"4MCP4S00","message":"Product updated successfully"}
2021-01-30T13:20:57+00:00 INFO (6): {"status":"success","product_id":5799,"sku":"5MCP2S00","message":"Product updated successfully"}
2021-01-30T13:20:59+00:00 INFO (6): {"status":"success","product_id":5811,"sku":"6MCP2S00","message":"Product updated successfully"}
2021-01-30T13:21:00+00:00 INFO (6): {"status":"success","product_id":5815,"sku":"6MCP854","message":"Product updated successfully"}
2021-01-30T13:21:01+00:00 INFO (6): {"status":"success","product_id":5827,"sku":"8MCP800","message":"Product updated successfully"}
2021-01-30T13:21:02+00:00 INFO (6): {"status":"success","product_id":5991,"sku":"10MCP2S00","message":"Product updated successfully"}
2021-01-30T13:21:04+00:00 INFO (6): {"status":"success","product_id":5702,"sku":"24MCP800","message":"Product updated successfully"}
2021-01-30T13:21:05+00:00 INFO (6): {"status":"success","product_id":5703,"sku":"24MCP854","message":"Product updated successfully"}
2021-01-30T13:21:06+00:00 INFO (6): {"status":"success","product_id":6003,"sku":"12MCP2S00","message":"Product updated successfully"}
2021-01-30T13:21:08+00:00 INFO (6): {"status":"success","product_id":6006,"sku":"12MCP854","message":"Product updated successfully"}
2021-01-30T13:21:09+00:00 INFO (6): {"status":"success","product_id":5728,"sku":"33MCP854","message":"Product updated successfully"}
2021-01-30T13:21:10+00:00 INFO (6): {"status":"success","product_id":5732,"sku":"36MCP854","message":"Product updated successfully"}
2021-01-30T13:21:12+00:00 INFO (6): {"status":"success","product_id":6030,"sku":"16MCP800","message":"Product updated successfully"}
2021-01-30T13:21:13+00:00 INFO (6): {"status":"success","product_id":6043,"sku":"18MCP854","message":"Product updated successfully"}
2021-01-30T13:21:14+00:00 INFO (6): {"status":"success","product_id":5693,"sku":"22MCP854","message":"Product updated successfully"}
2021-01-30T13:21:15+00:00 INFO (6): {"status":"success","product_id":5713,"sku":"27MCP800","message":"Product updated successfully"}
2021-01-30T13:21:16+00:00 INFO (6): {"status":"success","product_id":6005,"sku":"12MCP800","message":"Product updated successfully"}
2021-01-30T13:21:18+00:00 INFO (6): {"status":"success","product_id":6028,"sku":"16MCP2S00","message":"Product updated successfully"}
2021-01-30T13:21:19+00:00 INFO (6): {"status":"success","product_id":5700,"sku":"24MCP2S00","message":"Product updated successfully"}
2021-01-30T13:21:20+00:00 INFO (6): {"status":"success","product_id":5723,"sku":"30MCP854","message":"Product updated successfully"}
2021-01-30T13:21:22+00:00 INFO (6): {"status":"success","product_id":6049,"sku":"20MCP2S00","message":"Product updated successfully"}
2021-01-30T13:21:23+00:00 INFO (6): {"status":"success","product_id":5720,"sku":"30MCP2S00","message":"Product updated successfully"}
2021-01-30T13:21:24+00:00 INFO (6): {"status":"success","product_id":6034,"sku":"16MCP854","message":"Product updated successfully"}
2021-01-30T13:21:25+00:00 INFO (6): {"status":"success","product_id":5813,"sku":"6MCP800","message":"Product updated successfully"}
2021-01-30T13:21:27+00:00 INFO (6): {"status":"success","product_id":5828,"sku":"8MCP854","message":"Product updated successfully"}
2021-01-30T13:21:28+00:00 INFO (6): {"status":"success","product_id":5738,"sku":"3MCP4S00","message":"Product updated successfully"}
2021-01-30T13:21:29+00:00 INFO (6): {"status":"success","product_id":6004,"sku":"12MCP4S00","message":"Product updated successfully"}
2021-01-30T13:21:31+00:00 INFO (6): {"status":"success","product_id":5721,"sku":"30MCP4S00","message":"Product updated successfully"}
2021-01-30T13:21:32+00:00 INFO (6): {"status":"success","product_id":5823,"sku":"8MCP1054","message":"Product updated successfully"}
2021-01-30T13:21:34+00:00 INFO (6): {"status":"success","product_id":5992,"sku":"10MCP4S00","message":"Product updated successfully"}
2021-01-30T13:21:36+00:00 INFO (6): {"status":"success","product_id":6026,"sku":"16MCP1000","message":"Product updated successfully"}
2021-01-30T13:21:37+00:00 INFO (6): {"status":"success","product_id":5714,"sku":"27MCP854","message":"Product updated successfully"}
2021-01-30T13:21:38+00:00 INFO (6): {"status":"success","product_id":6014,"sku":"14MCP854","message":"Product updated successfully"}
2021-01-30T13:21:40+00:00 INFO (6): {"status":"success","product_id":5803,"sku":"5MCP854","message":"Product updated successfully"}
2021-01-30T13:21:41+00:00 INFO (6): {"status":"success","product_id":6013,"sku":"14MCP800","message":"Product updated successfully"}
2021-01-30T13:21:43+00:00 INFO (6): {"status":"success","product_id":5711,"sku":"27MCP1054","message":"Product updated successfully"}
2021-01-30T13:21:44+00:00 INFO (6): {"status":"success","product_id":5994,"sku":"10MCP854","message":"Product updated successfully"}
2021-01-30T13:21:45+00:00 INFO (6): {"status":"success","product_id":5739,"sku":"3MCP854","message":"Product updated successfully"}
2021-01-30T13:21:47+00:00 INFO (6): {"status":"success","product_id":5812,"sku":"6MCP4S00","message":"Product updated successfully"}
2021-01-30T13:21:48+00:00 INFO (6): {"status":"success","product_id":5737,"sku":"3MCP2S00","message":"Product updated successfully"}
2021-01-30T13:21:48+00:00 INFO (6): ---------------- END API Cron 30/01/21 13:21:48 ----------------
