2021-01-31T19:00:02+00:00 INFO (6): ---------------- START API Cron 31/01/21 19:00:02 ----------------
2021-01-31T19:02:06+00:00 INFO (6): {"status":"success","product_id":20072,"sku":"FOROH75B250","message":"Product updated successfully"}
2021-01-31T19:26:13+00:00 INFO (6): {"status":"success","product_id":13908,"sku":"BOSFLN200","message":"Product updated successfully"}
2021-01-31T19:35:27+00:00 INFO (6): {"status":"success","product_id":19361,"sku":"FORRH75GB500","message":"Product updated successfully"}
2021-01-31T19:35:32+00:00 INFO (6): {"status":"success","product_id":19437,"sku":"FORAR20B500","message":"Product updated successfully"}
2021-01-31T19:35:34+00:00 INFO (6): {"status":"success","product_id":19438,"sku":"FORAR25B500","message":"Product updated successfully"}
2021-01-31T19:35:36+00:00 INFO (6): {"status":"success","product_id":19440,"sku":"FORAR50B500","message":"Product updated successfully"}
2021-01-31T19:35:38+00:00 INFO (6): {"status":"success","product_id":19441,"sku":"FORAR65B500","message":"Product updated successfully"}
2021-01-31T19:35:40+00:00 INFO (6): {"status":"success","product_id":19442,"sku":"FORAR75B500","message":"Product updated successfully"}
2021-01-31T19:35:45+00:00 INFO (6): {"status":"success","product_id":19491,"sku":"FORLH40B500","message":"Product updated successfully"}
2021-01-31T19:35:47+00:00 INFO (6): {"status":"success","product_id":19493,"sku":"FORLH50B500","message":"Product updated successfully"}
2021-01-31T19:35:49+00:00 INFO (6): {"status":"success","product_id":19494,"sku":"FORLH65B212","message":"Product updated successfully"}
2021-01-31T19:35:54+00:00 INFO (6): {"status":"success","product_id":19664,"sku":"FORCC65B500","message":"Product updated successfully"}
2021-01-31T19:35:57+00:00 INFO (6): {"status":"success","product_id":20058,"sku":"FOROH100B212","message":"Product updated successfully"}
2021-01-31T19:35:59+00:00 INFO (6): {"status":"success","product_id":20059,"sku":"FOROH100B500","message":"Product updated successfully"}
2021-01-31T19:36:01+00:00 INFO (6): {"status":"success","product_id":20061,"sku":"FOROH25B500","message":"Product updated successfully"}
2021-01-31T19:36:03+00:00 INFO (6): {"status":"success","product_id":20062,"sku":"FOROH30B250","message":"Product updated successfully"}
2021-01-31T19:36:05+00:00 INFO (6): {"status":"success","product_id":20064,"sku":"FOROH40B250","message":"Product updated successfully"}
2021-01-31T19:36:07+00:00 INFO (6): {"status":"success","product_id":20065,"sku":"FOROH40B500","message":"Product updated successfully"}
2021-01-31T19:36:09+00:00 INFO (6): {"status":"success","product_id":20067,"sku":"FOROH50B250","message":"Product updated successfully"}
2021-01-31T19:36:11+00:00 INFO (6): {"status":"success","product_id":20068,"sku":"FOROH50B500","message":"Product updated successfully"}
2021-01-31T19:36:13+00:00 INFO (6): {"status":"success","product_id":20071,"sku":"FOROH75B212","message":"Product updated successfully"}
2021-01-31T19:36:15+00:00 INFO (6): {"status":"success","product_id":20129,"sku":"FORFPNLSET","message":"Product updated successfully"}
2021-01-31T19:37:07+00:00 INFO (6): {"status":"success","product_id":20453,"sku":"FORDMP2525","message":"Product updated successfully"}
2021-01-31T19:40:23+00:00 INFO (6): {"status":"success","product_id":23751,"sku":"FORT30GB212","message":"Product updated successfully"}
2021-01-31T19:40:25+00:00 INFO (6): {"status":"success","product_id":23752,"sku":"FORT30GB500","message":"Product updated successfully"}
2021-01-31T19:45:47+00:00 INFO (6): {"status":"success","product_id":30872,"sku":"FOROH75B500","message":"Product updated successfully"}
2021-01-31T19:45:49+00:00 INFO (6): {"status":"success","product_id":30879,"sku":"FORRH100GB21","message":"Product updated successfully"}
2021-01-31T19:45:51+00:00 INFO (6): {"status":"success","product_id":30881,"sku":"FORRH75GB212","message":"Product updated successfully"}
2021-01-31T19:46:01+00:00 INFO (6): {"status":"success","product_id":19439,"sku":"FORAR40B500","message":"Product updated successfully"}
2021-01-31T20:11:46+00:00 INFO (6): {"status":"success","product_id":19492,"sku":"FORLH50B212","message":"Product updated successfully"}
2021-01-31T20:11:49+00:00 INFO (6): {"status":"success","product_id":19495,"sku":"FORLH65B500","message":"Product updated successfully"}
2021-01-31T20:11:54+00:00 INFO (6): {"status":"success","product_id":24671,"sku":"FORSH65B500","message":"Product updated successfully"}
2021-01-31T20:11:57+00:00 INFO (6): {"status":"success","product_id":20060,"sku":"FOROH25B212","message":"Product updated successfully"}
2021-01-31T20:11:59+00:00 INFO (6): {"status":"success","product_id":20063,"sku":"FOROH40B212","message":"Product updated successfully"}
2021-01-31T20:12:01+00:00 INFO (6): {"status":"success","product_id":20066,"sku":"FOROH50B212","message":"Product updated successfully"}
2021-01-31T20:12:03+00:00 INFO (6): {"status":"success","product_id":20070,"sku":"FOROH65B500","message":"Product updated successfully"}
2021-01-31T20:12:07+00:00 INFO (6): {"status":"success","product_id":30880,"sku":"FORRH65B500","message":"Product updated successfully"}
2021-01-31T20:16:01+00:00 INFO (6): ---------------- END API Cron 31/01/21 20:16:01 ----------------
